[ 2016-11-25T20:42:25+08:00 ] 127.0.0.1 /admin.php/Home/index/index
INFO: [ app_init ] --START--
INFO: Run Behavior\BuildLiteBehavior [ RunTime:0.000116s ]
INFO: [ app_init ] --END-- [ RunTime:0.002484s ]
INFO: [ app_begin ] --START--
INFO: Run Behavior\ReadHtmlCacheBehavior [ RunTime:0.001555s ]
INFO: [ app_begin ] --END-- [ RunTime:0.001752s ]
NOTIC: [8] A session had already been started - ignoring session_start() E:\phpstudy\WWW\yiyuangou\Admin\Home\Controller\CommonController.class.php 第 4 行.
INFO: [ view_parse ] --START--
INFO: [ template_filter ] --START--
INFO: Run Behavior\ContentReplaceBehavior [ RunTime:0.000232s ]
INFO: [ template_filter ] --END-- [ RunTime:0.000461s ]
INFO: Run Behavior\ParseTemplateBehavior [ RunTime:0.079963s ]
INFO: [ view_parse ] --END-- [ RunTime:0.080236s ]
INFO: [ view_filter ] --START--
INFO: Run Behavior\WriteHtmlCacheBehavior [ RunTime:0.001421s ]
INFO: [ view_filter ] --END-- [ RunTime:0.001638s ]

[ 2016-11-25T20:42:36+08:00 ] 127.0.0.1 /admin.php/Home/login/loginok
INFO: [ app_init ] --START--
INFO: Run Behavior\BuildLiteBehavior [ RunTime:0.000057s ]
INFO: [ app_init ] --END-- [ RunTime:0.001881s ]
INFO: [ app_begin ] --START--
INFO: Run Behavior\ReadHtmlCacheBehavior [ RunTime:0.002554s ]
INFO: [ app_begin ] --END-- [ RunTime:0.002808s ]
NOTIC: [8] A session had already been started - ignoring session_start() E:\phpstudy\WWW\yiyuangou\Admin\Home\Controller\LoginController.class.php 第 4 行.
SQL: SELECT * FROM `admin_user` WHERE `admin_user` = 'admin' AND `admin_pwd` = '0192023a7bbd73250516f069df18b500' LIMIT 1   [ RunTime:0.0196s ]
INFO: [ view_parse ] --START--
INFO: [ template_filter ] --START--
INFO: Run Behavior\ContentReplaceBehavior [ RunTime:0.000169s ]
INFO: [ template_filter ] --END-- [ RunTime:0.000390s ]
INFO: Run Behavior\ParseTemplateBehavior [ RunTime:0.027653s ]
INFO: [ view_parse ] --END-- [ RunTime:0.027850s ]
INFO: [ view_filter ] --START--
INFO: Run Behavior\WriteHtmlCacheBehavior [ RunTime:0.000861s ]
INFO: [ view_filter ] --END-- [ RunTime:0.000982s ]
INFO: [ app_end ] --START--
INFO: Run Behavior\ShowPageTraceBehavior [ RunTime:0.001490s ]
INFO: [ app_end ] --END-- [ RunTime:0.001610s ]

[ 2016-11-25T20:42:37+08:00 ] 127.0.0.1 /admin.php/Home/index/index
INFO: [ app_init ] --START--
INFO: Run Behavior\BuildLiteBehavior [ RunTime:0.000044s ]
INFO: [ app_init ] --END-- [ RunTime:0.001361s ]
INFO: [ app_begin ] --START--
INFO: Run Behavior\ReadHtmlCacheBehavior [ RunTime:0.001445s ]
INFO: [ app_begin ] --END-- [ RunTime:0.001648s ]
NOTIC: [8] A session had already been started - ignoring session_start() E:\phpstudy\WWW\yiyuangou\Admin\Home\Controller\CommonController.class.php 第 4 行.
INFO: [ view_parse ] --START--
INFO: [ template_filter ] --START--
INFO: Run Behavior\ContentReplaceBehavior [ RunTime:0.000135s ]
INFO: [ template_filter ] --END-- [ RunTime:0.000403s ]
INFO: Run Behavior\ParseTemplateBehavior [ RunTime:0.045195s ]
INFO: [ view_parse ] --END-- [ RunTime:0.045362s ]
INFO: [ view_filter ] --START--
INFO: Run Behavior\WriteHtmlCacheBehavior [ RunTime:0.000931s ]
INFO: [ view_filter ] --END-- [ RunTime:0.001090s ]
INFO: [ app_end ] --START--
INFO: Run Behavior\ShowPageTraceBehavior [ RunTime:0.002224s ]
INFO: [ app_end ] --END-- [ RunTime:0.002442s ]

[ 2016-11-25T20:42:38+08:00 ] 127.0.0.1 /admin.php/Home/index/img/5.jpg
INFO: [ app_init ] --START--
INFO: Run Behavior\BuildLiteBehavior [ RunTime:0.000055s ]
INFO: [ app_init ] --END-- [ RunTime:0.001519s ]

[ 2016-11-25T20:42:45+08:00 ] 127.0.0.1 /admin.php/Home/goods/adress_list.html
INFO: [ app_init ] --START--
INFO: Run Behavior\BuildLiteBehavior [ RunTime:0.000040s ]
INFO: [ app_init ] --END-- [ RunTime:0.001305s ]
INFO: [ app_begin ] --START--
INFO: Run Behavior\ReadHtmlCacheBehavior [ RunTime:0.001749s ]
INFO: [ app_begin ] --END-- [ RunTime:0.002000s ]
NOTIC: [8] A session had already been started - ignoring session_start() E:\phpstudy\WWW\yiyuangou\Admin\Home\Controller\CommonController.class.php 第 4 行.
NOTIC: [2048] Declaration of Home\Controller\GoodsController::show() should be compatible with Think\Controller::show($content, $charset = '', $contentType = '', $prefix = '') E:\phpstudy\WWW\yiyuangou\Admin\Home\Controller\GoodsController.class.php 第 4 行.
SQL: SELECT COUNT(*) AS tp_count FROM `adress` LIMIT 1   [ RunTime:0.0348s ]
SQL: SELECT * FROM `adress` LIMIT 0,3   [ RunTime:0.0013s ]
INFO: [ view_parse ] --START--
INFO: [ template_filter ] --START--
INFO: Run Behavior\ContentReplaceBehavior [ RunTime:0.000189s ]
INFO: [ template_filter ] --END-- [ RunTime:0.000571s ]
INFO: Run Behavior\ParseTemplateBehavior [ RunTime:0.040655s ]
INFO: [ view_parse ] --END-- [ RunTime:0.040902s ]
INFO: [ view_filter ] --START--
INFO: Run Behavior\WriteHtmlCacheBehavior [ RunTime:0.000774s ]
INFO: [ view_filter ] --END-- [ RunTime:0.000968s ]
INFO: [ app_end ] --START--
INFO: Run Behavior\ShowPageTraceBehavior [ RunTime:0.001408s ]
INFO: [ app_end ] --END-- [ RunTime:0.001527s ]

[ 2016-11-25T20:42:47+08:00 ] 127.0.0.1 /admin.php/Home/goods/adress.html
INFO: [ app_init ] --START--
INFO: Run Behavior\BuildLiteBehavior [ RunTime:0.000057s ]
INFO: [ app_init ] --END-- [ RunTime:0.002328s ]
INFO: [ app_begin ] --START--
INFO: Run Behavior\ReadHtmlCacheBehavior [ RunTime:0.001324s ]
INFO: [ app_begin ] --END-- [ RunTime:0.001501s ]
NOTIC: [8] A session had already been started - ignoring session_start() E:\phpstudy\WWW\yiyuangou\Admin\Home\Controller\CommonController.class.php 第 4 行.
NOTIC: [2048] Declaration of Home\Controller\GoodsController::show() should be compatible with Think\Controller::show($content, $charset = '', $contentType = '', $prefix = '') E:\phpstudy\WWW\yiyuangou\Admin\Home\Controller\GoodsController.class.php 第 4 行.
INFO: [ view_parse ] --START--
INFO: [ template_filter ] --START--
INFO: Run Behavior\ContentReplaceBehavior [ RunTime:0.000157s ]
INFO: [ template_filter ] --END-- [ RunTime:0.000317s ]
INFO: Run Behavior\ParseTemplateBehavior [ RunTime:0.044771s ]
INFO: [ view_parse ] --END-- [ RunTime:0.044960s ]
INFO: [ view_filter ] --START--
INFO: Run Behavior\WriteHtmlCacheBehavior [ RunTime:0.000687s ]
INFO: [ view_filter ] --END-- [ RunTime:0.000820s ]
INFO: [ app_end ] --START--
INFO: Run Behavior\ShowPageTraceBehavior [ RunTime:0.001299s ]
INFO: [ app_end ] --END-- [ RunTime:0.001425s ]

[ 2016-11-25T20:42:49+08:00 ] 127.0.0.1 /admin.php/Home/goods/adress_list.html
INFO: [ app_init ] --START--
INFO: Run Behavior\BuildLiteBehavior [ RunTime:0.000054s ]
INFO: [ app_init ] --END-- [ RunTime:0.001581s ]
INFO: [ app_begin ] --START--
INFO: Run Behavior\ReadHtmlCacheBehavior [ RunTime:0.001903s ]
INFO: [ app_begin ] --END-- [ RunTime:0.002144s ]
NOTIC: [8] A session had already been started - ignoring session_start() E:\phpstudy\WWW\yiyuangou\Admin\Home\Controller\CommonController.class.php 第 4 行.
NOTIC: [2048] Declaration of Home\Controller\GoodsController::show() should be compatible with Think\Controller::show($content, $charset = '', $contentType = '', $prefix = '') E:\phpstudy\WWW\yiyuangou\Admin\Home\Controller\GoodsController.class.php 第 4 行.
SQL: SELECT COUNT(*) AS tp_count FROM `adress` LIMIT 1   [ RunTime:0.0005s ]
SQL: SELECT * FROM `adress` LIMIT 0,3   [ RunTime:0.0010s ]
INFO: [ view_parse ] --START--
INFO: [ template_filter ] --START--
INFO: Run Behavior\ContentReplaceBehavior [ RunTime:0.000245s ]
INFO: [ template_filter ] --END-- [ RunTime:0.000505s ]
INFO: Run Behavior\ParseTemplateBehavior [ RunTime:0.026095s ]
INFO: [ view_parse ] --END-- [ RunTime:0.026322s ]
INFO: [ view_filter ] --START--
INFO: Run Behavior\WriteHtmlCacheBehavior [ RunTime:0.001183s ]
INFO: [ view_filter ] --END-- [ RunTime:0.001381s ]
INFO: [ app_end ] --START--
INFO: Run Behavior\ShowPageTraceBehavior [ RunTime:0.001536s ]
INFO: [ app_end ] --END-- [ RunTime:0.001662s ]

[ 2016-11-25T20:42:55+08:00 ] 127.0.0.1 /admin.php/Home/goods/select.html
INFO: [ app_init ] --START--
INFO: Run Behavior\BuildLiteBehavior [ RunTime:0.000040s ]
INFO: [ app_init ] --END-- [ RunTime:0.001251s ]
INFO: [ app_begin ] --START--
INFO: Run Behavior\ReadHtmlCacheBehavior [ RunTime:0.001658s ]
INFO: [ app_begin ] --END-- [ RunTime:0.001883s ]
NOTIC: [8] A session had already been started - ignoring session_start() E:\phpstudy\WWW\yiyuangou\Admin\Home\Controller\CommonController.class.php 第 4 行.
NOTIC: [2048] Declaration of Home\Controller\GoodsController::show() should be compatible with Think\Controller::show($content, $charset = '', $contentType = '', $prefix = '') E:\phpstudy\WWW\yiyuangou\Admin\Home\Controller\GoodsController.class.php 第 4 行.
SQL: SELECT COUNT(*) AS tp_count FROM `gou_goods` LIMIT 1   [ RunTime:0.0008s ]
SQL: SELECT * FROM `gou_goods` LIMIT 0,3   [ RunTime:0.0011s ]
INFO: [ view_parse ] --START--
INFO: [ template_filter ] --START--
INFO: Run Behavior\ContentReplaceBehavior [ RunTime:0.000258s ]
INFO: [ template_filter ] --END-- [ RunTime:0.000481s ]
INFO: Run Behavior\ParseTemplateBehavior [ RunTime:0.028283s ]
INFO: [ view_parse ] --END-- [ RunTime:0.028507s ]
INFO: [ view_filter ] --START--
INFO: Run Behavior\WriteHtmlCacheBehavior [ RunTime:0.000657s ]
INFO: [ view_filter ] --END-- [ RunTime:0.000789s ]
INFO: [ app_end ] --START--
INFO: Run Behavior\ShowPageTraceBehavior [ RunTime:0.001776s ]
INFO: [ app_end ] --END-- [ RunTime:0.001923s ]

[ 2016-11-25T20:42:58+08:00 ] 127.0.0.1 /admin.php/Home/goods/show.html
INFO: [ app_init ] --START--
INFO: Run Behavior\BuildLiteBehavior [ RunTime:0.000038s ]
INFO: [ app_init ] --END-- [ RunTime:0.001029s ]
INFO: [ app_begin ] --START--
INFO: Run Behavior\ReadHtmlCacheBehavior [ RunTime:0.002749s ]
INFO: [ app_begin ] --END-- [ RunTime:0.003070s ]
NOTIC: [8] A session had already been started - ignoring session_start() E:\phpstudy\WWW\yiyuangou\Admin\Home\Controller\CommonController.class.php 第 4 行.
NOTIC: [2048] Declaration of Home\Controller\GoodsController::show() should be compatible with Think\Controller::show($content, $charset = '', $contentType = '', $prefix = '') E:\phpstudy\WWW\yiyuangou\Admin\Home\Controller\GoodsController.class.php 第 4 行.
SQL: SELECT * FROM `goods_brand`  [ RunTime:0.0317s ]
SQL: SELECT * FROM `goods_cate`  [ RunTime:0.0169s ]
INFO: [ view_parse ] --START--
INFO: [ template_filter ] --START--
INFO: Run Behavior\ContentReplaceBehavior [ RunTime:0.000244s ]
INFO: [ template_filter ] --END-- [ RunTime:0.000412s ]
INFO: Run Behavior\ParseTemplateBehavior [ RunTime:0.025147s ]
INFO: [ view_parse ] --END-- [ RunTime:0.025373s ]
INFO: [ view_filter ] --START--
INFO: Run Behavior\WriteHtmlCacheBehavior [ RunTime:0.000922s ]
INFO: [ view_filter ] --END-- [ RunTime:0.001114s ]
INFO: [ app_end ] --START--
INFO: Run Behavior\ShowPageTraceBehavior [ RunTime:0.001736s ]
INFO: [ app_end ] --END-- [ RunTime:0.001874s ]

[ 2016-11-25T20:42:58+08:00 ] 127.0.0.1 /admin.php/Home/goods/images/yes.gif
INFO: [ app_init ] --START--
INFO: Run Behavior\BuildLiteBehavior [ RunTime:0.000059s ]
INFO: [ app_init ] --END-- [ RunTime:0.001615s ]

[ 2016-11-25T20:43:02+08:00 ] 127.0.0.1 /admin.php/Home/goods/show.html
INFO: [ app_init ] --START--
INFO: Run Behavior\BuildLiteBehavior [ RunTime:0.000042s ]
INFO: [ app_init ] --END-- [ RunTime:0.001224s ]
INFO: [ app_begin ] --START--
INFO: Run Behavior\ReadHtmlCacheBehavior [ RunTime:0.001358s ]
INFO: [ app_begin ] --END-- [ RunTime:0.001520s ]
NOTIC: [8] A session had already been started - ignoring session_start() E:\phpstudy\WWW\yiyuangou\Admin\Home\Controller\CommonController.class.php 第 4 行.
NOTIC: [2048] Declaration of Home\Controller\GoodsController::show() should be compatible with Think\Controller::show($content, $charset = '', $contentType = '', $prefix = '') E:\phpstudy\WWW\yiyuangou\Admin\Home\Controller\GoodsController.class.php 第 4 行.
SQL: SELECT * FROM `goods_brand`  [ RunTime:0.0008s ]
SQL: SELECT * FROM `goods_cate`  [ RunTime:0.0007s ]
INFO: [ view_parse ] --START--
INFO: [ template_filter ] --START--
INFO: Run Behavior\ContentReplaceBehavior [ RunTime:0.000237s ]
INFO: [ template_filter ] --END-- [ RunTime:0.000421s ]
INFO: Run Behavior\ParseTemplateBehavior [ RunTime:0.024117s ]
INFO: [ view_parse ] --END-- [ RunTime:0.024290s ]
INFO: [ view_filter ] --START--
INFO: Run Behavior\WriteHtmlCacheBehavior [ RunTime:0.000752s ]
INFO: [ view_filter ] --END-- [ RunTime:0.000871s ]
INFO: [ app_end ] --START--
INFO: Run Behavior\ShowPageTraceBehavior [ RunTime:0.001920s ]
INFO: [ app_end ] --END-- [ RunTime:0.002066s ]

[ 2016-11-25T20:43:02+08:00 ] 127.0.0.1 /admin.php/Home/goods/images/yes.gif
INFO: [ app_init ] --START--
INFO: Run Behavior\BuildLiteBehavior [ RunTime:0.000059s ]
INFO: [ app_init ] --END-- [ RunTime:0.001828s ]

[ 2016-11-25T20:45:34+08:00 ] 127.0.0.1 /admin.php/Home/goods/show.html
INFO: [ app_init ] --START--
INFO: Run Behavior\BuildLiteBehavior [ RunTime:0.000058s ]
INFO: [ app_init ] --END-- [ RunTime:0.001678s ]
INFO: [ app_begin ] --START--
INFO: Run Behavior\ReadHtmlCacheBehavior [ RunTime:0.002131s ]
INFO: [ app_begin ] --END-- [ RunTime:0.002375s ]
NOTIC: [8] A session had already been started - ignoring session_start() E:\phpstudy\WWW\yiyuangou\Admin\Home\Controller\CommonController.class.php 第 4 行.
NOTIC: [2048] Declaration of Home\Controller\GoodsController::show() should be compatible with Think\Controller::show($content, $charset = '', $contentType = '', $prefix = '') E:\phpstudy\WWW\yiyuangou\Admin\Home\Controller\GoodsController.class.php 第 4 行.
SQL: SELECT * FROM `goods_brand`  [ RunTime:0.0008s ]
SQL: SELECT * FROM `goods_cate`  [ RunTime:0.0008s ]
INFO: [ view_parse ] --START--
INFO: [ template_filter ] --START--
INFO: Run Behavior\ContentReplaceBehavior [ RunTime:0.000243s ]
INFO: [ template_filter ] --END-- [ RunTime:0.000398s ]
INFO: Run Behavior\ParseTemplateBehavior [ RunTime:0.033853s ]
INFO: [ view_parse ] --END-- [ RunTime:0.034020s ]
INFO: [ view_filter ] --START--
INFO: Run Behavior\WriteHtmlCacheBehavior [ RunTime:0.001042s ]
INFO: [ view_filter ] --END-- [ RunTime:0.001187s ]
INFO: [ app_end ] --START--
INFO: Run Behavior\ShowPageTraceBehavior [ RunTime:0.002581s ]
INFO: [ app_end ] --END-- [ RunTime:0.002960s ]

[ 2016-11-25T20:45:34+08:00 ] 127.0.0.1 /admin.php/Home/goods/images/yes.gif
INFO: [ app_init ] --START--
INFO: Run Behavior\BuildLiteBehavior [ RunTime:0.000059s ]
INFO: [ app_init ] --END-- [ RunTime:0.001953s ]

[ 2016-11-25T20:45:36+08:00 ] 127.0.0.1 /admin.php/Home/admin/index.html
INFO: [ app_init ] --START--
INFO: Run Behavior\BuildLiteBehavior [ RunTime:0.000063s ]
INFO: [ app_init ] --END-- [ RunTime:0.002730s ]
INFO: [ app_begin ] --START--
INFO: Run Behavior\ReadHtmlCacheBehavior [ RunTime:0.001393s ]
INFO: [ app_begin ] --END-- [ RunTime:0.001598s ]
NOTIC: [8] A session had already been started - ignoring session_start() E:\phpstudy\WWW\yiyuangou\Admin\Home\Controller\CommonController.class.php 第 4 行.
INFO: [ view_parse ] --START--
INFO: [ template_filter ] --START--
INFO: Run Behavior\ContentReplaceBehavior [ RunTime:0.000154s ]
INFO: [ template_filter ] --END-- [ RunTime:0.000318s ]
INFO: Run Behavior\ParseTemplateBehavior [ RunTime:0.028246s ]
INFO: [ view_parse ] --END-- [ RunTime:0.028479s ]
INFO: [ view_filter ] --START--
INFO: Run Behavior\WriteHtmlCacheBehavior [ RunTime:0.000861s ]
INFO: [ view_filter ] --END-- [ RunTime:0.001030s ]
INFO: [ app_end ] --START--
INFO: Run Behavior\ShowPageTraceBehavior [ RunTime:0.001332s ]
INFO: [ app_end ] --END-- [ RunTime:0.001460s ]

[ 2016-11-25T20:45:38+08:00 ] 127.0.0.1 /admin.php/Home/admin/lists.html
INFO: [ app_init ] --START--
INFO: Run Behavior\BuildLiteBehavior [ RunTime:0.000040s ]
INFO: [ app_init ] --END-- [ RunTime:0.001266s ]
INFO: [ app_begin ] --START--
INFO: Run Behavior\ReadHtmlCacheBehavior [ RunTime:0.001670s ]
INFO: [ app_begin ] --END-- [ RunTime:0.001956s ]
NOTIC: [8] A session had already been started - ignoring session_start() E:\phpstudy\WWW\yiyuangou\Admin\Home\Controller\CommonController.class.php 第 4 行.
SQL: SELECT COUNT(*) AS tp_count FROM `admin_user` LIMIT 1   [ RunTime:0.0008s ]
SQL: SELECT * FROM `admin_user` LIMIT 0,5   [ RunTime:0.0009s ]
INFO: [ view_parse ] --START--
INFO: [ template_filter ] --START--
INFO: Run Behavior\ContentReplaceBehavior [ RunTime:0.000136s ]
INFO: [ template_filter ] --END-- [ RunTime:0.000397s ]
INFO: Run Behavior\ParseTemplateBehavior [ RunTime:0.023985s ]
INFO: [ view_parse ] --END-- [ RunTime:0.024204s ]
INFO: [ view_filter ] --START--
INFO: Run Behavior\WriteHtmlCacheBehavior [ RunTime:0.000809s ]
INFO: [ view_filter ] --END-- [ RunTime:0.000948s ]
INFO: [ app_end ] --START--
INFO: Run Behavior\ShowPageTraceBehavior [ RunTime:0.001360s ]
INFO: [ app_end ] --END-- [ RunTime:0.001527s ]

[ 2016-11-25T20:45:41+08:00 ] 127.0.0.1 /admin.php/Home/user/index.html
INFO: [ app_init ] --START--
INFO: Run Behavior\BuildLiteBehavior [ RunTime:0.000051s ]
INFO: [ app_init ] --END-- [ RunTime:0.001474s ]
INFO: [ app_begin ] --START--
INFO: Run Behavior\ReadHtmlCacheBehavior [ RunTime:0.002007s ]
INFO: [ app_begin ] --END-- [ RunTime:0.002218s ]
NOTIC: [8] A session had already been started - ignoring session_start() E:\phpstudy\WWW\yiyuangou\Admin\Home\Controller\CommonController.class.php 第 4 行.
INFO: [ view_parse ] --START--
INFO: [ template_filter ] --START--
INFO: Run Behavior\ContentReplaceBehavior [ RunTime:0.000142s ]
INFO: [ template_filter ] --END-- [ RunTime:0.000294s ]
INFO: Run Behavior\ParseTemplateBehavior [ RunTime:0.027970s ]
INFO: [ view_parse ] --END-- [ RunTime:0.028149s ]
INFO: [ view_filter ] --START--
INFO: Run Behavior\WriteHtmlCacheBehavior [ RunTime:0.000899s ]
INFO: [ view_filter ] --END-- [ RunTime:0.001020s ]
INFO: [ app_end ] --START--
INFO: Run Behavior\ShowPageTraceBehavior [ RunTime:0.001452s ]
INFO: [ app_end ] --END-- [ RunTime:0.001599s ]

[ 2016-11-25T20:45:42+08:00 ] 127.0.0.1 /admin.php/Home/user/lists.html
INFO: [ app_init ] --START--
INFO: Run Behavior\BuildLiteBehavior [ RunTime:0.000041s ]
INFO: [ app_init ] --END-- [ RunTime:0.001155s ]
INFO: [ app_begin ] --START--
INFO: Run Behavior\ReadHtmlCacheBehavior [ RunTime:0.001469s ]
INFO: [ app_begin ] --END-- [ RunTime:0.001664s ]
NOTIC: [8] A session had already been started - ignoring session_start() E:\phpstudy\WWW\yiyuangou\Admin\Home\Controller\CommonController.class.php 第 4 行.
SQL: SHOW COLUMNS FROM `index_user` [ RunTime:0.0128s ]
SQL: SELECT COUNT(*) AS tp_count FROM `index_user` LIMIT 1   [ RunTime:0.0008s ]
SQL: SELECT * FROM `index_user` LIMIT 0,5   [ RunTime:0.0011s ]
INFO: [ view_parse ] --START--
INFO: [ template_filter ] --START--
INFO: Run Behavior\ContentReplaceBehavior [ RunTime:0.000155s ]
INFO: [ template_filter ] --END-- [ RunTime:0.000325s ]
NOTIC: [8] Undefined index: id E:\phpstudy\WWW\yiyuangou\Admin\Runtime\Cache\Home\756f238d2395235a929838700daccc2d.php 第 46 行.
NOTIC: [8] Undefined index: id E:\phpstudy\WWW\yiyuangou\Admin\Runtime\Cache\Home\756f238d2395235a929838700daccc2d.php 第 52 行.
NOTIC: [8] Undefined index: id E:\phpstudy\WWW\yiyuangou\Admin\Runtime\Cache\Home\756f238d2395235a929838700daccc2d.php 第 53 行.
NOTIC: [8] Undefined index: id E:\phpstudy\WWW\yiyuangou\Admin\Runtime\Cache\Home\756f238d2395235a929838700daccc2d.php 第 46 行.
NOTIC: [8] Undefined index: id E:\phpstudy\WWW\yiyuangou\Admin\Runtime\Cache\Home\756f238d2395235a929838700daccc2d.php 第 52 行.
NOTIC: [8] Undefined index: id E:\phpstudy\WWW\yiyuangou\Admin\Runtime\Cache\Home\756f238d2395235a929838700daccc2d.php 第 53 行.
NOTIC: [8] Undefined index: id E:\phpstudy\WWW\yiyuangou\Admin\Runtime\Cache\Home\756f238d2395235a929838700daccc2d.php 第 46 行.
NOTIC: [8] Undefined index: id E:\phpstudy\WWW\yiyuangou\Admin\Runtime\Cache\Home\756f238d2395235a929838700daccc2d.php 第 52 行.
NOTIC: [8] Undefined index: id E:\phpstudy\WWW\yiyuangou\Admin\Runtime\Cache\Home\756f238d2395235a929838700daccc2d.php 第 53 行.
NOTIC: [8] Undefined index: id E:\phpstudy\WWW\yiyuangou\Admin\Runtime\Cache\Home\756f238d2395235a929838700daccc2d.php 第 46 行.
NOTIC: [8] Undefined index: id E:\phpstudy\WWW\yiyuangou\Admin\Runtime\Cache\Home\756f238d2395235a929838700daccc2d.php 第 52 行.
NOTIC: [8] Undefined index: id E:\phpstudy\WWW\yiyuangou\Admin\Runtime\Cache\Home\756f238d2395235a929838700daccc2d.php 第 53 行.
INFO: Run Behavior\ParseTemplateBehavior [ RunTime:0.026400s ]
INFO: [ view_parse ] --END-- [ RunTime:0.026587s ]
INFO: [ view_filter ] --START--
INFO: Run Behavior\WriteHtmlCacheBehavior [ RunTime:0.000884s ]
INFO: [ view_filter ] --END-- [ RunTime:0.001009s ]
INFO: [ app_end ] --START--
INFO: Run Behavior\ShowPageTraceBehavior [ RunTime:0.001504s ]
INFO: [ app_end ] --END-- [ RunTime:0.001648s ]

[ 2016-11-25T20:45:46+08:00 ] 127.0.0.1 /admin.php/Home/goods/show.html
INFO: [ app_init ] --START--
INFO: Run Behavior\BuildLiteBehavior [ RunTime:0.000038s ]
INFO: [ app_init ] --END-- [ RunTime:0.001034s ]
INFO: [ app_begin ] --START--
INFO: Run Behavior\ReadHtmlCacheBehavior [ RunTime:0.001249s ]
INFO: [ app_begin ] --END-- [ RunTime:0.001400s ]
NOTIC: [8] A session had already been started - ignoring session_start() E:\phpstudy\WWW\yiyuangou\Admin\Home\Controller\CommonController.class.php 第 4 行.
NOTIC: [2048] Declaration of Home\Controller\GoodsController::show() should be compatible with Think\Controller::show($content, $charset = '', $contentType = '', $prefix = '') E:\phpstudy\WWW\yiyuangou\Admin\Home\Controller\GoodsController.class.php 第 4 行.
SQL: SELECT * FROM `goods_brand`  [ RunTime:0.0009s ]
SQL: SELECT * FROM `goods_cate`  [ RunTime:0.0009s ]
INFO: [ view_parse ] --START--
INFO: [ template_filter ] --START--
INFO: Run Behavior\ContentReplaceBehavior [ RunTime:0.000367s ]
INFO: [ template_filter ] --END-- [ RunTime:0.000621s ]
INFO: Run Behavior\ParseTemplateBehavior [ RunTime:0.024449s ]
INFO: [ view_parse ] --END-- [ RunTime:0.024767s ]
INFO: [ view_filter ] --START--
INFO: Run Behavior\WriteHtmlCacheBehavior [ RunTime:0.000907s ]
INFO: [ view_filter ] --END-- [ RunTime:0.001043s ]
INFO: [ app_end ] --START--
INFO: Run Behavior\ShowPageTraceBehavior [ RunTime:0.002203s ]
INFO: [ app_end ] --END-- [ RunTime:0.002402s ]

[ 2016-11-25T20:45:46+08:00 ] 127.0.0.1 /admin.php/Home/goods/images/yes.gif
INFO: [ app_init ] --START--
INFO: Run Behavior\BuildLiteBehavior [ RunTime:0.000066s ]
INFO: [ app_init ] --END-- [ RunTime:0.004971s ]

[ 2016-11-25T20:45:50+08:00 ] 127.0.0.1 /admin.php/Home/Order/lianjie.html
INFO: [ app_init ] --START--
INFO: Run Behavior\BuildLiteBehavior [ RunTime:0.000038s ]
INFO: [ app_init ] --END-- [ RunTime:0.001079s ]
INFO: [ app_begin ] --START--
INFO: Run Behavior\ReadHtmlCacheBehavior [ RunTime:0.001263s ]
INFO: [ app_begin ] --END-- [ RunTime:0.001414s ]
NOTIC: [2048] Declaration of Home\Controller\OrderController::show() should be compatible with Think\Controller::show($content, $charset = '', $contentType = '', $prefix = '') E:\phpstudy\WWW\yiyuangou\Admin\Home\Controller\OrderController.class.php 第 61 行.
INFO: [ view_parse ] --START--
INFO: [ template_filter ] --START--
INFO: Run Behavior\ContentReplaceBehavior [ RunTime:0.000181s ]
INFO: [ template_filter ] --END-- [ RunTime:0.000397s ]
INFO: Run Behavior\ParseTemplateBehavior [ RunTime:0.022639s ]
INFO: [ view_parse ] --END-- [ RunTime:0.022806s ]
INFO: [ view_filter ] --START--
INFO: Run Behavior\WriteHtmlCacheBehavior [ RunTime:0.000660s ]
INFO: [ view_filter ] --END-- [ RunTime:0.000785s ]
INFO: [ app_end ] --START--
INFO: Run Behavior\ShowPageTraceBehavior [ RunTime:0.001263s ]
INFO: [ app_end ] --END-- [ RunTime:0.001416s ]

[ 2016-11-25T20:45:54+08:00 ] 127.0.0.1 /admin.php/Home/Order/show.html
INFO: [ app_init ] --START--
INFO: Run Behavior\BuildLiteBehavior [ RunTime:0.000038s ]
INFO: [ app_init ] --END-- [ RunTime:0.000997s ]
INFO: [ app_begin ] --START--
INFO: Run Behavior\ReadHtmlCacheBehavior [ RunTime:0.001807s ]
INFO: [ app_begin ] --END-- [ RunTime:0.001976s ]
NOTIC: [2048] Declaration of Home\Controller\OrderController::show() should be compatible with Think\Controller::show($content, $charset = '', $contentType = '', $prefix = '') E:\phpstudy\WWW\yiyuangou\Admin\Home\Controller\OrderController.class.php 第 61 行.
SQL: SELECT COUNT(*) AS tp_count FROM `gou_order` LIMIT 1   [ RunTime:0.0219s ]
SQL: SELECT * FROM `gou_order` LIMIT 0,4   [ RunTime:0.0009s ]
INFO: [ view_parse ] --START--
INFO: [ template_filter ] --START--
INFO: Run Behavior\ContentReplaceBehavior [ RunTime:0.000202s ]
INFO: [ template_filter ] --END-- [ RunTime:0.000396s ]
INFO: Run Behavior\ParseTemplateBehavior [ RunTime:0.032197s ]
INFO: [ view_parse ] --END-- [ RunTime:0.032365s ]
INFO: [ view_filter ] --START--
INFO: Run Behavior\WriteHtmlCacheBehavior [ RunTime:0.000736s ]
INFO: [ view_filter ] --END-- [ RunTime:0.000855s ]
INFO: [ app_end ] --START--
INFO: Run Behavior\ShowPageTraceBehavior [ RunTime:0.001324s ]
INFO: [ app_end ] --END-- [ RunTime:0.001446s ]

[ 2016-11-25T20:45:57+08:00 ] 127.0.0.1 /admin.php/Home/Order/lianjie.html
INFO: [ app_init ] --START--
INFO: Run Behavior\BuildLiteBehavior [ RunTime:0.000231s ]
INFO: [ app_init ] --END-- [ RunTime:0.001809s ]
INFO: [ app_begin ] --START--
INFO: Run Behavior\ReadHtmlCacheBehavior [ RunTime:0.004049s ]
INFO: [ app_begin ] --END-- [ RunTime:0.004297s ]
NOTIC: [2048] Declaration of Home\Controller\OrderController::show() should be compatible with Think\Controller::show($content, $charset = '', $contentType = '', $prefix = '') E:\phpstudy\WWW\yiyuangou\Admin\Home\Controller\OrderController.class.php 第 61 行.
INFO: [ view_parse ] --START--
INFO: [ template_filter ] --START--
INFO: Run Behavior\ContentReplaceBehavior [ RunTime:0.000158s ]
INFO: [ template_filter ] --END-- [ RunTime:0.000337s ]
INFO: Run Behavior\ParseTemplateBehavior [ RunTime:0.026161s ]
INFO: [ view_parse ] --END-- [ RunTime:0.026334s ]
INFO: [ view_filter ] --START--
INFO: Run Behavior\WriteHtmlCacheBehavior [ RunTime:0.000836s ]
INFO: [ view_filter ] --END-- [ RunTime:0.000962s ]
INFO: [ app_end ] --START--
INFO: Run Behavior\ShowPageTraceBehavior [ RunTime:0.001344s ]
INFO: [ app_end ] --END-- [ RunTime:0.001469s ]

[ 2016-11-25T20:46:02+08:00 ] 127.0.0.1 /admin.php/Home/Cate/show.html
INFO: [ app_init ] --START--
INFO: Run Behavior\BuildLiteBehavior [ RunTime:0.000058s ]
INFO: [ app_init ] --END-- [ RunTime:0.001566s ]
INFO: [ app_begin ] --START--
INFO: Run Behavior\ReadHtmlCacheBehavior [ RunTime:0.002024s ]
INFO: [ app_begin ] --END-- [ RunTime:0.002275s ]
NOTIC: [2048] Declaration of Home\Controller\CateController::show() should be compatible with Think\Controller::show($content, $charset = '', $contentType = '', $prefix = '') E:\phpstudy\WWW\yiyuangou\Admin\Home\Controller\CateController.class.php 第 72 行.
SQL: SELECT COUNT(*) AS tp_count FROM `goods_cate` LIMIT 1   [ RunTime:0.0007s ]
SQL: SELECT * FROM `goods_cate` LIMIT 0,8   [ RunTime:0.0009s ]
INFO: [ view_parse ] --START--
INFO: [ template_filter ] --START--
INFO: Run Behavior\ContentReplaceBehavior [ RunTime:0.000126s ]
INFO: [ template_filter ] --END-- [ RunTime:0.000287s ]
INFO: Run Behavior\ParseTemplateBehavior [ RunTime:0.022255s ]
INFO: [ view_parse ] --END-- [ RunTime:0.022439s ]
INFO: [ view_filter ] --START--
INFO: Run Behavior\WriteHtmlCacheBehavior [ RunTime:0.001297s ]
INFO: [ view_filter ] --END-- [ RunTime:0.001661s ]
INFO: [ app_end ] --START--
INFO: Run Behavior\ShowPageTraceBehavior [ RunTime:0.001770s ]
INFO: [ app_end ] --END-- [ RunTime:0.002005s ]

[ 2016-11-25T20:46:09+08:00 ] 127.0.0.1 /admin.php/Home/Order/lianjie.html
INFO: [ app_init ] --START--
INFO: Run Behavior\BuildLiteBehavior [ RunTime:0.000060s ]
INFO: [ app_init ] --END-- [ RunTime:0.001656s ]
INFO: [ app_begin ] --START--
INFO: Run Behavior\ReadHtmlCacheBehavior [ RunTime:0.001570s ]
INFO: [ app_begin ] --END-- [ RunTime:0.001779s ]
NOTIC: [2048] Declaration of Home\Controller\OrderController::show() should be compatible with Think\Controller::show($content, $charset = '', $contentType = '', $prefix = '') E:\phpstudy\WWW\yiyuangou\Admin\Home\Controller\OrderController.class.php 第 61 行.
INFO: [ view_parse ] --START--
INFO: [ template_filter ] --START--
INFO: Run Behavior\ContentReplaceBehavior [ RunTime:0.000178s ]
INFO: [ template_filter ] --END-- [ RunTime:0.000426s ]
INFO: Run Behavior\ParseTemplateBehavior [ RunTime:0.031402s ]
INFO: [ view_parse ] --END-- [ RunTime:0.031601s ]
INFO: [ view_filter ] --START--
INFO: Run Behavior\WriteHtmlCacheBehavior [ RunTime:0.000904s ]
INFO: [ view_filter ] --END-- [ RunTime:0.001037s ]
INFO: [ app_end ] --START--
INFO: Run Behavior\ShowPageTraceBehavior [ RunTime:0.001423s ]
INFO: [ app_end ] --END-- [ RunTime:0.001555s ]

[ 2016-11-25T20:46:13+08:00 ] 127.0.0.1 /admin.php/Home/Order/show.html
INFO: [ app_init ] --START--
INFO: Run Behavior\BuildLiteBehavior [ RunTime:0.000038s ]
INFO: [ app_init ] --END-- [ RunTime:0.001256s ]
INFO: [ app_begin ] --START--
INFO: Run Behavior\ReadHtmlCacheBehavior [ RunTime:0.001434s ]
INFO: [ app_begin ] --END-- [ RunTime:0.001758s ]
NOTIC: [2048] Declaration of Home\Controller\OrderController::show() should be compatible with Think\Controller::show($content, $charset = '', $contentType = '', $prefix = '') E:\phpstudy\WWW\yiyuangou\Admin\Home\Controller\OrderController.class.php 第 61 行.
SQL: SELECT COUNT(*) AS tp_count FROM `gou_order` LIMIT 1   [ RunTime:0.0006s ]
SQL: SELECT * FROM `gou_order` LIMIT 0,4   [ RunTime:0.0008s ]
INFO: [ view_parse ] --START--
INFO: [ template_filter ] --START--
INFO: Run Behavior\ContentReplaceBehavior [ RunTime:0.000150s ]
INFO: [ template_filter ] --END-- [ RunTime:0.000342s ]
INFO: Run Behavior\ParseTemplateBehavior [ RunTime:0.023648s ]
INFO: [ view_parse ] --END-- [ RunTime:0.023837s ]
INFO: [ view_filter ] --START--
INFO: Run Behavior\WriteHtmlCacheBehavior [ RunTime:0.000854s ]
INFO: [ view_filter ] --END-- [ RunTime:0.001006s ]
INFO: [ app_end ] --START--
INFO: Run Behavior\ShowPageTraceBehavior [ RunTime:0.001323s ]
INFO: [ app_end ] --END-- [ RunTime:0.001444s ]

[ 2016-11-25T20:46:19+08:00 ] 127.0.0.1 /admin.php/Home/Cate/show.html
INFO: [ app_init ] --START--
INFO: Run Behavior\BuildLiteBehavior [ RunTime:0.000042s ]
INFO: [ app_init ] --END-- [ RunTime:0.001635s ]
INFO: [ app_begin ] --START--
INFO: Run Behavior\ReadHtmlCacheBehavior [ RunTime:0.001975s ]
INFO: [ app_begin ] --END-- [ RunTime:0.002155s ]
NOTIC: [2048] Declaration of Home\Controller\CateController::show() should be compatible with Think\Controller::show($content, $charset = '', $contentType = '', $prefix = '') E:\phpstudy\WWW\yiyuangou\Admin\Home\Controller\CateController.class.php 第 72 行.
SQL: SELECT COUNT(*) AS tp_count FROM `goods_cate` LIMIT 1   [ RunTime:0.0007s ]
SQL: SELECT * FROM `goods_cate` LIMIT 0,8   [ RunTime:0.0010s ]
INFO: [ view_parse ] --START--
INFO: [ template_filter ] --START--
INFO: Run Behavior\ContentReplaceBehavior [ RunTime:0.000137s ]
INFO: [ template_filter ] --END-- [ RunTime:0.000305s ]
INFO: Run Behavior\ParseTemplateBehavior [ RunTime:0.030925s ]
INFO: [ view_parse ] --END-- [ RunTime:0.031148s ]
INFO: [ view_filter ] --START--
INFO: Run Behavior\WriteHtmlCacheBehavior [ RunTime:0.000957s ]
INFO: [ view_filter ] --END-- [ RunTime:0.001104s ]
INFO: [ app_end ] --START--
INFO: Run Behavior\ShowPageTraceBehavior [ RunTime:0.001510s ]
INFO: [ app_end ] --END-- [ RunTime:0.001701s ]

[ 2016-11-25T20:46:23+08:00 ] 127.0.0.1 /admin.php/Home/Cate/add.html
INFO: [ app_init ] --START--
INFO: Run Behavior\BuildLiteBehavior [ RunTime:0.000086s ]
INFO: [ app_init ] --END-- [ RunTime:0.002000s ]
INFO: [ app_begin ] --START--
INFO: Run Behavior\ReadHtmlCacheBehavior [ RunTime:0.001427s ]
INFO: [ app_begin ] --END-- [ RunTime:0.001629s ]
NOTIC: [2048] Declaration of Home\Controller\CateController::show() should be compatible with Think\Controller::show($content, $charset = '', $contentType = '', $prefix = '') E:\phpstudy\WWW\yiyuangou\Admin\Home\Controller\CateController.class.php 第 72 行.
INFO: [ view_parse ] --START--
INFO: [ template_filter ] --START--
INFO: Run Behavior\ContentReplaceBehavior [ RunTime:0.000195s ]
INFO: [ template_filter ] --END-- [ RunTime:0.000444s ]
INFO: Run Behavior\ParseTemplateBehavior [ RunTime:0.026356s ]
INFO: [ view_parse ] --END-- [ RunTime:0.026524s ]
INFO: [ view_filter ] --START--
INFO: Run Behavior\WriteHtmlCacheBehavior [ RunTime:0.000735s ]
INFO: [ view_filter ] --END-- [ RunTime:0.000862s ]
INFO: [ app_end ] --START--
INFO: Run Behavior\ShowPageTraceBehavior [ RunTime:0.001325s ]
INFO: [ app_end ] --END-- [ RunTime:0.001452s ]

[ 2016-11-25T20:46:28+08:00 ] 127.0.0.1 /admin.php/Home/address/index.html
INFO: [ app_init ] --START--
INFO: Run Behavior\BuildLiteBehavior [ RunTime:0.000053s ]
INFO: [ app_init ] --END-- [ RunTime:0.001299s ]
INFO: [ app_begin ] --START--
INFO: Run Behavior\ReadHtmlCacheBehavior [ RunTime:0.001675s ]
INFO: [ app_begin ] --END-- [ RunTime:0.001910s ]
NOTIC: [8] A session had already been started - ignoring session_start() E:\phpstudy\WWW\yiyuangou\Admin\Home\Controller\CommonController.class.php 第 4 行.
INFO: [ view_parse ] --START--
INFO: [ template_filter ] --START--
INFO: Run Behavior\ContentReplaceBehavior [ RunTime:0.000171s ]
INFO: [ template_filter ] --END-- [ RunTime:0.000338s ]
INFO: Run Behavior\ParseTemplateBehavior [ RunTime:0.023772s ]
INFO: [ view_parse ] --END-- [ RunTime:0.023987s ]
INFO: [ view_filter ] --START--
INFO: Run Behavior\WriteHtmlCacheBehavior [ RunTime:0.001093s ]
INFO: [ view_filter ] --END-- [ RunTime:0.001243s ]
INFO: [ app_end ] --START--
INFO: Run Behavior\ShowPageTraceBehavior [ RunTime:0.001835s ]
INFO: [ app_end ] --END-- [ RunTime:0.002012s ]

[ 2016-11-25T20:46:32+08:00 ] 127.0.0.1 /admin.php/Home/admin/index.html
INFO: [ app_init ] --START--
INFO: Run Behavior\BuildLiteBehavior [ RunTime:0.000039s ]
INFO: [ app_init ] --END-- [ RunTime:0.001068s ]
INFO: [ app_begin ] --START--
INFO: Run Behavior\ReadHtmlCacheBehavior [ RunTime:0.001246s ]
INFO: [ app_begin ] --END-- [ RunTime:0.001393s ]
NOTIC: [8] A session had already been started - ignoring session_start() E:\phpstudy\WWW\yiyuangou\Admin\Home\Controller\CommonController.class.php 第 4 行.
INFO: [ view_parse ] --START--
INFO: [ template_filter ] --START--
INFO: Run Behavior\ContentReplaceBehavior [ RunTime:0.000170s ]
INFO: [ template_filter ] --END-- [ RunTime:0.000375s ]
INFO: Run Behavior\ParseTemplateBehavior [ RunTime:0.022313s ]
INFO: [ view_parse ] --END-- [ RunTime:0.022519s ]
INFO: [ view_filter ] --START--
INFO: Run Behavior\WriteHtmlCacheBehavior [ RunTime:0.000785s ]
INFO: [ view_filter ] --END-- [ RunTime:0.000913s ]
INFO: [ app_end ] --START--
INFO: Run Behavior\ShowPageTraceBehavior [ RunTime:0.001663s ]
INFO: [ app_end ] --END-- [ RunTime:0.001823s ]

[ 2016-11-25T20:46:35+08:00 ] 127.0.0.1 /admin.php/Home/admin/lists.html
INFO: [ app_init ] --START--
INFO: Run Behavior\BuildLiteBehavior [ RunTime:0.000055s ]
INFO: [ app_init ] --END-- [ RunTime:0.001261s ]
INFO: [ app_begin ] --START--
INFO: Run Behavior\ReadHtmlCacheBehavior [ RunTime:0.001341s ]
INFO: [ app_begin ] --END-- [ RunTime:0.001488s ]
NOTIC: [8] A session had already been started - ignoring session_start() E:\phpstudy\WWW\yiyuangou\Admin\Home\Controller\CommonController.class.php 第 4 行.
SQL: SELECT COUNT(*) AS tp_count FROM `admin_user` LIMIT 1   [ RunTime:0.0007s ]
SQL: SELECT * FROM `admin_user` LIMIT 0,5   [ RunTime:0.0010s ]
INFO: [ view_parse ] --START--
INFO: [ template_filter ] --START--
INFO: Run Behavior\ContentReplaceBehavior [ RunTime:0.000132s ]
INFO: [ template_filter ] --END-- [ RunTime:0.000288s ]
INFO: Run Behavior\ParseTemplateBehavior [ RunTime:0.024301s ]
INFO: [ view_parse ] --END-- [ RunTime:0.024490s ]
INFO: [ view_filter ] --START--
INFO: Run Behavior\WriteHtmlCacheBehavior [ RunTime:0.000834s ]
INFO: [ view_filter ] --END-- [ RunTime:0.000965s ]
INFO: [ app_end ] --START--
INFO: Run Behavior\ShowPageTraceBehavior [ RunTime:0.001374s ]
INFO: [ app_end ] --END-- [ RunTime:0.001575s ]

[ 2016-11-25T20:46:36+08:00 ] 127.0.0.1 /admin.php/Home/user/index.html
INFO: [ app_init ] --START--
INFO: Run Behavior\BuildLiteBehavior [ RunTime:0.000037s ]
INFO: [ app_init ] --END-- [ RunTime:0.001088s ]
INFO: [ app_begin ] --START--
INFO: Run Behavior\ReadHtmlCacheBehavior [ RunTime:0.002127s ]
INFO: [ app_begin ] --END-- [ RunTime:0.002389s ]
NOTIC: [8] A session had already been started - ignoring session_start() E:\phpstudy\WWW\yiyuangou\Admin\Home\Controller\CommonController.class.php 第 4 行.
INFO: [ view_parse ] --START--
INFO: [ template_filter ] --START--
INFO: Run Behavior\ContentReplaceBehavior [ RunTime:0.000147s ]
INFO: [ template_filter ] --END-- [ RunTime:0.000315s ]
INFO: Run Behavior\ParseTemplateBehavior [ RunTime:0.025784s ]
INFO: [ view_parse ] --END-- [ RunTime:0.026013s ]
INFO: [ view_filter ] --START--
INFO: Run Behavior\WriteHtmlCacheBehavior [ RunTime:0.000858s ]
INFO: [ view_filter ] --END-- [ RunTime:0.001027s ]
INFO: [ app_end ] --START--
INFO: Run Behavior\ShowPageTraceBehavior [ RunTime:0.001383s ]
INFO: [ app_end ] --END-- [ RunTime:0.001529s ]

[ 2016-11-25T20:46:38+08:00 ] 127.0.0.1 /admin.php/Home/user/lists.html
INFO: [ app_init ] --START--
INFO: Run Behavior\BuildLiteBehavior [ RunTime:0.000213s ]
INFO: [ app_init ] --END-- [ RunTime:0.002266s ]
INFO: [ app_begin ] --START--
INFO: Run Behavior\ReadHtmlCacheBehavior [ RunTime:0.001619s ]
INFO: [ app_begin ] --END-- [ RunTime:0.001934s ]
NOTIC: [8] A session had already been started - ignoring session_start() E:\phpstudy\WWW\yiyuangou\Admin\Home\Controller\CommonController.class.php 第 4 行.
SQL: SELECT COUNT(*) AS tp_count FROM `index_user` LIMIT 1   [ RunTime:0.0009s ]
SQL: SELECT * FROM `index_user` LIMIT 0,5   [ RunTime:0.0011s ]
INFO: [ view_parse ] --START--
INFO: [ template_filter ] --START--
INFO: Run Behavior\ContentReplaceBehavior [ RunTime:0.000140s ]
INFO: [ template_filter ] --END-- [ RunTime:0.000307s ]
NOTIC: [8] Undefined index: id E:\phpstudy\WWW\yiyuangou\Admin\Runtime\Cache\Home\756f238d2395235a929838700daccc2d.php 第 46 行.
NOTIC: [8] Undefined index: id E:\phpstudy\WWW\yiyuangou\Admin\Runtime\Cache\Home\756f238d2395235a929838700daccc2d.php 第 52 行.
NOTIC: [8] Undefined index: id E:\phpstudy\WWW\yiyuangou\Admin\Runtime\Cache\Home\756f238d2395235a929838700daccc2d.php 第 53 行.
NOTIC: [8] Undefined index: id E:\phpstudy\WWW\yiyuangou\Admin\Runtime\Cache\Home\756f238d2395235a929838700daccc2d.php 第 46 行.
NOTIC: [8] Undefined index: id E:\phpstudy\WWW\yiyuangou\Admin\Runtime\Cache\Home\756f238d2395235a929838700daccc2d.php 第 52 行.
NOTIC: [8] Undefined index: id E:\phpstudy\WWW\yiyuangou\Admin\Runtime\Cache\Home\756f238d2395235a929838700daccc2d.php 第 53 行.
NOTIC: [8] Undefined index: id E:\phpstudy\WWW\yiyuangou\Admin\Runtime\Cache\Home\756f238d2395235a929838700daccc2d.php 第 46 行.
NOTIC: [8] Undefined index: id E:\phpstudy\WWW\yiyuangou\Admin\Runtime\Cache\Home\756f238d2395235a929838700daccc2d.php 第 52 行.
NOTIC: [8] Undefined index: id E:\phpstudy\WWW\yiyuangou\Admin\Runtime\Cache\Home\756f238d2395235a929838700daccc2d.php 第 53 行.
NOTIC: [8] Undefined index: id E:\phpstudy\WWW\yiyuangou\Admin\Runtime\Cache\Home\756f238d2395235a929838700daccc2d.php 第 46 行.
NOTIC: [8] Undefined index: id E:\phpstudy\WWW\yiyuangou\Admin\Runtime\Cache\Home\756f238d2395235a929838700daccc2d.php 第 52 行.
NOTIC: [8] Undefined index: id E:\phpstudy\WWW\yiyuangou\Admin\Runtime\Cache\Home\756f238d2395235a929838700daccc2d.php 第 53 行.
INFO: Run Behavior\ParseTemplateBehavior [ RunTime:0.025065s ]
INFO: [ view_parse ] --END-- [ RunTime:0.025206s ]
INFO: [ view_filter ] --START--
INFO: Run Behavior\WriteHtmlCacheBehavior [ RunTime:0.000678s ]
INFO: [ view_filter ] --END-- [ RunTime:0.000800s ]
INFO: [ app_end ] --START--
INFO: Run Behavior\ShowPageTraceBehavior [ RunTime:0.001967s ]
INFO: [ app_end ] --END-- [ RunTime:0.002194s ]

[ 2016-11-25T20:46:49+08:00 ] 127.0.0.1 /admin.php/Home/admin/index.html
INFO: [ app_init ] --START--
INFO: Run Behavior\BuildLiteBehavior [ RunTime:0.000048s ]
INFO: [ app_init ] --END-- [ RunTime:0.001085s ]
INFO: [ app_begin ] --START--
INFO: Run Behavior\ReadHtmlCacheBehavior [ RunTime:0.001268s ]
INFO: [ app_begin ] --END-- [ RunTime:0.001449s ]
NOTIC: [8] A session had already been started - ignoring session_start() E:\phpstudy\WWW\yiyuangou\Admin\Home\Controller\CommonController.class.php 第 4 行.
INFO: [ view_parse ] --START--
INFO: [ template_filter ] --START--
INFO: Run Behavior\ContentReplaceBehavior [ RunTime:0.000228s ]
INFO: [ template_filter ] --END-- [ RunTime:0.000481s ]
INFO: Run Behavior\ParseTemplateBehavior [ RunTime:0.027527s ]
INFO: [ view_parse ] --END-- [ RunTime:0.027720s ]
INFO: [ view_filter ] --START--
INFO: Run Behavior\WriteHtmlCacheBehavior [ RunTime:0.000739s ]
INFO: [ view_filter ] --END-- [ RunTime:0.000908s ]
INFO: [ app_end ] --START--
INFO: Run Behavior\ShowPageTraceBehavior [ RunTime:0.001319s ]
INFO: [ app_end ] --END-- [ RunTime:0.001447s ]

[ 2016-11-25T20:46:50+08:00 ] 127.0.0.1 /admin.php/Home/admin/lists.html
INFO: [ app_init ] --START--
INFO: Run Behavior\BuildLiteBehavior [ RunTime:0.000039s ]
INFO: [ app_init ] --END-- [ RunTime:0.001378s ]
INFO: [ app_begin ] --START--
INFO: Run Behavior\ReadHtmlCacheBehavior [ RunTime:0.003388s ]
INFO: [ app_begin ] --END-- [ RunTime:0.003659s ]
NOTIC: [8] A session had already been started - ignoring session_start() E:\phpstudy\WWW\yiyuangou\Admin\Home\Controller\CommonController.class.php 第 4 行.
SQL: SELECT COUNT(*) AS tp_count FROM `admin_user` LIMIT 1   [ RunTime:0.0007s ]
SQL: SELECT * FROM `admin_user` LIMIT 0,5   [ RunTime:0.0008s ]
INFO: [ view_parse ] --START--
INFO: [ template_filter ] --START--
INFO: Run Behavior\ContentReplaceBehavior [ RunTime:0.000137s ]
INFO: [ template_filter ] --END-- [ RunTime:0.000308s ]
INFO: Run Behavior\ParseTemplateBehavior [ RunTime:0.023999s ]
INFO: [ view_parse ] --END-- [ RunTime:0.024161s ]
INFO: [ view_filter ] --START--
INFO: Run Behavior\WriteHtmlCacheBehavior [ RunTime:0.000691s ]
INFO: [ view_filter ] --END-- [ RunTime:0.000815s ]
INFO: [ app_end ] --START--
INFO: Run Behavior\ShowPageTraceBehavior [ RunTime:0.001464s ]
INFO: [ app_end ] --END-- [ RunTime:0.001630s ]

[ 2016-11-25T20:46:52+08:00 ] 127.0.0.1 /admin.php/Home/user/index.html
INFO: [ app_init ] --START--
INFO: Run Behavior\BuildLiteBehavior [ RunTime:0.000039s ]
INFO: [ app_init ] --END-- [ RunTime:0.001065s ]
INFO: [ app_begin ] --START--
INFO: Run Behavior\ReadHtmlCacheBehavior [ RunTime:0.001212s ]
INFO: [ app_begin ] --END-- [ RunTime:0.001360s ]
NOTIC: [8] A session had already been started - ignoring session_start() E:\phpstudy\WWW\yiyuangou\Admin\Home\Controller\CommonController.class.php 第 4 行.
INFO: [ view_parse ] --START--
INFO: [ template_filter ] --START--
INFO: Run Behavior\ContentReplaceBehavior [ RunTime:0.000310s ]
INFO: [ template_filter ] --END-- [ RunTime:0.000769s ]
INFO: Run Behavior\ParseTemplateBehavior [ RunTime:0.021600s ]
INFO: [ view_parse ] --END-- [ RunTime:0.021805s ]
INFO: [ view_filter ] --START--
INFO: Run Behavior\WriteHtmlCacheBehavior [ RunTime:0.001086s ]
INFO: [ view_filter ] --END-- [ RunTime:0.001285s ]
INFO: [ app_end ] --START--
INFO: Run Behavior\ShowPageTraceBehavior [ RunTime:0.002388s ]
INFO: [ app_end ] --END-- [ RunTime:0.002568s ]

[ 2016-11-25T20:46:54+08:00 ] 127.0.0.1 /admin.php/Home/user/lists.html
INFO: [ app_init ] --START--
INFO: Run Behavior\BuildLiteBehavior [ RunTime:0.000039s ]
INFO: [ app_init ] --END-- [ RunTime:0.001713s ]
INFO: [ app_begin ] --START--
INFO: Run Behavior\ReadHtmlCacheBehavior [ RunTime:0.001607s ]
INFO: [ app_begin ] --END-- [ RunTime:0.001848s ]
NOTIC: [8] A session had already been started - ignoring session_start() E:\phpstudy\WWW\yiyuangou\Admin\Home\Controller\CommonController.class.php 第 4 行.
SQL: SELECT COUNT(*) AS tp_count FROM `index_user` LIMIT 1   [ RunTime:0.0007s ]
SQL: SELECT * FROM `index_user` LIMIT 0,5   [ RunTime:0.0012s ]
INFO: [ view_parse ] --START--
INFO: [ template_filter ] --START--
INFO: Run Behavior\ContentReplaceBehavior [ RunTime:0.000132s ]
INFO: [ template_filter ] --END-- [ RunTime:0.000281s ]
NOTIC: [8] Undefined index: id E:\phpstudy\WWW\yiyuangou\Admin\Runtime\Cache\Home\756f238d2395235a929838700daccc2d.php 第 46 行.
NOTIC: [8] Undefined index: id E:\phpstudy\WWW\yiyuangou\Admin\Runtime\Cache\Home\756f238d2395235a929838700daccc2d.php 第 52 行.
NOTIC: [8] Undefined index: id E:\phpstudy\WWW\yiyuangou\Admin\Runtime\Cache\Home\756f238d2395235a929838700daccc2d.php 第 53 行.
NOTIC: [8] Undefined index: id E:\phpstudy\WWW\yiyuangou\Admin\Runtime\Cache\Home\756f238d2395235a929838700daccc2d.php 第 46 行.
NOTIC: [8] Undefined index: id E:\phpstudy\WWW\yiyuangou\Admin\Runtime\Cache\Home\756f238d2395235a929838700daccc2d.php 第 52 行.
NOTIC: [8] Undefined index: id E:\phpstudy\WWW\yiyuangou\Admin\Runtime\Cache\Home\756f238d2395235a929838700daccc2d.php 第 53 行.
NOTIC: [8] Undefined index: id E:\phpstudy\WWW\yiyuangou\Admin\Runtime\Cache\Home\756f238d2395235a929838700daccc2d.php 第 46 行.
NOTIC: [8] Undefined index: id E:\phpstudy\WWW\yiyuangou\Admin\Runtime\Cache\Home\756f238d2395235a929838700daccc2d.php 第 52 行.
NOTIC: [8] Undefined index: id E:\phpstudy\WWW\yiyuangou\Admin\Runtime\Cache\Home\756f238d2395235a929838700daccc2d.php 第 53 行.
NOTIC: [8] Undefined index: id E:\phpstudy\WWW\yiyuangou\Admin\Runtime\Cache\Home\756f238d2395235a929838700daccc2d.php 第 46 行.
NOTIC: [8] Undefined index: id E:\phpstudy\WWW\yiyuangou\Admin\Runtime\Cache\Home\756f238d2395235a929838700daccc2d.php 第 52 行.
NOTIC: [8] Undefined index: id E:\phpstudy\WWW\yiyuangou\Admin\Runtime\Cache\Home\756f238d2395235a929838700daccc2d.php 第 53 行.
INFO: Run Behavior\ParseTemplateBehavior [ RunTime:0.023302s ]
INFO: [ view_parse ] --END-- [ RunTime:0.023471s ]
INFO: [ view_filter ] --START--
INFO: Run Behavior\WriteHtmlCacheBehavior [ RunTime:0.000834s ]
INFO: [ view_filter ] --END-- [ RunTime:0.000961s ]
INFO: [ app_end ] --START--
INFO: Run Behavior\ShowPageTraceBehavior [ RunTime:0.001990s ]
INFO: [ app_end ] --END-- [ RunTime:0.002203s ]

[ 2016-11-25T20:48:27+08:00 ] 127.0.0.1 /admin.php/Home/user/lists.html
INFO: [ app_init ] --START--
INFO: Run Behavior\BuildLiteBehavior [ RunTime:0.000099s ]
INFO: [ app_init ] --END-- [ RunTime:0.001433s ]
INFO: [ app_begin ] --START--
INFO: Run Behavior\ReadHtmlCacheBehavior [ RunTime:0.001574s ]
INFO: [ app_begin ] --END-- [ RunTime:0.001747s ]
NOTIC: [8] A session had already been started - ignoring session_start() E:\phpstudy\WWW\yiyuangou\Admin\Home\Controller\CommonController.class.php 第 4 行.
SQL: SELECT COUNT(*) AS tp_count FROM `index_user` LIMIT 1   [ RunTime:0.0007s ]
SQL: SELECT * FROM `index_user` LIMIT 0,5   [ RunTime:0.0011s ]
INFO: [ view_parse ] --START--
INFO: [ template_filter ] --START--
INFO: Run Behavior\ContentReplaceBehavior [ RunTime:0.000269s ]
INFO: [ template_filter ] --END-- [ RunTime:0.000509s ]
NOTIC: [8] Undefined index: id E:\phpstudy\WWW\yiyuangou\Admin\Runtime\Cache\Home\756f238d2395235a929838700daccc2d.php 第 52 行.
NOTIC: [8] Undefined index: id E:\phpstudy\WWW\yiyuangou\Admin\Runtime\Cache\Home\756f238d2395235a929838700daccc2d.php 第 53 行.
NOTIC: [8] Undefined index: id E:\phpstudy\WWW\yiyuangou\Admin\Runtime\Cache\Home\756f238d2395235a929838700daccc2d.php 第 52 行.
NOTIC: [8] Undefined index: id E:\phpstudy\WWW\yiyuangou\Admin\Runtime\Cache\Home\756f238d2395235a929838700daccc2d.php 第 53 行.
NOTIC: [8] Undefined index: id E:\phpstudy\WWW\yiyuangou\Admin\Runtime\Cache\Home\756f238d2395235a929838700daccc2d.php 第 52 行.
NOTIC: [8] Undefined index: id E:\phpstudy\WWW\yiyuangou\Admin\Runtime\Cache\Home\756f238d2395235a929838700daccc2d.php 第 53 行.
NOTIC: [8] Undefined index: id E:\phpstudy\WWW\yiyuangou\Admin\Runtime\Cache\Home\756f238d2395235a929838700daccc2d.php 第 52 行.
NOTIC: [8] Undefined index: id E:\phpstudy\WWW\yiyuangou\Admin\Runtime\Cache\Home\756f238d2395235a929838700daccc2d.php 第 53 行.
INFO: Run Behavior\ParseTemplateBehavior [ RunTime:0.065181s ]
INFO: [ view_parse ] --END-- [ RunTime:0.065375s ]
INFO: [ view_filter ] --START--
INFO: Run Behavior\WriteHtmlCacheBehavior [ RunTime:0.000936s ]
INFO: [ view_filter ] --END-- [ RunTime:0.001059s ]
INFO: [ app_end ] --START--
INFO: Run Behavior\ShowPageTraceBehavior [ RunTime:0.002018s ]
INFO: [ app_end ] --END-- [ RunTime:0.002162s ]

[ 2016-11-25T20:48:31+08:00 ] 127.0.0.1 /admin.php/Home/user/update.html
INFO: [ app_init ] --START--
INFO: Run Behavior\BuildLiteBehavior [ RunTime:0.000104s ]
INFO: [ app_init ] --END-- [ RunTime:0.001228s ]
INFO: [ app_begin ] --START--
INFO: Run Behavior\ReadHtmlCacheBehavior [ RunTime:0.001355s ]
INFO: [ app_begin ] --END-- [ RunTime:0.001507s ]
NOTIC: [8] A session had already been started - ignoring session_start() E:\phpstudy\WWW\yiyuangou\Admin\Home\Controller\CommonController.class.php 第 4 行.
NOTIC: [8] Undefined index: uid E:\phpstudy\WWW\yiyuangou\Admin\Home\Controller\UserController.class.php 第 53 行.
ERR: 1064:You have an error in your SQL syntax; check the manual that corresponds to your MySQL server version for the right syntax to use near ') LIMIT 1' at line 1
 [ SQL语句 ] : SELECT * FROM `index_user` WHERE ( uid= ) LIMIT 1  
ERR: 1064:You have an error in your SQL syntax; check the manual that corresponds to your MySQL server version for the right syntax to use near ') LIMIT 1' at line 1
 [ SQL语句 ] : SELECT * FROM `index_user` WHERE ( uid= ) LIMIT 1  

[ 2016-11-25T20:48:54+08:00 ] 127.0.0.1 /admin.php/Home/user/lists.html
INFO: [ app_init ] --START--
INFO: Run Behavior\BuildLiteBehavior [ RunTime:0.000064s ]
INFO: [ app_init ] --END-- [ RunTime:0.001572s ]
INFO: [ app_begin ] --START--
INFO: Run Behavior\ReadHtmlCacheBehavior [ RunTime:0.001794s ]
INFO: [ app_begin ] --END-- [ RunTime:0.001988s ]
NOTIC: [8] A session had already been started - ignoring session_start() E:\phpstudy\WWW\yiyuangou\Admin\Home\Controller\CommonController.class.php 第 4 行.
SQL: SELECT COUNT(*) AS tp_count FROM `index_user` LIMIT 1   [ RunTime:0.0006s ]
SQL: SELECT * FROM `index_user` LIMIT 0,5   [ RunTime:0.0010s ]
INFO: [ view_parse ] --START--
INFO: [ template_filter ] --START--
INFO: Run Behavior\ContentReplaceBehavior [ RunTime:0.000129s ]
INFO: [ template_filter ] --END-- [ RunTime:0.000283s ]
INFO: Run Behavior\ParseTemplateBehavior [ RunTime:0.024872s ]
INFO: [ view_parse ] --END-- [ RunTime:0.025048s ]
INFO: [ view_filter ] --START--
INFO: Run Behavior\WriteHtmlCacheBehavior [ RunTime:0.000961s ]
INFO: [ view_filter ] --END-- [ RunTime:0.001138s ]
INFO: [ app_end ] --START--
INFO: Run Behavior\ShowPageTraceBehavior [ RunTime:0.002356s ]
INFO: [ app_end ] --END-- [ RunTime:0.002621s ]

[ 2016-11-25T20:48:57+08:00 ] 127.0.0.1 /admin.php/Home/user/update/uid/4.html
INFO: [ app_init ] --START--
INFO: Run Behavior\BuildLiteBehavior [ RunTime:0.000056s ]
INFO: [ app_init ] --END-- [ RunTime:0.001332s ]
INFO: [ app_begin ] --START--
INFO: Run Behavior\ReadHtmlCacheBehavior [ RunTime:0.001320s ]
INFO: [ app_begin ] --END-- [ RunTime:0.001476s ]
NOTIC: [8] A session had already been started - ignoring session_start() E:\phpstudy\WWW\yiyuangou\Admin\Home\Controller\CommonController.class.php 第 4 行.
SQL: SELECT * FROM `index_user` WHERE ( uid=4 ) LIMIT 1   [ RunTime:0.0009s ]
INFO: [ view_parse ] --START--
INFO: [ template_filter ] --START--
INFO: Run Behavior\ContentReplaceBehavior [ RunTime:0.000126s ]
INFO: [ template_filter ] --END-- [ RunTime:0.000306s ]
INFO: Run Behavior\ParseTemplateBehavior [ RunTime:0.020501s ]
INFO: [ view_parse ] --END-- [ RunTime:0.020684s ]
INFO: [ view_filter ] --START--
INFO: Run Behavior\WriteHtmlCacheBehavior [ RunTime:0.000656s ]
INFO: [ view_filter ] --END-- [ RunTime:0.000775s ]
INFO: [ app_end ] --START--
INFO: Run Behavior\ShowPageTraceBehavior [ RunTime:0.001295s ]
INFO: [ app_end ] --END-- [ RunTime:0.001424s ]

[ 2016-11-25T20:49:28+08:00 ] 127.0.0.1 /admin.php/Home/goods/show.html
INFO: [ app_init ] --START--
INFO: Run Behavior\BuildLiteBehavior [ RunTime:0.000054s ]
INFO: [ app_init ] --END-- [ RunTime:0.001436s ]
INFO: [ app_begin ] --START--
INFO: Run Behavior\ReadHtmlCacheBehavior [ RunTime:0.001545s ]
INFO: [ app_begin ] --END-- [ RunTime:0.001791s ]
NOTIC: [8] A session had already been started - ignoring session_start() E:\phpstudy\WWW\yiyuangou\Admin\Home\Controller\CommonController.class.php 第 4 行.
NOTIC: [2048] Declaration of Home\Controller\GoodsController::show() should be compatible with Think\Controller::show($content, $charset = '', $contentType = '', $prefix = '') E:\phpstudy\WWW\yiyuangou\Admin\Home\Controller\GoodsController.class.php 第 4 行.
SQL: SELECT * FROM `goods_brand`  [ RunTime:0.0008s ]
SQL: SELECT * FROM `goods_cate`  [ RunTime:0.0010s ]
INFO: [ view_parse ] --START--
INFO: [ template_filter ] --START--
INFO: Run Behavior\ContentReplaceBehavior [ RunTime:0.000234s ]
INFO: [ template_filter ] --END-- [ RunTime:0.000406s ]
INFO: Run Behavior\ParseTemplateBehavior [ RunTime:0.025284s ]
INFO: [ view_parse ] --END-- [ RunTime:0.025514s ]
INFO: [ view_filter ] --START--
INFO: Run Behavior\WriteHtmlCacheBehavior [ RunTime:0.000943s ]
INFO: [ view_filter ] --END-- [ RunTime:0.001104s ]
INFO: [ app_end ] --START--
INFO: Run Behavior\ShowPageTraceBehavior [ RunTime:0.001777s ]
INFO: [ app_end ] --END-- [ RunTime:0.002028s ]

[ 2016-11-25T20:49:28+08:00 ] 127.0.0.1 /admin.php/Home/goods/images/yes.gif
INFO: [ app_init ] --START--
INFO: Run Behavior\BuildLiteBehavior [ RunTime:0.000060s ]
INFO: [ app_init ] --END-- [ RunTime:0.001519s ]

[ 2016-11-25T20:49:32+08:00 ] 127.0.0.1 /admin.php/Home/Order/lianjie.html
INFO: [ app_init ] --START--
INFO: Run Behavior\BuildLiteBehavior [ RunTime:0.000037s ]
INFO: [ app_init ] --END-- [ RunTime:0.001018s ]
INFO: [ app_begin ] --START--
INFO: Run Behavior\ReadHtmlCacheBehavior [ RunTime:0.002143s ]
INFO: [ app_begin ] --END-- [ RunTime:0.002483s ]
NOTIC: [2048] Declaration of Home\Controller\OrderController::show() should be compatible with Think\Controller::show($content, $charset = '', $contentType = '', $prefix = '') E:\phpstudy\WWW\yiyuangou\Admin\Home\Controller\OrderController.class.php 第 61 行.
INFO: [ view_parse ] --START--
INFO: [ template_filter ] --START--
INFO: Run Behavior\ContentReplaceBehavior [ RunTime:0.000137s ]
INFO: [ template_filter ] --END-- [ RunTime:0.000310s ]
INFO: Run Behavior\ParseTemplateBehavior [ RunTime:0.023200s ]
INFO: [ view_parse ] --END-- [ RunTime:0.023360s ]
INFO: [ view_filter ] --START--
INFO: Run Behavior\WriteHtmlCacheBehavior [ RunTime:0.000790s ]
INFO: [ view_filter ] --END-- [ RunTime:0.000928s ]
INFO: [ app_end ] --START--
INFO: Run Behavior\ShowPageTraceBehavior [ RunTime:0.001349s ]
INFO: [ app_end ] --END-- [ RunTime:0.001479s ]

[ 2016-11-25T20:49:36+08:00 ] 127.0.0.1 /admin.php/Home/Order/show.html
INFO: [ app_init ] --START--
INFO: Run Behavior\BuildLiteBehavior [ RunTime:0.000038s ]
INFO: [ app_init ] --END-- [ RunTime:0.001076s ]
INFO: [ app_begin ] --START--
INFO: Run Behavior\ReadHtmlCacheBehavior [ RunTime:0.001263s ]
INFO: [ app_begin ] --END-- [ RunTime:0.001475s ]
NOTIC: [2048] Declaration of Home\Controller\OrderController::show() should be compatible with Think\Controller::show($content, $charset = '', $contentType = '', $prefix = '') E:\phpstudy\WWW\yiyuangou\Admin\Home\Controller\OrderController.class.php 第 61 行.
SQL: SELECT COUNT(*) AS tp_count FROM `gou_order` LIMIT 1   [ RunTime:0.0006s ]
SQL: SELECT * FROM `gou_order` LIMIT 0,4   [ RunTime:0.0009s ]
INFO: [ view_parse ] --START--
INFO: [ template_filter ] --START--
INFO: Run Behavior\ContentReplaceBehavior [ RunTime:0.000173s ]
INFO: [ template_filter ] --END-- [ RunTime:0.000328s ]
INFO: Run Behavior\ParseTemplateBehavior [ RunTime:0.022958s ]
INFO: [ view_parse ] --END-- [ RunTime:0.023123s ]
INFO: [ view_filter ] --START--
INFO: Run Behavior\WriteHtmlCacheBehavior [ RunTime:0.000777s ]
INFO: [ view_filter ] --END-- [ RunTime:0.000898s ]
INFO: [ app_end ] --START--
INFO: Run Behavior\ShowPageTraceBehavior [ RunTime:0.001332s ]
INFO: [ app_end ] --END-- [ RunTime:0.001453s ]

[ 2016-11-25T20:50:11+08:00 ] 127.0.0.1 /admin.php/Home/Order/show.html
INFO: [ app_init ] --START--
INFO: Run Behavior\BuildLiteBehavior [ RunTime:0.000038s ]
INFO: [ app_init ] --END-- [ RunTime:0.001160s ]
INFO: [ app_begin ] --START--
INFO: Run Behavior\ReadHtmlCacheBehavior [ RunTime:0.001621s ]
INFO: [ app_begin ] --END-- [ RunTime:0.001784s ]
NOTIC: [2048] Declaration of Home\Controller\OrderController::show() should be compatible with Think\Controller::show($content, $charset = '', $contentType = '', $prefix = '') E:\phpstudy\WWW\yiyuangou\Admin\Home\Controller\OrderController.class.php 第 61 行.
SQL: SELECT COUNT(*) AS tp_count FROM `gou_order` LIMIT 1   [ RunTime:0.0007s ]
SQL: SELECT * FROM `gou_order` LIMIT 0,4   [ RunTime:0.0008s ]
INFO: [ view_parse ] --START--
INFO: [ template_filter ] --START--
INFO: Run Behavior\ContentReplaceBehavior [ RunTime:0.000157s ]
INFO: [ template_filter ] --END-- [ RunTime:0.000400s ]
INFO: Run Behavior\ParseTemplateBehavior [ RunTime:0.024205s ]
INFO: [ view_parse ] --END-- [ RunTime:0.024376s ]
INFO: [ view_filter ] --START--
INFO: Run Behavior\WriteHtmlCacheBehavior [ RunTime:0.000852s ]
INFO: [ view_filter ] --END-- [ RunTime:0.000972s ]
INFO: [ app_end ] --START--
INFO: Run Behavior\ShowPageTraceBehavior [ RunTime:0.001375s ]
INFO: [ app_end ] --END-- [ RunTime:0.001514s ]

[ 2016-11-25T20:50:14+08:00 ] 127.0.0.1 /admin.php/Home/Cate/show.html
INFO: [ app_init ] --START--
INFO: Run Behavior\BuildLiteBehavior [ RunTime:0.000063s ]
INFO: [ app_init ] --END-- [ RunTime:0.001528s ]
INFO: [ app_begin ] --START--
INFO: Run Behavior\ReadHtmlCacheBehavior [ RunTime:0.001305s ]
INFO: [ app_begin ] --END-- [ RunTime:0.001463s ]
NOTIC: [2048] Declaration of Home\Controller\CateController::show() should be compatible with Think\Controller::show($content, $charset = '', $contentType = '', $prefix = '') E:\phpstudy\WWW\yiyuangou\Admin\Home\Controller\CateController.class.php 第 72 行.
SQL: SELECT COUNT(*) AS tp_count FROM `goods_cate` LIMIT 1   [ RunTime:0.0006s ]
SQL: SELECT * FROM `goods_cate` LIMIT 0,8   [ RunTime:0.0010s ]
INFO: [ view_parse ] --START--
INFO: [ template_filter ] --START--
INFO: Run Behavior\ContentReplaceBehavior [ RunTime:0.000201s ]
INFO: [ template_filter ] --END-- [ RunTime:0.000456s ]
INFO: Run Behavior\ParseTemplateBehavior [ RunTime:0.030325s ]
INFO: [ view_parse ] --END-- [ RunTime:0.030732s ]
INFO: [ view_filter ] --START--
INFO: Run Behavior\WriteHtmlCacheBehavior [ RunTime:0.000741s ]
INFO: [ view_filter ] --END-- [ RunTime:0.000866s ]
INFO: [ app_end ] --START--
INFO: Run Behavior\ShowPageTraceBehavior [ RunTime:0.001304s ]
INFO: [ app_end ] --END-- [ RunTime:0.001441s ]

[ 2016-11-25T20:50:55+08:00 ] 127.0.0.1 /admin.php/Home/goods/adress_list.html
INFO: [ app_init ] --START--
INFO: Run Behavior\BuildLiteBehavior [ RunTime:0.000049s ]
INFO: [ app_init ] --END-- [ RunTime:0.002574s ]
INFO: [ app_begin ] --START--
INFO: Run Behavior\ReadHtmlCacheBehavior [ RunTime:0.001661s ]
INFO: [ app_begin ] --END-- [ RunTime:0.001854s ]
NOTIC: [8] A session had already been started - ignoring session_start() E:\phpstudy\WWW\yiyuangou\Admin\Home\Controller\CommonController.class.php 第 4 行.
NOTIC: [2048] Declaration of Home\Controller\GoodsController::show() should be compatible with Think\Controller::show($content, $charset = '', $contentType = '', $prefix = '') E:\phpstudy\WWW\yiyuangou\Admin\Home\Controller\GoodsController.class.php 第 4 行.
SQL: SELECT COUNT(*) AS tp_count FROM `adress` LIMIT 1   [ RunTime:0.0006s ]
SQL: SELECT * FROM `adress` LIMIT 0,3   [ RunTime:0.0011s ]
INFO: [ view_parse ] --START--
INFO: [ template_filter ] --START--
INFO: Run Behavior\ContentReplaceBehavior [ RunTime:0.000150s ]
INFO: [ template_filter ] --END-- [ RunTime:0.000320s ]
INFO: Run Behavior\ParseTemplateBehavior [ RunTime:0.026776s ]
INFO: [ view_parse ] --END-- [ RunTime:0.026949s ]
INFO: [ view_filter ] --START--
INFO: Run Behavior\WriteHtmlCacheBehavior [ RunTime:0.002098s ]
INFO: [ view_filter ] --END-- [ RunTime:0.002335s ]
INFO: [ app_end ] --START--
INFO: Run Behavior\ShowPageTraceBehavior [ RunTime:0.001705s ]
INFO: [ app_end ] --END-- [ RunTime:0.001901s ]

[ 2016-11-25T20:51:05+08:00 ] 127.0.0.1 /admin.php/Home/address/lists.html
INFO: [ app_init ] --START--
INFO: Run Behavior\BuildLiteBehavior [ RunTime:0.000049s ]
INFO: [ app_init ] --END-- [ RunTime:0.001086s ]
INFO: [ app_begin ] --START--
INFO: Run Behavior\ReadHtmlCacheBehavior [ RunTime:0.001405s ]
INFO: [ app_begin ] --END-- [ RunTime:0.001559s ]
NOTIC: [8] A session had already been started - ignoring session_start() E:\phpstudy\WWW\yiyuangou\Admin\Home\Controller\CommonController.class.php 第 4 行.
SQL: SELECT COUNT(*) AS tp_count FROM `gou_ad_data` LIMIT 1   [ RunTime:0.0006s ]
SQL: SELECT * FROM `gou_ad_data` LIMIT 0,5   [ RunTime:0.0009s ]
INFO: [ view_parse ] --START--
INFO: [ template_filter ] --START--
INFO: Run Behavior\ContentReplaceBehavior [ RunTime:0.000144s ]
INFO: [ template_filter ] --END-- [ RunTime:0.000312s ]
INFO: Run Behavior\ParseTemplateBehavior [ RunTime:0.022301s ]
INFO: [ view_parse ] --END-- [ RunTime:0.022467s ]
INFO: [ view_filter ] --START--
INFO: Run Behavior\WriteHtmlCacheBehavior [ RunTime:0.000765s ]
INFO: [ view_filter ] --END-- [ RunTime:0.000933s ]
INFO: [ app_end ] --START--
INFO: Run Behavior\ShowPageTraceBehavior [ RunTime:0.001913s ]
INFO: [ app_end ] --END-- [ RunTime:0.002057s ]

[ 2016-11-25T20:51:11+08:00 ] 127.0.0.1 /admin.php/Home/address/index.html
INFO: [ app_init ] --START--
INFO: Run Behavior\BuildLiteBehavior [ RunTime:0.000039s ]
INFO: [ app_init ] --END-- [ RunTime:0.001260s ]
INFO: [ app_begin ] --START--
INFO: Run Behavior\ReadHtmlCacheBehavior [ RunTime:0.004066s ]
INFO: [ app_begin ] --END-- [ RunTime:0.005151s ]
NOTIC: [8] A session had already been started - ignoring session_start() E:\phpstudy\WWW\yiyuangou\Admin\Home\Controller\CommonController.class.php 第 4 行.
INFO: [ view_parse ] --START--
INFO: [ template_filter ] --START--
INFO: Run Behavior\ContentReplaceBehavior [ RunTime:0.000257s ]
INFO: [ template_filter ] --END-- [ RunTime:0.000513s ]
INFO: Run Behavior\ParseTemplateBehavior [ RunTime:0.025536s ]
INFO: [ view_parse ] --END-- [ RunTime:0.025704s ]
INFO: [ view_filter ] --START--
INFO: Run Behavior\WriteHtmlCacheBehavior [ RunTime:0.000981s ]
INFO: [ view_filter ] --END-- [ RunTime:0.001204s ]
INFO: [ app_end ] --START--
INFO: Run Behavior\ShowPageTraceBehavior [ RunTime:0.002340s ]
INFO: [ app_end ] --END-- [ RunTime:0.002550s ]

[ 2016-11-25T20:51:15+08:00 ] 127.0.0.1 /admin.php/Home/address/lists.html
INFO: [ app_init ] --START--
INFO: Run Behavior\BuildLiteBehavior [ RunTime:0.000038s ]
INFO: [ app_init ] --END-- [ RunTime:0.001113s ]
INFO: [ app_begin ] --START--
INFO: Run Behavior\ReadHtmlCacheBehavior [ RunTime:0.001574s ]
INFO: [ app_begin ] --END-- [ RunTime:0.001746s ]
NOTIC: [8] A session had already been started - ignoring session_start() E:\phpstudy\WWW\yiyuangou\Admin\Home\Controller\CommonController.class.php 第 4 行.
SQL: SELECT COUNT(*) AS tp_count FROM `gou_ad_data` LIMIT 1   [ RunTime:0.0007s ]
SQL: SELECT * FROM `gou_ad_data` LIMIT 0,5   [ RunTime:0.0012s ]
INFO: [ view_parse ] --START--
INFO: [ template_filter ] --START--
INFO: Run Behavior\ContentReplaceBehavior [ RunTime:0.000194s ]
INFO: [ template_filter ] --END-- [ RunTime:0.000434s ]
INFO: Run Behavior\ParseTemplateBehavior [ RunTime:0.023847s ]
INFO: [ view_parse ] --END-- [ RunTime:0.024051s ]
INFO: [ view_filter ] --START--
INFO: Run Behavior\WriteHtmlCacheBehavior [ RunTime:0.000756s ]
INFO: [ view_filter ] --END-- [ RunTime:0.000877s ]
INFO: [ app_end ] --START--
INFO: Run Behavior\ShowPageTraceBehavior [ RunTime:0.001326s ]
INFO: [ app_end ] --END-- [ RunTime:0.001452s ]

[ 2016-11-25T20:51:20+08:00 ] 127.0.0.1 /admin.php/Home/address/index.html
INFO: [ app_init ] --START--
INFO: Run Behavior\BuildLiteBehavior [ RunTime:0.000043s ]
INFO: [ app_init ] --END-- [ RunTime:0.001301s ]
INFO: [ app_begin ] --START--
INFO: Run Behavior\ReadHtmlCacheBehavior [ RunTime:0.001987s ]
INFO: [ app_begin ] --END-- [ RunTime:0.002179s ]
NOTIC: [8] A session had already been started - ignoring session_start() E:\phpstudy\WWW\yiyuangou\Admin\Home\Controller\CommonController.class.php 第 4 行.
INFO: [ view_parse ] --START--
INFO: [ template_filter ] --START--
INFO: Run Behavior\ContentReplaceBehavior [ RunTime:0.000176s ]
INFO: [ template_filter ] --END-- [ RunTime:0.000351s ]
INFO: Run Behavior\ParseTemplateBehavior [ RunTime:0.024317s ]
INFO: [ view_parse ] --END-- [ RunTime:0.024484s ]
INFO: [ view_filter ] --START--
INFO: Run Behavior\WriteHtmlCacheBehavior [ RunTime:0.000873s ]
INFO: [ view_filter ] --END-- [ RunTime:0.001007s ]
INFO: [ app_end ] --START--
INFO: Run Behavior\ShowPageTraceBehavior [ RunTime:0.003012s ]
INFO: [ app_end ] --END-- [ RunTime:0.003277s ]

[ 2016-11-25T20:51:29+08:00 ] 127.0.0.1 /admin.php/Home/goods/adress.html
INFO: [ app_init ] --START--
INFO: Run Behavior\BuildLiteBehavior [ RunTime:0.000038s ]
INFO: [ app_init ] --END-- [ RunTime:0.001067s ]
INFO: [ app_begin ] --START--
INFO: Run Behavior\ReadHtmlCacheBehavior [ RunTime:0.001282s ]
INFO: [ app_begin ] --END-- [ RunTime:0.001428s ]
NOTIC: [8] A session had already been started - ignoring session_start() E:\phpstudy\WWW\yiyuangou\Admin\Home\Controller\CommonController.class.php 第 4 行.
NOTIC: [2048] Declaration of Home\Controller\GoodsController::show() should be compatible with Think\Controller::show($content, $charset = '', $contentType = '', $prefix = '') E:\phpstudy\WWW\yiyuangou\Admin\Home\Controller\GoodsController.class.php 第 4 行.
INFO: [ view_parse ] --START--
INFO: [ template_filter ] --START--
INFO: Run Behavior\ContentReplaceBehavior [ RunTime:0.000199s ]
INFO: [ template_filter ] --END-- [ RunTime:0.000622s ]
INFO: Run Behavior\ParseTemplateBehavior [ RunTime:0.023615s ]
INFO: [ view_parse ] --END-- [ RunTime:0.023809s ]
INFO: [ view_filter ] --START--
INFO: Run Behavior\WriteHtmlCacheBehavior [ RunTime:0.000888s ]
INFO: [ view_filter ] --END-- [ RunTime:0.001008s ]
INFO: [ app_end ] --START--
INFO: Run Behavior\ShowPageTraceBehavior [ RunTime:0.001852s ]
INFO: [ app_end ] --END-- [ RunTime:0.001993s ]

[ 2016-11-25T20:51:32+08:00 ] 127.0.0.1 /admin.php/Home/goods/adress_list.html
INFO: [ app_init ] --START--
INFO: Run Behavior\BuildLiteBehavior [ RunTime:0.000038s ]
INFO: [ app_init ] --END-- [ RunTime:0.001137s ]
INFO: [ app_begin ] --START--
INFO: Run Behavior\ReadHtmlCacheBehavior [ RunTime:0.002201s ]
INFO: [ app_begin ] --END-- [ RunTime:0.002425s ]
NOTIC: [8] A session had already been started - ignoring session_start() E:\phpstudy\WWW\yiyuangou\Admin\Home\Controller\CommonController.class.php 第 4 行.
NOTIC: [2048] Declaration of Home\Controller\GoodsController::show() should be compatible with Think\Controller::show($content, $charset = '', $contentType = '', $prefix = '') E:\phpstudy\WWW\yiyuangou\Admin\Home\Controller\GoodsController.class.php 第 4 行.
SQL: SELECT COUNT(*) AS tp_count FROM `adress` LIMIT 1   [ RunTime:0.0006s ]
SQL: SELECT * FROM `adress` LIMIT 0,3   [ RunTime:0.0010s ]
INFO: [ view_parse ] --START--
INFO: [ template_filter ] --START--
INFO: Run Behavior\ContentReplaceBehavior [ RunTime:0.000203s ]
INFO: [ template_filter ] --END-- [ RunTime:0.000451s ]
INFO: Run Behavior\ParseTemplateBehavior [ RunTime:0.027540s ]
INFO: [ view_parse ] --END-- [ RunTime:0.027734s ]
INFO: [ view_filter ] --START--
INFO: Run Behavior\WriteHtmlCacheBehavior [ RunTime:0.000877s ]
INFO: [ view_filter ] --END-- [ RunTime:0.001053s ]
INFO: [ app_end ] --START--
INFO: Run Behavior\ShowPageTraceBehavior [ RunTime:0.002051s ]
INFO: [ app_end ] --END-- [ RunTime:0.002248s ]

[ 2016-11-25T20:51:42+08:00 ] 127.0.0.1 /admin.php/Home/address/lists.html
INFO: [ app_init ] --START--
INFO: Run Behavior\BuildLiteBehavior [ RunTime:0.000039s ]
INFO: [ app_init ] --END-- [ RunTime:0.001202s ]
INFO: [ app_begin ] --START--
INFO: Run Behavior\ReadHtmlCacheBehavior [ RunTime:0.001886s ]
INFO: [ app_begin ] --END-- [ RunTime:0.002120s ]
NOTIC: [8] A session had already been started - ignoring session_start() E:\phpstudy\WWW\yiyuangou\Admin\Home\Controller\CommonController.class.php 第 4 行.
SQL: SELECT COUNT(*) AS tp_count FROM `gou_ad_data` LIMIT 1   [ RunTime:0.0005s ]
SQL: SELECT * FROM `gou_ad_data` LIMIT 0,5   [ RunTime:0.0012s ]
INFO: [ view_parse ] --START--
INFO: [ template_filter ] --START--
INFO: Run Behavior\ContentReplaceBehavior [ RunTime:0.000143s ]
INFO: [ template_filter ] --END-- [ RunTime:0.000305s ]
INFO: Run Behavior\ParseTemplateBehavior [ RunTime:0.025948s ]
INFO: [ view_parse ] --END-- [ RunTime:0.026142s ]
INFO: [ view_filter ] --START--
INFO: Run Behavior\WriteHtmlCacheBehavior [ RunTime:0.000686s ]
INFO: [ view_filter ] --END-- [ RunTime:0.000810s ]
INFO: [ app_end ] --START--
INFO: Run Behavior\ShowPageTraceBehavior [ RunTime:0.001381s ]
INFO: [ app_end ] --END-- [ RunTime:0.001527s ]

[ 2016-11-25T20:51:45+08:00 ] 127.0.0.1 /admin.php/Home/goods/adress.html
INFO: [ app_init ] --START--
INFO: Run Behavior\BuildLiteBehavior [ RunTime:0.000058s ]
INFO: [ app_init ] --END-- [ RunTime:0.001514s ]
INFO: [ app_begin ] --START--
INFO: Run Behavior\ReadHtmlCacheBehavior [ RunTime:0.002424s ]
INFO: [ app_begin ] --END-- [ RunTime:0.002665s ]
NOTIC: [8] A session had already been started - ignoring session_start() E:\phpstudy\WWW\yiyuangou\Admin\Home\Controller\CommonController.class.php 第 4 行.
NOTIC: [2048] Declaration of Home\Controller\GoodsController::show() should be compatible with Think\Controller::show($content, $charset = '', $contentType = '', $prefix = '') E:\phpstudy\WWW\yiyuangou\Admin\Home\Controller\GoodsController.class.php 第 4 行.
INFO: [ view_parse ] --START--
INFO: [ template_filter ] --START--
INFO: Run Behavior\ContentReplaceBehavior [ RunTime:0.000181s ]
INFO: [ template_filter ] --END-- [ RunTime:0.000372s ]
INFO: Run Behavior\ParseTemplateBehavior [ RunTime:0.026400s ]
INFO: [ view_parse ] --END-- [ RunTime:0.027077s ]
INFO: [ view_filter ] --START--
INFO: Run Behavior\WriteHtmlCacheBehavior [ RunTime:0.001147s ]
INFO: [ view_filter ] --END-- [ RunTime:0.001355s ]
INFO: [ app_end ] --START--
INFO: Run Behavior\ShowPageTraceBehavior [ RunTime:0.002668s ]
INFO: [ app_end ] --END-- [ RunTime:0.002895s ]

[ 2016-11-25T20:52:17+08:00 ] 127.0.0.1 /admin.php/Home/goods/show.html
INFO: [ app_init ] --START--
INFO: Run Behavior\BuildLiteBehavior [ RunTime:0.000040s ]
INFO: [ app_init ] --END-- [ RunTime:0.001312s ]
INFO: [ app_begin ] --START--
INFO: Run Behavior\ReadHtmlCacheBehavior [ RunTime:0.002065s ]
INFO: [ app_begin ] --END-- [ RunTime:0.002349s ]
NOTIC: [8] A session had already been started - ignoring session_start() E:\phpstudy\WWW\yiyuangou\Admin\Home\Controller\CommonController.class.php 第 4 行.
NOTIC: [2048] Declaration of Home\Controller\GoodsController::show() should be compatible with Think\Controller::show($content, $charset = '', $contentType = '', $prefix = '') E:\phpstudy\WWW\yiyuangou\Admin\Home\Controller\GoodsController.class.php 第 4 行.
SQL: SELECT * FROM `goods_brand`  [ RunTime:0.0007s ]
SQL: SELECT * FROM `goods_cate`  [ RunTime:0.0008s ]
INFO: [ view_parse ] --START--
INFO: [ template_filter ] --START--
INFO: Run Behavior\ContentReplaceBehavior [ RunTime:0.000272s ]
INFO: [ template_filter ] --END-- [ RunTime:0.000434s ]
INFO: Run Behavior\ParseTemplateBehavior [ RunTime:0.025931s ]
INFO: [ view_parse ] --END-- [ RunTime:0.026194s ]
INFO: [ view_filter ] --START--
INFO: Run Behavior\WriteHtmlCacheBehavior [ RunTime:0.001114s ]
INFO: [ view_filter ] --END-- [ RunTime:0.001300s ]
INFO: [ app_end ] --START--
INFO: Run Behavior\ShowPageTraceBehavior [ RunTime:0.002326s ]
INFO: [ app_end ] --END-- [ RunTime:0.002505s ]

[ 2016-11-25T20:52:18+08:00 ] 127.0.0.1 /admin.php/Home/goods/images/yes.gif
INFO: [ app_init ] --START--
INFO: Run Behavior\BuildLiteBehavior [ RunTime:0.000055s ]
INFO: [ app_init ] --END-- [ RunTime:0.002130s ]

[ 2016-11-25T20:52:18+08:00 ] 127.0.0.1 /admin.php/Home/goods/images/yes.gif
INFO: [ app_init ] --START--
INFO: Run Behavior\BuildLiteBehavior [ RunTime:0.000059s ]
INFO: [ app_init ] --END-- [ RunTime:0.001850s ]

[ 2016-11-25T20:52:21+08:00 ] 127.0.0.1 /admin.php/Home/goods/select.html
INFO: [ app_init ] --START--
INFO: Run Behavior\BuildLiteBehavior [ RunTime:0.000040s ]
INFO: [ app_init ] --END-- [ RunTime:0.001152s ]
INFO: [ app_begin ] --START--
INFO: Run Behavior\ReadHtmlCacheBehavior [ RunTime:0.001335s ]
INFO: [ app_begin ] --END-- [ RunTime:0.001498s ]
NOTIC: [8] A session had already been started - ignoring session_start() E:\phpstudy\WWW\yiyuangou\Admin\Home\Controller\CommonController.class.php 第 4 行.
NOTIC: [2048] Declaration of Home\Controller\GoodsController::show() should be compatible with Think\Controller::show($content, $charset = '', $contentType = '', $prefix = '') E:\phpstudy\WWW\yiyuangou\Admin\Home\Controller\GoodsController.class.php 第 4 行.
SQL: SELECT COUNT(*) AS tp_count FROM `gou_goods` LIMIT 1   [ RunTime:0.0006s ]
SQL: SELECT * FROM `gou_goods` LIMIT 0,3   [ RunTime:0.0010s ]
INFO: [ view_parse ] --START--
INFO: [ template_filter ] --START--
INFO: Run Behavior\ContentReplaceBehavior [ RunTime:0.000182s ]
INFO: [ template_filter ] --END-- [ RunTime:0.000335s ]
INFO: Run Behavior\ParseTemplateBehavior [ RunTime:0.023570s ]
INFO: [ view_parse ] --END-- [ RunTime:0.023766s ]
INFO: [ view_filter ] --START--
INFO: Run Behavior\WriteHtmlCacheBehavior [ RunTime:0.000683s ]
INFO: [ view_filter ] --END-- [ RunTime:0.000823s ]
INFO: [ app_end ] --START--
INFO: Run Behavior\ShowPageTraceBehavior [ RunTime:0.002425s ]
INFO: [ app_end ] --END-- [ RunTime:0.002640s ]

[ 2016-11-25T20:52:25+08:00 ] 127.0.0.1 /admin.php/Home/user/index.html
INFO: [ app_init ] --START--
INFO: Run Behavior\BuildLiteBehavior [ RunTime:0.000039s ]
INFO: [ app_init ] --END-- [ RunTime:0.001015s ]
INFO: [ app_begin ] --START--
INFO: Run Behavior\ReadHtmlCacheBehavior [ RunTime:0.001775s ]
INFO: [ app_begin ] --END-- [ RunTime:0.002182s ]
NOTIC: [8] A session had already been started - ignoring session_start() E:\phpstudy\WWW\yiyuangou\Admin\Home\Controller\CommonController.class.php 第 4 行.
INFO: [ view_parse ] --START--
INFO: [ template_filter ] --START--
INFO: Run Behavior\ContentReplaceBehavior [ RunTime:0.000389s ]
INFO: [ template_filter ] --END-- [ RunTime:0.000617s ]
INFO: Run Behavior\ParseTemplateBehavior [ RunTime:0.024207s ]
INFO: [ view_parse ] --END-- [ RunTime:0.024424s ]
INFO: [ view_filter ] --START--
INFO: Run Behavior\WriteHtmlCacheBehavior [ RunTime:0.000880s ]
INFO: [ view_filter ] --END-- [ RunTime:0.001014s ]
INFO: [ app_end ] --START--
INFO: Run Behavior\ShowPageTraceBehavior [ RunTime:0.001370s ]
INFO: [ app_end ] --END-- [ RunTime:0.001494s ]

[ 2016-11-25T20:52:27+08:00 ] 127.0.0.1 /admin.php/Home/goods/adress.html
INFO: [ app_init ] --START--
INFO: Run Behavior\BuildLiteBehavior [ RunTime:0.000047s ]
INFO: [ app_init ] --END-- [ RunTime:0.001041s ]
INFO: [ app_begin ] --START--
INFO: Run Behavior\ReadHtmlCacheBehavior [ RunTime:0.001250s ]
INFO: [ app_begin ] --END-- [ RunTime:0.001403s ]
NOTIC: [8] A session had already been started - ignoring session_start() E:\phpstudy\WWW\yiyuangou\Admin\Home\Controller\CommonController.class.php 第 4 行.
NOTIC: [2048] Declaration of Home\Controller\GoodsController::show() should be compatible with Think\Controller::show($content, $charset = '', $contentType = '', $prefix = '') E:\phpstudy\WWW\yiyuangou\Admin\Home\Controller\GoodsController.class.php 第 4 行.
INFO: [ view_parse ] --START--
INFO: [ template_filter ] --START--
INFO: Run Behavior\ContentReplaceBehavior [ RunTime:0.000185s ]
INFO: [ template_filter ] --END-- [ RunTime:0.000370s ]
INFO: Run Behavior\ParseTemplateBehavior [ RunTime:0.027003s ]
INFO: [ view_parse ] --END-- [ RunTime:0.027274s ]
INFO: [ view_filter ] --START--
INFO: Run Behavior\WriteHtmlCacheBehavior [ RunTime:0.000921s ]
INFO: [ view_filter ] --END-- [ RunTime:0.001115s ]
INFO: [ app_end ] --START--
INFO: Run Behavior\ShowPageTraceBehavior [ RunTime:0.002069s ]
INFO: [ app_end ] --END-- [ RunTime:0.002240s ]

[ 2016-11-25T20:52:31+08:00 ] 127.0.0.1 /admin.php/Home/goods/adress.html
INFO: [ app_init ] --START--
INFO: Run Behavior\BuildLiteBehavior [ RunTime:0.000058s ]
INFO: [ app_init ] --END-- [ RunTime:0.001659s ]
INFO: [ app_begin ] --START--
INFO: Run Behavior\ReadHtmlCacheBehavior [ RunTime:0.001455s ]
INFO: [ app_begin ] --END-- [ RunTime:0.001666s ]
NOTIC: [8] A session had already been started - ignoring session_start() E:\phpstudy\WWW\yiyuangou\Admin\Home\Controller\CommonController.class.php 第 4 行.
NOTIC: [2048] Declaration of Home\Controller\GoodsController::show() should be compatible with Think\Controller::show($content, $charset = '', $contentType = '', $prefix = '') E:\phpstudy\WWW\yiyuangou\Admin\Home\Controller\GoodsController.class.php 第 4 行.
INFO: [ view_parse ] --START--
INFO: [ template_filter ] --START--
INFO: Run Behavior\ContentReplaceBehavior [ RunTime:0.000243s ]
INFO: [ template_filter ] --END-- [ RunTime:0.000469s ]
INFO: Run Behavior\ParseTemplateBehavior [ RunTime:0.029818s ]
INFO: [ view_parse ] --END-- [ RunTime:0.030109s ]
INFO: [ view_filter ] --START--
INFO: Run Behavior\WriteHtmlCacheBehavior [ RunTime:0.001093s ]
INFO: [ view_filter ] --END-- [ RunTime:0.001292s ]
INFO: [ app_end ] --START--
INFO: Run Behavior\ShowPageTraceBehavior [ RunTime:0.001951s ]
INFO: [ app_end ] --END-- [ RunTime:0.002134s ]

[ 2016-11-25T20:53:06+08:00 ] 127.0.0.1 /admin.php/Home/goods/select.html
INFO: [ app_init ] --START--
INFO: Run Behavior\BuildLiteBehavior [ RunTime:0.000062s ]
INFO: [ app_init ] --END-- [ RunTime:0.002531s ]
INFO: [ app_begin ] --START--
INFO: Run Behavior\ReadHtmlCacheBehavior [ RunTime:0.001583s ]
INFO: [ app_begin ] --END-- [ RunTime:0.001747s ]
NOTIC: [8] A session had already been started - ignoring session_start() E:\phpstudy\WWW\yiyuangou\Admin\Home\Controller\CommonController.class.php 第 4 行.
NOTIC: [2048] Declaration of Home\Controller\GoodsController::show() should be compatible with Think\Controller::show($content, $charset = '', $contentType = '', $prefix = '') E:\phpstudy\WWW\yiyuangou\Admin\Home\Controller\GoodsController.class.php 第 4 行.
SQL: SELECT COUNT(*) AS tp_count FROM `gou_goods` LIMIT 1   [ RunTime:0.0007s ]
SQL: SELECT * FROM `gou_goods` LIMIT 0,3   [ RunTime:0.0010s ]
INFO: [ view_parse ] --START--
INFO: [ template_filter ] --START--
INFO: Run Behavior\ContentReplaceBehavior [ RunTime:0.000187s ]
INFO: [ template_filter ] --END-- [ RunTime:0.000342s ]
INFO: Run Behavior\ParseTemplateBehavior [ RunTime:0.026574s ]
INFO: [ view_parse ] --END-- [ RunTime:0.026801s ]
INFO: [ view_filter ] --START--
INFO: Run Behavior\WriteHtmlCacheBehavior [ RunTime:0.000985s ]
INFO: [ view_filter ] --END-- [ RunTime:0.001113s ]
INFO: [ app_end ] --START--
INFO: Run Behavior\ShowPageTraceBehavior [ RunTime:0.002135s ]
INFO: [ app_end ] --END-- [ RunTime:0.002325s ]

[ 2016-11-25T20:53:09+08:00 ] 127.0.0.1 /admin.php/Home/goods/adress_list.html
INFO: [ app_init ] --START--
INFO: Run Behavior\BuildLiteBehavior [ RunTime:0.000037s ]
INFO: [ app_init ] --END-- [ RunTime:0.001041s ]
INFO: [ app_begin ] --START--
INFO: Run Behavior\ReadHtmlCacheBehavior [ RunTime:0.001334s ]
INFO: [ app_begin ] --END-- [ RunTime:0.001543s ]
NOTIC: [8] A session had already been started - ignoring session_start() E:\phpstudy\WWW\yiyuangou\Admin\Home\Controller\CommonController.class.php 第 4 行.
NOTIC: [2048] Declaration of Home\Controller\GoodsController::show() should be compatible with Think\Controller::show($content, $charset = '', $contentType = '', $prefix = '') E:\phpstudy\WWW\yiyuangou\Admin\Home\Controller\GoodsController.class.php 第 4 行.
SQL: SELECT COUNT(*) AS tp_count FROM `adress` LIMIT 1   [ RunTime:0.0007s ]
SQL: SELECT * FROM `adress` LIMIT 0,3   [ RunTime:0.0010s ]
INFO: [ view_parse ] --START--
INFO: [ template_filter ] --START--
INFO: Run Behavior\ContentReplaceBehavior [ RunTime:0.000131s ]
INFO: [ template_filter ] --END-- [ RunTime:0.000286s ]
INFO: Run Behavior\ParseTemplateBehavior [ RunTime:0.021225s ]
INFO: [ view_parse ] --END-- [ RunTime:0.021394s ]
INFO: [ view_filter ] --START--
INFO: Run Behavior\WriteHtmlCacheBehavior [ RunTime:0.000665s ]
INFO: [ view_filter ] --END-- [ RunTime:0.000790s ]
INFO: [ app_end ] --START--
INFO: Run Behavior\ShowPageTraceBehavior [ RunTime:0.001302s ]
INFO: [ app_end ] --END-- [ RunTime:0.001425s ]

[ 2016-11-25T20:53:12+08:00 ] 127.0.0.1 /admin.php/Home/brand/index.html
INFO: [ app_init ] --START--
INFO: Run Behavior\BuildLiteBehavior [ RunTime:0.000051s ]
INFO: [ app_init ] --END-- [ RunTime:0.001535s ]
INFO: [ app_begin ] --START--
INFO: Run Behavior\ReadHtmlCacheBehavior [ RunTime:0.001494s ]
INFO: [ app_begin ] --END-- [ RunTime:0.001671s ]
NOTIC: [8] A session had already been started - ignoring session_start() E:\phpstudy\WWW\yiyuangou\Admin\Home\Controller\CommonController.class.php 第 4 行.
SQL: SELECT * FROM `goods_cate`  [ RunTime:0.0008s ]
INFO: [ view_parse ] --START--
INFO: [ template_filter ] --START--
INFO: Run Behavior\ContentReplaceBehavior [ RunTime:0.000129s ]
INFO: [ template_filter ] --END-- [ RunTime:0.000281s ]
NOTIC: [8] Undefined index: cate_id E:\phpstudy\WWW\yiyuangou\Admin\Runtime\Cache\Home\11afe83843f37d63c57a41eee162e181.php 第 48 行.
NOTIC: [8] Undefined index: cate_title E:\phpstudy\WWW\yiyuangou\Admin\Runtime\Cache\Home\11afe83843f37d63c57a41eee162e181.php 第 48 行.
NOTIC: [8] Undefined index: cate_id E:\phpstudy\WWW\yiyuangou\Admin\Runtime\Cache\Home\11afe83843f37d63c57a41eee162e181.php 第 48 行.
NOTIC: [8] Undefined index: cate_title E:\phpstudy\WWW\yiyuangou\Admin\Runtime\Cache\Home\11afe83843f37d63c57a41eee162e181.php 第 48 行.
INFO: Run Behavior\ParseTemplateBehavior [ RunTime:0.023198s ]
INFO: [ view_parse ] --END-- [ RunTime:0.023384s ]
INFO: [ view_filter ] --START--
INFO: Run Behavior\WriteHtmlCacheBehavior [ RunTime:0.000903s ]
INFO: [ view_filter ] --END-- [ RunTime:0.001064s ]
INFO: [ app_end ] --START--
INFO: Run Behavior\ShowPageTraceBehavior [ RunTime:0.004058s ]
INFO: [ app_end ] --END-- [ RunTime:0.004363s ]

[ 2016-11-25T20:53:15+08:00 ] 127.0.0.1 /admin.php/Home/brand/lists.html
INFO: [ app_init ] --START--
INFO: Run Behavior\BuildLiteBehavior [ RunTime:0.000079s ]
INFO: [ app_init ] --END-- [ RunTime:0.003183s ]
INFO: [ app_begin ] --START--
INFO: Run Behavior\ReadHtmlCacheBehavior [ RunTime:0.001498s ]
INFO: [ app_begin ] --END-- [ RunTime:0.001701s ]
NOTIC: [8] A session had already been started - ignoring session_start() E:\phpstudy\WWW\yiyuangou\Admin\Home\Controller\CommonController.class.php 第 4 行.
SQL: SELECT COUNT(*) AS tp_count FROM `goods_brand` LIMIT 1   [ RunTime:0.0005s ]
SQL: SELECT * FROM `goods_brand` ORDER BY `order` desc LIMIT 0,5   [ RunTime:0.0012s ]
INFO: [ view_parse ] --START--
INFO: [ template_filter ] --START--
INFO: Run Behavior\ContentReplaceBehavior [ RunTime:0.000131s ]
INFO: [ template_filter ] --END-- [ RunTime:0.000323s ]
INFO: Run Behavior\ParseTemplateBehavior [ RunTime:0.023295s ]
INFO: [ view_parse ] --END-- [ RunTime:0.023467s ]
INFO: [ view_filter ] --START--
INFO: Run Behavior\WriteHtmlCacheBehavior [ RunTime:0.000664s ]
INFO: [ view_filter ] --END-- [ RunTime:0.000806s ]
INFO: [ app_end ] --START--
INFO: Run Behavior\ShowPageTraceBehavior [ RunTime:0.001748s ]
INFO: [ app_end ] --END-- [ RunTime:0.001955s ]

[ 2016-11-25T20:53:18+08:00 ] 127.0.0.1 /admin.php/Home/address/index.html
INFO: [ app_init ] --START--
INFO: Run Behavior\BuildLiteBehavior [ RunTime:0.000053s ]
INFO: [ app_init ] --END-- [ RunTime:0.001590s ]
INFO: [ app_begin ] --START--
INFO: Run Behavior\ReadHtmlCacheBehavior [ RunTime:0.001764s ]
INFO: [ app_begin ] --END-- [ RunTime:0.001953s ]
NOTIC: [8] A session had already been started - ignoring session_start() E:\phpstudy\WWW\yiyuangou\Admin\Home\Controller\CommonController.class.php 第 4 行.
INFO: [ view_parse ] --START--
INFO: [ template_filter ] --START--
INFO: Run Behavior\ContentReplaceBehavior [ RunTime:0.000166s ]
INFO: [ template_filter ] --END-- [ RunTime:0.000346s ]
INFO: Run Behavior\ParseTemplateBehavior [ RunTime:0.021756s ]
INFO: [ view_parse ] --END-- [ RunTime:0.021946s ]
INFO: [ view_filter ] --START--
INFO: Run Behavior\WriteHtmlCacheBehavior [ RunTime:0.001899s ]
INFO: [ view_filter ] --END-- [ RunTime:0.002064s ]
INFO: [ app_end ] --START--
INFO: Run Behavior\ShowPageTraceBehavior [ RunTime:0.002502s ]
INFO: [ app_end ] --END-- [ RunTime:0.002742s ]

[ 2016-11-25T20:53:57+08:00 ] 127.0.0.1 /admin.php/Home/address/index.html
INFO: [ app_init ] --START--
INFO: Run Behavior\BuildLiteBehavior [ RunTime:0.000037s ]
INFO: [ app_init ] --END-- [ RunTime:0.001037s ]
INFO: [ app_begin ] --START--
INFO: Run Behavior\ReadHtmlCacheBehavior [ RunTime:0.002208s ]
INFO: [ app_begin ] --END-- [ RunTime:0.002424s ]
NOTIC: [8] A session had already been started - ignoring session_start() E:\phpstudy\WWW\yiyuangou\Admin\Home\Controller\CommonController.class.php 第 4 行.
INFO: [ view_parse ] --START--
INFO: [ template_filter ] --START--
INFO: Run Behavior\ContentReplaceBehavior [ RunTime:0.000263s ]
INFO: [ template_filter ] --END-- [ RunTime:0.000589s ]
INFO: Run Behavior\ParseTemplateBehavior [ RunTime:0.024546s ]
INFO: [ view_parse ] --END-- [ RunTime:0.024760s ]
INFO: [ view_filter ] --START--
INFO: Run Behavior\WriteHtmlCacheBehavior [ RunTime:0.000681s ]
INFO: [ view_filter ] --END-- [ RunTime:0.000798s ]
INFO: [ app_end ] --START--
INFO: Run Behavior\ShowPageTraceBehavior [ RunTime:0.002764s ]
INFO: [ app_end ] --END-- [ RunTime:0.003062s ]

[ 2016-11-25T20:53:59+08:00 ] 127.0.0.1 /admin.php/Home/address/lists.html
INFO: [ app_init ] --START--
INFO: Run Behavior\BuildLiteBehavior [ RunTime:0.000037s ]
INFO: [ app_init ] --END-- [ RunTime:0.001116s ]
INFO: [ app_begin ] --START--
INFO: Run Behavior\ReadHtmlCacheBehavior [ RunTime:0.001927s ]
INFO: [ app_begin ] --END-- [ RunTime:0.002155s ]
NOTIC: [8] A session had already been started - ignoring session_start() E:\phpstudy\WWW\yiyuangou\Admin\Home\Controller\CommonController.class.php 第 4 行.
SQL: SELECT COUNT(*) AS tp_count FROM `gou_ad_data` LIMIT 1   [ RunTime:0.0007s ]
SQL: SELECT * FROM `gou_ad_data` LIMIT 0,5   [ RunTime:0.0015s ]
INFO: [ view_parse ] --START--
INFO: [ template_filter ] --START--
INFO: Run Behavior\ContentReplaceBehavior [ RunTime:0.000189s ]
INFO: [ template_filter ] --END-- [ RunTime:0.000435s ]
INFO: Run Behavior\ParseTemplateBehavior [ RunTime:0.025823s ]
INFO: [ view_parse ] --END-- [ RunTime:0.026036s ]
INFO: [ view_filter ] --START--
INFO: Run Behavior\WriteHtmlCacheBehavior [ RunTime:0.000963s ]
INFO: [ view_filter ] --END-- [ RunTime:0.001175s ]
INFO: [ app_end ] --START--
INFO: Run Behavior\ShowPageTraceBehavior [ RunTime:0.001355s ]
INFO: [ app_end ] --END-- [ RunTime:0.001520s ]

[ 2016-11-25T20:54:02+08:00 ] 127.0.0.1 /admin.php/Home/Cate/add.html
INFO: [ app_init ] --START--
INFO: Run Behavior\BuildLiteBehavior [ RunTime:0.000038s ]
INFO: [ app_init ] --END-- [ RunTime:0.001030s ]
INFO: [ app_begin ] --START--
INFO: Run Behavior\ReadHtmlCacheBehavior [ RunTime:0.001489s ]
INFO: [ app_begin ] --END-- [ RunTime:0.001681s ]
NOTIC: [2048] Declaration of Home\Controller\CateController::show() should be compatible with Think\Controller::show($content, $charset = '', $contentType = '', $prefix = '') E:\phpstudy\WWW\yiyuangou\Admin\Home\Controller\CateController.class.php 第 72 行.
INFO: [ view_parse ] --START--
INFO: [ template_filter ] --START--
INFO: Run Behavior\ContentReplaceBehavior [ RunTime:0.000123s ]
INFO: [ template_filter ] --END-- [ RunTime:0.000278s ]
INFO: Run Behavior\ParseTemplateBehavior [ RunTime:0.020067s ]
INFO: [ view_parse ] --END-- [ RunTime:0.020280s ]
INFO: [ view_filter ] --START--
INFO: Run Behavior\WriteHtmlCacheBehavior [ RunTime:0.000757s ]
INFO: [ view_filter ] --END-- [ RunTime:0.000882s ]
INFO: [ app_end ] --START--
INFO: Run Behavior\ShowPageTraceBehavior [ RunTime:0.001725s ]
INFO: [ app_end ] --END-- [ RunTime:0.001863s ]

[ 2016-11-25T20:54:04+08:00 ] 127.0.0.1 /admin.php/Home/Cate/show.html
INFO: [ app_init ] --START--
INFO: Run Behavior\BuildLiteBehavior [ RunTime:0.000036s ]
INFO: [ app_init ] --END-- [ RunTime:0.001030s ]
INFO: [ app_begin ] --START--
INFO: Run Behavior\ReadHtmlCacheBehavior [ RunTime:0.001276s ]
INFO: [ app_begin ] --END-- [ RunTime:0.001425s ]
NOTIC: [2048] Declaration of Home\Controller\CateController::show() should be compatible with Think\Controller::show($content, $charset = '', $contentType = '', $prefix = '') E:\phpstudy\WWW\yiyuangou\Admin\Home\Controller\CateController.class.php 第 72 行.
SQL: SELECT COUNT(*) AS tp_count FROM `goods_cate` LIMIT 1   [ RunTime:0.0007s ]
SQL: SELECT * FROM `goods_cate` LIMIT 0,8   [ RunTime:0.0009s ]
INFO: [ view_parse ] --START--
INFO: [ template_filter ] --START--
INFO: Run Behavior\ContentReplaceBehavior [ RunTime:0.000123s ]
INFO: [ template_filter ] --END-- [ RunTime:0.000276s ]
INFO: Run Behavior\ParseTemplateBehavior [ RunTime:0.020764s ]
INFO: [ view_parse ] --END-- [ RunTime:0.020982s ]
INFO: [ view_filter ] --START--
INFO: Run Behavior\WriteHtmlCacheBehavior [ RunTime:0.000823s ]
INFO: [ view_filter ] --END-- [ RunTime:0.000984s ]
INFO: [ app_end ] --START--
INFO: Run Behavior\ShowPageTraceBehavior [ RunTime:0.001340s ]
INFO: [ app_end ] --END-- [ RunTime:0.001471s ]

[ 2016-11-25T20:54:07+08:00 ] 127.0.0.1 /admin.php/Home/Order/show.html
INFO: [ app_init ] --START--
INFO: Run Behavior\BuildLiteBehavior [ RunTime:0.000064s ]
INFO: [ app_init ] --END-- [ RunTime:0.001757s ]
INFO: [ app_begin ] --START--
INFO: Run Behavior\ReadHtmlCacheBehavior [ RunTime:0.001660s ]
INFO: [ app_begin ] --END-- [ RunTime:0.001852s ]
NOTIC: [2048] Declaration of Home\Controller\OrderController::show() should be compatible with Think\Controller::show($content, $charset = '', $contentType = '', $prefix = '') E:\phpstudy\WWW\yiyuangou\Admin\Home\Controller\OrderController.class.php 第 61 行.
SQL: SELECT COUNT(*) AS tp_count FROM `gou_order` LIMIT 1   [ RunTime:0.0006s ]
SQL: SELECT * FROM `gou_order` LIMIT 0,4   [ RunTime:0.0007s ]
INFO: [ view_parse ] --START--
INFO: [ template_filter ] --START--
INFO: Run Behavior\ContentReplaceBehavior [ RunTime:0.000152s ]
INFO: [ template_filter ] --END-- [ RunTime:0.000304s ]
INFO: Run Behavior\ParseTemplateBehavior [ RunTime:0.026383s ]
INFO: [ view_parse ] --END-- [ RunTime:0.026591s ]
INFO: [ view_filter ] --START--
INFO: Run Behavior\WriteHtmlCacheBehavior [ RunTime:0.000751s ]
INFO: [ view_filter ] --END-- [ RunTime:0.000873s ]
INFO: [ app_end ] --START--
INFO: Run Behavior\ShowPageTraceBehavior [ RunTime:0.001303s ]
INFO: [ app_end ] --END-- [ RunTime:0.001452s ]

[ 2016-11-25T20:54:10+08:00 ] 127.0.0.1 /admin.php/Home/login/loginout.html
INFO: [ app_init ] --START--
INFO: Run Behavior\BuildLiteBehavior [ RunTime:0.000040s ]
INFO: [ app_init ] --END-- [ RunTime:0.001171s ]
INFO: [ app_begin ] --START--
INFO: Run Behavior\ReadHtmlCacheBehavior [ RunTime:0.001948s ]
INFO: [ app_begin ] --END-- [ RunTime:0.002127s ]
NOTIC: [8] A session had already been started - ignoring session_start() E:\phpstudy\WWW\yiyuangou\Admin\Home\Controller\LoginController.class.php 第 4 行.

[ 2016-11-25T20:54:10+08:00 ] 127.0.0.1 /admin.php/Home/Login/login.html
INFO: [ app_init ] --START--
INFO: Run Behavior\BuildLiteBehavior [ RunTime:0.000058s ]
INFO: [ app_init ] --END-- [ RunTime:0.001463s ]
INFO: [ app_begin ] --START--
INFO: Run Behavior\ReadHtmlCacheBehavior [ RunTime:0.002222s ]
INFO: [ app_begin ] --END-- [ RunTime:0.002654s ]
NOTIC: [8] A session had already been started - ignoring session_start() E:\phpstudy\WWW\yiyuangou\Admin\Home\Controller\LoginController.class.php 第 4 行.
INFO: [ view_parse ] --START--
INFO: [ template_filter ] --START--
INFO: Run Behavior\ContentReplaceBehavior [ RunTime:0.000133s ]
INFO: [ template_filter ] --END-- [ RunTime:0.000308s ]
INFO: Run Behavior\ParseTemplateBehavior [ RunTime:0.020893s ]
INFO: [ view_parse ] --END-- [ RunTime:0.021755s ]
INFO: [ view_filter ] --START--
INFO: Run Behavior\WriteHtmlCacheBehavior [ RunTime:0.001100s ]
INFO: [ view_filter ] --END-- [ RunTime:0.001308s ]
INFO: [ app_end ] --START--
INFO: Run Behavior\ShowPageTraceBehavior [ RunTime:0.001864s ]
INFO: [ app_end ] --END-- [ RunTime:0.002071s ]

