[ 2016-11-24T07:49:33+08:00 ] ::1 /shiyi/yiyuangou/Public/images/people.png
INFO: [ app_init ] --START--
INFO: Run Behavior\BuildLiteBehavior [ RunTime:0.000000s ]
INFO: [ app_init ] --END-- [ RunTime:0.000000s ]
ERR: 无法加载模块:Public

[ 2016-11-24T07:49:33+08:00 ] ::1 /shiyi/yiyuangou/Public/images/right.png
INFO: [ app_init ] --START--
INFO: Run Behavior\BuildLiteBehavior [ RunTime:0.000000s ]
INFO: [ app_init ] --END-- [ RunTime:0.000000s ]
ERR: 无法加载模块:Public

[ 2016-11-24T07:49:35+08:00 ] ::1 /shiyi/yiyuangou/Public/font/fontello.woff?85409932
INFO: [ app_init ] --START--
INFO: Run Behavior\BuildLiteBehavior [ RunTime:0.000000s ]
INFO: [ app_init ] --END-- [ RunTime:0.001000s ]
ERR: 无法加载模块:Public

[ 2016-11-24T07:49:35+08:00 ] ::1 /shiyi/yiyuangou/Public/font/fontello.ttf?85409932
INFO: [ app_init ] --START--
INFO: Run Behavior\BuildLiteBehavior [ RunTime:0.000000s ]
INFO: [ app_init ] --END-- [ RunTime:0.002000s ]
ERR: 无法加载模块:Public

[ 2016-11-24T07:49:35+08:00 ] ::1 /shiyi/yiyuangou/Public/images/sprite.png
INFO: [ app_init ] --START--
INFO: Run Behavior\BuildLiteBehavior [ RunTime:0.000000s ]
INFO: [ app_init ] --END-- [ RunTime:0.000000s ]
ERR: 无法加载模块:Public

[ 2016-11-24T07:49:35+08:00 ] ::1 /shiyi/yiyuangou/Public/images/sprite1.png
INFO: [ app_init ] --START--
INFO: Run Behavior\BuildLiteBehavior [ RunTime:0.000000s ]
INFO: [ app_init ] --END-- [ RunTime:0.001000s ]
ERR: 无法加载模块:Public

[ 2016-11-24T08:05:26+08:00 ] ::1 /shiyi/yiyuangou/%E5%BC%98%E8%AE%AF%E4%BA%91%E8%B4%AD_files/568883ad88e17.jpg
INFO: [ app_init ] --START--
INFO: Run Behavior\BuildLiteBehavior [ RunTime:0.000000s ]
INFO: [ app_init ] --END-- [ RunTime:0.000000s ]
ERR: 无法加载模块:弘讯云购_files

[ 2016-11-24T08:05:26+08:00 ] ::1 /shiyi/yiyuangou/%E5%BC%98%E8%AE%AF%E4%BA%91%E8%B4%AD_files/56888410be269.jpg
INFO: [ app_init ] --START--
INFO: Run Behavior\BuildLiteBehavior [ RunTime:0.000000s ]
INFO: [ app_init ] --END-- [ RunTime:0.001000s ]
ERR: 无法加载模块:弘讯云购_files

[ 2016-11-24T08:05:26+08:00 ] ::1 /shiyi/yiyuangou/%E5%BC%98%E8%AE%AF%E4%BA%91%E8%B4%AD_files/568883bf19eef.jpg
INFO: [ app_init ] --START--
INFO: Run Behavior\BuildLiteBehavior [ RunTime:0.000000s ]
INFO: [ app_init ] --END-- [ RunTime:0.001000s ]
ERR: 无法加载模块:弘讯云购_files

[ 2016-11-24T08:05:26+08:00 ] ::1 /shiyi/yiyuangou/%E5%BC%98%E8%AE%AF%E4%BA%91%E8%B4%AD_files/5688843c8f27b.jpg
INFO: [ app_init ] --START--
INFO: Run Behavior\BuildLiteBehavior [ RunTime:0.000000s ]
INFO: [ app_init ] --END-- [ RunTime:0.000000s ]
ERR: 无法加载模块:弘讯云购_files

[ 2016-11-24T08:05:26+08:00 ] ::1 /shiyi/yiyuangou/%E5%BC%98%E8%AE%AF%E4%BA%91%E8%B4%AD_files/56f35ea0a557c.jpg
INFO: [ app_init ] --START--
INFO: Run Behavior\BuildLiteBehavior [ RunTime:0.000000s ]
INFO: [ app_init ] --END-- [ RunTime:0.002000s ]
ERR: 无法加载模块:弘讯云购_files

[ 2016-11-24T08:05:26+08:00 ] ::1 /shiyi/yiyuangou/%E5%BC%98%E8%AE%AF%E4%BA%91%E8%B4%AD_files/568883cf0a87e.jpg
INFO: [ app_init ] --START--
INFO: Run Behavior\BuildLiteBehavior [ RunTime:0.000000s ]
INFO: [ app_init ] --END-- [ RunTime:0.000000s ]
ERR: 无法加载模块:弘讯云购_files

[ 2016-11-24T08:05:26+08:00 ] ::1 /shiyi/yiyuangou/%E5%BC%98%E8%AE%AF%E4%BA%91%E8%B4%AD_files/568883ecad8af.jpg
INFO: [ app_init ] --START--
INFO: Run Behavior\BuildLiteBehavior [ RunTime:0.000000s ]
INFO: [ app_init ] --END-- [ RunTime:0.001000s ]
ERR: 无法加载模块:弘讯云购_files

[ 2016-11-24T08:05:26+08:00 ] ::1 /shiyi/yiyuangou/%E5%BC%98%E8%AE%AF%E4%BA%91%E8%B4%AD_files/568884083f912.jpg
INFO: [ app_init ] --START--
INFO: Run Behavior\BuildLiteBehavior [ RunTime:0.000000s ]
INFO: [ app_init ] --END-- [ RunTime:0.000000s ]
ERR: 无法加载模块:弘讯云购_files

[ 2016-11-24T08:05:26+08:00 ] ::1 /shiyi/yiyuangou/%E5%BC%98%E8%AE%AF%E4%BA%91%E8%B4%AD_files/5688819ed45c4.jpg
INFO: [ app_init ] --START--
INFO: Run Behavior\BuildLiteBehavior [ RunTime:0.000000s ]
INFO: [ app_init ] --END-- [ RunTime:0.000000s ]
ERR: 无法加载模块:弘讯云购_files

[ 2016-11-24T08:05:26+08:00 ] ::1 /shiyi/yiyuangou/%E5%BC%98%E8%AE%AF%E4%BA%91%E8%B4%AD_files/56f35757580b5.jpg
INFO: [ app_init ] --START--
INFO: Run Behavior\BuildLiteBehavior [ RunTime:0.000000s ]
INFO: [ app_init ] --END-- [ RunTime:0.001000s ]
ERR: 无法加载模块:弘讯云购_files

[ 2016-11-24T08:05:26+08:00 ] ::1 /shiyi/yiyuangou/%E5%BC%98%E8%AE%AF%E4%BA%91%E8%B4%AD_files/568881a9eb76f.jpg
INFO: [ app_init ] --START--
INFO: Run Behavior\BuildLiteBehavior [ RunTime:0.000000s ]
INFO: [ app_init ] --END-- [ RunTime:0.001000s ]
ERR: 无法加载模块:弘讯云购_files

[ 2016-11-24T08:05:26+08:00 ] ::1 /shiyi/yiyuangou/%E5%BC%98%E8%AE%AF%E4%BA%91%E8%B4%AD_files/5688836ab1f09.jpg
INFO: [ app_init ] --START--
INFO: Run Behavior\BuildLiteBehavior [ RunTime:0.000000s ]
INFO: [ app_init ] --END-- [ RunTime:0.000000s ]
ERR: 无法加载模块:弘讯云购_files

[ 2016-11-24T08:05:26+08:00 ] ::1 /shiyi/yiyuangou/%E5%BC%98%E8%AE%AF%E4%BA%91%E8%B4%AD_files/56a1e39dcd7dc.jpg
INFO: [ app_init ] --START--
INFO: Run Behavior\BuildLiteBehavior [ RunTime:0.000000s ]
INFO: [ app_init ] --END-- [ RunTime:0.000000s ]
ERR: 无法加载模块:弘讯云购_files

[ 2016-11-24T08:05:26+08:00 ] ::1 /shiyi/yiyuangou/%E5%BC%98%E8%AE%AF%E4%BA%91%E8%B4%AD_files/5688828566c3c.jpg
INFO: [ app_init ] --START--
INFO: Run Behavior\BuildLiteBehavior [ RunTime:0.000000s ]
INFO: [ app_init ] --END-- [ RunTime:0.001000s ]
ERR: 无法加载模块:弘讯云购_files

[ 2016-11-24T08:05:27+08:00 ] ::1 /shiyi/yiyuangou/%E5%BC%98%E8%AE%AF%E4%BA%91%E8%B4%AD_files/568882f42997a.jpg
INFO: [ app_init ] --START--
INFO: Run Behavior\BuildLiteBehavior [ RunTime:0.000000s ]
INFO: [ app_init ] --END-- [ RunTime:0.000000s ]
ERR: 无法加载模块:弘讯云购_files

[ 2016-11-24T08:05:27+08:00 ] ::1 /shiyi/yiyuangou/%E5%BC%98%E8%AE%AF%E4%BA%91%E8%B4%AD_files/5688839172070.jpg
INFO: [ app_init ] --START--
INFO: Run Behavior\BuildLiteBehavior [ RunTime:0.000000s ]
INFO: [ app_init ] --END-- [ RunTime:0.001000s ]
ERR: 无法加载模块:弘讯云购_files

[ 2016-11-24T08:05:26+08:00 ] ::1 /shiyi/yiyuangou/%E5%BC%98%E8%AE%AF%E4%BA%91%E8%B4%AD_files/5688836970fb0.jpg
INFO: [ app_init ] --START--
INFO: Run Behavior\BuildLiteBehavior [ RunTime:0.000000s ]
INFO: [ app_init ] --END-- [ RunTime:0.001001s ]
ERR: 无法加载模块:弘讯云购_files

[ 2016-11-24T08:05:27+08:00 ] ::1 /shiyi/yiyuangou/%E5%BC%98%E8%AE%AF%E4%BA%91%E8%B4%AD_files/56a1daed7135c.jpg
INFO: [ app_init ] --START--
INFO: Run Behavior\BuildLiteBehavior [ RunTime:0.000000s ]
INFO: [ app_init ] --END-- [ RunTime:0.001000s ]
ERR: 无法加载模块:弘讯云购_files

[ 2016-11-24T08:05:27+08:00 ] ::1 /shiyi/yiyuangou/%E5%BC%98%E8%AE%AF%E4%BA%91%E8%B4%AD_files/5688839eebcc4.jpg
INFO: [ app_init ] --START--
INFO: Run Behavior\BuildLiteBehavior [ RunTime:0.000000s ]
INFO: [ app_init ] --END-- [ RunTime:0.002000s ]
ERR: 无法加载模块:弘讯云购_files

[ 2016-11-24T08:05:27+08:00 ] ::1 /shiyi/yiyuangou/%E5%BC%98%E8%AE%AF%E4%BA%91%E8%B4%AD_files/5688832bc75a0.jpg
INFO: [ app_init ] --START--
INFO: Run Behavior\BuildLiteBehavior [ RunTime:0.000000s ]
INFO: [ app_init ] --END-- [ RunTime:0.000000s ]
ERR: 无法加载模块:弘讯云购_files

[ 2016-11-24T08:05:27+08:00 ] ::1 /shiyi/yiyuangou/%E5%BC%98%E8%AE%AF%E4%BA%91%E8%B4%AD_files/568883ba02e9b.jpg
INFO: [ app_init ] --START--
INFO: Run Behavior\BuildLiteBehavior [ RunTime:0.000000s ]
INFO: [ app_init ] --END-- [ RunTime:0.001000s ]
ERR: 无法加载模块:弘讯云购_files

[ 2016-11-24T08:05:27+08:00 ] ::1 /shiyi/yiyuangou/%E5%BC%98%E8%AE%AF%E4%BA%91%E8%B4%AD_files/568883f40eb5b.jpg
INFO: [ app_init ] --START--
INFO: Run Behavior\BuildLiteBehavior [ RunTime:0.000000s ]
INFO: [ app_init ] --END-- [ RunTime:0.000000s ]
ERR: 无法加载模块:弘讯云购_files

[ 2016-11-24T08:05:27+08:00 ] ::1 /shiyi/yiyuangou/%E5%BC%98%E8%AE%AF%E4%BA%91%E8%B4%AD_files/56974e5a5d2a3.jpg
INFO: [ app_init ] --START--
INFO: Run Behavior\BuildLiteBehavior [ RunTime:0.000000s ]
INFO: [ app_init ] --END-- [ RunTime:0.000000s ]
ERR: 无法加载模块:弘讯云购_files

[ 2016-11-24T08:05:27+08:00 ] ::1 /shiyi/yiyuangou/%E5%BC%98%E8%AE%AF%E4%BA%91%E8%B4%AD_files/56888394b4f7c.jpg
INFO: [ app_init ] --START--
INFO: Run Behavior\BuildLiteBehavior [ RunTime:0.000000s ]
INFO: [ app_init ] --END-- [ RunTime:0.000000s ]
ERR: 无法加载模块:弘讯云购_files

[ 2016-11-24T08:05:27+08:00 ] ::1 /shiyi/yiyuangou/%E5%BC%98%E8%AE%AF%E4%BA%91%E8%B4%AD_files/56974e35885a0.png
INFO: [ app_init ] --START--
INFO: Run Behavior\BuildLiteBehavior [ RunTime:0.001000s ]
INFO: [ app_init ] --END-- [ RunTime:0.001000s ]
ERR: 无法加载模块:弘讯云购_files

[ 2016-11-24T08:05:27+08:00 ] ::1 /shiyi/yiyuangou/%E5%BC%98%E8%AE%AF%E4%BA%91%E8%B4%AD_files/5688842dceab8.jpg
INFO: [ app_init ] --START--
INFO: Run Behavior\BuildLiteBehavior [ RunTime:0.000000s ]
INFO: [ app_init ] --END-- [ RunTime:0.001000s ]
ERR: 无法加载模块:弘讯云购_files

[ 2016-11-24T08:05:27+08:00 ] ::1 /shiyi/yiyuangou/%E5%BC%98%E8%AE%AF%E4%BA%91%E8%B4%AD_files/568883aa0c136.jpg
INFO: [ app_init ] --START--
INFO: Run Behavior\BuildLiteBehavior [ RunTime:0.000000s ]
INFO: [ app_init ] --END-- [ RunTime:0.000000s ]
ERR: 无法加载模块:弘讯云购_files

[ 2016-11-24T08:05:27+08:00 ] ::1 /shiyi/yiyuangou/%E5%BC%98%E8%AE%AF%E4%BA%91%E8%B4%AD_files/5688830867e30.jpg
INFO: [ app_init ] --START--
INFO: Run Behavior\BuildLiteBehavior [ RunTime:0.000000s ]
INFO: [ app_init ] --END-- [ RunTime:0.001000s ]
ERR: 无法加载模块:弘讯云购_files

[ 2016-11-24T08:05:27+08:00 ] ::1 /shiyi/yiyuangou/%E5%BC%98%E8%AE%AF%E4%BA%91%E8%B4%AD_files/56974c014e6c8.jpg
INFO: [ app_init ] --START--
INFO: Run Behavior\BuildLiteBehavior [ RunTime:0.000000s ]
INFO: [ app_init ] --END-- [ RunTime:0.000000s ]
ERR: 无法加载模块:弘讯云购_files

[ 2016-11-24T08:05:27+08:00 ] ::1 /shiyi/yiyuangou/Public/images/people.png
INFO: [ app_init ] --START--
INFO: Run Behavior\BuildLiteBehavior [ RunTime:0.000000s ]
INFO: [ app_init ] --END-- [ RunTime:0.000000s ]
ERR: 无法加载模块:Public

[ 2016-11-24T08:05:27+08:00 ] ::1 /shiyi/yiyuangou/Public/images/right.png
INFO: [ app_init ] --START--
INFO: Run Behavior\BuildLiteBehavior [ RunTime:0.000000s ]
INFO: [ app_init ] --END-- [ RunTime:0.000000s ]
ERR: 无法加载模块:Public

[ 2016-11-24T08:05:27+08:00 ] ::1 /shiyi/yiyuangou/Public/font/fontello.woff?85409932
INFO: [ app_init ] --START--
INFO: Run Behavior\BuildLiteBehavior [ RunTime:0.000000s ]
INFO: [ app_init ] --END-- [ RunTime:0.001000s ]
ERR: 无法加载模块:Public

[ 2016-11-24T08:05:27+08:00 ] ::1 /shiyi/yiyuangou/Public/images/sprite1.png
INFO: [ app_init ] --START--
INFO: Run Behavior\BuildLiteBehavior [ RunTime:0.000000s ]
INFO: [ app_init ] --END-- [ RunTime:0.001000s ]
ERR: 无法加载模块:Public

[ 2016-11-24T08:05:27+08:00 ] ::1 /shiyi/yiyuangou/Public/images/sprite.png
INFO: [ app_init ] --START--
INFO: Run Behavior\BuildLiteBehavior [ RunTime:0.000000s ]
INFO: [ app_init ] --END-- [ RunTime:0.001000s ]
ERR: 无法加载模块:Public

[ 2016-11-24T08:05:27+08:00 ] ::1 /shiyi/yiyuangou/Public/font/fontello.ttf?85409932
INFO: [ app_init ] --START--
INFO: Run Behavior\BuildLiteBehavior [ RunTime:0.000000s ]
INFO: [ app_init ] --END-- [ RunTime:0.000000s ]
ERR: 无法加载模块:Public

[ 2016-11-24T08:10:51+08:00 ] ::1 /shiyi/yiyuangou/%E5%BC%98%E8%AE%AF%E4%BA%91%E8%B4%AD_files/568883ad88e17.jpg
INFO: [ app_init ] --START--
INFO: Run Behavior\BuildLiteBehavior [ RunTime:0.000000s ]
INFO: [ app_init ] --END-- [ RunTime:0.000000s ]
ERR: 无法加载模块:弘讯云购_files

[ 2016-11-24T08:10:51+08:00 ] ::1 /shiyi/yiyuangou/%E5%BC%98%E8%AE%AF%E4%BA%91%E8%B4%AD_files/5688843c8f27b.jpg
INFO: [ app_init ] --START--
INFO: Run Behavior\BuildLiteBehavior [ RunTime:0.000000s ]
INFO: [ app_init ] --END-- [ RunTime:0.000000s ]
ERR: 无法加载模块:弘讯云购_files

[ 2016-11-24T08:10:51+08:00 ] ::1 /shiyi/yiyuangou/%E5%BC%98%E8%AE%AF%E4%BA%91%E8%B4%AD_files/56888410be269.jpg
INFO: [ app_init ] --START--
INFO: Run Behavior\BuildLiteBehavior [ RunTime:0.000000s ]
INFO: [ app_init ] --END-- [ RunTime:0.000000s ]
ERR: 无法加载模块:弘讯云购_files

[ 2016-11-24T08:10:51+08:00 ] ::1 /shiyi/yiyuangou/%E5%BC%98%E8%AE%AF%E4%BA%91%E8%B4%AD_files/568883bf19eef.jpg
INFO: [ app_init ] --START--
INFO: Run Behavior\BuildLiteBehavior [ RunTime:0.000000s ]
INFO: [ app_init ] --END-- [ RunTime:0.000000s ]
ERR: 无法加载模块:弘讯云购_files

[ 2016-11-24T08:10:51+08:00 ] ::1 /shiyi/yiyuangou/%E5%BC%98%E8%AE%AF%E4%BA%91%E8%B4%AD_files/5688819ed45c4.jpg
INFO: [ app_init ] --START--
INFO: Run Behavior\BuildLiteBehavior [ RunTime:0.000000s ]
INFO: [ app_init ] --END-- [ RunTime:0.001000s ]
ERR: 无法加载模块:弘讯云购_files

[ 2016-11-24T08:10:51+08:00 ] ::1 /shiyi/yiyuangou/%E5%BC%98%E8%AE%AF%E4%BA%91%E8%B4%AD_files/568884083f912.jpg
INFO: [ app_init ] --START--
INFO: Run Behavior\BuildLiteBehavior [ RunTime:0.000000s ]
INFO: [ app_init ] --END-- [ RunTime:0.001000s ]
ERR: 无法加载模块:弘讯云购_files

[ 2016-11-24T08:10:51+08:00 ] ::1 /shiyi/yiyuangou/%E5%BC%98%E8%AE%AF%E4%BA%91%E8%B4%AD_files/5688836970fb0.jpg
INFO: [ app_init ] --START--
INFO: Run Behavior\BuildLiteBehavior [ RunTime:0.000000s ]
INFO: [ app_init ] --END-- [ RunTime:0.001001s ]
ERR: 无法加载模块:弘讯云购_files

[ 2016-11-24T08:10:51+08:00 ] ::1 /shiyi/yiyuangou/%E5%BC%98%E8%AE%AF%E4%BA%91%E8%B4%AD_files/56f35ea0a557c.jpg
INFO: [ app_init ] --START--
INFO: Run Behavior\BuildLiteBehavior [ RunTime:0.001000s ]
INFO: [ app_init ] --END-- [ RunTime:0.001000s ]
ERR: 无法加载模块:弘讯云购_files

[ 2016-11-24T08:10:51+08:00 ] ::1 /shiyi/yiyuangou/%E5%BC%98%E8%AE%AF%E4%BA%91%E8%B4%AD_files/568883f40eb5b.jpg
INFO: [ app_init ] --START--
INFO: Run Behavior\BuildLiteBehavior [ RunTime:0.000000s ]
INFO: [ app_init ] --END-- [ RunTime:0.000000s ]
ERR: 无法加载模块:弘讯云购_files

[ 2016-11-24T08:10:51+08:00 ] ::1 /shiyi/yiyuangou/%E5%BC%98%E8%AE%AF%E4%BA%91%E8%B4%AD_files/568881a9eb76f.jpg
INFO: [ app_init ] --START--
INFO: Run Behavior\BuildLiteBehavior [ RunTime:0.000000s ]
INFO: [ app_init ] --END-- [ RunTime:0.000000s ]
ERR: 无法加载模块:弘讯云购_files

[ 2016-11-24T08:10:51+08:00 ] ::1 /shiyi/yiyuangou/%E5%BC%98%E8%AE%AF%E4%BA%91%E8%B4%AD_files/568883a336760.jpg
INFO: [ app_init ] --START--
INFO: Run Behavior\BuildLiteBehavior [ RunTime:0.000000s ]
INFO: [ app_init ] --END-- [ RunTime:0.000000s ]
ERR: 无法加载模块:弘讯云购_files

[ 2016-11-24T08:10:51+08:00 ] ::1 /shiyi/yiyuangou/%E5%BC%98%E8%AE%AF%E4%BA%91%E8%B4%AD_files/56a1e39dcd7dc.jpg
INFO: [ app_init ] --START--
INFO: Run Behavior\BuildLiteBehavior [ RunTime:0.000000s ]
INFO: [ app_init ] --END-- [ RunTime:0.001001s ]
ERR: 无法加载模块:弘讯云购_files

[ 2016-11-24T08:10:51+08:00 ] ::1 /shiyi/yiyuangou/%E5%BC%98%E8%AE%AF%E4%BA%91%E8%B4%AD_files/5688836ab1f09.jpg
INFO: [ app_init ] --START--
INFO: Run Behavior\BuildLiteBehavior [ RunTime:0.000000s ]
INFO: [ app_init ] --END-- [ RunTime:0.000000s ]
ERR: 无法加载模块:弘讯云购_files

[ 2016-11-24T08:10:51+08:00 ] ::1 /shiyi/yiyuangou/%E5%BC%98%E8%AE%AF%E4%BA%91%E8%B4%AD_files/5688828566c3c.jpg
INFO: [ app_init ] --START--
INFO: Run Behavior\BuildLiteBehavior [ RunTime:0.000000s ]
INFO: [ app_init ] --END-- [ RunTime:0.001000s ]
ERR: 无法加载模块:弘讯云购_files

[ 2016-11-24T08:10:51+08:00 ] ::1 /shiyi/yiyuangou/%E5%BC%98%E8%AE%AF%E4%BA%91%E8%B4%AD_files/5688839172070.jpg
INFO: [ app_init ] --START--
INFO: Run Behavior\BuildLiteBehavior [ RunTime:0.000000s ]
INFO: [ app_init ] --END-- [ RunTime:0.000000s ]
ERR: 无法加载模块:弘讯云购_files

[ 2016-11-24T08:10:51+08:00 ] ::1 /shiyi/yiyuangou/%E5%BC%98%E8%AE%AF%E4%BA%91%E8%B4%AD_files/56a1daed7135c.jpg
INFO: [ app_init ] --START--
INFO: Run Behavior\BuildLiteBehavior [ RunTime:0.000000s ]
INFO: [ app_init ] --END-- [ RunTime:0.001000s ]
ERR: 无法加载模块:弘讯云购_files

[ 2016-11-24T08:10:51+08:00 ] ::1 /shiyi/yiyuangou/%E5%BC%98%E8%AE%AF%E4%BA%91%E8%B4%AD_files/56888394b4f7c.jpg
INFO: [ app_init ] --START--
INFO: Run Behavior\BuildLiteBehavior [ RunTime:0.000000s ]
INFO: [ app_init ] --END-- [ RunTime:0.001000s ]
ERR: 无法加载模块:弘讯云购_files

[ 2016-11-24T08:10:51+08:00 ] ::1 /shiyi/yiyuangou/%E5%BC%98%E8%AE%AF%E4%BA%91%E8%B4%AD_files/568883ba02e9b.jpg
INFO: [ app_init ] --START--
INFO: Run Behavior\BuildLiteBehavior [ RunTime:0.000000s ]
INFO: [ app_init ] --END-- [ RunTime:0.000000s ]
ERR: 无法加载模块:弘讯云购_files

[ 2016-11-24T08:10:51+08:00 ] ::1 /shiyi/yiyuangou/%E5%BC%98%E8%AE%AF%E4%BA%91%E8%B4%AD_files/5688839eebcc4.jpg
INFO: [ app_init ] --START--
INFO: Run Behavior\BuildLiteBehavior [ RunTime:0.000000s ]
INFO: [ app_init ] --END-- [ RunTime:0.000000s ]
ERR: 无法加载模块:弘讯云购_files

[ 2016-11-24T08:10:51+08:00 ] ::1 /shiyi/yiyuangou/%E5%BC%98%E8%AE%AF%E4%BA%91%E8%B4%AD_files/568882f42997a.jpg
INFO: [ app_init ] --START--
INFO: Run Behavior\BuildLiteBehavior [ RunTime:0.000000s ]
INFO: [ app_init ] --END-- [ RunTime:0.000000s ]
ERR: 无法加载模块:弘讯云购_files

[ 2016-11-24T08:10:51+08:00 ] ::1 /shiyi/yiyuangou/%E5%BC%98%E8%AE%AF%E4%BA%91%E8%B4%AD_files/5688832bc75a0.jpg
INFO: [ app_init ] --START--
INFO: Run Behavior\BuildLiteBehavior [ RunTime:0.000000s ]
INFO: [ app_init ] --END-- [ RunTime:0.001000s ]
ERR: 无法加载模块:弘讯云购_files

[ 2016-11-24T08:10:51+08:00 ] ::1 /shiyi/yiyuangou/%E5%BC%98%E8%AE%AF%E4%BA%91%E8%B4%AD_files/56974e5a5d2a3.jpg
INFO: [ app_init ] --START--
INFO: Run Behavior\BuildLiteBehavior [ RunTime:0.000000s ]
INFO: [ app_init ] --END-- [ RunTime:0.001000s ]
ERR: 无法加载模块:弘讯云购_files

[ 2016-11-24T08:10:51+08:00 ] ::1 /shiyi/yiyuangou/%E5%BC%98%E8%AE%AF%E4%BA%91%E8%B4%AD_files/5688842dceab8.jpg
INFO: [ app_init ] --START--
INFO: Run Behavior\BuildLiteBehavior [ RunTime:0.000000s ]
INFO: [ app_init ] --END-- [ RunTime:0.001000s ]
ERR: 无法加载模块:弘讯云购_files

[ 2016-11-24T08:10:51+08:00 ] ::1 /shiyi/yiyuangou/%E5%BC%98%E8%AE%AF%E4%BA%91%E8%B4%AD_files/56974c014e6c8.jpg
INFO: [ app_init ] --START--
INFO: Run Behavior\BuildLiteBehavior [ RunTime:0.000000s ]
INFO: [ app_init ] --END-- [ RunTime:0.000000s ]
ERR: 无法加载模块:弘讯云购_files

[ 2016-11-24T08:10:51+08:00 ] ::1 /shiyi/yiyuangou/%E5%BC%98%E8%AE%AF%E4%BA%91%E8%B4%AD_files/56974e35885a0.png
INFO: [ app_init ] --START--
INFO: Run Behavior\BuildLiteBehavior [ RunTime:0.000000s ]
INFO: [ app_init ] --END-- [ RunTime:0.001000s ]
ERR: 无法加载模块:弘讯云购_files

[ 2016-11-24T08:10:51+08:00 ] ::1 /shiyi/yiyuangou/%E5%BC%98%E8%AE%AF%E4%BA%91%E8%B4%AD_files/5688830867e30.jpg
INFO: [ app_init ] --START--
INFO: Run Behavior\BuildLiteBehavior [ RunTime:0.000000s ]
INFO: [ app_init ] --END-- [ RunTime:0.001000s ]
ERR: 无法加载模块:弘讯云购_files

[ 2016-11-24T08:10:51+08:00 ] ::1 /shiyi/yiyuangou/%E5%BC%98%E8%AE%AF%E4%BA%91%E8%B4%AD_files/568883aa0c136.jpg
INFO: [ app_init ] --START--
INFO: Run Behavior\BuildLiteBehavior [ RunTime:0.000000s ]
INFO: [ app_init ] --END-- [ RunTime:0.001000s ]
ERR: 无法加载模块:弘讯云购_files

[ 2016-11-24T08:10:51+08:00 ] ::1 /shiyi/yiyuangou/Public/images/right.png
INFO: [ app_init ] --START--
INFO: Run Behavior\BuildLiteBehavior [ RunTime:0.000000s ]
INFO: [ app_init ] --END-- [ RunTime:0.001000s ]
ERR: 无法加载模块:Public

[ 2016-11-24T08:10:51+08:00 ] ::1 /shiyi/yiyuangou/Public/images/people.png
INFO: [ app_init ] --START--
INFO: Run Behavior\BuildLiteBehavior [ RunTime:0.000000s ]
INFO: [ app_init ] --END-- [ RunTime:0.000000s ]
ERR: 无法加载模块:Public

[ 2016-11-24T08:10:51+08:00 ] ::1 /shiyi/yiyuangou/Public/font/fontello.woff?85409932
INFO: [ app_init ] --START--
INFO: Run Behavior\BuildLiteBehavior [ RunTime:0.000000s ]
INFO: [ app_init ] --END-- [ RunTime:0.000000s ]
ERR: 无法加载模块:Public

[ 2016-11-24T08:10:52+08:00 ] ::1 /shiyi/yiyuangou/Public/images/sprite.png
INFO: [ app_init ] --START--
INFO: Run Behavior\BuildLiteBehavior [ RunTime:0.000000s ]
INFO: [ app_init ] --END-- [ RunTime:0.001000s ]
ERR: 无法加载模块:Public

[ 2016-11-24T08:10:52+08:00 ] ::1 /shiyi/yiyuangou/Public/font/fontello.ttf?85409932
INFO: [ app_init ] --START--
INFO: Run Behavior\BuildLiteBehavior [ RunTime:0.000000s ]
INFO: [ app_init ] --END-- [ RunTime:0.009001s ]
ERR: 无法加载模块:Public

[ 2016-11-24T08:10:52+08:00 ] ::1 /shiyi/yiyuangou/Public/images/sprite1.png
INFO: [ app_init ] --START--
INFO: Run Behavior\BuildLiteBehavior [ RunTime:0.000000s ]
INFO: [ app_init ] --END-- [ RunTime:0.001000s ]
ERR: 无法加载模块:Public

[ 2016-11-24T08:11:46+08:00 ] ::1 /shiyi/yiyuangou/%E5%BC%98%E8%AE%AF%E4%BA%91%E8%B4%AD_files/568883cf0a87e.jpg
INFO: [ app_init ] --START--
INFO: Run Behavior\BuildLiteBehavior [ RunTime:0.000000s ]
INFO: [ app_init ] --END-- [ RunTime:0.001000s ]
ERR: 无法加载模块:弘讯云购_files

[ 2016-11-24T08:11:46+08:00 ] ::1 /shiyi/yiyuangou/%E5%BC%98%E8%AE%AF%E4%BA%91%E8%B4%AD_files/568883ecad8af.jpg
INFO: [ app_init ] --START--
INFO: Run Behavior\BuildLiteBehavior [ RunTime:0.000000s ]
INFO: [ app_init ] --END-- [ RunTime:0.000000s ]
ERR: 无法加载模块:弘讯云购_files

[ 2016-11-24T08:11:46+08:00 ] ::1 /shiyi/yiyuangou/%E5%BC%98%E8%AE%AF%E4%BA%91%E8%B4%AD_files/56888410be269.jpg
INFO: [ app_init ] --START--
INFO: Run Behavior\BuildLiteBehavior [ RunTime:0.000000s ]
INFO: [ app_init ] --END-- [ RunTime:0.000000s ]
ERR: 无法加载模块:弘讯云购_files

[ 2016-11-24T08:11:46+08:00 ] ::1 /shiyi/yiyuangou/%E5%BC%98%E8%AE%AF%E4%BA%91%E8%B4%AD_files/56f35ea0a557c.jpg
INFO: [ app_init ] --START--
INFO: Run Behavior\BuildLiteBehavior [ RunTime:0.000000s ]
INFO: [ app_init ] --END-- [ RunTime:0.000000s ]
ERR: 无法加载模块:弘讯云购_files

[ 2016-11-24T08:11:46+08:00 ] ::1 /shiyi/yiyuangou/%E5%BC%98%E8%AE%AF%E4%BA%91%E8%B4%AD_files/568883f40eb5b.jpg
INFO: [ app_init ] --START--
INFO: Run Behavior\BuildLiteBehavior [ RunTime:0.000000s ]
INFO: [ app_init ] --END-- [ RunTime:0.001001s ]
ERR: 无法加载模块:弘讯云购_files

[ 2016-11-24T08:11:46+08:00 ] ::1 /shiyi/yiyuangou/%E5%BC%98%E8%AE%AF%E4%BA%91%E8%B4%AD_files/568883ad88e17.jpg
INFO: [ app_init ] --START--
INFO: Run Behavior\BuildLiteBehavior [ RunTime:0.000000s ]
INFO: [ app_init ] --END-- [ RunTime:0.001000s ]
ERR: 无法加载模块:弘讯云购_files

[ 2016-11-24T08:11:46+08:00 ] ::1 /shiyi/yiyuangou/%E5%BC%98%E8%AE%AF%E4%BA%91%E8%B4%AD_files/568884083f912.jpg
INFO: [ app_init ] --START--
INFO: Run Behavior\BuildLiteBehavior [ RunTime:0.000000s ]
INFO: [ app_init ] --END-- [ RunTime:0.001000s ]
ERR: 无法加载模块:弘讯云购_files

[ 2016-11-24T08:11:46+08:00 ] ::1 /shiyi/yiyuangou/%E5%BC%98%E8%AE%AF%E4%BA%91%E8%B4%AD_files/568883bf19eef.jpg
INFO: [ app_init ] --START--
INFO: Run Behavior\BuildLiteBehavior [ RunTime:0.000000s ]
INFO: [ app_init ] --END-- [ RunTime:0.000000s ]
ERR: 无法加载模块:弘讯云购_files

[ 2016-11-24T08:11:46+08:00 ] ::1 /shiyi/yiyuangou/%E5%BC%98%E8%AE%AF%E4%BA%91%E8%B4%AD_files/5688819ed45c4.jpg
INFO: [ app_init ] --START--
INFO: Run Behavior\BuildLiteBehavior [ RunTime:0.000000s ]
INFO: [ app_init ] --END-- [ RunTime:0.001000s ]
ERR: 无法加载模块:弘讯云购_files

[ 2016-11-24T08:11:46+08:00 ] ::1 /shiyi/yiyuangou/%E5%BC%98%E8%AE%AF%E4%BA%91%E8%B4%AD_files/5688836970fb0.jpg
INFO: [ app_init ] --START--
INFO: Run Behavior\BuildLiteBehavior [ RunTime:0.000000s ]
INFO: [ app_init ] --END-- [ RunTime:0.001000s ]
ERR: 无法加载模块:弘讯云购_files

[ 2016-11-24T08:11:46+08:00 ] ::1 /shiyi/yiyuangou/%E5%BC%98%E8%AE%AF%E4%BA%91%E8%B4%AD_files/56f35757580b5.jpg
INFO: [ app_init ] --START--
INFO: Run Behavior\BuildLiteBehavior [ RunTime:0.000000s ]
INFO: [ app_init ] --END-- [ RunTime:0.000000s ]
ERR: 无法加载模块:弘讯云购_files

[ 2016-11-24T08:11:46+08:00 ] ::1 /shiyi/yiyuangou/%E5%BC%98%E8%AE%AF%E4%BA%91%E8%B4%AD_files/568883a336760.jpg
INFO: [ app_init ] --START--
INFO: Run Behavior\BuildLiteBehavior [ RunTime:0.000000s ]
INFO: [ app_init ] --END-- [ RunTime:0.001000s ]
ERR: 无法加载模块:弘讯云购_files

[ 2016-11-24T08:11:46+08:00 ] ::1 /shiyi/yiyuangou/%E5%BC%98%E8%AE%AF%E4%BA%91%E8%B4%AD_files/56a1e39dcd7dc.jpg
INFO: [ app_init ] --START--
INFO: Run Behavior\BuildLiteBehavior [ RunTime:0.000000s ]
INFO: [ app_init ] --END-- [ RunTime:0.000000s ]
ERR: 无法加载模块:弘讯云购_files

[ 2016-11-24T08:11:46+08:00 ] ::1 /shiyi/yiyuangou/%E5%BC%98%E8%AE%AF%E4%BA%91%E8%B4%AD_files/568881a9eb76f.jpg
INFO: [ app_init ] --START--
INFO: Run Behavior\BuildLiteBehavior [ RunTime:0.000000s ]
INFO: [ app_init ] --END-- [ RunTime:0.002000s ]
ERR: 无法加载模块:弘讯云购_files

[ 2016-11-24T08:11:46+08:00 ] ::1 /shiyi/yiyuangou/%E5%BC%98%E8%AE%AF%E4%BA%91%E8%B4%AD_files/5688836ab1f09.jpg
INFO: [ app_init ] --START--
INFO: Run Behavior\BuildLiteBehavior [ RunTime:0.001000s ]
INFO: [ app_init ] --END-- [ RunTime:0.002000s ]
ERR: 无法加载模块:弘讯云购_files

[ 2016-11-24T08:11:46+08:00 ] ::1 /shiyi/yiyuangou/%E5%BC%98%E8%AE%AF%E4%BA%91%E8%B4%AD_files/5688839172070.jpg
INFO: [ app_init ] --START--
INFO: Run Behavior\BuildLiteBehavior [ RunTime:0.000000s ]
INFO: [ app_init ] --END-- [ RunTime:0.000000s ]
ERR: 无法加载模块:弘讯云购_files

[ 2016-11-24T08:11:46+08:00 ] ::1 /shiyi/yiyuangou/%E5%BC%98%E8%AE%AF%E4%BA%91%E8%B4%AD_files/56a1daed7135c.jpg
INFO: [ app_init ] --START--
INFO: Run Behavior\BuildLiteBehavior [ RunTime:0.000000s ]
INFO: [ app_init ] --END-- [ RunTime:0.001001s ]
ERR: 无法加载模块:弘讯云购_files

[ 2016-11-24T08:11:46+08:00 ] ::1 /shiyi/yiyuangou/%E5%BC%98%E8%AE%AF%E4%BA%91%E8%B4%AD_files/568882f42997a.jpg
INFO: [ app_init ] --START--
INFO: Run Behavior\BuildLiteBehavior [ RunTime:0.000000s ]
INFO: [ app_init ] --END-- [ RunTime:0.001000s ]
ERR: 无法加载模块:弘讯云购_files

[ 2016-11-24T08:11:46+08:00 ] ::1 /shiyi/yiyuangou/%E5%BC%98%E8%AE%AF%E4%BA%91%E8%B4%AD_files/56888394b4f7c.jpg
INFO: [ app_init ] --START--
INFO: Run Behavior\BuildLiteBehavior [ RunTime:0.000000s ]
INFO: [ app_init ] --END-- [ RunTime:0.001000s ]
ERR: 无法加载模块:弘讯云购_files

[ 2016-11-24T08:11:46+08:00 ] ::1 /shiyi/yiyuangou/%E5%BC%98%E8%AE%AF%E4%BA%91%E8%B4%AD_files/5688839eebcc4.jpg
INFO: [ app_init ] --START--
INFO: Run Behavior\BuildLiteBehavior [ RunTime:0.000000s ]
INFO: [ app_init ] --END-- [ RunTime:0.000000s ]
ERR: 无法加载模块:弘讯云购_files

[ 2016-11-24T08:11:46+08:00 ] ::1 /shiyi/yiyuangou/%E5%BC%98%E8%AE%AF%E4%BA%91%E8%B4%AD_files/5688843c8f27b.jpg
INFO: [ app_init ] --START--
INFO: Run Behavior\BuildLiteBehavior [ RunTime:0.000000s ]
INFO: [ app_init ] --END-- [ RunTime:0.000000s ]
ERR: 无法加载模块:弘讯云购_files

[ 2016-11-24T08:11:46+08:00 ] ::1 /shiyi/yiyuangou/%E5%BC%98%E8%AE%AF%E4%BA%91%E8%B4%AD_files/56974e5a5d2a3.jpg
INFO: [ app_init ] --START--
INFO: Run Behavior\BuildLiteBehavior [ RunTime:0.000000s ]
INFO: [ app_init ] --END-- [ RunTime:0.000000s ]
ERR: 无法加载模块:弘讯云购_files

[ 2016-11-24T08:11:46+08:00 ] ::1 /shiyi/yiyuangou/%E5%BC%98%E8%AE%AF%E4%BA%91%E8%B4%AD_files/5688842dceab8.jpg
INFO: [ app_init ] --START--
INFO: Run Behavior\BuildLiteBehavior [ RunTime:0.000000s ]
INFO: [ app_init ] --END-- [ RunTime:0.001000s ]
ERR: 无法加载模块:弘讯云购_files

[ 2016-11-24T08:11:46+08:00 ] ::1 /shiyi/yiyuangou/%E5%BC%98%E8%AE%AF%E4%BA%91%E8%B4%AD_files/568883ba02e9b.jpg
INFO: [ app_init ] --START--
INFO: Run Behavior\BuildLiteBehavior [ RunTime:0.000000s ]
INFO: [ app_init ] --END-- [ RunTime:0.000000s ]
ERR: 无法加载模块:弘讯云购_files

[ 2016-11-24T08:11:46+08:00 ] ::1 /shiyi/yiyuangou/%E5%BC%98%E8%AE%AF%E4%BA%91%E8%B4%AD_files/56974c014e6c8.jpg
INFO: [ app_init ] --START--
INFO: Run Behavior\BuildLiteBehavior [ RunTime:0.000000s ]
INFO: [ app_init ] --END-- [ RunTime:0.000000s ]
ERR: 无法加载模块:弘讯云购_files

[ 2016-11-24T08:11:46+08:00 ] ::1 /shiyi/yiyuangou/%E5%BC%98%E8%AE%AF%E4%BA%91%E8%B4%AD_files/5688830867e30.jpg
INFO: [ app_init ] --START--
INFO: Run Behavior\BuildLiteBehavior [ RunTime:0.000000s ]
INFO: [ app_init ] --END-- [ RunTime:0.000000s ]
ERR: 无法加载模块:弘讯云购_files

[ 2016-11-24T08:11:46+08:00 ] ::1 /shiyi/yiyuangou/%E5%BC%98%E8%AE%AF%E4%BA%91%E8%B4%AD_files/568883aa0c136.jpg
INFO: [ app_init ] --START--
INFO: Run Behavior\BuildLiteBehavior [ RunTime:0.000000s ]
INFO: [ app_init ] --END-- [ RunTime:0.000000s ]
ERR: 无法加载模块:弘讯云购_files

[ 2016-11-24T08:11:46+08:00 ] ::1 /shiyi/yiyuangou/%E5%BC%98%E8%AE%AF%E4%BA%91%E8%B4%AD_files/5688832bc75a0.jpg
INFO: [ app_init ] --START--
INFO: Run Behavior\BuildLiteBehavior [ RunTime:0.000000s ]
INFO: [ app_init ] --END-- [ RunTime:0.001000s ]
ERR: 无法加载模块:弘讯云购_files

[ 2016-11-24T08:11:46+08:00 ] ::1 /shiyi/yiyuangou/%E5%BC%98%E8%AE%AF%E4%BA%91%E8%B4%AD_files/5688828566c3c.jpg
INFO: [ app_init ] --START--
INFO: Run Behavior\BuildLiteBehavior [ RunTime:0.000000s ]
INFO: [ app_init ] --END-- [ RunTime:0.000000s ]
ERR: 无法加载模块:弘讯云购_files

[ 2016-11-24T08:11:46+08:00 ] ::1 /shiyi/yiyuangou/%E5%BC%98%E8%AE%AF%E4%BA%91%E8%B4%AD_files/56974e35885a0.png
INFO: [ app_init ] --START--
INFO: Run Behavior\BuildLiteBehavior [ RunTime:0.000000s ]
INFO: [ app_init ] --END-- [ RunTime:0.000000s ]
ERR: 无法加载模块:弘讯云购_files

[ 2016-11-24T08:11:46+08:00 ] ::1 /shiyi/yiyuangou/Public/images/right.png
INFO: [ app_init ] --START--
INFO: Run Behavior\BuildLiteBehavior [ RunTime:0.000000s ]
INFO: [ app_init ] --END-- [ RunTime:0.001000s ]
ERR: 无法加载模块:Public

[ 2016-11-24T08:11:46+08:00 ] ::1 /shiyi/yiyuangou/Public/font/fontello.woff?85409932
INFO: [ app_init ] --START--
INFO: Run Behavior\BuildLiteBehavior [ RunTime:0.000000s ]
INFO: [ app_init ] --END-- [ RunTime:0.001000s ]
ERR: 无法加载模块:Public

[ 2016-11-24T08:11:46+08:00 ] ::1 /shiyi/yiyuangou/Public/images/people.png
INFO: [ app_init ] --START--
INFO: Run Behavior\BuildLiteBehavior [ RunTime:0.000000s ]
INFO: [ app_init ] --END-- [ RunTime:0.001000s ]
ERR: 无法加载模块:Public

[ 2016-11-24T08:11:46+08:00 ] ::1 /shiyi/yiyuangou/Public/font/fontello.ttf?85409932
INFO: [ app_init ] --START--
INFO: Run Behavior\BuildLiteBehavior [ RunTime:0.000000s ]
INFO: [ app_init ] --END-- [ RunTime:0.001000s ]
ERR: 无法加载模块:Public

[ 2016-11-24T08:11:46+08:00 ] ::1 /shiyi/yiyuangou/Public/images/sprite1.png
INFO: [ app_init ] --START--
INFO: Run Behavior\BuildLiteBehavior [ RunTime:0.000000s ]
INFO: [ app_init ] --END-- [ RunTime:0.001000s ]
ERR: 无法加载模块:Public

[ 2016-11-24T08:11:46+08:00 ] ::1 /shiyi/yiyuangou/Public/images/sprite.png
INFO: [ app_init ] --START--
INFO: Run Behavior\BuildLiteBehavior [ RunTime:0.000000s ]
INFO: [ app_init ] --END-- [ RunTime:0.001000s ]
ERR: 无法加载模块:Public

[ 2016-11-24T08:58:11+08:00 ] ::1 /shiyi/yiyuangou/Public/font/fontello.woff?85409932
INFO: [ app_init ] --START--
INFO: Run Behavior\BuildLiteBehavior [ RunTime:0.000000s ]
INFO: [ app_init ] --END-- [ RunTime:0.001000s ]
ERR: 无法加载模块:Public

[ 2016-11-24T08:58:11+08:00 ] ::1 /shiyi/yiyuangou/Public/images/people.png
INFO: [ app_init ] --START--
INFO: Run Behavior\BuildLiteBehavior [ RunTime:0.000000s ]
INFO: [ app_init ] --END-- [ RunTime:0.000000s ]
ERR: 无法加载模块:Public

[ 2016-11-24T08:58:11+08:00 ] ::1 /shiyi/yiyuangou/Public/images/right.png
INFO: [ app_init ] --START--
INFO: Run Behavior\BuildLiteBehavior [ RunTime:0.000000s ]
INFO: [ app_init ] --END-- [ RunTime:0.001001s ]
ERR: 无法加载模块:Public

[ 2016-11-24T08:58:11+08:00 ] ::1 /shiyi/yiyuangou/Public/font/fontello.ttf?85409932
INFO: [ app_init ] --START--
INFO: Run Behavior\BuildLiteBehavior [ RunTime:0.000000s ]
INFO: [ app_init ] --END-- [ RunTime:0.001000s ]
ERR: 无法加载模块:Public

[ 2016-11-24T08:58:11+08:00 ] ::1 /shiyi/yiyuangou/Public/images/sprite1.png
INFO: [ app_init ] --START--
INFO: Run Behavior\BuildLiteBehavior [ RunTime:0.000000s ]
INFO: [ app_init ] --END-- [ RunTime:0.001000s ]
ERR: 无法加载模块:Public

[ 2016-11-24T08:58:11+08:00 ] ::1 /shiyi/yiyuangou/Public/images/sprite.png
INFO: [ app_init ] --START--
INFO: Run Behavior\BuildLiteBehavior [ RunTime:0.000000s ]
INFO: [ app_init ] --END-- [ RunTime:0.000000s ]
ERR: 无法加载模块:Public

[ 2016-11-24T09:35:27+08:00 ] ::1 /shiyi/yiyuangou/Public/images/right.png
INFO: [ app_init ] --START--
INFO: Run Behavior\BuildLiteBehavior [ RunTime:0.000000s ]
INFO: [ app_init ] --END-- [ RunTime:0.000000s ]
ERR: 无法加载模块:Public

[ 2016-11-24T09:35:27+08:00 ] ::1 /shiyi/yiyuangou/Public/images/people.png
INFO: [ app_init ] --START--
INFO: Run Behavior\BuildLiteBehavior [ RunTime:0.000000s ]
INFO: [ app_init ] --END-- [ RunTime:0.001000s ]
ERR: 无法加载模块:Public

[ 2016-11-24T09:35:27+08:00 ] ::1 /shiyi/yiyuangou/Public/font/fontello.woff?85409932
INFO: [ app_init ] --START--
INFO: Run Behavior\BuildLiteBehavior [ RunTime:0.000000s ]
INFO: [ app_init ] --END-- [ RunTime:0.001000s ]
ERR: 无法加载模块:Public

[ 2016-11-24T09:35:27+08:00 ] ::1 /shiyi/yiyuangou/Public/images/sprite1.png
INFO: [ app_init ] --START--
INFO: Run Behavior\BuildLiteBehavior [ RunTime:0.000000s ]
INFO: [ app_init ] --END-- [ RunTime:0.000000s ]
ERR: 无法加载模块:Public

[ 2016-11-24T09:35:27+08:00 ] ::1 /shiyi/yiyuangou/Public/images/sprite.png
INFO: [ app_init ] --START--
INFO: Run Behavior\BuildLiteBehavior [ RunTime:0.000000s ]
INFO: [ app_init ] --END-- [ RunTime:0.000000s ]
ERR: 无法加载模块:Public

[ 2016-11-24T09:35:27+08:00 ] ::1 /shiyi/yiyuangou/Public/font/fontello.ttf?85409932
INFO: [ app_init ] --START--
INFO: Run Behavior\BuildLiteBehavior [ RunTime:0.000000s ]
INFO: [ app_init ] --END-- [ RunTime:0.001000s ]
ERR: 无法加载模块:Public

[ 2016-11-24T09:36:21+08:00 ] ::1 /shiyi/yiyuangou/Public/images/people.png
INFO: [ app_init ] --START--
INFO: Run Behavior\BuildLiteBehavior [ RunTime:0.000000s ]
INFO: [ app_init ] --END-- [ RunTime:0.000000s ]
ERR: 无法加载模块:Public

[ 2016-11-24T09:36:21+08:00 ] ::1 /shiyi/yiyuangou/Public/images/right.png
INFO: [ app_init ] --START--
INFO: Run Behavior\BuildLiteBehavior [ RunTime:0.000000s ]
INFO: [ app_init ] --END-- [ RunTime:0.001000s ]
ERR: 无法加载模块:Public

[ 2016-11-24T09:36:21+08:00 ] ::1 /shiyi/yiyuangou/Public/images/sprite1.png
INFO: [ app_init ] --START--
INFO: Run Behavior\BuildLiteBehavior [ RunTime:0.000000s ]
INFO: [ app_init ] --END-- [ RunTime:0.000000s ]
ERR: 无法加载模块:Public

[ 2016-11-24T09:36:21+08:00 ] ::1 /shiyi/yiyuangou/Public/images/sprite.png
INFO: [ app_init ] --START--
INFO: Run Behavior\BuildLiteBehavior [ RunTime:0.000000s ]
INFO: [ app_init ] --END-- [ RunTime:0.001000s ]
ERR: 无法加载模块:Public

[ 2016-11-24T10:13:15+08:00 ] ::1 /shiyi/yiyuangou/Public/images/people.png
INFO: [ app_init ] --START--
INFO: Run Behavior\BuildLiteBehavior [ RunTime:0.000000s ]
INFO: [ app_init ] --END-- [ RunTime:0.001001s ]
ERR: 无法加载模块:Public

[ 2016-11-24T10:13:15+08:00 ] ::1 /shiyi/yiyuangou/Public/images/right.png
INFO: [ app_init ] --START--
INFO: Run Behavior\BuildLiteBehavior [ RunTime:0.000000s ]
INFO: [ app_init ] --END-- [ RunTime:0.001000s ]
ERR: 无法加载模块:Public

[ 2016-11-24T10:13:15+08:00 ] ::1 /shiyi/yiyuangou/Public/font/fontello.woff?85409932
INFO: [ app_init ] --START--
INFO: Run Behavior\BuildLiteBehavior [ RunTime:0.000000s ]
INFO: [ app_init ] --END-- [ RunTime:0.001001s ]
ERR: 无法加载模块:Public

[ 2016-11-24T10:13:15+08:00 ] ::1 /shiyi/yiyuangou/Public/images/sprite.png
INFO: [ app_init ] --START--
INFO: Run Behavior\BuildLiteBehavior [ RunTime:0.000000s ]
INFO: [ app_init ] --END-- [ RunTime:0.000000s ]
ERR: 无法加载模块:Public

[ 2016-11-24T10:13:15+08:00 ] ::1 /shiyi/yiyuangou/Public/images/sprite1.png
INFO: [ app_init ] --START--
INFO: Run Behavior\BuildLiteBehavior [ RunTime:0.000000s ]
INFO: [ app_init ] --END-- [ RunTime:0.000000s ]
ERR: 无法加载模块:Public

[ 2016-11-24T10:13:15+08:00 ] ::1 /shiyi/yiyuangou/Public/font/fontello.ttf?85409932
INFO: [ app_init ] --START--
INFO: Run Behavior\BuildLiteBehavior [ RunTime:0.000000s ]
INFO: [ app_init ] --END-- [ RunTime:0.001000s ]
ERR: 无法加载模块:Public

[ 2016-11-24T10:13:43+08:00 ] ::1 /shiyi/yiyuangou/Public/fonts/icomoon.woff
INFO: [ app_init ] --START--
INFO: Run Behavior\BuildLiteBehavior [ RunTime:0.000000s ]
INFO: [ app_init ] --END-- [ RunTime:0.000000s ]
ERR: 无法加载模块:Public

[ 2016-11-24T10:13:43+08:00 ] ::1 /shiyi/yiyuangou/Public/fonts/icomoon.ttf
INFO: [ app_init ] --START--
INFO: Run Behavior\BuildLiteBehavior [ RunTime:0.000000s ]
INFO: [ app_init ] --END-- [ RunTime:0.001000s ]
ERR: 无法加载模块:Public

[ 2016-11-24T10:13:47+08:00 ] ::1 /shiyi/yiyuangou/Public/fonts/icomoon.woff
INFO: [ app_init ] --START--
INFO: Run Behavior\BuildLiteBehavior [ RunTime:0.000000s ]
INFO: [ app_init ] --END-- [ RunTime:0.001001s ]
ERR: 无法加载模块:Public

[ 2016-11-24T10:13:48+08:00 ] ::1 /shiyi/yiyuangou/Public/fonts/icomoon.ttf
INFO: [ app_init ] --START--
INFO: Run Behavior\BuildLiteBehavior [ RunTime:0.000000s ]
INFO: [ app_init ] --END-- [ RunTime:0.000000s ]
ERR: 无法加载模块:Public

[ 2016-11-24T10:13:48+08:00 ] ::1 /shiyi/yiyuangou/Public/fonts/icomoon.woff
INFO: [ app_init ] --START--
INFO: Run Behavior\BuildLiteBehavior [ RunTime:0.000000s ]
INFO: [ app_init ] --END-- [ RunTime:0.000000s ]
ERR: 无法加载模块:Public

[ 2016-11-24T10:13:48+08:00 ] ::1 /shiyi/yiyuangou/Public/fonts/icomoon.ttf
INFO: [ app_init ] --START--
INFO: Run Behavior\BuildLiteBehavior [ RunTime:0.000000s ]
INFO: [ app_init ] --END-- [ RunTime:0.001000s ]
ERR: 无法加载模块:Public

[ 2016-11-24T10:13:50+08:00 ] ::1 /shiyi/yiyuangou/Public/fonts/icomoon.woff
INFO: [ app_init ] --START--
INFO: Run Behavior\BuildLiteBehavior [ RunTime:0.000000s ]
INFO: [ app_init ] --END-- [ RunTime:0.000000s ]
ERR: 无法加载模块:Public

[ 2016-11-24T10:13:50+08:00 ] ::1 /shiyi/yiyuangou/Public/fonts/icomoon.ttf
INFO: [ app_init ] --START--
INFO: Run Behavior\BuildLiteBehavior [ RunTime:0.000000s ]
INFO: [ app_init ] --END-- [ RunTime:0.000000s ]
ERR: 无法加载模块:Public

[ 2016-11-24T10:13:56+08:00 ] ::1 /shiyi/yiyuangou/Public/fonts/icomoon.ttf
INFO: [ app_init ] --START--
INFO: Run Behavior\BuildLiteBehavior [ RunTime:0.000000s ]
INFO: [ app_init ] --END-- [ RunTime:0.000000s ]
ERR: 无法加载模块:Public

[ 2016-11-24T10:13:56+08:00 ] ::1 /shiyi/yiyuangou/Public/fonts/icomoon.woff
INFO: [ app_init ] --START--
INFO: Run Behavior\BuildLiteBehavior [ RunTime:0.000000s ]
INFO: [ app_init ] --END-- [ RunTime:0.001000s ]
ERR: 无法加载模块:Public

[ 2016-11-24T10:13:56+08:00 ] ::1 /shiyi/yiyuangou/Public/fonts/icomoon.ttf
INFO: [ app_init ] --START--
INFO: Run Behavior\BuildLiteBehavior [ RunTime:0.000000s ]
INFO: [ app_init ] --END-- [ RunTime:0.000000s ]
ERR: 无法加载模块:Public

[ 2016-11-24T10:13:59+08:00 ] ::1 /shiyi/yiyuangou/Public/fonts/icomoon.woff
INFO: [ app_init ] --START--
INFO: Run Behavior\BuildLiteBehavior [ RunTime:0.000000s ]
INFO: [ app_init ] --END-- [ RunTime:0.001000s ]
ERR: 无法加载模块:Public

[ 2016-11-24T10:13:59+08:00 ] ::1 /shiyi/yiyuangou/Public/fonts/icomoon.ttf
INFO: [ app_init ] --START--
INFO: Run Behavior\BuildLiteBehavior [ RunTime:0.000000s ]
INFO: [ app_init ] --END-- [ RunTime:0.000000s ]
ERR: 无法加载模块:Public

[ 2016-11-24T10:14:06+08:00 ] ::1 /shiyi/yiyuangou/Public/fonts/icomoon.ttf
INFO: [ app_init ] --START--
INFO: Run Behavior\BuildLiteBehavior [ RunTime:0.000000s ]
INFO: [ app_init ] --END-- [ RunTime:0.000000s ]
ERR: 无法加载模块:Public

[ 2016-11-24T10:14:08+08:00 ] ::1 /shiyi/yiyuangou/Public/fonts/icomoon.woff
INFO: [ app_init ] --START--
INFO: Run Behavior\BuildLiteBehavior [ RunTime:0.000000s ]
INFO: [ app_init ] --END-- [ RunTime:0.001000s ]
ERR: 无法加载模块:Public

[ 2016-11-24T10:14:08+08:00 ] ::1 /shiyi/yiyuangou/Public/fonts/icomoon.ttf
INFO: [ app_init ] --START--
INFO: Run Behavior\BuildLiteBehavior [ RunTime:0.000000s ]
INFO: [ app_init ] --END-- [ RunTime:0.000000s ]
ERR: 无法加载模块:Public

[ 2016-11-24T10:14:11+08:00 ] ::1 /shiyi/yiyuangou/Public/fonts/icomoon.woff
INFO: [ app_init ] --START--
INFO: Run Behavior\BuildLiteBehavior [ RunTime:0.000000s ]
INFO: [ app_init ] --END-- [ RunTime:0.001000s ]
ERR: 无法加载模块:Public

[ 2016-11-24T10:14:11+08:00 ] ::1 /shiyi/yiyuangou/Public/fonts/icomoon.ttf
INFO: [ app_init ] --START--
INFO: Run Behavior\BuildLiteBehavior [ RunTime:0.000000s ]
INFO: [ app_init ] --END-- [ RunTime:0.000000s ]
ERR: 无法加载模块:Public

[ 2016-11-24T10:14:11+08:00 ] ::1 /shiyi/yiyuangou/Public/fonts/icomoon.woff
INFO: [ app_init ] --START--
INFO: Run Behavior\BuildLiteBehavior [ RunTime:0.000000s ]
INFO: [ app_init ] --END-- [ RunTime:0.001000s ]
ERR: 无法加载模块:Public

[ 2016-11-24T10:14:11+08:00 ] ::1 /shiyi/yiyuangou/Public/fonts/icomoon.ttf
INFO: [ app_init ] --START--
INFO: Run Behavior\BuildLiteBehavior [ RunTime:0.000000s ]
INFO: [ app_init ] --END-- [ RunTime:0.000000s ]
ERR: 无法加载模块:Public

[ 2016-11-24T10:14:12+08:00 ] ::1 /shiyi/yiyuangou/Public/fonts/icomoon.woff
INFO: [ app_init ] --START--
INFO: Run Behavior\BuildLiteBehavior [ RunTime:0.000000s ]
INFO: [ app_init ] --END-- [ RunTime:0.001000s ]
ERR: 无法加载模块:Public

[ 2016-11-24T10:14:12+08:00 ] ::1 /shiyi/yiyuangou/Public/fonts/icomoon.ttf
INFO: [ app_init ] --START--
INFO: Run Behavior\BuildLiteBehavior [ RunTime:0.000000s ]
INFO: [ app_init ] --END-- [ RunTime:0.000000s ]
ERR: 无法加载模块:Public

[ 2016-11-24T10:17:51+08:00 ] ::1 /shiyi/yiyuangou/Public/images/people.png
INFO: [ app_init ] --START--
INFO: Run Behavior\BuildLiteBehavior [ RunTime:0.000000s ]
INFO: [ app_init ] --END-- [ RunTime:0.001000s ]
ERR: 无法加载模块:Public

[ 2016-11-24T10:17:51+08:00 ] ::1 /shiyi/yiyuangou/Public/images/right.png
INFO: [ app_init ] --START--
INFO: Run Behavior\BuildLiteBehavior [ RunTime:0.000000s ]
INFO: [ app_init ] --END-- [ RunTime:0.000000s ]
ERR: 无法加载模块:Public

[ 2016-11-24T10:17:51+08:00 ] ::1 /shiyi/yiyuangou/Public/images/sprite.png
INFO: [ app_init ] --START--
INFO: Run Behavior\BuildLiteBehavior [ RunTime:0.000000s ]
INFO: [ app_init ] --END-- [ RunTime:0.001000s ]
ERR: 无法加载模块:Public

[ 2016-11-24T10:17:51+08:00 ] ::1 /shiyi/yiyuangou/Public/images/sprite1.png
INFO: [ app_init ] --START--
INFO: Run Behavior\BuildLiteBehavior [ RunTime:0.001000s ]
INFO: [ app_init ] --END-- [ RunTime:0.001000s ]
ERR: 无法加载模块:Public

[ 2016-11-24T10:17:56+08:00 ] ::1 /shiyi/yiyuangou/Public/images/people.png
INFO: [ app_init ] --START--
INFO: Run Behavior\BuildLiteBehavior [ RunTime:0.000000s ]
INFO: [ app_init ] --END-- [ RunTime:0.000000s ]
ERR: 无法加载模块:Public

[ 2016-11-24T10:17:56+08:00 ] ::1 /shiyi/yiyuangou/Public/images/right.png
INFO: [ app_init ] --START--
INFO: Run Behavior\BuildLiteBehavior [ RunTime:0.000000s ]
INFO: [ app_init ] --END-- [ RunTime:0.000000s ]
ERR: 无法加载模块:Public

[ 2016-11-24T10:17:57+08:00 ] ::1 /shiyi/yiyuangou/Public/images/sprite1.png
INFO: [ app_init ] --START--
INFO: Run Behavior\BuildLiteBehavior [ RunTime:0.000000s ]
INFO: [ app_init ] --END-- [ RunTime:0.001000s ]
ERR: 无法加载模块:Public

[ 2016-11-24T10:17:57+08:00 ] ::1 /shiyi/yiyuangou/Public/images/sprite.png
INFO: [ app_init ] --START--
INFO: Run Behavior\BuildLiteBehavior [ RunTime:0.001000s ]
INFO: [ app_init ] --END-- [ RunTime:0.001000s ]
ERR: 无法加载模块:Public

[ 2016-11-24T13:31:50+08:00 ] ::1 /shiyi/yiyuangou/Public/images/people.png
INFO: [ app_init ] --START--
INFO: Run Behavior\BuildLiteBehavior [ RunTime:0.000000s ]
INFO: [ app_init ] --END-- [ RunTime:0.001000s ]
ERR: 无法加载模块:Public

[ 2016-11-24T14:00:27+08:00 ] ::1 /shiyi/yiyuangou/Public/images/people.png
INFO: [ app_init ] --START--
INFO: Run Behavior\BuildLiteBehavior [ RunTime:0.000000s ]
INFO: [ app_init ] --END-- [ RunTime:0.001000s ]
ERR: 无法加载模块:Public

[ 2016-11-24T14:01:01+08:00 ] ::1 /shiyi/yiyuangou/Public/images/right.png
INFO: [ app_init ] --START--
INFO: Run Behavior\BuildLiteBehavior [ RunTime:0.000000s ]
INFO: [ app_init ] --END-- [ RunTime:0.000000s ]
ERR: 无法加载模块:Public

[ 2016-11-24T14:03:05+08:00 ] ::1 /shiyi/yiyuangou/Public/font/fontello.woff?85409932
INFO: [ app_init ] --START--
INFO: Run Behavior\BuildLiteBehavior [ RunTime:0.001000s ]
INFO: [ app_init ] --END-- [ RunTime:0.001000s ]
ERR: 无法加载模块:Public

[ 2016-11-24T14:03:05+08:00 ] ::1 /shiyi/yiyuangou/Public/images/people.png
INFO: [ app_init ] --START--
INFO: Run Behavior\BuildLiteBehavior [ RunTime:0.000000s ]
INFO: [ app_init ] --END-- [ RunTime:0.000000s ]
ERR: 无法加载模块:Public

[ 2016-11-24T14:03:05+08:00 ] ::1 /shiyi/yiyuangou/Public/font/fontello.ttf?85409932
INFO: [ app_init ] --START--
INFO: Run Behavior\BuildLiteBehavior [ RunTime:0.000000s ]
INFO: [ app_init ] --END-- [ RunTime:0.001000s ]
ERR: 无法加载模块:Public

[ 2016-11-24T14:03:07+08:00 ] ::1 /shiyi/yiyuangou/Public/images/right.png
INFO: [ app_init ] --START--
INFO: Run Behavior\BuildLiteBehavior [ RunTime:0.000000s ]
INFO: [ app_init ] --END-- [ RunTime:0.000000s ]
ERR: 无法加载模块:Public

[ 2016-11-24T14:04:33+08:00 ] ::1 /shiyi/yiyuangou/Public/images/right.png
INFO: [ app_init ] --START--
INFO: Run Behavior\BuildLiteBehavior [ RunTime:0.000000s ]
INFO: [ app_init ] --END-- [ RunTime:0.000000s ]
ERR: 无法加载模块:Public

[ 2016-11-24T14:04:33+08:00 ] ::1 /shiyi/yiyuangou/Public/images/people.png
INFO: [ app_init ] --START--
INFO: Run Behavior\BuildLiteBehavior [ RunTime:0.000000s ]
INFO: [ app_init ] --END-- [ RunTime:0.000000s ]
ERR: 无法加载模块:Public

[ 2016-11-24T14:04:33+08:00 ] ::1 /shiyi/yiyuangou/Public/images/sprite.png
INFO: [ app_init ] --START--
INFO: Run Behavior\BuildLiteBehavior [ RunTime:0.000000s ]
INFO: [ app_init ] --END-- [ RunTime:0.001000s ]
ERR: 无法加载模块:Public

[ 2016-11-24T14:04:33+08:00 ] ::1 /shiyi/yiyuangou/Public/images/sprite1.png
INFO: [ app_init ] --START--
INFO: Run Behavior\BuildLiteBehavior [ RunTime:0.000000s ]
INFO: [ app_init ] --END-- [ RunTime:0.001000s ]
ERR: 无法加载模块:Public

[ 2016-11-24T14:04:37+08:00 ] ::1 /shiyi/yiyuangou/Public/font/fontello.woff?85409932
INFO: [ app_init ] --START--
INFO: Run Behavior\BuildLiteBehavior [ RunTime:0.000000s ]
INFO: [ app_init ] --END-- [ RunTime:0.000000s ]
ERR: 无法加载模块:Public

[ 2016-11-24T14:04:37+08:00 ] ::1 /shiyi/yiyuangou/Public/images/people.png
INFO: [ app_init ] --START--
INFO: Run Behavior\BuildLiteBehavior [ RunTime:0.000000s ]
INFO: [ app_init ] --END-- [ RunTime:0.001000s ]
ERR: 无法加载模块:Public

[ 2016-11-24T14:04:37+08:00 ] ::1 /shiyi/yiyuangou/Public/font/fontello.ttf?85409932
INFO: [ app_init ] --START--
INFO: Run Behavior\BuildLiteBehavior [ RunTime:0.000000s ]
INFO: [ app_init ] --END-- [ RunTime:0.001000s ]
ERR: 无法加载模块:Public

[ 2016-11-24T14:04:38+08:00 ] ::1 /shiyi/yiyuangou/Public/images/right.png
INFO: [ app_init ] --START--
INFO: Run Behavior\BuildLiteBehavior [ RunTime:0.000000s ]
INFO: [ app_init ] --END-- [ RunTime:0.000000s ]
ERR: 无法加载模块:Public

[ 2016-11-24T14:07:43+08:00 ] ::1 /shiyi/yiyuangou/Public/images/people.png
INFO: [ app_init ] --START--
INFO: Run Behavior\BuildLiteBehavior [ RunTime:0.000000s ]
INFO: [ app_init ] --END-- [ RunTime:0.001000s ]
ERR: 无法加载模块:Public

[ 2016-11-24T14:07:43+08:00 ] ::1 /shiyi/yiyuangou/Public/font/fontello.woff?85409932
INFO: [ app_init ] --START--
INFO: Run Behavior\BuildLiteBehavior [ RunTime:0.000000s ]
INFO: [ app_init ] --END-- [ RunTime:0.001000s ]
ERR: 无法加载模块:Public

[ 2016-11-24T14:07:43+08:00 ] ::1 /shiyi/yiyuangou/Public/font/fontello.ttf?85409932
INFO: [ app_init ] --START--
INFO: Run Behavior\BuildLiteBehavior [ RunTime:0.000000s ]
INFO: [ app_init ] --END-- [ RunTime:0.000000s ]
ERR: 无法加载模块:Public

[ 2016-11-24T14:07:44+08:00 ] ::1 /shiyi/yiyuangou/Public/images/right.png
INFO: [ app_init ] --START--
INFO: Run Behavior\BuildLiteBehavior [ RunTime:0.000000s ]
INFO: [ app_init ] --END-- [ RunTime:0.001000s ]
ERR: 无法加载模块:Public

[ 2016-11-24T14:09:27+08:00 ] ::1 /shiyi/yiyuangou/Public/images/people.png
INFO: [ app_init ] --START--
INFO: Run Behavior\BuildLiteBehavior [ RunTime:0.000000s ]
INFO: [ app_init ] --END-- [ RunTime:0.000000s ]
ERR: 无法加载模块:Public

[ 2016-11-24T14:09:27+08:00 ] ::1 /shiyi/yiyuangou/Public/font/fontello.woff?85409932
INFO: [ app_init ] --START--
INFO: Run Behavior\BuildLiteBehavior [ RunTime:0.000000s ]
INFO: [ app_init ] --END-- [ RunTime:0.001000s ]
ERR: 无法加载模块:Public

[ 2016-11-24T14:09:27+08:00 ] ::1 /shiyi/yiyuangou/Public/font/fontello.ttf?85409932
INFO: [ app_init ] --START--
INFO: Run Behavior\BuildLiteBehavior [ RunTime:0.000000s ]
INFO: [ app_init ] --END-- [ RunTime:0.000000s ]
ERR: 无法加载模块:Public

[ 2016-11-24T14:09:28+08:00 ] ::1 /shiyi/yiyuangou/Public/images/right.png
INFO: [ app_init ] --START--
INFO: Run Behavior\BuildLiteBehavior [ RunTime:0.000000s ]
INFO: [ app_init ] --END-- [ RunTime:0.001000s ]
ERR: 无法加载模块:Public

[ 2016-11-24T14:09:35+08:00 ] ::1 /shiyi/yiyuangou/Public/images/people.png
INFO: [ app_init ] --START--
INFO: Run Behavior\BuildLiteBehavior [ RunTime:0.000000s ]
INFO: [ app_init ] --END-- [ RunTime:0.000000s ]
ERR: 无法加载模块:Public

[ 2016-11-24T14:09:35+08:00 ] ::1 /shiyi/yiyuangou/Public/font/fontello.woff?85409932
INFO: [ app_init ] --START--
INFO: Run Behavior\BuildLiteBehavior [ RunTime:0.000000s ]
INFO: [ app_init ] --END-- [ RunTime:0.000000s ]
ERR: 无法加载模块:Public

[ 2016-11-24T14:09:35+08:00 ] ::1 /shiyi/yiyuangou/Public/images/right.png
INFO: [ app_init ] --START--
INFO: Run Behavior\BuildLiteBehavior [ RunTime:0.000000s ]
INFO: [ app_init ] --END-- [ RunTime:0.001000s ]
ERR: 无法加载模块:Public

[ 2016-11-24T14:09:35+08:00 ] ::1 /shiyi/yiyuangou/Public/font/fontello.ttf?85409932
INFO: [ app_init ] --START--
INFO: Run Behavior\BuildLiteBehavior [ RunTime:0.000000s ]
INFO: [ app_init ] --END-- [ RunTime:0.001000s ]
ERR: 无法加载模块:Public

[ 2016-11-24T14:09:51+08:00 ] ::1 /shiyi/yiyuangou/Public/images/people.png
INFO: [ app_init ] --START--
INFO: Run Behavior\BuildLiteBehavior [ RunTime:0.000000s ]
INFO: [ app_init ] --END-- [ RunTime:0.000000s ]
ERR: 无法加载模块:Public

[ 2016-11-24T14:09:51+08:00 ] ::1 /shiyi/yiyuangou/Public/font/fontello.woff?85409932
INFO: [ app_init ] --START--
INFO: Run Behavior\BuildLiteBehavior [ RunTime:0.000000s ]
INFO: [ app_init ] --END-- [ RunTime:0.001000s ]
ERR: 无法加载模块:Public

[ 2016-11-24T14:09:51+08:00 ] ::1 /shiyi/yiyuangou/Public/font/fontello.ttf?85409932
INFO: [ app_init ] --START--
INFO: Run Behavior\BuildLiteBehavior [ RunTime:0.000000s ]
INFO: [ app_init ] --END-- [ RunTime:0.000000s ]
ERR: 无法加载模块:Public

[ 2016-11-24T14:12:38+08:00 ] ::1 /shiyi/yiyuangou/Public/images/people.png
INFO: [ app_init ] --START--
INFO: Run Behavior\BuildLiteBehavior [ RunTime:0.000000s ]
INFO: [ app_init ] --END-- [ RunTime:0.001000s ]
ERR: 无法加载模块:Public

[ 2016-11-24T14:13:47+08:00 ] ::1 /shiyi/yiyuangou/Public/images/right.png
INFO: [ app_init ] --START--
INFO: Run Behavior\BuildLiteBehavior [ RunTime:0.000000s ]
INFO: [ app_init ] --END-- [ RunTime:0.001000s ]
ERR: 无法加载模块:Public

[ 2016-11-24T14:14:48+08:00 ] ::1 /shiyi/yiyuangou/Public/images/people.png
INFO: [ app_init ] --START--
INFO: Run Behavior\BuildLiteBehavior [ RunTime:0.000000s ]
INFO: [ app_init ] --END-- [ RunTime:0.000000s ]
ERR: 无法加载模块:Public

[ 2016-11-24T14:15:12+08:00 ] ::1 /shiyi/yiyuangou/Public/images/people.png
INFO: [ app_init ] --START--
INFO: Run Behavior\BuildLiteBehavior [ RunTime:0.000000s ]
INFO: [ app_init ] --END-- [ RunTime:0.001000s ]
ERR: 无法加载模块:Public

[ 2016-11-24T14:23:31+08:00 ] ::1 /shiyi/yiyuangou/Public/images/right.png
INFO: [ app_init ] --START--
INFO: Run Behavior\BuildLiteBehavior [ RunTime:0.000000s ]
INFO: [ app_init ] --END-- [ RunTime:0.001000s ]
ERR: 无法加载模块:Public

[ 2016-11-24T14:23:31+08:00 ] ::1 /shiyi/yiyuangou/Public/images/people.png
INFO: [ app_init ] --START--
INFO: Run Behavior\BuildLiteBehavior [ RunTime:0.000000s ]
INFO: [ app_init ] --END-- [ RunTime:0.001000s ]
ERR: 无法加载模块:Public

[ 2016-11-24T14:23:31+08:00 ] ::1 /shiyi/yiyuangou/Public/images/sprite.png
INFO: [ app_init ] --START--
INFO: Run Behavior\BuildLiteBehavior [ RunTime:0.000000s ]
INFO: [ app_init ] --END-- [ RunTime:0.001000s ]
ERR: 无法加载模块:Public

[ 2016-11-24T14:23:31+08:00 ] ::1 /shiyi/yiyuangou/Public/images/sprite1.png
INFO: [ app_init ] --START--
INFO: Run Behavior\BuildLiteBehavior [ RunTime:0.000000s ]
INFO: [ app_init ] --END-- [ RunTime:0.001000s ]
ERR: 无法加载模块:Public

[ 2016-11-24T14:23:34+08:00 ] ::1 /shiyi/yiyuangou/Public/font/fontello.woff?85409932
INFO: [ app_init ] --START--
INFO: Run Behavior\BuildLiteBehavior [ RunTime:0.000000s ]
INFO: [ app_init ] --END-- [ RunTime:0.001000s ]
ERR: 无法加载模块:Public

[ 2016-11-24T14:23:34+08:00 ] ::1 /shiyi/yiyuangou/Public/font/fontello.ttf?85409932
INFO: [ app_init ] --START--
INFO: Run Behavior\BuildLiteBehavior [ RunTime:0.000000s ]
INFO: [ app_init ] --END-- [ RunTime:0.001000s ]
ERR: 无法加载模块:Public

[ 2016-11-24T14:23:37+08:00 ] ::1 /shiyi/yiyuangou/Public/images/people.png
INFO: [ app_init ] --START--
INFO: Run Behavior\BuildLiteBehavior [ RunTime:0.000000s ]
INFO: [ app_init ] --END-- [ RunTime:0.000000s ]
ERR: 无法加载模块:Public

[ 2016-11-24T14:25:08+08:00 ] ::1 /shiyi/yiyuangou/Public/images/people.png
INFO: [ app_init ] --START--
INFO: Run Behavior\BuildLiteBehavior [ RunTime:0.000000s ]
INFO: [ app_init ] --END-- [ RunTime:0.001000s ]
ERR: 无法加载模块:Public

[ 2016-11-24T14:26:08+08:00 ] ::1 /shiyi/yiyuangou/Public/images/people.png
INFO: [ app_init ] --START--
INFO: Run Behavior\BuildLiteBehavior [ RunTime:0.000000s ]
INFO: [ app_init ] --END-- [ RunTime:0.000000s ]
ERR: 无法加载模块:Public

[ 2016-11-24T14:26:29+08:00 ] ::1 /shiyi/yiyuangou/Public/images/people.png
INFO: [ app_init ] --START--
INFO: Run Behavior\BuildLiteBehavior [ RunTime:0.000000s ]
INFO: [ app_init ] --END-- [ RunTime:0.001000s ]
ERR: 无法加载模块:Public

[ 2016-11-24T14:27:11+08:00 ] ::1 /shiyi/yiyuangou/Public/images/people.png
INFO: [ app_init ] --START--
INFO: Run Behavior\BuildLiteBehavior [ RunTime:0.000000s ]
INFO: [ app_init ] --END-- [ RunTime:0.001000s ]
ERR: 无法加载模块:Public

[ 2016-11-24T14:27:56+08:00 ] ::1 /shiyi/yiyuangou/Public/images/people.png
INFO: [ app_init ] --START--
INFO: Run Behavior\BuildLiteBehavior [ RunTime:0.000000s ]
INFO: [ app_init ] --END-- [ RunTime:0.001000s ]
ERR: 无法加载模块:Public

[ 2016-11-24T14:28:09+08:00 ] ::1 /shiyi/yiyuangou/Public/images/people.png
INFO: [ app_init ] --START--
INFO: Run Behavior\BuildLiteBehavior [ RunTime:0.000000s ]
INFO: [ app_init ] --END-- [ RunTime:0.000000s ]
ERR: 无法加载模块:Public

[ 2016-11-24T14:28:12+08:00 ] ::1 /shiyi/yiyuangou/Public/images/people.png
INFO: [ app_init ] --START--
INFO: Run Behavior\BuildLiteBehavior [ RunTime:0.000000s ]
INFO: [ app_init ] --END-- [ RunTime:0.001000s ]
ERR: 无法加载模块:Public

[ 2016-11-24T14:28:12+08:00 ] ::1 /shiyi/yiyuangou/Public/font/fontello.woff?85409932
INFO: [ app_init ] --START--
INFO: Run Behavior\BuildLiteBehavior [ RunTime:0.000000s ]
INFO: [ app_init ] --END-- [ RunTime:0.001000s ]
ERR: 无法加载模块:Public

[ 2016-11-24T14:28:12+08:00 ] ::1 /shiyi/yiyuangou/Public/font/fontello.ttf?85409932
INFO: [ app_init ] --START--
INFO: Run Behavior\BuildLiteBehavior [ RunTime:0.000000s ]
INFO: [ app_init ] --END-- [ RunTime:0.001000s ]
ERR: 无法加载模块:Public

[ 2016-11-24T14:31:28+08:00 ] ::1 /shiyi/yiyuangou/Public/images/people.png
INFO: [ app_init ] --START--
INFO: Run Behavior\BuildLiteBehavior [ RunTime:0.000000s ]
INFO: [ app_init ] --END-- [ RunTime:0.001000s ]
ERR: 无法加载模块:Public

[ 2016-11-24T14:31:28+08:00 ] ::1 /shiyi/yiyuangou/Public/font/fontello.woff?85409932
INFO: [ app_init ] --START--
INFO: Run Behavior\BuildLiteBehavior [ RunTime:0.000000s ]
INFO: [ app_init ] --END-- [ RunTime:0.001000s ]
ERR: 无法加载模块:Public

[ 2016-11-24T14:31:29+08:00 ] ::1 /shiyi/yiyuangou/Public/font/fontello.ttf?85409932
INFO: [ app_init ] --START--
INFO: Run Behavior\BuildLiteBehavior [ RunTime:0.000000s ]
INFO: [ app_init ] --END-- [ RunTime:0.000000s ]
ERR: 无法加载模块:Public

[ 2016-11-24T14:33:25+08:00 ] ::1 /shiyi/yiyuangou/Public/images/people.png
INFO: [ app_init ] --START--
INFO: Run Behavior\BuildLiteBehavior [ RunTime:0.000000s ]
INFO: [ app_init ] --END-- [ RunTime:0.001000s ]
ERR: 无法加载模块:Public

[ 2016-11-24T14:33:31+08:00 ] ::1 /shiyi/yiyuangou/Public/images/people.png
INFO: [ app_init ] --START--
INFO: Run Behavior\BuildLiteBehavior [ RunTime:0.000000s ]
INFO: [ app_init ] --END-- [ RunTime:0.000000s ]
ERR: 无法加载模块:Public

[ 2016-11-24T14:33:33+08:00 ] ::1 /shiyi/yiyuangou/Public/font/fontello.woff?85409932
INFO: [ app_init ] --START--
INFO: Run Behavior\BuildLiteBehavior [ RunTime:0.000000s ]
INFO: [ app_init ] --END-- [ RunTime:0.000000s ]
ERR: 无法加载模块:Public

[ 2016-11-24T14:33:33+08:00 ] ::1 /shiyi/yiyuangou/Public/font/fontello.ttf?85409932
INFO: [ app_init ] --START--
INFO: Run Behavior\BuildLiteBehavior [ RunTime:0.000000s ]
INFO: [ app_init ] --END-- [ RunTime:0.000000s ]
ERR: 无法加载模块:Public

[ 2016-11-24T14:33:35+08:00 ] ::1 /shiyi/yiyuangou/Public/font/fontello.woff?85409932
INFO: [ app_init ] --START--
INFO: Run Behavior\BuildLiteBehavior [ RunTime:0.000000s ]
INFO: [ app_init ] --END-- [ RunTime:0.001000s ]
ERR: 无法加载模块:Public

[ 2016-11-24T14:33:35+08:00 ] ::1 /shiyi/yiyuangou/Public/font/fontello.ttf?85409932
INFO: [ app_init ] --START--
INFO: Run Behavior\BuildLiteBehavior [ RunTime:0.000000s ]
INFO: [ app_init ] --END-- [ RunTime:0.000000s ]
ERR: 无法加载模块:Public

[ 2016-11-24T14:33:36+08:00 ] ::1 /shiyi/yiyuangou/Public/images/people.png
INFO: [ app_init ] --START--
INFO: Run Behavior\BuildLiteBehavior [ RunTime:0.000000s ]
INFO: [ app_init ] --END-- [ RunTime:0.000000s ]
ERR: 无法加载模块:Public

[ 2016-11-24T14:33:36+08:00 ] ::1 /shiyi/yiyuangou/Public/images/people.png
INFO: [ app_init ] --START--
INFO: Run Behavior\BuildLiteBehavior [ RunTime:0.000000s ]
INFO: [ app_init ] --END-- [ RunTime:0.000000s ]
ERR: 无法加载模块:Public

[ 2016-11-24T14:33:45+08:00 ] ::1 /shiyi/yiyuangou/Public/images/people.png
INFO: [ app_init ] --START--
INFO: Run Behavior\BuildLiteBehavior [ RunTime:0.000000s ]
INFO: [ app_init ] --END-- [ RunTime:0.000000s ]
ERR: 无法加载模块:Public

[ 2016-11-24T14:33:52+08:00 ] ::1 /shiyi/yiyuangou/Public/images/people.png
INFO: [ app_init ] --START--
INFO: Run Behavior\BuildLiteBehavior [ RunTime:0.000000s ]
INFO: [ app_init ] --END-- [ RunTime:0.001000s ]
ERR: 无法加载模块:Public

[ 2016-11-24T14:33:52+08:00 ] ::1 /shiyi/yiyuangou/Public/font/fontello.woff?85409932
INFO: [ app_init ] --START--
INFO: Run Behavior\BuildLiteBehavior [ RunTime:0.000000s ]
INFO: [ app_init ] --END-- [ RunTime:0.001000s ]
ERR: 无法加载模块:Public

[ 2016-11-24T14:33:52+08:00 ] ::1 /shiyi/yiyuangou/Public/font/fontello.ttf?85409932
INFO: [ app_init ] --START--
INFO: Run Behavior\BuildLiteBehavior [ RunTime:0.000000s ]
INFO: [ app_init ] --END-- [ RunTime:0.002000s ]
ERR: 无法加载模块:Public

[ 2016-11-24T14:34:10+08:00 ] ::1 /shiyi/yiyuangou/Public/images/people.png
INFO: [ app_init ] --START--
INFO: Run Behavior\BuildLiteBehavior [ RunTime:0.000000s ]
INFO: [ app_init ] --END-- [ RunTime:0.000000s ]
ERR: 无法加载模块:Public

[ 2016-11-24T14:34:10+08:00 ] ::1 /shiyi/yiyuangou/Public/font/fontello.woff?85409932
INFO: [ app_init ] --START--
INFO: Run Behavior\BuildLiteBehavior [ RunTime:0.000000s ]
INFO: [ app_init ] --END-- [ RunTime:0.001000s ]
ERR: 无法加载模块:Public

[ 2016-11-24T14:34:10+08:00 ] ::1 /shiyi/yiyuangou/Public/font/fontello.ttf?85409932
INFO: [ app_init ] --START--
INFO: Run Behavior\BuildLiteBehavior [ RunTime:0.000000s ]
INFO: [ app_init ] --END-- [ RunTime:0.000000s ]
ERR: 无法加载模块:Public

[ 2016-11-24T14:43:40+08:00 ] ::1 /shiyi/yiyuangou/Public/images/people.png
INFO: [ app_init ] --START--
INFO: Run Behavior\BuildLiteBehavior [ RunTime:0.000000s ]
INFO: [ app_init ] --END-- [ RunTime:0.000000s ]
ERR: 无法加载模块:Public

[ 2016-11-24T14:43:57+08:00 ] ::1 /shiyi/yiyuangou/Public/images/people.png
INFO: [ app_init ] --START--
INFO: Run Behavior\BuildLiteBehavior [ RunTime:0.000000s ]
INFO: [ app_init ] --END-- [ RunTime:0.001001s ]
ERR: 无法加载模块:Public

[ 2016-11-24T14:43:57+08:00 ] ::1 /shiyi/yiyuangou/Public/font/fontello.woff?85409932
INFO: [ app_init ] --START--
INFO: Run Behavior\BuildLiteBehavior [ RunTime:0.000000s ]
INFO: [ app_init ] --END-- [ RunTime:0.000000s ]
ERR: 无法加载模块:Public

[ 2016-11-24T14:43:57+08:00 ] ::1 /shiyi/yiyuangou/Public/font/fontello.ttf?85409932
INFO: [ app_init ] --START--
INFO: Run Behavior\BuildLiteBehavior [ RunTime:0.000000s ]
INFO: [ app_init ] --END-- [ RunTime:0.001000s ]
ERR: 无法加载模块:Public

[ 2016-11-24T14:45:07+08:00 ] ::1 /shiyi/yiyuangou/Public/images/people.png
INFO: [ app_init ] --START--
INFO: Run Behavior\BuildLiteBehavior [ RunTime:0.000000s ]
INFO: [ app_init ] --END-- [ RunTime:0.000000s ]
ERR: 无法加载模块:Public

[ 2016-11-24T14:45:08+08:00 ] ::1 /shiyi/yiyuangou/Public/font/fontello.woff?85409932
INFO: [ app_init ] --START--
INFO: Run Behavior\BuildLiteBehavior [ RunTime:0.000000s ]
INFO: [ app_init ] --END-- [ RunTime:0.000000s ]
ERR: 无法加载模块:Public

[ 2016-11-24T14:45:09+08:00 ] ::1 /shiyi/yiyuangou/Public/font/fontello.ttf?85409932
INFO: [ app_init ] --START--
INFO: Run Behavior\BuildLiteBehavior [ RunTime:0.000000s ]
INFO: [ app_init ] --END-- [ RunTime:0.000000s ]
ERR: 无法加载模块:Public

[ 2016-11-24T14:45:11+08:00 ] ::1 /shiyi/yiyuangou/Public/images/people.png
INFO: [ app_init ] --START--
INFO: Run Behavior\BuildLiteBehavior [ RunTime:0.000000s ]
INFO: [ app_init ] --END-- [ RunTime:0.000000s ]
ERR: 无法加载模块:Public

[ 2016-11-24T14:46:59+08:00 ] ::1 /shiyi/yiyuangou/Public/images/people.png
INFO: [ app_init ] --START--
INFO: Run Behavior\BuildLiteBehavior [ RunTime:0.000000s ]
INFO: [ app_init ] --END-- [ RunTime:0.001000s ]
ERR: 无法加载模块:Public

[ 2016-11-24T14:46:59+08:00 ] ::1 /shiyi/yiyuangou/Public/font/fontello.woff?85409932
INFO: [ app_init ] --START--
INFO: Run Behavior\BuildLiteBehavior [ RunTime:0.000000s ]
INFO: [ app_init ] --END-- [ RunTime:0.001001s ]
ERR: 无法加载模块:Public

[ 2016-11-24T14:46:59+08:00 ] ::1 /shiyi/yiyuangou/Public/font/fontello.ttf?85409932
INFO: [ app_init ] --START--
INFO: Run Behavior\BuildLiteBehavior [ RunTime:0.000000s ]
INFO: [ app_init ] --END-- [ RunTime:0.000000s ]
ERR: 无法加载模块:Public

[ 2016-11-24T14:47:13+08:00 ] ::1 /shiyi/yiyuangou/Public/images/people.png
INFO: [ app_init ] --START--
INFO: Run Behavior\BuildLiteBehavior [ RunTime:0.000000s ]
INFO: [ app_init ] --END-- [ RunTime:0.001000s ]
ERR: 无法加载模块:Public

[ 2016-11-24T14:47:15+08:00 ] ::1 /shiyi/yiyuangou/Public/font/fontello.woff?85409932
INFO: [ app_init ] --START--
INFO: Run Behavior\BuildLiteBehavior [ RunTime:0.000000s ]
INFO: [ app_init ] --END-- [ RunTime:0.000000s ]
ERR: 无法加载模块:Public

[ 2016-11-24T14:47:15+08:00 ] ::1 /shiyi/yiyuangou/Public/font/fontello.ttf?85409932
INFO: [ app_init ] --START--
INFO: Run Behavior\BuildLiteBehavior [ RunTime:0.000000s ]
INFO: [ app_init ] --END-- [ RunTime:0.001000s ]
ERR: 无法加载模块:Public

[ 2016-11-24T14:47:19+08:00 ] ::1 /shiyi/yiyuangou/Public/images/people.png
INFO: [ app_init ] --START--
INFO: Run Behavior\BuildLiteBehavior [ RunTime:0.000000s ]
INFO: [ app_init ] --END-- [ RunTime:0.001000s ]
ERR: 无法加载模块:Public

[ 2016-11-24T14:47:19+08:00 ] ::1 /shiyi/yiyuangou/Public/images/people.png
INFO: [ app_init ] --START--
INFO: Run Behavior\BuildLiteBehavior [ RunTime:0.000000s ]
INFO: [ app_init ] --END-- [ RunTime:0.001000s ]
ERR: 无法加载模块:Public

[ 2016-11-24T14:47:20+08:00 ] ::1 /shiyi/yiyuangou/Public/images/people.png
INFO: [ app_init ] --START--
INFO: Run Behavior\BuildLiteBehavior [ RunTime:0.000000s ]
INFO: [ app_init ] --END-- [ RunTime:0.000000s ]
ERR: 无法加载模块:Public

[ 2016-11-24T14:47:35+08:00 ] ::1 /shiyi/yiyuangou/Public/images/people.png
INFO: [ app_init ] --START--
INFO: Run Behavior\BuildLiteBehavior [ RunTime:0.000000s ]
INFO: [ app_init ] --END-- [ RunTime:0.000000s ]
ERR: 无法加载模块:Public

[ 2016-11-24T14:47:42+08:00 ] ::1 /shiyi/yiyuangou/Public/font/fontello.woff?85409932
INFO: [ app_init ] --START--
INFO: Run Behavior\BuildLiteBehavior [ RunTime:0.000000s ]
INFO: [ app_init ] --END-- [ RunTime:0.001001s ]
ERR: 无法加载模块:Public

[ 2016-11-24T14:47:42+08:00 ] ::1 /shiyi/yiyuangou/Public/font/fontello.ttf?85409932
INFO: [ app_init ] --START--
INFO: Run Behavior\BuildLiteBehavior [ RunTime:0.000000s ]
INFO: [ app_init ] --END-- [ RunTime:0.001000s ]
ERR: 无法加载模块:Public

[ 2016-11-24T14:47:44+08:00 ] ::1 /shiyi/yiyuangou/Public/font/fontello.woff?85409932
INFO: [ app_init ] --START--
INFO: Run Behavior\BuildLiteBehavior [ RunTime:0.000000s ]
INFO: [ app_init ] --END-- [ RunTime:0.000000s ]
ERR: 无法加载模块:Public

[ 2016-11-24T14:47:45+08:00 ] ::1 /shiyi/yiyuangou/Public/font/fontello.ttf?85409932
INFO: [ app_init ] --START--
INFO: Run Behavior\BuildLiteBehavior [ RunTime:0.000000s ]
INFO: [ app_init ] --END-- [ RunTime:0.000000s ]
ERR: 无法加载模块:Public

[ 2016-11-24T14:47:46+08:00 ] ::1 /shiyi/yiyuangou/Public/images/people.png
INFO: [ app_init ] --START--
INFO: Run Behavior\BuildLiteBehavior [ RunTime:0.000000s ]
INFO: [ app_init ] --END-- [ RunTime:0.001001s ]
ERR: 无法加载模块:Public

[ 2016-11-24T14:47:46+08:00 ] ::1 /shiyi/yiyuangou/Public/images/people.png
INFO: [ app_init ] --START--
INFO: Run Behavior\BuildLiteBehavior [ RunTime:0.000000s ]
INFO: [ app_init ] --END-- [ RunTime:0.001000s ]
ERR: 无法加载模块:Public

[ 2016-11-24T14:48:02+08:00 ] ::1 /shiyi/yiyuangou/Public/images/people.png
INFO: [ app_init ] --START--
INFO: Run Behavior\BuildLiteBehavior [ RunTime:0.000000s ]
INFO: [ app_init ] --END-- [ RunTime:0.000000s ]
ERR: 无法加载模块:Public

[ 2016-11-24T14:48:05+08:00 ] ::1 /shiyi/yiyuangou/Public/images/right.png
INFO: [ app_init ] --START--
INFO: Run Behavior\BuildLiteBehavior [ RunTime:0.000000s ]
INFO: [ app_init ] --END-- [ RunTime:0.001000s ]
ERR: 无法加载模块:Public

[ 2016-11-24T14:48:06+08:00 ] ::1 /shiyi/yiyuangou/Public/images/sprite.png
INFO: [ app_init ] --START--
INFO: Run Behavior\BuildLiteBehavior [ RunTime:0.000000s ]
INFO: [ app_init ] --END-- [ RunTime:0.000000s ]
ERR: 无法加载模块:Public

[ 2016-11-24T14:48:06+08:00 ] ::1 /shiyi/yiyuangou/Public/images/sprite1.png
INFO: [ app_init ] --START--
INFO: Run Behavior\BuildLiteBehavior [ RunTime:0.000000s ]
INFO: [ app_init ] --END-- [ RunTime:0.001000s ]
ERR: 无法加载模块:Public

[ 2016-11-24T14:48:09+08:00 ] ::1 /shiyi/yiyuangou/Public/font/fontello.woff?85409932
INFO: [ app_init ] --START--
INFO: Run Behavior\BuildLiteBehavior [ RunTime:0.000000s ]
INFO: [ app_init ] --END-- [ RunTime:0.001000s ]
ERR: 无法加载模块:Public

[ 2016-11-24T14:48:10+08:00 ] ::1 /shiyi/yiyuangou/Public/font/fontello.ttf?85409932
INFO: [ app_init ] --START--
INFO: Run Behavior\BuildLiteBehavior [ RunTime:0.000000s ]
INFO: [ app_init ] --END-- [ RunTime:0.000000s ]
ERR: 无法加载模块:Public

[ 2016-11-24T14:48:12+08:00 ] ::1 /shiyi/yiyuangou/Public/images/sprite.png
INFO: [ app_init ] --START--
INFO: Run Behavior\BuildLiteBehavior [ RunTime:0.000000s ]
INFO: [ app_init ] --END-- [ RunTime:0.001000s ]
ERR: 无法加载模块:Public

[ 2016-11-24T14:48:12+08:00 ] ::1 /shiyi/yiyuangou/Public/images/sprite1.png
INFO: [ app_init ] --START--
INFO: Run Behavior\BuildLiteBehavior [ RunTime:0.000000s ]
INFO: [ app_init ] --END-- [ RunTime:0.000000s ]
ERR: 无法加载模块:Public

[ 2016-11-24T14:48:12+08:00 ] ::1 /shiyi/yiyuangou/Public/images/right.png
INFO: [ app_init ] --START--
INFO: Run Behavior\BuildLiteBehavior [ RunTime:0.000000s ]
INFO: [ app_init ] --END-- [ RunTime:0.001000s ]
ERR: 无法加载模块:Public

[ 2016-11-24T14:48:12+08:00 ] ::1 /shiyi/yiyuangou/Public/images/people.png
INFO: [ app_init ] --START--
INFO: Run Behavior\BuildLiteBehavior [ RunTime:0.000000s ]
INFO: [ app_init ] --END-- [ RunTime:0.001000s ]
ERR: 无法加载模块:Public

[ 2016-11-24T14:48:12+08:00 ] ::1 /shiyi/yiyuangou/Public/images/people.png
INFO: [ app_init ] --START--
INFO: Run Behavior\BuildLiteBehavior [ RunTime:0.000000s ]
INFO: [ app_init ] --END-- [ RunTime:0.001000s ]
ERR: 无法加载模块:Public

[ 2016-11-24T14:48:15+08:00 ] ::1 /shiyi/yiyuangou/Public/images/people.png
INFO: [ app_init ] --START--
INFO: Run Behavior\BuildLiteBehavior [ RunTime:0.000000s ]
INFO: [ app_init ] --END-- [ RunTime:0.000000s ]
ERR: 无法加载模块:Public

[ 2016-11-24T14:48:15+08:00 ] ::1 /shiyi/yiyuangou/Public/font/fontello.woff?85409932
INFO: [ app_init ] --START--
INFO: Run Behavior\BuildLiteBehavior [ RunTime:0.000000s ]
INFO: [ app_init ] --END-- [ RunTime:0.002000s ]
ERR: 无法加载模块:Public

[ 2016-11-24T14:48:15+08:00 ] ::1 /shiyi/yiyuangou/Public/font/fontello.ttf?85409932
INFO: [ app_init ] --START--
INFO: Run Behavior\BuildLiteBehavior [ RunTime:0.000000s ]
INFO: [ app_init ] --END-- [ RunTime:0.000000s ]
ERR: 无法加载模块:Public

[ 2016-11-24T14:48:18+08:00 ] ::1 /shiyi/yiyuangou/Public/font/fontello.woff?85409932
INFO: [ app_init ] --START--
INFO: Run Behavior\BuildLiteBehavior [ RunTime:0.000000s ]
INFO: [ app_init ] --END-- [ RunTime:0.000000s ]
ERR: 无法加载模块:Public

[ 2016-11-24T14:48:18+08:00 ] ::1 /shiyi/yiyuangou/Public/font/fontello.ttf?85409932
INFO: [ app_init ] --START--
INFO: Run Behavior\BuildLiteBehavior [ RunTime:0.000000s ]
INFO: [ app_init ] --END-- [ RunTime:0.000000s ]
ERR: 无法加载模块:Public

[ 2016-11-24T14:48:19+08:00 ] ::1 /shiyi/yiyuangou/Public/images/people.png
INFO: [ app_init ] --START--
INFO: Run Behavior\BuildLiteBehavior [ RunTime:0.000000s ]
INFO: [ app_init ] --END-- [ RunTime:0.000000s ]
ERR: 无法加载模块:Public

[ 2016-11-24T14:48:19+08:00 ] ::1 /shiyi/yiyuangou/Public/images/right.png
INFO: [ app_init ] --START--
INFO: Run Behavior\BuildLiteBehavior [ RunTime:0.000000s ]
INFO: [ app_init ] --END-- [ RunTime:0.000000s ]
ERR: 无法加载模块:Public

[ 2016-11-24T14:50:54+08:00 ] ::1 /shiyi/yiyuangou/Public/images/people.png
INFO: [ app_init ] --START--
INFO: Run Behavior\BuildLiteBehavior [ RunTime:0.000000s ]
INFO: [ app_init ] --END-- [ RunTime:0.001000s ]
ERR: 无法加载模块:Public

[ 2016-11-24T14:50:58+08:00 ] ::1 /shiyi/yiyuangou/Public/font/fontello.woff?85409932
INFO: [ app_init ] --START--
INFO: Run Behavior\BuildLiteBehavior [ RunTime:0.000000s ]
INFO: [ app_init ] --END-- [ RunTime:0.001000s ]
ERR: 无法加载模块:Public

[ 2016-11-24T14:50:59+08:00 ] ::1 /shiyi/yiyuangou/Public/font/fontello.ttf?85409932
INFO: [ app_init ] --START--
INFO: Run Behavior\BuildLiteBehavior [ RunTime:0.000000s ]
INFO: [ app_init ] --END-- [ RunTime:0.000000s ]
ERR: 无法加载模块:Public

[ 2016-11-24T14:51:01+08:00 ] ::1 /shiyi/yiyuangou/Public/images/people.png
INFO: [ app_init ] --START--
INFO: Run Behavior\BuildLiteBehavior [ RunTime:0.000000s ]
INFO: [ app_init ] --END-- [ RunTime:0.001000s ]
ERR: 无法加载模块:Public

[ 2016-11-24T14:51:10+08:00 ] ::1 /shiyi/yiyuangou/Public/images/people.png
INFO: [ app_init ] --START--
INFO: Run Behavior\BuildLiteBehavior [ RunTime:0.000000s ]
INFO: [ app_init ] --END-- [ RunTime:0.000000s ]
ERR: 无法加载模块:Public

[ 2016-11-24T14:51:11+08:00 ] ::1 /shiyi/yiyuangou/Public/images/right.png
INFO: [ app_init ] --START--
INFO: Run Behavior\BuildLiteBehavior [ RunTime:0.000000s ]
INFO: [ app_init ] --END-- [ RunTime:0.001000s ]
ERR: 无法加载模块:Public

[ 2016-11-24T14:51:12+08:00 ] ::1 /shiyi/yiyuangou/Public/images/sprite.png
INFO: [ app_init ] --START--
INFO: Run Behavior\BuildLiteBehavior [ RunTime:0.000000s ]
INFO: [ app_init ] --END-- [ RunTime:0.001000s ]
ERR: 无法加载模块:Public

[ 2016-11-24T14:51:12+08:00 ] ::1 /shiyi/yiyuangou/Public/images/sprite1.png
INFO: [ app_init ] --START--
INFO: Run Behavior\BuildLiteBehavior [ RunTime:0.000000s ]
INFO: [ app_init ] --END-- [ RunTime:0.001001s ]
ERR: 无法加载模块:Public

[ 2016-11-24T14:51:14+08:00 ] ::1 /shiyi/yiyuangou/Public/font/fontello.woff?85409932
INFO: [ app_init ] --START--
INFO: Run Behavior\BuildLiteBehavior [ RunTime:0.000000s ]
INFO: [ app_init ] --END-- [ RunTime:0.001000s ]
ERR: 无法加载模块:Public

[ 2016-11-24T14:51:14+08:00 ] ::1 /shiyi/yiyuangou/Public/font/fontello.ttf?85409932
INFO: [ app_init ] --START--
INFO: Run Behavior\BuildLiteBehavior [ RunTime:0.000000s ]
INFO: [ app_init ] --END-- [ RunTime:0.000000s ]
ERR: 无法加载模块:Public

[ 2016-11-24T14:51:15+08:00 ] ::1 /shiyi/yiyuangou/Public/images/people.png
INFO: [ app_init ] --START--
INFO: Run Behavior\BuildLiteBehavior [ RunTime:0.000000s ]
INFO: [ app_init ] --END-- [ RunTime:0.001000s ]
ERR: 无法加载模块:Public

[ 2016-11-24T14:51:15+08:00 ] ::1 /shiyi/yiyuangou/Public/images/people.png
INFO: [ app_init ] --START--
INFO: Run Behavior\BuildLiteBehavior [ RunTime:0.000000s ]
INFO: [ app_init ] --END-- [ RunTime:0.000000s ]
ERR: 无法加载模块:Public

[ 2016-11-24T14:51:15+08:00 ] ::1 /shiyi/yiyuangou/Public/images/people.png
INFO: [ app_init ] --START--
INFO: Run Behavior\BuildLiteBehavior [ RunTime:0.000000s ]
INFO: [ app_init ] --END-- [ RunTime:0.001000s ]
ERR: 无法加载模块:Public

[ 2016-11-24T14:51:16+08:00 ] ::1 /shiyi/yiyuangou/Public/font/fontello.woff?85409932
INFO: [ app_init ] --START--
INFO: Run Behavior\BuildLiteBehavior [ RunTime:0.000000s ]
INFO: [ app_init ] --END-- [ RunTime:0.001000s ]
ERR: 无法加载模块:Public

[ 2016-11-24T14:51:16+08:00 ] ::1 /shiyi/yiyuangou/Public/font/fontello.ttf?85409932
INFO: [ app_init ] --START--
INFO: Run Behavior\BuildLiteBehavior [ RunTime:0.000000s ]
INFO: [ app_init ] --END-- [ RunTime:0.000000s ]
ERR: 无法加载模块:Public

[ 2016-11-24T15:23:29+08:00 ] ::1 /shiyi/yiyuangou/Public/images/people.png
INFO: [ app_init ] --START--
INFO: Run Behavior\BuildLiteBehavior [ RunTime:0.000000s ]
INFO: [ app_init ] --END-- [ RunTime:0.000000s ]
ERR: 无法加载模块:Public

[ 2016-11-24T15:23:29+08:00 ] ::1 /shiyi/yiyuangou/Public/font/fontello.woff?85409932
INFO: [ app_init ] --START--
INFO: Run Behavior\BuildLiteBehavior [ RunTime:0.000000s ]
INFO: [ app_init ] --END-- [ RunTime:0.001001s ]
ERR: 无法加载模块:Public

[ 2016-11-24T15:23:30+08:00 ] ::1 /shiyi/yiyuangou/Public/font/fontello.ttf?85409932
INFO: [ app_init ] --START--
INFO: Run Behavior\BuildLiteBehavior [ RunTime:0.000000s ]
INFO: [ app_init ] --END-- [ RunTime:0.000000s ]
ERR: 无法加载模块:Public

[ 2016-11-24T15:38:49+08:00 ] ::1 /shiyi/yiyuangou/Public/images/people.png
INFO: [ app_init ] --START--
INFO: Run Behavior\BuildLiteBehavior [ RunTime:0.000000s ]
INFO: [ app_init ] --END-- [ RunTime:0.001000s ]
ERR: 无法加载模块:Public

[ 2016-11-24T15:38:49+08:00 ] ::1 /shiyi/yiyuangou/Public/font/fontello.woff?85409932
INFO: [ app_init ] --START--
INFO: Run Behavior\BuildLiteBehavior [ RunTime:0.000000s ]
INFO: [ app_init ] --END-- [ RunTime:0.001000s ]
ERR: 无法加载模块:Public

[ 2016-11-24T15:38:49+08:00 ] ::1 /shiyi/yiyuangou/Public/font/fontello.ttf?85409932
INFO: [ app_init ] --START--
INFO: Run Behavior\BuildLiteBehavior [ RunTime:0.000000s ]
INFO: [ app_init ] --END-- [ RunTime:0.001000s ]
ERR: 无法加载模块:Public

