[ 2016-10-29T14:03:10+08:00 ] ::1 /tpp/
INFO: [ app_begin ] --START--
INFO: Run Behavior\ReadHtmlCache [ RunTime:0.019147s ]
INFO: [ app_begin ] --END-- [ RunTime:0.031985s ]
INFO: [ view_parse ] --START--
INFO: [ template_filter ] --START--
INFO: Run Behavior\ContentReplace [ RunTime:0.000140s ]
INFO: [ template_filter ] --END-- [ RunTime:0.000432s ]
INFO: Run Behavior\ParseTemplate [ RunTime:0.099709s ]
INFO: [ view_parse ] --END-- [ RunTime:0.099941s ]
INFO: [ view_filter ] --START--
INFO: Run Behavior\WriteHtmlCache [ RunTime:0.024148s ]
INFO: [ view_filter ] --END-- [ RunTime:0.024418s ]
INFO: [ app_end ] --START--
INFO: Run Behavior\ShowPageTrace [ RunTime:0.007906s ]
INFO: [ app_end ] --END-- [ RunTime:0.008132s ]

[ 2016-10-29T14:03:52+08:00 ] ::1 /tpp/index.php/
INFO: [ app_begin ] --START--
INFO: Run Behavior\ReadHtmlCache [ RunTime:0.001973s ]
INFO: [ app_begin ] --END-- [ RunTime:0.003602s ]
INFO: [ view_parse ] --START--
INFO: [ template_filter ] --START--
INFO: Run Behavior\ContentReplace [ RunTime:0.000091s ]
INFO: [ template_filter ] --END-- [ RunTime:0.000286s ]
INFO: Run Behavior\ParseTemplate [ RunTime:0.023467s ]
INFO: [ view_parse ] --END-- [ RunTime:0.023776s ]
INFO: [ view_filter ] --START--
INFO: Run Behavior\WriteHtmlCache [ RunTime:0.000868s ]
INFO: [ view_filter ] --END-- [ RunTime:0.001091s ]
INFO: [ app_end ] --START--
INFO: Run Behavior\ShowPageTrace [ RunTime:0.001695s ]
INFO: [ app_end ] --END-- [ RunTime:0.001941s ]

[ 2016-10-29T14:03:58+08:00 ] ::1 /tpp/index.php/Home/Index/addok
INFO: [ app_begin ] --START--
INFO: Run Behavior\ReadHtmlCache [ RunTime:0.001389s ]
INFO: [ app_begin ] --END-- [ RunTime:0.002713s ]
ERR: 非法操作:addok

[ 2016-10-29T14:04:04+08:00 ] ::1 /tpp/index.php/Home/Index/login
INFO: [ app_begin ] --START--
INFO: Run Behavior\ReadHtmlCache [ RunTime:0.002309s ]
INFO: [ app_begin ] --END-- [ RunTime:0.004692s ]
INFO: [ view_parse ] --START--
INFO: [ template_filter ] --START--
INFO: Run Behavior\ContentReplace [ RunTime:0.000145s ]
INFO: [ template_filter ] --END-- [ RunTime:0.000419s ]
INFO: Run Behavior\ParseTemplate [ RunTime:0.019787s ]
INFO: [ view_parse ] --END-- [ RunTime:0.019992s ]
INFO: [ view_filter ] --START--
INFO: Run Behavior\WriteHtmlCache [ RunTime:0.000647s ]
INFO: [ view_filter ] --END-- [ RunTime:0.000785s ]
INFO: [ app_end ] --START--
INFO: Run Behavior\ShowPageTrace [ RunTime:0.001324s ]
INFO: [ app_end ] --END-- [ RunTime:0.001511s ]

[ 2016-10-29T14:04:17+08:00 ] ::1 /tpp/index.php/Home/Indexloginok?name=%E6%B0%94%E7%90%83&pwd=
INFO: [ app_begin ] --START--
INFO: Run Behavior\ReadHtmlCache [ RunTime:0.001907s ]
INFO: [ app_begin ] --END-- [ RunTime:0.003346s ]
ERR: 无法加载控制器:Indexloginok

[ 2016-10-29T14:04:41+08:00 ] ::1 /tpp/index.php/Home/Index/login
INFO: [ app_begin ] --START--
INFO: Run Behavior\ReadHtmlCache [ RunTime:0.002165s ]
INFO: [ app_begin ] --END-- [ RunTime:0.003255s ]
INFO: [ view_parse ] --START--
INFO: [ template_filter ] --START--
INFO: Run Behavior\ContentReplace [ RunTime:0.000100s ]
INFO: [ template_filter ] --END-- [ RunTime:0.000303s ]
INFO: Run Behavior\ParseTemplate [ RunTime:0.017350s ]
INFO: [ view_parse ] --END-- [ RunTime:0.017618s ]
INFO: [ view_filter ] --START--
INFO: Run Behavior\WriteHtmlCache [ RunTime:0.000700s ]
INFO: [ view_filter ] --END-- [ RunTime:0.000841s ]
INFO: [ app_end ] --START--
INFO: Run Behavior\ShowPageTrace [ RunTime:0.001724s ]
INFO: [ app_end ] --END-- [ RunTime:0.001925s ]

[ 2016-10-29T14:04:45+08:00 ] ::1 /tpp/index.php/Home/Index/loginok?name=%E6%B0%94%E7%90%83&pwd=
INFO: [ app_begin ] --START--
INFO: Run Behavior\ReadHtmlCache [ RunTime:0.001298s ]
INFO: [ app_begin ] --END-- [ RunTime:0.002631s ]
NOTIC: [8192] mysql_connect(): The mysql extension is deprecated and will be removed in the future: use mysqli or PDO instead E:\phpstudy\WWW\tpp\ThinkPHP\Library\Think\Db\Driver\Mysql.class.php 第 52 行.
SQL: SHOW COLUMNS FROM `login` [ RunTime:0.012666s ]
SQL: SELECT * FROM `login` WHERE ( `name` = '' ) AND ( `pwd` = '' )  [ RunTime:0.000946s ]
INFO: [ view_parse ] --START--
INFO: [ template_filter ] --START--
INFO: Run Behavior\ContentReplace [ RunTime:0.000146s ]
INFO: [ template_filter ] --END-- [ RunTime:0.000478s ]
INFO: Run Behavior\ParseTemplate [ RunTime:0.084026s ]
INFO: [ view_parse ] --END-- [ RunTime:0.084284s ]
INFO: [ view_filter ] --START--
INFO: Run Behavior\WriteHtmlCache [ RunTime:0.000919s ]
INFO: [ view_filter ] --END-- [ RunTime:0.001148s ]

[ 2016-10-29T14:04:56+08:00 ] ::1 /tpp/index.php/Home/Index/loginok?name=py&pwd=123456
INFO: [ app_begin ] --START--
INFO: Run Behavior\ReadHtmlCache [ RunTime:0.001432s ]
INFO: [ app_begin ] --END-- [ RunTime:0.002490s ]
NOTIC: [8192] mysql_connect(): The mysql extension is deprecated and will be removed in the future: use mysqli or PDO instead E:\phpstudy\WWW\tpp\ThinkPHP\Library\Think\Db\Driver\Mysql.class.php 第 52 行.
SQL: SHOW COLUMNS FROM `login` [ RunTime:0.012507s ]
SQL: SELECT * FROM `login` WHERE ( `name` = '' ) AND ( `pwd` = '' )  [ RunTime:0.000795s ]
INFO: [ view_parse ] --START--
INFO: [ template_filter ] --START--
INFO: Run Behavior\ContentReplace [ RunTime:0.000111s ]
INFO: [ template_filter ] --END-- [ RunTime:0.000342s ]
INFO: Run Behavior\ParseTemplate [ RunTime:0.017312s ]
INFO: [ view_parse ] --END-- [ RunTime:0.017562s ]
INFO: [ view_filter ] --START--
INFO: Run Behavior\WriteHtmlCache [ RunTime:0.000703s ]
INFO: [ view_filter ] --END-- [ RunTime:0.000903s ]

[ 2016-10-29T14:06:11+08:00 ] ::1 /tpp/index.php/Home/Index/login
INFO: [ app_begin ] --START--
INFO: Run Behavior\ReadHtmlCache [ RunTime:0.001709s ]
INFO: [ app_begin ] --END-- [ RunTime:0.003144s ]
INFO: [ view_parse ] --START--
INFO: [ template_filter ] --START--
INFO: Run Behavior\ContentReplace [ RunTime:0.000098s ]
INFO: [ template_filter ] --END-- [ RunTime:0.000319s ]
INFO: Run Behavior\ParseTemplate [ RunTime:0.028751s ]
INFO: [ view_parse ] --END-- [ RunTime:0.028985s ]
INFO: [ view_filter ] --START--
INFO: Run Behavior\WriteHtmlCache [ RunTime:0.000826s ]
INFO: [ view_filter ] --END-- [ RunTime:0.000963s ]
INFO: [ app_end ] --START--
INFO: Run Behavior\ShowPageTrace [ RunTime:0.001439s ]
INFO: [ app_end ] --END-- [ RunTime:0.001592s ]

[ 2016-10-29T14:06:17+08:00 ] ::1 /tpp/index.php/Home/Index/loginok?name=py&pwd=123456
INFO: [ app_begin ] --START--
INFO: Run Behavior\ReadHtmlCache [ RunTime:0.001316s ]
INFO: [ app_begin ] --END-- [ RunTime:0.002553s ]
NOTIC: [8192] mysql_connect(): The mysql extension is deprecated and will be removed in the future: use mysqli or PDO instead E:\phpstudy\WWW\tpp\ThinkPHP\Library\Think\Db\Driver\Mysql.class.php 第 52 行.
SQL: SHOW COLUMNS FROM `login` [ RunTime:0.012867s ]
NOTIC: [8] Undefined index: name E:\phpstudy\WWW\tpp\Application\Home\Controller\IndexController.class.php 第 82 行.
NOTIC: [8] Undefined index: pwd E:\phpstudy\WWW\tpp\Application\Home\Controller\IndexController.class.php 第 83 行.
SQL: SELECT * FROM `login` WHERE ( `name` = null ) AND ( `pwd` = null )  [ RunTime:0.000839s ]
INFO: [ view_parse ] --START--
INFO: [ template_filter ] --START--
INFO: Run Behavior\ContentReplace [ RunTime:0.000097s ]
INFO: [ template_filter ] --END-- [ RunTime:0.000310s ]
INFO: Run Behavior\ParseTemplate [ RunTime:0.017174s ]
INFO: [ view_parse ] --END-- [ RunTime:0.017404s ]
INFO: [ view_filter ] --START--
INFO: Run Behavior\WriteHtmlCache [ RunTime:0.000722s ]
INFO: [ view_filter ] --END-- [ RunTime:0.000897s ]

[ 2016-10-29T14:07:06+08:00 ] ::1 /tpp/index.php/Home/Index/login
INFO: [ app_begin ] --START--
INFO: Run Behavior\ReadHtmlCache [ RunTime:0.002093s ]
INFO: [ app_begin ] --END-- [ RunTime:0.003507s ]
INFO: [ view_parse ] --START--
INFO: [ template_filter ] --START--
INFO: Run Behavior\ContentReplace [ RunTime:0.000140s ]
INFO: [ template_filter ] --END-- [ RunTime:0.000428s ]
INFO: Run Behavior\ParseTemplate [ RunTime:0.024819s ]
INFO: [ view_parse ] --END-- [ RunTime:0.025092s ]
INFO: [ view_filter ] --START--
INFO: Run Behavior\WriteHtmlCache [ RunTime:0.000802s ]
INFO: [ view_filter ] --END-- [ RunTime:0.000992s ]
INFO: [ app_end ] --START--
INFO: Run Behavior\ShowPageTrace [ RunTime:0.001464s ]
INFO: [ app_end ] --END-- [ RunTime:0.001621s ]

[ 2016-10-29T14:07:13+08:00 ] ::1 /tpp/index.php/Home/Index/loginok
INFO: [ app_begin ] --START--
INFO: Run Behavior\ReadHtmlCache [ RunTime:0.001372s ]
INFO: [ app_begin ] --END-- [ RunTime:0.002460s ]
NOTIC: [8192] mysql_connect(): The mysql extension is deprecated and will be removed in the future: use mysqli or PDO instead E:\phpstudy\WWW\tpp\ThinkPHP\Library\Think\Db\Driver\Mysql.class.php 第 52 行.
SQL: SHOW COLUMNS FROM `login` [ RunTime:0.011489s ]
SQL: SELECT * FROM `login` WHERE ( `name` = 'py' ) AND ( `pwd` = '123456' )  [ RunTime:0.000950s ]
INFO: [ view_parse ] --START--
INFO: [ template_filter ] --START--
INFO: Run Behavior\ContentReplace [ RunTime:0.000096s ]
INFO: [ template_filter ] --END-- [ RunTime:0.000325s ]
INFO: Run Behavior\ParseTemplate [ RunTime:0.019250s ]
INFO: [ view_parse ] --END-- [ RunTime:0.019483s ]
INFO: [ view_filter ] --START--
INFO: Run Behavior\WriteHtmlCache [ RunTime:0.000612s ]
INFO: [ view_filter ] --END-- [ RunTime:0.000750s ]
INFO: [ app_end ] --START--
INFO: Run Behavior\ShowPageTrace [ RunTime:0.001245s ]
INFO: [ app_end ] --END-- [ RunTime:0.001403s ]

[ 2016-10-29T14:07:14+08:00 ] ::1 /tpp/index.php/Home/Index/login
INFO: [ app_begin ] --START--
INFO: Run Behavior\ReadHtmlCache [ RunTime:0.001301s ]
INFO: [ app_begin ] --END-- [ RunTime:0.002414s ]
INFO: [ view_parse ] --START--
INFO: [ template_filter ] --START--
INFO: Run Behavior\ContentReplace [ RunTime:0.000127s ]
INFO: [ template_filter ] --END-- [ RunTime:0.000367s ]
INFO: Run Behavior\ParseTemplate [ RunTime:0.017803s ]
INFO: [ view_parse ] --END-- [ RunTime:0.018010s ]
INFO: [ view_filter ] --START--
INFO: Run Behavior\WriteHtmlCache [ RunTime:0.000615s ]
INFO: [ view_filter ] --END-- [ RunTime:0.000753s ]
INFO: [ app_end ] --START--
INFO: Run Behavior\ShowPageTrace [ RunTime:0.001285s ]
INFO: [ app_end ] --END-- [ RunTime:0.001419s ]

[ 2016-10-29T14:10:35+08:00 ] ::1 /tpp/index.php/Home/Index/login
INFO: [ app_begin ] --START--
INFO: Run Behavior\ReadHtmlCache [ RunTime:0.003064s ]
INFO: [ app_begin ] --END-- [ RunTime:0.005682s ]
INFO: [ view_parse ] --START--
INFO: [ template_filter ] --START--
INFO: Run Behavior\ContentReplace [ RunTime:0.000092s ]
INFO: [ template_filter ] --END-- [ RunTime:0.000341s ]
INFO: Run Behavior\ParseTemplate [ RunTime:0.068218s ]
INFO: [ view_parse ] --END-- [ RunTime:0.068497s ]
INFO: [ view_filter ] --START--
INFO: Run Behavior\WriteHtmlCache [ RunTime:0.001256s ]
INFO: [ view_filter ] --END-- [ RunTime:0.001493s ]
INFO: [ app_end ] --START--
INFO: Run Behavior\ShowPageTrace [ RunTime:0.002347s ]
INFO: [ app_end ] --END-- [ RunTime:0.002575s ]

[ 2016-10-29T14:11:08+08:00 ] ::1 /tpp/index.php/Home/Index/login
INFO: [ app_begin ] --START--
INFO: Run Behavior\ReadHtmlCache [ RunTime:0.001294s ]
INFO: [ app_begin ] --END-- [ RunTime:0.002371s ]
INFO: [ view_parse ] --START--
INFO: [ template_filter ] --START--
INFO: Run Behavior\ContentReplace [ RunTime:0.000099s ]
INFO: [ template_filter ] --END-- [ RunTime:0.000399s ]
INFO: Run Behavior\ParseTemplate [ RunTime:0.019164s ]
INFO: [ view_parse ] --END-- [ RunTime:0.019358s ]
INFO: [ view_filter ] --START--
INFO: Run Behavior\WriteHtmlCache [ RunTime:0.000663s ]
INFO: [ view_filter ] --END-- [ RunTime:0.000866s ]
INFO: [ app_end ] --START--
INFO: Run Behavior\ShowPageTrace [ RunTime:0.001837s ]
INFO: [ app_end ] --END-- [ RunTime:0.002018s ]

[ 2016-10-29T16:16:00+08:00 ] ::1 /tpp/
INFO: [ app_begin ] --START--
INFO: Run Behavior\ReadHtmlCache [ RunTime:0.003707s ]
INFO: [ app_begin ] --END-- [ RunTime:0.006317s ]
INFO: [ view_parse ] --START--
INFO: [ template_filter ] --START--
INFO: Run Behavior\ContentReplace [ RunTime:0.000096s ]
INFO: [ template_filter ] --END-- [ RunTime:0.000300s ]
INFO: Run Behavior\ParseTemplate [ RunTime:0.067940s ]
INFO: [ view_parse ] --END-- [ RunTime:0.068352s ]
INFO: [ view_filter ] --START--
INFO: Run Behavior\WriteHtmlCache [ RunTime:0.006264s ]
INFO: [ view_filter ] --END-- [ RunTime:0.006674s ]
INFO: [ app_end ] --START--
INFO: Run Behavior\ShowPageTrace [ RunTime:0.003255s ]
INFO: [ app_end ] --END-- [ RunTime:0.003426s ]

[ 2016-10-29T16:16:06+08:00 ] ::1 /tpp/index.php/Home/Index/lists/
INFO: [ app_begin ] --START--
INFO: Run Behavior\ReadHtmlCache [ RunTime:0.004832s ]
INFO: [ app_begin ] --END-- [ RunTime:0.007319s ]
NOTIC: [8192] mysql_connect(): The mysql extension is deprecated and will be removed in the future: use mysqli or PDO instead E:\phpstudy\WWW\tpp\ThinkPHP\Library\Think\Db\Driver\Mysql.class.php 第 52 行.
SQL: SHOW COLUMNS FROM `users` [ RunTime:0.204951s ]
SQL: SELECT COUNT(*) AS tp_count FROM `users` LIMIT 1   [ RunTime:0.045425s ]
SQL: SELECT * FROM `users` LIMIT 0,5   [ RunTime:0.000858s ]
INFO: [ view_parse ] --START--
INFO: [ template_filter ] --START--
INFO: Run Behavior\ContentReplace [ RunTime:0.000101s ]
INFO: [ template_filter ] --END-- [ RunTime:0.000298s ]
INFO: Run Behavior\ParseTemplate [ RunTime:0.030456s ]
INFO: [ view_parse ] --END-- [ RunTime:0.030661s ]
INFO: [ view_filter ] --START--
INFO: Run Behavior\WriteHtmlCache [ RunTime:0.002225s ]
INFO: [ view_filter ] --END-- [ RunTime:0.002375s ]
INFO: [ app_end ] --START--
INFO: Run Behavior\ShowPageTrace [ RunTime:0.002844s ]
INFO: [ app_end ] --END-- [ RunTime:0.003117s ]

[ 2016-10-29T16:16:11+08:00 ] ::1 /tpp/index.php/Home/Index/login
INFO: [ app_begin ] --START--
INFO: Run Behavior\ReadHtmlCache [ RunTime:0.004947s ]
INFO: [ app_begin ] --END-- [ RunTime:0.010628s ]
INFO: [ view_parse ] --START--
INFO: [ template_filter ] --START--
INFO: Run Behavior\ContentReplace [ RunTime:0.000129s ]
INFO: [ template_filter ] --END-- [ RunTime:0.000405s ]
INFO: Run Behavior\ParseTemplate [ RunTime:0.036174s ]
INFO: [ view_parse ] --END-- [ RunTime:0.036551s ]
INFO: [ view_filter ] --START--
INFO: Run Behavior\WriteHtmlCache [ RunTime:0.002513s ]
INFO: [ view_filter ] --END-- [ RunTime:0.002737s ]
INFO: [ app_end ] --START--
INFO: Run Behavior\ShowPageTrace [ RunTime:0.005932s ]
INFO: [ app_end ] --END-- [ RunTime:0.006337s ]

[ 2016-10-29T16:16:18+08:00 ] ::1 /tpp/index.php/Home/Index/loginok
INFO: [ app_begin ] --START--
INFO: Run Behavior\ReadHtmlCache [ RunTime:0.004330s ]
INFO: [ app_begin ] --END-- [ RunTime:0.007505s ]
NOTIC: [8192] mysql_connect(): The mysql extension is deprecated and will be removed in the future: use mysqli or PDO instead E:\phpstudy\WWW\tpp\ThinkPHP\Library\Think\Db\Driver\Mysql.class.php 第 52 行.
SQL: SHOW COLUMNS FROM `login` [ RunTime:0.014183s ]
INFO: [ app_end ] --START--
INFO: Run Behavior\ShowPageTrace [ RunTime:0.003143s ]
INFO: [ app_end ] --END-- [ RunTime:0.003382s ]

[ 2016-10-29T16:16:27+08:00 ] ::1 /tpp/index.php/Home/Index/loginok
INFO: [ app_begin ] --START--
INFO: Run Behavior\ReadHtmlCache [ RunTime:0.002774s ]
INFO: [ app_begin ] --END-- [ RunTime:0.005035s ]
NOTIC: [8192] mysql_connect(): The mysql extension is deprecated and will be removed in the future: use mysqli or PDO instead E:\phpstudy\WWW\tpp\ThinkPHP\Library\Think\Db\Driver\Mysql.class.php 第 52 行.
SQL: SHOW COLUMNS FROM `login` [ RunTime:0.011376s ]
INFO: [ app_end ] --START--
INFO: Run Behavior\ShowPageTrace [ RunTime:0.003368s ]
INFO: [ app_end ] --END-- [ RunTime:0.003599s ]

[ 2016-10-29T16:16:51+08:00 ] ::1 /tpp/index.php/Home/Index/login
INFO: [ app_begin ] --START--
INFO: Run Behavior\ReadHtmlCache [ RunTime:0.007971s ]
INFO: [ app_begin ] --END-- [ RunTime:0.010156s ]
INFO: [ view_parse ] --START--
INFO: [ template_filter ] --START--
INFO: Run Behavior\ContentReplace [ RunTime:0.000095s ]
INFO: [ template_filter ] --END-- [ RunTime:0.000307s ]
INFO: Run Behavior\ParseTemplate [ RunTime:0.032502s ]
INFO: [ view_parse ] --END-- [ RunTime:0.032703s ]
INFO: [ view_filter ] --START--
INFO: Run Behavior\WriteHtmlCache [ RunTime:0.002026s ]
INFO: [ view_filter ] --END-- [ RunTime:0.002186s ]
INFO: [ app_end ] --START--
INFO: Run Behavior\ShowPageTrace [ RunTime:0.002827s ]
INFO: [ app_end ] --END-- [ RunTime:0.003001s ]

[ 2016-10-29T16:16:56+08:00 ] ::1 /tpp/index.php/Home/Index/loginok
INFO: [ app_begin ] --START--
INFO: Run Behavior\ReadHtmlCache [ RunTime:0.005207s ]
INFO: [ app_begin ] --END-- [ RunTime:0.008385s ]
NOTIC: [8192] mysql_connect(): The mysql extension is deprecated and will be removed in the future: use mysqli or PDO instead E:\phpstudy\WWW\tpp\ThinkPHP\Library\Think\Db\Driver\Mysql.class.php 第 52 行.
SQL: SHOW COLUMNS FROM `login` [ RunTime:0.014160s ]
INFO: [ app_end ] --START--
INFO: Run Behavior\ShowPageTrace [ RunTime:0.003046s ]
INFO: [ app_end ] --END-- [ RunTime:0.003227s ]

[ 2016-10-29T16:17:23+08:00 ] ::1 /tpp/index.php/Home/Index/login
INFO: [ app_begin ] --START--
INFO: Run Behavior\ReadHtmlCache [ RunTime:0.008228s ]
INFO: [ app_begin ] --END-- [ RunTime:0.019374s ]
INFO: [ view_parse ] --START--
INFO: [ template_filter ] --START--
INFO: Run Behavior\ContentReplace [ RunTime:0.000103s ]
INFO: [ template_filter ] --END-- [ RunTime:0.000307s ]
INFO: Run Behavior\ParseTemplate [ RunTime:0.052808s ]
INFO: [ view_parse ] --END-- [ RunTime:0.053102s ]
INFO: [ view_filter ] --START--
INFO: Run Behavior\WriteHtmlCache [ RunTime:0.003052s ]
INFO: [ view_filter ] --END-- [ RunTime:0.003279s ]
INFO: [ app_end ] --START--
INFO: Run Behavior\ShowPageTrace [ RunTime:0.006216s ]
INFO: [ app_end ] --END-- [ RunTime:0.006479s ]

[ 2016-10-29T16:17:27+08:00 ] ::1 /tpp/index.php/Home/Index/loginok
INFO: [ app_begin ] --START--
INFO: Run Behavior\ReadHtmlCache [ RunTime:0.003485s ]
INFO: [ app_begin ] --END-- [ RunTime:0.006058s ]
NOTIC: [8192] mysql_connect(): The mysql extension is deprecated and will be removed in the future: use mysqli or PDO instead E:\phpstudy\WWW\tpp\ThinkPHP\Library\Think\Db\Driver\Mysql.class.php 第 52 行.
SQL: SHOW COLUMNS FROM `login` [ RunTime:0.013756s ]
INFO: [ app_end ] --START--
INFO: Run Behavior\ShowPageTrace [ RunTime:0.003902s ]
INFO: [ app_end ] --END-- [ RunTime:0.004205s ]

[ 2016-10-29T16:19:46+08:00 ] ::1 /tpp/index.php/Home/Index/login
INFO: [ app_begin ] --START--
INFO: Run Behavior\ReadHtmlCache [ RunTime:0.002665s ]
INFO: [ app_begin ] --END-- [ RunTime:0.004426s ]
INFO: [ view_parse ] --START--
INFO: [ template_filter ] --START--
INFO: Run Behavior\ContentReplace [ RunTime:0.000556s ]
INFO: [ template_filter ] --END-- [ RunTime:0.001296s ]
INFO: Run Behavior\ParseTemplate [ RunTime:0.033813s ]
INFO: [ view_parse ] --END-- [ RunTime:0.034259s ]
INFO: [ view_filter ] --START--
INFO: Run Behavior\WriteHtmlCache [ RunTime:0.001990s ]
INFO: [ view_filter ] --END-- [ RunTime:0.002245s ]
INFO: [ app_end ] --START--
INFO: Run Behavior\ShowPageTrace [ RunTime:0.003074s ]
INFO: [ app_end ] --END-- [ RunTime:0.003339s ]

[ 2016-10-29T16:19:53+08:00 ] ::1 /tpp/index.php/Home/Index/loginok
INFO: [ app_begin ] --START--
INFO: Run Behavior\ReadHtmlCache [ RunTime:0.005178s ]
INFO: [ app_begin ] --END-- [ RunTime:0.006544s ]
NOTIC: [8192] mysql_connect(): The mysql extension is deprecated and will be removed in the future: use mysqli or PDO instead E:\phpstudy\WWW\tpp\ThinkPHP\Library\Think\Db\Driver\Mysql.class.php 第 52 行.
SQL: SHOW COLUMNS FROM `login` [ RunTime:0.012674s ]
INFO: [ app_end ] --START--
INFO: Run Behavior\ShowPageTrace [ RunTime:0.002663s ]
INFO: [ app_end ] --END-- [ RunTime:0.002904s ]

[ 2016-10-29T16:20:35+08:00 ] ::1 /tpp/index.php/Home/Index/loginok
INFO: [ app_begin ] --START--
INFO: Run Behavior\ReadHtmlCache [ RunTime:0.003412s ]
INFO: [ app_begin ] --END-- [ RunTime:0.005390s ]
NOTIC: [8192] mysql_connect(): The mysql extension is deprecated and will be removed in the future: use mysqli or PDO instead E:\phpstudy\WWW\tpp\ThinkPHP\Library\Think\Db\Driver\Mysql.class.php 第 52 行.
SQL: SHOW COLUMNS FROM `login` [ RunTime:0.013756s ]
NOTIC: [8] Undefined index: name E:\phpstudy\WWW\tpp\Application\Home\Controller\IndexController.class.php 第 82 行.
NOTIC: [8] Undefined index: pwd E:\phpstudy\WWW\tpp\Application\Home\Controller\IndexController.class.php 第 83 行.
INFO: [ app_end ] --START--
INFO: Run Behavior\ShowPageTrace [ RunTime:0.002532s ]
INFO: [ app_end ] --END-- [ RunTime:0.002742s ]

[ 2016-10-29T16:20:39+08:00 ] ::1 /tpp/index.php/Home/Index/login
INFO: [ app_begin ] --START--
INFO: Run Behavior\ReadHtmlCache [ RunTime:0.001869s ]
INFO: [ app_begin ] --END-- [ RunTime:0.003109s ]
INFO: [ view_parse ] --START--
INFO: [ template_filter ] --START--
INFO: Run Behavior\ContentReplace [ RunTime:0.000099s ]
INFO: [ template_filter ] --END-- [ RunTime:0.000316s ]
INFO: Run Behavior\ParseTemplate [ RunTime:0.031297s ]
INFO: [ view_parse ] --END-- [ RunTime:0.031787s ]
INFO: [ view_filter ] --START--
INFO: Run Behavior\WriteHtmlCache [ RunTime:0.002535s ]
INFO: [ view_filter ] --END-- [ RunTime:0.002763s ]
INFO: [ app_end ] --START--
INFO: Run Behavior\ShowPageTrace [ RunTime:0.002608s ]
INFO: [ app_end ] --END-- [ RunTime:0.002823s ]

[ 2016-10-29T16:20:45+08:00 ] ::1 /tpp/index.php/Home/Index/loginok
INFO: [ app_begin ] --START--
INFO: Run Behavior\ReadHtmlCache [ RunTime:0.002137s ]
INFO: [ app_begin ] --END-- [ RunTime:0.003636s ]
NOTIC: [8192] mysql_connect(): The mysql extension is deprecated and will be removed in the future: use mysqli or PDO instead E:\phpstudy\WWW\tpp\ThinkPHP\Library\Think\Db\Driver\Mysql.class.php 第 52 行.
SQL: SHOW COLUMNS FROM `login` [ RunTime:0.014256s ]
INFO: [ app_end ] --START--
INFO: Run Behavior\ShowPageTrace [ RunTime:0.002817s ]
INFO: [ app_end ] --END-- [ RunTime:0.003045s ]

[ 2016-10-29T16:20:58+08:00 ] ::1 /tpp/index.php/Home/Index/loginok
INFO: [ app_begin ] --START--
INFO: Run Behavior\ReadHtmlCache [ RunTime:0.002081s ]
INFO: [ app_begin ] --END-- [ RunTime:0.003954s ]
NOTIC: [8192] mysql_connect(): The mysql extension is deprecated and will be removed in the future: use mysqli or PDO instead E:\phpstudy\WWW\tpp\ThinkPHP\Library\Think\Db\Driver\Mysql.class.php 第 52 行.
SQL: SHOW COLUMNS FROM `login` [ RunTime:0.013804s ]
INFO: [ app_end ] --START--
INFO: Run Behavior\ShowPageTrace [ RunTime:0.002978s ]
INFO: [ app_end ] --END-- [ RunTime:0.003261s ]

[ 2016-10-29T16:21:40+08:00 ] ::1 /tpp/index.php/Home/Index/loginok
INFO: [ app_begin ] --START--
INFO: Run Behavior\ReadHtmlCache [ RunTime:0.003098s ]
INFO: [ app_begin ] --END-- [ RunTime:0.004976s ]
NOTIC: [8192] mysql_connect(): The mysql extension is deprecated and will be removed in the future: use mysqli or PDO instead E:\phpstudy\WWW\tpp\ThinkPHP\Library\Think\Db\Driver\Mysql.class.php 第 52 行.
SQL: SHOW COLUMNS FROM `login` [ RunTime:0.013172s ]
NOTIC: [8] Undefined index: name E:\phpstudy\WWW\tpp\Application\Home\Controller\IndexController.class.php 第 82 行.
NOTIC: [8] Undefined index: pwd E:\phpstudy\WWW\tpp\Application\Home\Controller\IndexController.class.php 第 83 行.
INFO: [ app_end ] --START--
INFO: Run Behavior\ShowPageTrace [ RunTime:0.002122s ]
INFO: [ app_end ] --END-- [ RunTime:0.002285s ]

[ 2016-10-29T16:22:03+08:00 ] ::1 /tpp/index.php/Home/Index/loginok
INFO: [ app_begin ] --START--
INFO: Run Behavior\ReadHtmlCache [ RunTime:0.002779s ]
INFO: [ app_begin ] --END-- [ RunTime:0.005308s ]
NOTIC: [8192] mysql_connect(): The mysql extension is deprecated and will be removed in the future: use mysqli or PDO instead E:\phpstudy\WWW\tpp\ThinkPHP\Library\Think\Db\Driver\Mysql.class.php 第 52 行.
SQL: SHOW COLUMNS FROM `login` [ RunTime:0.015874s ]
NOTIC: [8] Undefined index: name E:\phpstudy\WWW\tpp\Application\Home\Controller\IndexController.class.php 第 82 行.
NOTIC: [8] Undefined index: pwd E:\phpstudy\WWW\tpp\Application\Home\Controller\IndexController.class.php 第 83 行.
INFO: [ app_end ] --START--
INFO: Run Behavior\ShowPageTrace [ RunTime:0.002984s ]
INFO: [ app_end ] --END-- [ RunTime:0.003265s ]

[ 2016-10-29T16:22:07+08:00 ] ::1 /tpp/index.php/Home/Index/login
INFO: [ app_begin ] --START--
INFO: Run Behavior\ReadHtmlCache [ RunTime:0.002296s ]
INFO: [ app_begin ] --END-- [ RunTime:0.003783s ]
INFO: [ view_parse ] --START--
INFO: [ template_filter ] --START--
INFO: Run Behavior\ContentReplace [ RunTime:0.000220s ]
INFO: [ template_filter ] --END-- [ RunTime:0.001147s ]
INFO: Run Behavior\ParseTemplate [ RunTime:0.029124s ]
INFO: [ view_parse ] --END-- [ RunTime:0.029341s ]
INFO: [ view_filter ] --START--
INFO: Run Behavior\WriteHtmlCache [ RunTime:0.001725s ]
INFO: [ view_filter ] --END-- [ RunTime:0.001913s ]
INFO: [ app_end ] --START--
INFO: Run Behavior\ShowPageTrace [ RunTime:0.002174s ]
INFO: [ app_end ] --END-- [ RunTime:0.002331s ]

[ 2016-10-29T16:22:11+08:00 ] ::1 /tpp/index.php/Home/Index/loginok
INFO: [ app_begin ] --START--
INFO: Run Behavior\ReadHtmlCache [ RunTime:0.002472s ]
INFO: [ app_begin ] --END-- [ RunTime:0.003911s ]
NOTIC: [8192] mysql_connect(): The mysql extension is deprecated and will be removed in the future: use mysqli or PDO instead E:\phpstudy\WWW\tpp\ThinkPHP\Library\Think\Db\Driver\Mysql.class.php 第 52 行.
SQL: SHOW COLUMNS FROM `login` [ RunTime:0.018639s ]
INFO: [ app_end ] --START--
INFO: Run Behavior\ShowPageTrace [ RunTime:0.002628s ]
INFO: [ app_end ] --END-- [ RunTime:0.002914s ]

[ 2016-10-29T16:22:27+08:00 ] ::1 /tpp/index.php/Home/Index/login
INFO: [ app_begin ] --START--
INFO: Run Behavior\ReadHtmlCache [ RunTime:0.003728s ]
INFO: [ app_begin ] --END-- [ RunTime:0.007755s ]
INFO: [ view_parse ] --START--
INFO: [ template_filter ] --START--
INFO: Run Behavior\ContentReplace [ RunTime:0.000134s ]
INFO: [ template_filter ] --END-- [ RunTime:0.000363s ]
INFO: Run Behavior\ParseTemplate [ RunTime:0.030027s ]
INFO: [ view_parse ] --END-- [ RunTime:0.030367s ]
INFO: [ view_filter ] --START--
INFO: Run Behavior\WriteHtmlCache [ RunTime:0.002175s ]
INFO: [ view_filter ] --END-- [ RunTime:0.002453s ]
INFO: [ app_end ] --START--
INFO: Run Behavior\ShowPageTrace [ RunTime:0.003266s ]
INFO: [ app_end ] --END-- [ RunTime:0.003521s ]

[ 2016-10-29T16:22:32+08:00 ] ::1 /tpp/index.php/Home/Index/loginok
INFO: [ app_begin ] --START--
INFO: Run Behavior\ReadHtmlCache [ RunTime:0.003139s ]
INFO: [ app_begin ] --END-- [ RunTime:0.005123s ]
NOTIC: [8192] mysql_connect(): The mysql extension is deprecated and will be removed in the future: use mysqli or PDO instead E:\phpstudy\WWW\tpp\ThinkPHP\Library\Think\Db\Driver\Mysql.class.php 第 52 行.
SQL: SHOW COLUMNS FROM `login` [ RunTime:0.011564s ]
INFO: [ app_end ] --START--
INFO: Run Behavior\ShowPageTrace [ RunTime:0.002925s ]
INFO: [ app_end ] --END-- [ RunTime:0.003183s ]

[ 2016-10-29T16:22:57+08:00 ] ::1 /tpp/index.php/Home/Index/login
INFO: [ app_begin ] --START--
INFO: Run Behavior\ReadHtmlCache [ RunTime:0.003432s ]
INFO: [ app_begin ] --END-- [ RunTime:0.005347s ]
INFO: [ view_parse ] --START--
INFO: [ template_filter ] --START--
INFO: Run Behavior\ContentReplace [ RunTime:0.000136s ]
INFO: [ template_filter ] --END-- [ RunTime:0.000425s ]
INFO: Run Behavior\ParseTemplate [ RunTime:0.038111s ]
INFO: [ view_parse ] --END-- [ RunTime:0.038627s ]
INFO: [ view_filter ] --START--
INFO: Run Behavior\WriteHtmlCache [ RunTime:0.002643s ]
INFO: [ view_filter ] --END-- [ RunTime:0.002851s ]
INFO: [ app_end ] --START--
INFO: Run Behavior\ShowPageTrace [ RunTime:0.002742s ]
INFO: [ app_end ] --END-- [ RunTime:0.002968s ]

[ 2016-10-29T16:23:03+08:00 ] ::1 /tpp/index.php/Home/Index/loginok
INFO: [ app_begin ] --START--
INFO: Run Behavior\ReadHtmlCache [ RunTime:0.001837s ]
INFO: [ app_begin ] --END-- [ RunTime:0.003064s ]
NOTIC: [8192] mysql_connect(): The mysql extension is deprecated and will be removed in the future: use mysqli or PDO instead E:\phpstudy\WWW\tpp\ThinkPHP\Library\Think\Db\Driver\Mysql.class.php 第 52 行.
SQL: SHOW COLUMNS FROM `login` [ RunTime:0.012137s ]
INFO: [ app_end ] --START--
INFO: Run Behavior\ShowPageTrace [ RunTime:0.002777s ]
INFO: [ app_end ] --END-- [ RunTime:0.003000s ]

[ 2016-10-29T16:23:13+08:00 ] ::1 /tpp/index.php/Home/Index/loginok
INFO: [ app_begin ] --START--
INFO: Run Behavior\ReadHtmlCache [ RunTime:0.003577s ]
INFO: [ app_begin ] --END-- [ RunTime:0.005703s ]
NOTIC: [8192] mysql_connect(): The mysql extension is deprecated and will be removed in the future: use mysqli or PDO instead E:\phpstudy\WWW\tpp\ThinkPHP\Library\Think\Db\Driver\Mysql.class.php 第 52 行.
SQL: SHOW COLUMNS FROM `login` [ RunTime:0.013130s ]
INFO: [ app_end ] --START--
INFO: Run Behavior\ShowPageTrace [ RunTime:0.003094s ]
INFO: [ app_end ] --END-- [ RunTime:0.003481s ]

[ 2016-10-29T16:27:28+08:00 ] ::1 /tpp/index.php/Home/Index/loginok
INFO: [ app_begin ] --START--
INFO: Run Behavior\ReadHtmlCache [ RunTime:0.002718s ]
INFO: [ app_begin ] --END-- [ RunTime:0.004804s ]
NOTIC: [8192] mysql_connect(): The mysql extension is deprecated and will be removed in the future: use mysqli or PDO instead E:\phpstudy\WWW\tpp\ThinkPHP\Library\Think\Db\Driver\Mysql.class.php 第 52 行.
SQL: SHOW COLUMNS FROM `login` [ RunTime:0.015024s ]
NOTIC: [8] Undefined index: name E:\phpstudy\WWW\tpp\Application\Home\Controller\IndexController.class.php 第 83 行.
NOTIC: [8] Undefined index: pwd E:\phpstudy\WWW\tpp\Application\Home\Controller\IndexController.class.php 第 84 行.
INFO: [ app_end ] --START--
INFO: Run Behavior\ShowPageTrace [ RunTime:0.001854s ]
INFO: [ app_end ] --END-- [ RunTime:0.002033s ]

[ 2016-10-29T16:27:32+08:00 ] ::1 /tpp/index.php/Home/Index/login
INFO: [ app_begin ] --START--
INFO: Run Behavior\ReadHtmlCache [ RunTime:0.001753s ]
INFO: [ app_begin ] --END-- [ RunTime:0.003245s ]
INFO: [ view_parse ] --START--
INFO: [ template_filter ] --START--
INFO: Run Behavior\ContentReplace [ RunTime:0.000130s ]
INFO: [ template_filter ] --END-- [ RunTime:0.000366s ]
INFO: Run Behavior\ParseTemplate [ RunTime:0.074587s ]
INFO: [ view_parse ] --END-- [ RunTime:0.074855s ]
INFO: [ view_filter ] --START--
INFO: Run Behavior\WriteHtmlCache [ RunTime:0.000818s ]
INFO: [ view_filter ] --END-- [ RunTime:0.000954s ]
INFO: [ app_end ] --START--
INFO: Run Behavior\ShowPageTrace [ RunTime:0.001429s ]
INFO: [ app_end ] --END-- [ RunTime:0.001576s ]

[ 2016-10-29T16:27:34+08:00 ] ::1 /tpp/index.php/Home/Index/loginok
INFO: [ app_begin ] --START--
INFO: Run Behavior\ReadHtmlCache [ RunTime:0.001373s ]
INFO: [ app_begin ] --END-- [ RunTime:0.002878s ]
NOTIC: [8192] mysql_connect(): The mysql extension is deprecated and will be removed in the future: use mysqli or PDO instead E:\phpstudy\WWW\tpp\ThinkPHP\Library\Think\Db\Driver\Mysql.class.php 第 52 行.
SQL: SHOW COLUMNS FROM `login` [ RunTime:0.012783s ]
INFO: [ app_end ] --START--
INFO: Run Behavior\ShowPageTrace [ RunTime:0.001490s ]
INFO: [ app_end ] --END-- [ RunTime:0.001687s ]

[ 2016-10-29T16:27:59+08:00 ] ::1 /tpp/index.php/Home/Index/loginok
INFO: [ app_begin ] --START--
INFO: Run Behavior\ReadHtmlCache [ RunTime:0.002292s ]
INFO: [ app_begin ] --END-- [ RunTime:0.004749s ]
NOTIC: [8192] mysql_connect(): The mysql extension is deprecated and will be removed in the future: use mysqli or PDO instead E:\phpstudy\WWW\tpp\ThinkPHP\Library\Think\Db\Driver\Mysql.class.php 第 52 行.
SQL: SHOW COLUMNS FROM `login` [ RunTime:0.013522s ]
NOTIC: [8] Undefined index: name E:\phpstudy\WWW\tpp\Application\Home\Controller\IndexController.class.php 第 83 行.
NOTIC: [8] Undefined index: pwd E:\phpstudy\WWW\tpp\Application\Home\Controller\IndexController.class.php 第 84 行.
INFO: [ app_end ] --START--
INFO: Run Behavior\ShowPageTrace [ RunTime:0.001466s ]
INFO: [ app_end ] --END-- [ RunTime:0.001633s ]

[ 2016-10-29T16:30:47+08:00 ] ::1 /tpp/index.php/Home/Index/loginok
INFO: [ app_begin ] --START--
INFO: Run Behavior\ReadHtmlCache [ RunTime:0.001736s ]
INFO: [ app_begin ] --END-- [ RunTime:0.004006s ]
NOTIC: [8192] mysql_connect(): The mysql extension is deprecated and will be removed in the future: use mysqli or PDO instead E:\phpstudy\WWW\tpp\ThinkPHP\Library\Think\Db\Driver\Mysql.class.php 第 52 行.
SQL: SHOW COLUMNS FROM `login` [ RunTime:0.014215s ]
NOTIC: [8] Undefined index: name E:\phpstudy\WWW\tpp\Application\Home\Controller\IndexController.class.php 第 83 行.
NOTIC: [8] Undefined index: pwd E:\phpstudy\WWW\tpp\Application\Home\Controller\IndexController.class.php 第 84 行.
SQL: SELECT * FROM `login` WHERE ( `name` = null ) AND ( `pwd` = null )  [ RunTime:0.001141s ]
NOTIC: [8] Undefined variable: name E:\phpstudy\WWW\tpp\Application\Home\Controller\IndexController.class.php 第 108 行.
NOTIC: [8] Undefined variable: pwd E:\phpstudy\WWW\tpp\Application\Home\Controller\IndexController.class.php 第 109 行.
INFO: [ app_end ] --START--
INFO: Run Behavior\ShowPageTrace [ RunTime:0.002528s ]
INFO: [ app_end ] --END-- [ RunTime:0.002794s ]

[ 2016-10-29T16:31:27+08:00 ] ::1 /tpp/index.php/Home/Index/loginok
INFO: [ app_begin ] --START--
INFO: Run Behavior\ReadHtmlCache [ RunTime:0.002736s ]
INFO: [ app_begin ] --END-- [ RunTime:0.004416s ]
NOTIC: [8192] mysql_connect(): The mysql extension is deprecated and will be removed in the future: use mysqli or PDO instead E:\phpstudy\WWW\tpp\ThinkPHP\Library\Think\Db\Driver\Mysql.class.php 第 52 行.
SQL: SHOW COLUMNS FROM `login` [ RunTime:0.013467s ]
NOTIC: [8] Undefined index: name E:\phpstudy\WWW\tpp\Application\Home\Controller\IndexController.class.php 第 83 行.
NOTIC: [8] Undefined index: pwd E:\phpstudy\WWW\tpp\Application\Home\Controller\IndexController.class.php 第 84 行.
SQL: SELECT * FROM `login` WHERE ( `name` = null ) AND ( `pwd` = null )  [ RunTime:0.000973s ]

[ 2016-10-29T16:31:53+08:00 ] ::1 /tpp/index.php/Home/Index/loginok
INFO: [ app_begin ] --START--
INFO: Run Behavior\ReadHtmlCache [ RunTime:0.002051s ]
INFO: [ app_begin ] --END-- [ RunTime:0.004946s ]
NOTIC: [8192] mysql_connect(): The mysql extension is deprecated and will be removed in the future: use mysqli or PDO instead E:\phpstudy\WWW\tpp\ThinkPHP\Library\Think\Db\Driver\Mysql.class.php 第 52 行.
SQL: SHOW COLUMNS FROM `login` [ RunTime:0.011764s ]
NOTIC: [8] Undefined index: name E:\phpstudy\WWW\tpp\Application\Home\Controller\IndexController.class.php 第 83 行.
NOTIC: [8] Undefined index: pwd E:\phpstudy\WWW\tpp\Application\Home\Controller\IndexController.class.php 第 84 行.
SQL: SELECT * FROM `login` WHERE ( `name` = null ) AND ( `pwd` = null )  [ RunTime:0.000961s ]
NOTIC: [2] Invalid argument supplied for foreach() E:\phpstudy\WWW\tpp\Application\Home\Controller\IndexController.class.php 第 96 行.
NOTIC: [2] ksort() expects parameter 1 to be array, null given E:\phpstudy\WWW\tpp\Application\Home\Controller\IndexController.class.php 第 104 行.

[ 2016-10-29T16:31:56+08:00 ] ::1 /tpp/index.php/Home/Index/loginok
INFO: [ app_begin ] --START--
INFO: Run Behavior\ReadHtmlCache [ RunTime:0.001588s ]
INFO: [ app_begin ] --END-- [ RunTime:0.004594s ]
NOTIC: [8192] mysql_connect(): The mysql extension is deprecated and will be removed in the future: use mysqli or PDO instead E:\phpstudy\WWW\tpp\ThinkPHP\Library\Think\Db\Driver\Mysql.class.php 第 52 行.
SQL: SHOW COLUMNS FROM `login` [ RunTime:0.013961s ]
NOTIC: [8] Undefined index: name E:\phpstudy\WWW\tpp\Application\Home\Controller\IndexController.class.php 第 83 行.
NOTIC: [8] Undefined index: pwd E:\phpstudy\WWW\tpp\Application\Home\Controller\IndexController.class.php 第 84 行.
SQL: SELECT * FROM `login` WHERE ( `name` = null ) AND ( `pwd` = null )  [ RunTime:0.000927s ]
NOTIC: [2] Invalid argument supplied for foreach() E:\phpstudy\WWW\tpp\Application\Home\Controller\IndexController.class.php 第 96 行.
NOTIC: [2] ksort() expects parameter 1 to be array, null given E:\phpstudy\WWW\tpp\Application\Home\Controller\IndexController.class.php 第 104 行.

[ 2016-10-29T16:32:03+08:00 ] ::1 /tpp/index.php/Home/Index/loginok
INFO: [ app_begin ] --START--
INFO: Run Behavior\ReadHtmlCache [ RunTime:0.003365s ]
INFO: [ app_begin ] --END-- [ RunTime:0.006399s ]
NOTIC: [8192] mysql_connect(): The mysql extension is deprecated and will be removed in the future: use mysqli or PDO instead E:\phpstudy\WWW\tpp\ThinkPHP\Library\Think\Db\Driver\Mysql.class.php 第 52 行.
SQL: SHOW COLUMNS FROM `login` [ RunTime:0.013706s ]
SQL: SELECT * FROM `login` WHERE ( `name` = 'py' ) AND ( `pwd` = '123456' )  [ RunTime:0.001278s ]

[ 2016-10-29T16:33:48+08:00 ] ::1 /tpp/index.php/Home/Index/loginok
INFO: [ app_begin ] --START--
INFO: Run Behavior\ReadHtmlCache [ RunTime:0.001788s ]
INFO: [ app_begin ] --END-- [ RunTime:0.003253s ]
NOTIC: [8192] mysql_connect(): The mysql extension is deprecated and will be removed in the future: use mysqli or PDO instead E:\phpstudy\WWW\tpp\ThinkPHP\Library\Think\Db\Driver\Mysql.class.php 第 52 行.
SQL: SHOW COLUMNS FROM `login` [ RunTime:0.012932s ]
NOTIC: [8] Undefined index: name E:\phpstudy\WWW\tpp\Application\Home\Controller\IndexController.class.php 第 83 行.
NOTIC: [8] Undefined index: pwd E:\phpstudy\WWW\tpp\Application\Home\Controller\IndexController.class.php 第 84 行.
SQL: SELECT * FROM `login` WHERE ( `name` = null ) AND ( `pwd` = null )  [ RunTime:0.001165s ]
NOTIC: [2] Invalid argument supplied for foreach() E:\phpstudy\WWW\tpp\Application\Home\Controller\IndexController.class.php 第 98 行.
NOTIC: [2] ksort() expects parameter 1 to be array, null given E:\phpstudy\WWW\tpp\Application\Home\Controller\IndexController.class.php 第 106 行.

[ 2016-10-29T16:33:56+08:00 ] ::1 /tpp/index.php/Home/Index/login
INFO: [ app_begin ] --START--
INFO: Run Behavior\ReadHtmlCache [ RunTime:0.001971s ]
INFO: [ app_begin ] --END-- [ RunTime:0.003363s ]
INFO: [ view_parse ] --START--
INFO: [ template_filter ] --START--
INFO: Run Behavior\ContentReplace [ RunTime:0.000174s ]
INFO: [ template_filter ] --END-- [ RunTime:0.000418s ]
INFO: Run Behavior\ParseTemplate [ RunTime:0.078250s ]
INFO: [ view_parse ] --END-- [ RunTime:0.078497s ]
INFO: [ view_filter ] --START--
INFO: Run Behavior\WriteHtmlCache [ RunTime:0.000911s ]
INFO: [ view_filter ] --END-- [ RunTime:0.001053s ]
INFO: [ app_end ] --START--
INFO: Run Behavior\ShowPageTrace [ RunTime:0.001542s ]
INFO: [ app_end ] --END-- [ RunTime:0.001696s ]

[ 2016-10-29T16:34:00+08:00 ] ::1 /tpp/index.php/Home/Index/loginok
INFO: [ app_begin ] --START--
INFO: Run Behavior\ReadHtmlCache [ RunTime:0.002054s ]
INFO: [ app_begin ] --END-- [ RunTime:0.003521s ]
NOTIC: [8192] mysql_connect(): The mysql extension is deprecated and will be removed in the future: use mysqli or PDO instead E:\phpstudy\WWW\tpp\ThinkPHP\Library\Think\Db\Driver\Mysql.class.php 第 52 行.
SQL: SHOW COLUMNS FROM `login` [ RunTime:0.011932s ]
SQL: SELECT * FROM `login` WHERE ( `name` = 'py' ) AND ( `pwd` = '123' )  [ RunTime:0.000908s ]
NOTIC: [2] Invalid argument supplied for foreach() E:\phpstudy\WWW\tpp\Application\Home\Controller\IndexController.class.php 第 98 行.
NOTIC: [2] ksort() expects parameter 1 to be array, null given E:\phpstudy\WWW\tpp\Application\Home\Controller\IndexController.class.php 第 106 行.

[ 2016-10-29T16:34:30+08:00 ] ::1 /tpp/index.php/Home/Index/login
INFO: [ app_begin ] --START--
INFO: Run Behavior\ReadHtmlCache [ RunTime:0.001366s ]
INFO: [ app_begin ] --END-- [ RunTime:0.002735s ]
INFO: [ view_parse ] --START--
INFO: [ template_filter ] --START--
INFO: Run Behavior\ContentReplace [ RunTime:0.000168s ]
INFO: [ template_filter ] --END-- [ RunTime:0.000481s ]
INFO: Run Behavior\ParseTemplate [ RunTime:0.030860s ]
INFO: [ view_parse ] --END-- [ RunTime:0.031168s ]
INFO: [ view_filter ] --START--
INFO: Run Behavior\WriteHtmlCache [ RunTime:0.001185s ]
INFO: [ view_filter ] --END-- [ RunTime:0.001451s ]
INFO: [ app_end ] --START--
INFO: Run Behavior\ShowPageTrace [ RunTime:0.002546s ]
INFO: [ app_end ] --END-- [ RunTime:0.003293s ]

[ 2016-10-29T16:34:34+08:00 ] ::1 /tpp/index.php/Home/Index/loginok
INFO: [ app_begin ] --START--
INFO: Run Behavior\ReadHtmlCache [ RunTime:0.001714s ]
INFO: [ app_begin ] --END-- [ RunTime:0.003309s ]
NOTIC: [8192] mysql_connect(): The mysql extension is deprecated and will be removed in the future: use mysqli or PDO instead E:\phpstudy\WWW\tpp\ThinkPHP\Library\Think\Db\Driver\Mysql.class.php 第 52 行.
SQL: SHOW COLUMNS FROM `login` [ RunTime:0.012445s ]
SQL: SELECT * FROM `login` WHERE ( `name` = 'py' ) AND ( `pwd` = '' )  [ RunTime:0.000919s ]
NOTIC: [2] Invalid argument supplied for foreach() E:\phpstudy\WWW\tpp\Application\Home\Controller\IndexController.class.php 第 98 行.
NOTIC: [2] ksort() expects parameter 1 to be array, null given E:\phpstudy\WWW\tpp\Application\Home\Controller\IndexController.class.php 第 106 行.

[ 2016-10-29T16:34:55+08:00 ] ::1 /tpp/index.php/Home/Index/login
INFO: [ app_begin ] --START--
INFO: Run Behavior\ReadHtmlCache [ RunTime:0.001595s ]
INFO: [ app_begin ] --END-- [ RunTime:0.002773s ]
INFO: [ view_parse ] --START--
INFO: [ template_filter ] --START--
INFO: Run Behavior\ContentReplace [ RunTime:0.000149s ]
INFO: [ template_filter ] --END-- [ RunTime:0.000461s ]
INFO: Run Behavior\ParseTemplate [ RunTime:0.020700s ]
INFO: [ view_parse ] --END-- [ RunTime:0.020948s ]
INFO: [ view_filter ] --START--
INFO: Run Behavior\WriteHtmlCache [ RunTime:0.000964s ]
INFO: [ view_filter ] --END-- [ RunTime:0.001231s ]
INFO: [ app_end ] --START--
INFO: Run Behavior\ShowPageTrace [ RunTime:0.003447s ]
INFO: [ app_end ] --END-- [ RunTime:0.003705s ]

[ 2016-10-29T16:34:59+08:00 ] ::1 /tpp/index.php/Home/Index/loginok
INFO: [ app_begin ] --START--
INFO: Run Behavior\ReadHtmlCache [ RunTime:0.001795s ]
INFO: [ app_begin ] --END-- [ RunTime:0.002949s ]
NOTIC: [8192] mysql_connect(): The mysql extension is deprecated and will be removed in the future: use mysqli or PDO instead E:\phpstudy\WWW\tpp\ThinkPHP\Library\Think\Db\Driver\Mysql.class.php 第 52 行.
SQL: SHOW COLUMNS FROM `login` [ RunTime:0.013745s ]
SQL: SELECT * FROM `login` WHERE ( `name` = '气球' ) AND ( `pwd` = '' )  [ RunTime:0.000915s ]

[ 2016-10-29T16:35:12+08:00 ] ::1 /tpp/index.php/Home/Index/loginok
INFO: [ app_begin ] --START--
INFO: Run Behavior\ReadHtmlCache [ RunTime:0.003643s ]
INFO: [ app_begin ] --END-- [ RunTime:0.005524s ]
NOTIC: [8192] mysql_connect(): The mysql extension is deprecated and will be removed in the future: use mysqli or PDO instead E:\phpstudy\WWW\tpp\ThinkPHP\Library\Think\Db\Driver\Mysql.class.php 第 52 行.
SQL: SHOW COLUMNS FROM `login` [ RunTime:0.013185s ]
SQL: SELECT * FROM `login` WHERE ( `name` = 'py' ) AND ( `pwd` = '123456' )  [ RunTime:0.001026s ]

[ 2016-10-29T16:37:29+08:00 ] ::1 /tpp/index.php/Home/Index/loginok
INFO: [ app_begin ] --START--
INFO: Run Behavior\ReadHtmlCache [ RunTime:0.001532s ]
INFO: [ app_begin ] --END-- [ RunTime:0.002907s ]
NOTIC: [8192] mysql_connect(): The mysql extension is deprecated and will be removed in the future: use mysqli or PDO instead E:\phpstudy\WWW\tpp\ThinkPHP\Library\Think\Db\Driver\Mysql.class.php 第 52 行.
SQL: SHOW COLUMNS FROM `login` [ RunTime:0.013918s ]
NOTIC: [8] Undefined index: name E:\phpstudy\WWW\tpp\Application\Home\Controller\IndexController.class.php 第 83 行.
NOTIC: [8] Undefined index: pwd E:\phpstudy\WWW\tpp\Application\Home\Controller\IndexController.class.php 第 84 行.

[ 2016-10-29T16:37:37+08:00 ] ::1 /tpp/index.php/Home/Index/loginok
INFO: [ app_begin ] --START--
INFO: Run Behavior\ReadHtmlCache [ RunTime:0.001765s ]
INFO: [ app_begin ] --END-- [ RunTime:0.002940s ]
NOTIC: [8192] mysql_connect(): The mysql extension is deprecated and will be removed in the future: use mysqli or PDO instead E:\phpstudy\WWW\tpp\ThinkPHP\Library\Think\Db\Driver\Mysql.class.php 第 52 行.
SQL: SHOW COLUMNS FROM `login` [ RunTime:0.012511s ]

[ 2016-10-29T16:38:06+08:00 ] ::1 /tpp/index.php/Home/Index/login
INFO: [ app_begin ] --START--
INFO: Run Behavior\ReadHtmlCache [ RunTime:0.002347s ]
INFO: [ app_begin ] --END-- [ RunTime:0.004624s ]
INFO: [ view_parse ] --START--
INFO: [ template_filter ] --START--
INFO: Run Behavior\ContentReplace [ RunTime:0.000103s ]
INFO: [ template_filter ] --END-- [ RunTime:0.000436s ]
INFO: Run Behavior\ParseTemplate [ RunTime:0.023008s ]
INFO: [ view_parse ] --END-- [ RunTime:0.023224s ]
INFO: [ view_filter ] --START--
INFO: Run Behavior\WriteHtmlCache [ RunTime:0.001009s ]
INFO: [ view_filter ] --END-- [ RunTime:0.001151s ]
INFO: [ app_end ] --START--
INFO: Run Behavior\ShowPageTrace [ RunTime:0.001670s ]
INFO: [ app_end ] --END-- [ RunTime:0.001933s ]

[ 2016-10-29T16:38:10+08:00 ] ::1 /tpp/index.php/Home/Index/loginok
INFO: [ app_begin ] --START--
INFO: Run Behavior\ReadHtmlCache [ RunTime:0.001985s ]
INFO: [ app_begin ] --END-- [ RunTime:0.006304s ]
NOTIC: [8192] mysql_connect(): The mysql extension is deprecated and will be removed in the future: use mysqli or PDO instead E:\phpstudy\WWW\tpp\ThinkPHP\Library\Think\Db\Driver\Mysql.class.php 第 52 行.
SQL: SHOW COLUMNS FROM `login` [ RunTime:0.011375s ]

[ 2016-10-29T16:40:40+08:00 ] ::1 /tpp/index.php/Home/Index/loginok
INFO: [ app_begin ] --START--
INFO: Run Behavior\ReadHtmlCache [ RunTime:0.001560s ]
INFO: [ app_begin ] --END-- [ RunTime:0.002878s ]
NOTIC: [8192] mysql_connect(): The mysql extension is deprecated and will be removed in the future: use mysqli or PDO instead E:\phpstudy\WWW\tpp\ThinkPHP\Library\Think\Db\Driver\Mysql.class.php 第 52 行.
SQL: SHOW COLUMNS FROM `login` [ RunTime:0.012990s ]
NOTIC: [8] Undefined index: name E:\phpstudy\WWW\tpp\Application\Home\Controller\IndexController.class.php 第 83 行.
NOTIC: [8] Undefined index: pwd E:\phpstudy\WWW\tpp\Application\Home\Controller\IndexController.class.php 第 84 行.

[ 2016-10-29T16:41:21+08:00 ] ::1 /tpp/index.php/Home/Index/loginok
INFO: [ app_begin ] --START--
INFO: Run Behavior\ReadHtmlCache [ RunTime:0.002242s ]
INFO: [ app_begin ] --END-- [ RunTime:0.004676s ]
NOTIC: [8192] mysql_connect(): The mysql extension is deprecated and will be removed in the future: use mysqli or PDO instead E:\phpstudy\WWW\tpp\ThinkPHP\Library\Think\Db\Driver\Mysql.class.php 第 52 行.
SQL: SHOW COLUMNS FROM `login` [ RunTime:0.011929s ]
NOTIC: [8] Undefined index: name E:\phpstudy\WWW\tpp\Application\Home\Controller\IndexController.class.php 第 83 行.
NOTIC: [8] Undefined index: pwd E:\phpstudy\WWW\tpp\Application\Home\Controller\IndexController.class.php 第 84 行.
INFO: [ app_end ] --START--
INFO: Run Behavior\ShowPageTrace [ RunTime:0.001850s ]
INFO: [ app_end ] --END-- [ RunTime:0.002108s ]

[ 2016-10-29T16:41:25+08:00 ] ::1 /tpp/index.php/Home/Index/login
INFO: [ app_begin ] --START--
INFO: Run Behavior\ReadHtmlCache [ RunTime:0.001927s ]
INFO: [ app_begin ] --END-- [ RunTime:0.003173s ]
INFO: [ view_parse ] --START--
INFO: [ template_filter ] --START--
INFO: Run Behavior\ContentReplace [ RunTime:0.000140s ]
INFO: [ template_filter ] --END-- [ RunTime:0.000424s ]
INFO: Run Behavior\ParseTemplate [ RunTime:0.030460s ]
INFO: [ view_parse ] --END-- [ RunTime:0.030761s ]
INFO: [ view_filter ] --START--
INFO: Run Behavior\WriteHtmlCache [ RunTime:0.001536s ]
INFO: [ view_filter ] --END-- [ RunTime:0.002061s ]
INFO: [ app_end ] --START--
INFO: Run Behavior\ShowPageTrace [ RunTime:0.004282s ]
INFO: [ app_end ] --END-- [ RunTime:0.004531s ]

[ 2016-10-29T16:41:48+08:00 ] ::1 /tpp/index.php/Home/Index/login
INFO: [ app_begin ] --START--
INFO: Run Behavior\ReadHtmlCache [ RunTime:0.001522s ]
INFO: [ app_begin ] --END-- [ RunTime:0.003102s ]
INFO: [ view_parse ] --START--
INFO: [ template_filter ] --START--
INFO: Run Behavior\ContentReplace [ RunTime:0.000097s ]
INFO: [ template_filter ] --END-- [ RunTime:0.000301s ]
INFO: Run Behavior\ParseTemplate [ RunTime:0.064627s ]
INFO: [ view_parse ] --END-- [ RunTime:0.065097s ]
INFO: [ view_filter ] --START--
INFO: Run Behavior\WriteHtmlCache [ RunTime:0.001255s ]
INFO: [ view_filter ] --END-- [ RunTime:0.001483s ]
INFO: [ app_end ] --START--
INFO: Run Behavior\ShowPageTrace [ RunTime:0.002274s ]
INFO: [ app_end ] --END-- [ RunTime:0.002510s ]

[ 2016-10-29T16:41:52+08:00 ] ::1 /tpp/index.php/Home/Index/loginok
INFO: [ app_begin ] --START--
INFO: Run Behavior\ReadHtmlCache [ RunTime:0.001340s ]
INFO: [ app_begin ] --END-- [ RunTime:0.002601s ]
NOTIC: [8192] mysql_connect(): The mysql extension is deprecated and will be removed in the future: use mysqli or PDO instead E:\phpstudy\WWW\tpp\ThinkPHP\Library\Think\Db\Driver\Mysql.class.php 第 52 行.
SQL: SHOW COLUMNS FROM `login` [ RunTime:0.014179s ]

[ 2016-10-29T16:42:05+08:00 ] ::1 /tpp/index.php/Home/Index/loginok
INFO: [ app_begin ] --START--
INFO: Run Behavior\ReadHtmlCache [ RunTime:0.002498s ]
INFO: [ app_begin ] --END-- [ RunTime:0.004996s ]
NOTIC: [8192] mysql_connect(): The mysql extension is deprecated and will be removed in the future: use mysqli or PDO instead E:\phpstudy\WWW\tpp\ThinkPHP\Library\Think\Db\Driver\Mysql.class.php 第 52 行.
SQL: SHOW COLUMNS FROM `login` [ RunTime:0.015624s ]
NOTIC: [8] Undefined index: name E:\phpstudy\WWW\tpp\Application\Home\Controller\IndexController.class.php 第 83 行.
NOTIC: [8] Undefined index: pwd E:\phpstudy\WWW\tpp\Application\Home\Controller\IndexController.class.php 第 84 行.

[ 2016-10-29T16:42:09+08:00 ] ::1 /tpp/index.php/Home/Index/loginok
INFO: [ app_begin ] --START--
INFO: Run Behavior\ReadHtmlCache [ RunTime:0.001359s ]
INFO: [ app_begin ] --END-- [ RunTime:0.002503s ]
NOTIC: [8192] mysql_connect(): The mysql extension is deprecated and will be removed in the future: use mysqli or PDO instead E:\phpstudy\WWW\tpp\ThinkPHP\Library\Think\Db\Driver\Mysql.class.php 第 52 行.
SQL: SHOW COLUMNS FROM `login` [ RunTime:0.014896s ]
NOTIC: [8] Undefined index: name E:\phpstudy\WWW\tpp\Application\Home\Controller\IndexController.class.php 第 83 行.
NOTIC: [8] Undefined index: pwd E:\phpstudy\WWW\tpp\Application\Home\Controller\IndexController.class.php 第 84 行.

[ 2016-10-29T16:42:14+08:00 ] ::1 /tpp/index.php/Home/Index/loginok
INFO: [ app_begin ] --START--
INFO: Run Behavior\ReadHtmlCache [ RunTime:0.001399s ]
INFO: [ app_begin ] --END-- [ RunTime:0.003253s ]
NOTIC: [8192] mysql_connect(): The mysql extension is deprecated and will be removed in the future: use mysqli or PDO instead E:\phpstudy\WWW\tpp\ThinkPHP\Library\Think\Db\Driver\Mysql.class.php 第 52 行.
SQL: SHOW COLUMNS FROM `login` [ RunTime:0.014248s ]
NOTIC: [8] Undefined index: name E:\phpstudy\WWW\tpp\Application\Home\Controller\IndexController.class.php 第 83 行.
NOTIC: [8] Undefined index: pwd E:\phpstudy\WWW\tpp\Application\Home\Controller\IndexController.class.php 第 84 行.

[ 2016-10-29T16:45:53+08:00 ] ::1 /tpp/index.php/Home/Index/login
INFO: [ app_begin ] --START--
INFO: Run Behavior\ReadHtmlCache [ RunTime:0.002718s ]
INFO: [ app_begin ] --END-- [ RunTime:0.004772s ]
INFO: [ view_parse ] --START--
INFO: [ template_filter ] --START--
INFO: Run Behavior\ContentReplace [ RunTime:0.000144s ]
INFO: [ template_filter ] --END-- [ RunTime:0.000444s ]
INFO: Run Behavior\ParseTemplate [ RunTime:0.042410s ]
INFO: [ view_parse ] --END-- [ RunTime:0.042725s ]
INFO: [ view_filter ] --START--
INFO: Run Behavior\WriteHtmlCache [ RunTime:0.001742s ]
INFO: [ view_filter ] --END-- [ RunTime:0.002012s ]
INFO: [ app_end ] --START--
INFO: Run Behavior\ShowPageTrace [ RunTime:0.002322s ]
INFO: [ app_end ] --END-- [ RunTime:0.002599s ]

[ 2016-10-29T16:46:03+08:00 ] ::1 /tpp/index.php/Home/Index/login
INFO: [ app_begin ] --START--
INFO: Run Behavior\ReadHtmlCache [ RunTime:0.001915s ]
INFO: [ app_begin ] --END-- [ RunTime:0.006000s ]
INFO: [ view_parse ] --START--
INFO: [ template_filter ] --START--
INFO: Run Behavior\ContentReplace [ RunTime:0.000131s ]
INFO: [ template_filter ] --END-- [ RunTime:0.000411s ]
INFO: Run Behavior\ParseTemplate [ RunTime:0.042232s ]
INFO: [ view_parse ] --END-- [ RunTime:0.042535s ]
INFO: [ view_filter ] --START--
INFO: Run Behavior\WriteHtmlCache [ RunTime:0.001286s ]
INFO: [ view_filter ] --END-- [ RunTime:0.001527s ]
INFO: [ app_end ] --START--
INFO: Run Behavior\ShowPageTrace [ RunTime:0.002796s ]
INFO: [ app_end ] --END-- [ RunTime:0.003080s ]

[ 2016-10-29T16:46:08+08:00 ] ::1 /tpp/index.php/Home/Index/loginok
INFO: [ app_begin ] --START--
INFO: Run Behavior\ReadHtmlCache [ RunTime:0.003159s ]
INFO: [ app_begin ] --END-- [ RunTime:0.006176s ]
NOTIC: [8192] mysql_connect(): The mysql extension is deprecated and will be removed in the future: use mysqli or PDO instead E:\phpstudy\WWW\tpp\ThinkPHP\Library\Think\Db\Driver\Mysql.class.php 第 52 行.
SQL: SHOW COLUMNS FROM `login` [ RunTime:0.013828s ]
INFO: [ app_end ] --START--
INFO: Run Behavior\ShowPageTrace [ RunTime:0.001839s ]
INFO: [ app_end ] --END-- [ RunTime:0.002154s ]

[ 2016-10-29T16:46:13+08:00 ] ::1 /tpp/index.php/Home/Index/login
INFO: [ app_begin ] --START--
INFO: Run Behavior\ReadHtmlCache [ RunTime:0.001717s ]
INFO: [ app_begin ] --END-- [ RunTime:0.003225s ]
INFO: [ view_parse ] --START--
INFO: [ template_filter ] --START--
INFO: Run Behavior\ContentReplace [ RunTime:0.000180s ]
INFO: [ template_filter ] --END-- [ RunTime:0.000510s ]
INFO: Run Behavior\ParseTemplate [ RunTime:0.045617s ]
INFO: [ view_parse ] --END-- [ RunTime:0.045946s ]
INFO: [ view_filter ] --START--
INFO: Run Behavior\WriteHtmlCache [ RunTime:0.001193s ]
INFO: [ view_filter ] --END-- [ RunTime:0.001453s ]
INFO: [ app_end ] --START--
INFO: Run Behavior\ShowPageTrace [ RunTime:0.002008s ]
INFO: [ app_end ] --END-- [ RunTime:0.002277s ]

[ 2016-10-29T16:46:17+08:00 ] ::1 /tpp/index.php/Home/Index/loginok
INFO: [ app_begin ] --START--
INFO: Run Behavior\ReadHtmlCache [ RunTime:0.001956s ]
INFO: [ app_begin ] --END-- [ RunTime:0.003679s ]
NOTIC: [8192] mysql_connect(): The mysql extension is deprecated and will be removed in the future: use mysqli or PDO instead E:\phpstudy\WWW\tpp\ThinkPHP\Library\Think\Db\Driver\Mysql.class.php 第 52 行.
SQL: SHOW COLUMNS FROM `login` [ RunTime:0.013512s ]
INFO: [ app_end ] --START--
INFO: Run Behavior\ShowPageTrace [ RunTime:0.001585s ]
INFO: [ app_end ] --END-- [ RunTime:0.001759s ]

[ 2016-10-29T16:48:01+08:00 ] ::1 /tpp/index.php/Home/Index/login
INFO: [ app_begin ] --START--
INFO: Run Behavior\ReadHtmlCache [ RunTime:0.003733s ]
INFO: [ app_begin ] --END-- [ RunTime:0.005591s ]
INFO: [ view_parse ] --START--
INFO: [ template_filter ] --START--
INFO: Run Behavior\ContentReplace [ RunTime:0.000151s ]
INFO: [ template_filter ] --END-- [ RunTime:0.000448s ]
INFO: Run Behavior\ParseTemplate [ RunTime:0.078918s ]
INFO: [ view_parse ] --END-- [ RunTime:0.079239s ]
INFO: [ view_filter ] --START--
INFO: Run Behavior\WriteHtmlCache [ RunTime:0.001077s ]
INFO: [ view_filter ] --END-- [ RunTime:0.001275s ]
INFO: [ app_end ] --START--
INFO: Run Behavior\ShowPageTrace [ RunTime:0.002120s ]
INFO: [ app_end ] --END-- [ RunTime:0.002356s ]

[ 2016-10-29T16:48:06+08:00 ] ::1 /tpp/index.php/Home/Index/loginok
INFO: [ app_begin ] --START--
INFO: Run Behavior\ReadHtmlCache [ RunTime:0.002086s ]
INFO: [ app_begin ] --END-- [ RunTime:0.006285s ]
NOTIC: [8192] mysql_connect(): The mysql extension is deprecated and will be removed in the future: use mysqli or PDO instead E:\phpstudy\WWW\tpp\ThinkPHP\Library\Think\Db\Driver\Mysql.class.php 第 52 行.
SQL: SHOW COLUMNS FROM `login` [ RunTime:0.015237s ]
INFO: [ app_end ] --START--
INFO: Run Behavior\ShowPageTrace [ RunTime:0.002064s ]
INFO: [ app_end ] --END-- [ RunTime:0.002466s ]

[ 2016-10-29T16:48:23+08:00 ] ::1 /tpp/index.php/Home/Index/login
INFO: [ app_begin ] --START--
INFO: Run Behavior\ReadHtmlCache [ RunTime:0.003185s ]
INFO: [ app_begin ] --END-- [ RunTime:0.005549s ]
INFO: [ view_parse ] --START--
INFO: [ template_filter ] --START--
INFO: Run Behavior\ContentReplace [ RunTime:0.000185s ]
INFO: [ template_filter ] --END-- [ RunTime:0.000471s ]
INFO: Run Behavior\ParseTemplate [ RunTime:0.023978s ]
INFO: [ view_parse ] --END-- [ RunTime:0.024283s ]
INFO: [ view_filter ] --START--
INFO: Run Behavior\WriteHtmlCache [ RunTime:0.000895s ]
INFO: [ view_filter ] --END-- [ RunTime:0.001071s ]
INFO: [ app_end ] --START--
INFO: Run Behavior\ShowPageTrace [ RunTime:0.003028s ]
INFO: [ app_end ] --END-- [ RunTime:0.003287s ]

[ 2016-10-29T16:48:27+08:00 ] ::1 /tpp/index.php/Home/Index/loginok
INFO: [ app_begin ] --START--
INFO: Run Behavior\ReadHtmlCache [ RunTime:0.001938s ]
INFO: [ app_begin ] --END-- [ RunTime:0.003363s ]
NOTIC: [8192] mysql_connect(): The mysql extension is deprecated and will be removed in the future: use mysqli or PDO instead E:\phpstudy\WWW\tpp\ThinkPHP\Library\Think\Db\Driver\Mysql.class.php 第 52 行.
SQL: SHOW COLUMNS FROM `login` [ RunTime:0.012346s ]
NOTIC: [2] file_get_contents(http://localhost/laravel-v5/public/diao?name=$name&amp;pwd=$pwd&amp;time=$time&amp;sign=$sign): failed to open stream: HTTP request failed! HTTP/1.1 404 Not Found
 E:\phpstudy\WWW\tpp\Application\Home\Controller\IndexController.class.php 第 115 行.
INFO: [ app_end ] --START--
INFO: Run Behavior\ShowPageTrace [ RunTime:0.001755s ]
INFO: [ app_end ] --END-- [ RunTime:0.001945s ]

[ 2016-10-29T16:49:36+08:00 ] ::1 /tpp/index.php/Home/Index/loginok
INFO: [ app_begin ] --START--
INFO: Run Behavior\ReadHtmlCache [ RunTime:0.003608s ]
INFO: [ app_begin ] --END-- [ RunTime:0.005706s ]
NOTIC: [8192] mysql_connect(): The mysql extension is deprecated and will be removed in the future: use mysqli or PDO instead E:\phpstudy\WWW\tpp\ThinkPHP\Library\Think\Db\Driver\Mysql.class.php 第 52 行.
SQL: SHOW COLUMNS FROM `login` [ RunTime:0.015194s ]
NOTIC: [8] Undefined index: name E:\phpstudy\WWW\tpp\Application\Home\Controller\IndexController.class.php 第 83 行.
NOTIC: [8] Undefined index: pwd E:\phpstudy\WWW\tpp\Application\Home\Controller\IndexController.class.php 第 84 行.
NOTIC: [2] file_get_contents(http://localhost/laravel-v5/public/diao?name=$name&amp;pwd=$pwd&amp;time=$time&amp;sign=$sign): failed to open stream: HTTP request failed! HTTP/1.1 404 Not Found
 E:\phpstudy\WWW\tpp\Application\Home\Controller\IndexController.class.php 第 115 行.
INFO: [ app_end ] --START--
INFO: Run Behavior\ShowPageTrace [ RunTime:0.003864s ]
INFO: [ app_end ] --END-- [ RunTime:0.004198s ]

[ 2016-10-29T16:49:39+08:00 ] ::1 /tpp/index.php/Home/Index/login
INFO: [ app_begin ] --START--
INFO: Run Behavior\ReadHtmlCache [ RunTime:0.003280s ]
INFO: [ app_begin ] --END-- [ RunTime:0.006363s ]
INFO: [ view_parse ] --START--
INFO: [ template_filter ] --START--
INFO: Run Behavior\ContentReplace [ RunTime:0.000090s ]
INFO: [ template_filter ] --END-- [ RunTime:0.000305s ]
INFO: Run Behavior\ParseTemplate [ RunTime:0.087209s ]
INFO: [ view_parse ] --END-- [ RunTime:0.087499s ]
INFO: [ view_filter ] --START--
INFO: Run Behavior\WriteHtmlCache [ RunTime:0.004086s ]
INFO: [ view_filter ] --END-- [ RunTime:0.004443s ]
INFO: [ app_end ] --START--
INFO: Run Behavior\ShowPageTrace [ RunTime:0.005202s ]
INFO: [ app_end ] --END-- [ RunTime:0.005522s ]

[ 2016-10-29T16:49:43+08:00 ] ::1 /tpp/index.php/Home/Index/loginok
INFO: [ app_begin ] --START--
INFO: Run Behavior\ReadHtmlCache [ RunTime:0.003411s ]
INFO: [ app_begin ] --END-- [ RunTime:0.006026s ]
NOTIC: [8192] mysql_connect(): The mysql extension is deprecated and will be removed in the future: use mysqli or PDO instead E:\phpstudy\WWW\tpp\ThinkPHP\Library\Think\Db\Driver\Mysql.class.php 第 52 行.
SQL: SHOW COLUMNS FROM `login` [ RunTime:0.013702s ]
NOTIC: [2] file_get_contents(http://localhost/laravel-v5/public/diao?name=$name&amp;pwd=$pwd&amp;time=$time&amp;sign=$sign): failed to open stream: HTTP request failed! HTTP/1.1 404 Not Found
 E:\phpstudy\WWW\tpp\Application\Home\Controller\IndexController.class.php 第 115 行.
INFO: [ app_end ] --START--
INFO: Run Behavior\ShowPageTrace [ RunTime:0.004462s ]
INFO: [ app_end ] --END-- [ RunTime:0.004748s ]

[ 2016-10-29T16:50:07+08:00 ] ::1 /tpp/index.php/Home/Index/loginok
INFO: [ app_begin ] --START--
INFO: Run Behavior\ReadHtmlCache [ RunTime:0.003286s ]
INFO: [ app_begin ] --END-- [ RunTime:0.005545s ]
NOTIC: [8192] mysql_connect(): The mysql extension is deprecated and will be removed in the future: use mysqli or PDO instead E:\phpstudy\WWW\tpp\ThinkPHP\Library\Think\Db\Driver\Mysql.class.php 第 52 行.
SQL: SHOW COLUMNS FROM `login` [ RunTime:0.015263s ]
NOTIC: [8] Undefined index: name E:\phpstudy\WWW\tpp\Application\Home\Controller\IndexController.class.php 第 83 行.
NOTIC: [8] Undefined index: pwd E:\phpstudy\WWW\tpp\Application\Home\Controller\IndexController.class.php 第 84 行.
NOTIC: [2] file_get_contents(http://localhost/laravel-v5/public/diao?name=$name&amp;pwd=$pwd&amp;time=$time&amp;sign=$sign): failed to open stream: HTTP request failed! HTTP/1.1 404 Not Found
 E:\phpstudy\WWW\tpp\Application\Home\Controller\IndexController.class.php 第 115 行.
INFO: [ app_end ] --START--
INFO: Run Behavior\ShowPageTrace [ RunTime:0.005831s ]
INFO: [ app_end ] --END-- [ RunTime:0.006075s ]

[ 2016-10-29T16:50:10+08:00 ] ::1 /tpp/index.php/Home/Index/login
INFO: [ app_begin ] --START--
INFO: Run Behavior\ReadHtmlCache [ RunTime:0.004466s ]
INFO: [ app_begin ] --END-- [ RunTime:0.007897s ]
INFO: [ view_parse ] --START--
INFO: [ template_filter ] --START--
INFO: Run Behavior\ContentReplace [ RunTime:0.000092s ]
INFO: [ template_filter ] --END-- [ RunTime:0.000292s ]
INFO: Run Behavior\ParseTemplate [ RunTime:0.031830s ]
INFO: [ view_parse ] --END-- [ RunTime:0.032092s ]
INFO: [ view_filter ] --START--
INFO: Run Behavior\WriteHtmlCache [ RunTime:0.001342s ]
INFO: [ view_filter ] --END-- [ RunTime:0.001500s ]
INFO: [ app_end ] --START--
INFO: Run Behavior\ShowPageTrace [ RunTime:0.002368s ]
INFO: [ app_end ] --END-- [ RunTime:0.002568s ]

[ 2016-10-29T16:50:14+08:00 ] ::1 /tpp/index.php/Home/Index/loginok
INFO: [ app_begin ] --START--
INFO: Run Behavior\ReadHtmlCache [ RunTime:0.005216s ]
INFO: [ app_begin ] --END-- [ RunTime:0.006698s ]
NOTIC: [8192] mysql_connect(): The mysql extension is deprecated and will be removed in the future: use mysqli or PDO instead E:\phpstudy\WWW\tpp\ThinkPHP\Library\Think\Db\Driver\Mysql.class.php 第 52 行.
SQL: SHOW COLUMNS FROM `login` [ RunTime:0.015520s ]
NOTIC: [2] file_get_contents(http://localhost/laravel-v5/public/diao?name=$name&amp;pwd=$pwd&amp;time=$time&amp;sign=$sign): failed to open stream: HTTP request failed! HTTP/1.1 404 Not Found
 E:\phpstudy\WWW\tpp\Application\Home\Controller\IndexController.class.php 第 115 行.
INFO: [ app_end ] --START--
INFO: Run Behavior\ShowPageTrace [ RunTime:0.004062s ]
INFO: [ app_end ] --END-- [ RunTime:0.004425s ]

[ 2016-10-29T16:51:02+08:00 ] ::1 /tpp/index.php/Home/Index/login
INFO: [ app_begin ] --START--
INFO: Run Behavior\ReadHtmlCache [ RunTime:0.002301s ]
INFO: [ app_begin ] --END-- [ RunTime:0.004078s ]
INFO: [ view_parse ] --START--
INFO: [ template_filter ] --START--
INFO: Run Behavior\ContentReplace [ RunTime:0.000384s ]
INFO: [ template_filter ] --END-- [ RunTime:0.001314s ]
INFO: Run Behavior\ParseTemplate [ RunTime:0.029611s ]
INFO: [ view_parse ] --END-- [ RunTime:0.030028s ]
INFO: [ view_filter ] --START--
INFO: Run Behavior\WriteHtmlCache [ RunTime:0.001856s ]
INFO: [ view_filter ] --END-- [ RunTime:0.002107s ]
INFO: [ app_end ] --START--
INFO: Run Behavior\ShowPageTrace [ RunTime:0.002366s ]
INFO: [ app_end ] --END-- [ RunTime:0.002529s ]

[ 2016-10-29T16:51:06+08:00 ] ::1 /tpp/index.php/Home/Index/loginok
INFO: [ app_begin ] --START--
INFO: Run Behavior\ReadHtmlCache [ RunTime:0.002928s ]
INFO: [ app_begin ] --END-- [ RunTime:0.004691s ]
NOTIC: [8192] mysql_connect(): The mysql extension is deprecated and will be removed in the future: use mysqli or PDO instead E:\phpstudy\WWW\tpp\ThinkPHP\Library\Think\Db\Driver\Mysql.class.php 第 52 行.
SQL: SHOW COLUMNS FROM `login` [ RunTime:0.014609s ]
NOTIC: [2] file_get_contents(http://localhost/laravel-v5/public/diao?name=$name&amp;pwd=$pwd&amp;time=$time&amp;sign=$sign): failed to open stream: HTTP request failed! HTTP/1.1 500 Internal Server Error
 E:\phpstudy\WWW\tpp\Application\Home\Controller\IndexController.class.php 第 115 行.
INFO: [ app_end ] --START--
INFO: Run Behavior\ShowPageTrace [ RunTime:0.004768s ]
INFO: [ app_end ] --END-- [ RunTime:0.005078s ]

[ 2016-10-29T16:56:36+08:00 ] ::1 /tpp/index.php/Home/Index/login
INFO: [ app_begin ] --START--
INFO: Run Behavior\ReadHtmlCache [ RunTime:0.002486s ]
INFO: [ app_begin ] --END-- [ RunTime:0.004453s ]
INFO: [ view_parse ] --START--
INFO: [ template_filter ] --START--
INFO: Run Behavior\ContentReplace [ RunTime:0.000097s ]
INFO: [ template_filter ] --END-- [ RunTime:0.000302s ]
INFO: Run Behavior\ParseTemplate [ RunTime:0.081663s ]
INFO: [ view_parse ] --END-- [ RunTime:0.082118s ]
INFO: [ view_filter ] --START--
INFO: Run Behavior\WriteHtmlCache [ RunTime:0.001150s ]
INFO: [ view_filter ] --END-- [ RunTime:0.001331s ]
INFO: [ app_end ] --START--
INFO: Run Behavior\ShowPageTrace [ RunTime:0.001925s ]
INFO: [ app_end ] --END-- [ RunTime:0.002088s ]

[ 2016-10-29T16:56:41+08:00 ] ::1 /tpp/index.php/Home/Index/loginok
INFO: [ app_begin ] --START--
INFO: Run Behavior\ReadHtmlCache [ RunTime:0.001481s ]
INFO: [ app_begin ] --END-- [ RunTime:0.002612s ]
NOTIC: [8192] mysql_connect(): The mysql extension is deprecated and will be removed in the future: use mysqli or PDO instead E:\phpstudy\WWW\tpp\ThinkPHP\Library\Think\Db\Driver\Mysql.class.php 第 52 行.
SQL: SHOW COLUMNS FROM `login` [ RunTime:0.025181s ]
NOTIC: [8] Undefined variable: arr E:\phpstudy\WWW\tpp\Application\Home\Controller\IndexController.class.php 第 110 行.
NOTIC: [8] Undefined variable: arr E:\phpstudy\WWW\tpp\Application\Home\Controller\IndexController.class.php 第 110 行.
NOTIC: [2] file_get_contents(http://localhost/laravel-v5/public/diao?name=$name&amp;pwd=$pwd&amp;time=$time&amp;sign=$sign): failed to open stream: HTTP request failed! HTTP/1.1 500 Internal Server Error
 E:\phpstudy\WWW\tpp\Application\Home\Controller\IndexController.class.php 第 115 行.
INFO: [ app_end ] --START--
INFO: Run Behavior\ShowPageTrace [ RunTime:0.001947s ]
INFO: [ app_end ] --END-- [ RunTime:0.002306s ]

