[ 2016-10-30T18:12:08+08:00 ] ::1 /tpp/
INFO: [ app_begin ] --START--
INFO: Run Behavior\ReadHtmlCache [ RunTime:0.001492s ]
INFO: [ app_begin ] --END-- [ RunTime:0.002830s ]
INFO: [ view_parse ] --START--
INFO: [ template_filter ] --START--
INFO: Run Behavior\ContentReplace [ RunTime:0.000112s ]
INFO: [ template_filter ] --END-- [ RunTime:0.000369s ]
INFO: Run Behavior\ParseTemplate [ RunTime:0.116613s ]
INFO: [ view_parse ] --END-- [ RunTime:0.116833s ]
INFO: [ view_filter ] --START--
INFO: Run Behavior\WriteHtmlCache [ RunTime:0.019387s ]
INFO: [ view_filter ] --END-- [ RunTime:0.019574s ]
INFO: [ app_end ] --START--
INFO: Run Behavior\ShowPageTrace [ RunTime:0.030747s ]
INFO: [ app_end ] --END-- [ RunTime:0.030972s ]

[ 2016-10-30T18:13:42+08:00 ] ::1 /tpp/index.php/Home/Index/lists/
INFO: [ app_begin ] --START--
INFO: Run Behavior\ReadHtmlCache [ RunTime:0.001787s ]
INFO: [ app_begin ] --END-- [ RunTime:0.003381s ]
NOTIC: [8192] mysql_connect(): The mysql extension is deprecated and will be removed in the future: use mysqli or PDO instead E:\phpstudy\WWW\tpp\ThinkPHP\Library\Think\Db\Driver\Mysql.class.php 第 52 行.
SQL: SHOW COLUMNS FROM `users` [ RunTime:0.322925s ]
SQL: SELECT COUNT(*) AS tp_count FROM `users` LIMIT 1   [ RunTime:0.062691s ]
SQL: SELECT * FROM `users` LIMIT 0,5   [ RunTime:0.001157s ]
INFO: [ view_parse ] --START--
INFO: [ template_filter ] --START--
INFO: Run Behavior\ContentReplace [ RunTime:0.000154s ]
INFO: [ template_filter ] --END-- [ RunTime:0.000429s ]
INFO: Run Behavior\ParseTemplate [ RunTime:0.099302s ]
INFO: [ view_parse ] --END-- [ RunTime:0.099684s ]
INFO: [ view_filter ] --START--
INFO: Run Behavior\WriteHtmlCache [ RunTime:0.001443s ]
INFO: [ view_filter ] --END-- [ RunTime:0.001723s ]
INFO: [ app_end ] --START--
INFO: Run Behavior\ShowPageTrace [ RunTime:0.001644s ]
INFO: [ app_end ] --END-- [ RunTime:0.001800s ]

[ 2016-10-30T18:13:44+08:00 ] ::1 /tpp/index.php/Home/Index/login
INFO: [ app_begin ] --START--
INFO: Run Behavior\ReadHtmlCache [ RunTime:0.002075s ]
INFO: [ app_begin ] --END-- [ RunTime:0.003621s ]
INFO: [ view_parse ] --START--
INFO: [ template_filter ] --START--
INFO: Run Behavior\ContentReplace [ RunTime:0.000140s ]
INFO: [ template_filter ] --END-- [ RunTime:0.000421s ]
INFO: Run Behavior\ParseTemplate [ RunTime:0.035620s ]
INFO: [ view_parse ] --END-- [ RunTime:0.035905s ]
INFO: [ view_filter ] --START--
INFO: Run Behavior\WriteHtmlCache [ RunTime:0.000784s ]
INFO: [ view_filter ] --END-- [ RunTime:0.001022s ]
INFO: [ app_end ] --START--
INFO: Run Behavior\ShowPageTrace [ RunTime:0.001732s ]
INFO: [ app_end ] --END-- [ RunTime:0.001892s ]

[ 2016-10-30T18:13:53+08:00 ] ::1 /tpp/index.php/Home/Index/loginok
INFO: [ app_begin ] --START--
INFO: Run Behavior\ReadHtmlCache [ RunTime:0.003430s ]
INFO: [ app_begin ] --END-- [ RunTime:0.005128s ]
NOTIC: [8192] mysql_connect(): The mysql extension is deprecated and will be removed in the future: use mysqli or PDO instead E:\phpstudy\WWW\tpp\ThinkPHP\Library\Think\Db\Driver\Mysql.class.php 第 52 行.
SQL: SHOW COLUMNS FROM `login` [ RunTime:0.080298s ]
NOTIC: [8] Undefined variable: arr E:\phpstudy\WWW\tpp\Application\Home\Controller\IndexController.class.php 第 110 行.
NOTIC: [8] Undefined variable: arr E:\phpstudy\WWW\tpp\Application\Home\Controller\IndexController.class.php 第 110 行.
NOTIC: [2] file_get_contents(http://localhost/laravel-v5/public/diao?name=$name&amp;pwd=$pwd&amp;time=$time&amp;sign=$sign): failed to open stream: HTTP request failed! HTTP/1.1 500 Internal Server Error
 E:\phpstudy\WWW\tpp\Application\Home\Controller\IndexController.class.php 第 115 行.
INFO: [ app_end ] --START--
INFO: Run Behavior\ShowPageTrace [ RunTime:0.001525s ]
INFO: [ app_end ] --END-- [ RunTime:0.001833s ]

[ 2016-10-30T18:17:22+08:00 ] ::1 /tpp/index.php/Home/Index/loginok
INFO: [ app_begin ] --START--
INFO: Run Behavior\ReadHtmlCache [ RunTime:0.001733s ]
INFO: [ app_begin ] --END-- [ RunTime:0.002915s ]
NOTIC: [8192] mysql_connect(): The mysql extension is deprecated and will be removed in the future: use mysqli or PDO instead E:\phpstudy\WWW\tpp\ThinkPHP\Library\Think\Db\Driver\Mysql.class.php 第 52 行.
SQL: SHOW COLUMNS FROM `login` [ RunTime:0.013500s ]
NOTIC: [8] Undefined variable: arr E:\phpstudy\WWW\tpp\Application\Home\Controller\IndexController.class.php 第 110 行.
NOTIC: [8] Undefined variable: arr E:\phpstudy\WWW\tpp\Application\Home\Controller\IndexController.class.php 第 110 行.
NOTIC: [2] file_get_contents(http://localhost/laravel-v5/public/diao?name=$name&amp;pwd=$pwd&amp;time=$time&amp;sign=$sign): failed to open stream: HTTP request failed! HTTP/1.1 500 Internal Server Error
 E:\phpstudy\WWW\tpp\Application\Home\Controller\IndexController.class.php 第 115 行.
INFO: [ app_end ] --START--
INFO: Run Behavior\ShowPageTrace [ RunTime:0.003145s ]
INFO: [ app_end ] --END-- [ RunTime:0.003422s ]

[ 2016-10-30T18:23:39+08:00 ] ::1 /tpp/index.php/Home/Index/login
INFO: [ app_begin ] --START--
INFO: Run Behavior\ReadHtmlCache [ RunTime:0.010272s ]
INFO: [ app_begin ] --END-- [ RunTime:0.012629s ]
INFO: [ view_parse ] --START--
INFO: [ template_filter ] --START--
INFO: Run Behavior\ContentReplace [ RunTime:0.000093s ]
INFO: [ template_filter ] --END-- [ RunTime:0.000287s ]
INFO: Run Behavior\ParseTemplate [ RunTime:0.067534s ]
INFO: [ view_parse ] --END-- [ RunTime:0.067806s ]
INFO: [ view_filter ] --START--
INFO: Run Behavior\WriteHtmlCache [ RunTime:0.001494s ]
INFO: [ view_filter ] --END-- [ RunTime:0.001667s ]
INFO: [ app_end ] --START--
INFO: Run Behavior\ShowPageTrace [ RunTime:0.002653s ]
INFO: [ app_end ] --END-- [ RunTime:0.003038s ]

[ 2016-10-30T18:23:44+08:00 ] ::1 /tpp/index.php/Home/Index/loginok
INFO: [ app_begin ] --START--
INFO: Run Behavior\ReadHtmlCache [ RunTime:0.001953s ]
INFO: [ app_begin ] --END-- [ RunTime:0.003316s ]
NOTIC: [8192] mysql_connect(): The mysql extension is deprecated and will be removed in the future: use mysqli or PDO instead E:\phpstudy\WWW\tpp\ThinkPHP\Library\Think\Db\Driver\Mysql.class.php 第 52 行.
SQL: SHOW COLUMNS FROM `login` [ RunTime:0.012802s ]
NOTIC: [8] Undefined variable: arr E:\phpstudy\WWW\tpp\Application\Home\Controller\IndexController.class.php 第 98 行.
NOTIC: [2] Invalid argument supplied for foreach() E:\phpstudy\WWW\tpp\Application\Home\Controller\IndexController.class.php 第 98 行.
NOTIC: [2] ksort() expects parameter 1 to be array, null given E:\phpstudy\WWW\tpp\Application\Home\Controller\IndexController.class.php 第 106 行.

[ 2016-10-30T18:23:59+08:00 ] ::1 /tpp/index.php/Home/Index/loginok
INFO: [ app_begin ] --START--
INFO: Run Behavior\ReadHtmlCache [ RunTime:0.004538s ]
INFO: [ app_begin ] --END-- [ RunTime:0.007073s ]
NOTIC: [8192] mysql_connect(): The mysql extension is deprecated and will be removed in the future: use mysqli or PDO instead E:\phpstudy\WWW\tpp\ThinkPHP\Library\Think\Db\Driver\Mysql.class.php 第 52 行.
SQL: SHOW COLUMNS FROM `login` [ RunTime:0.011664s ]
NOTIC: [8] Undefined index: name E:\phpstudy\WWW\tpp\Application\Home\Controller\IndexController.class.php 第 83 行.
NOTIC: [8] Undefined index: pwd E:\phpstudy\WWW\tpp\Application\Home\Controller\IndexController.class.php 第 84 行.
NOTIC: [8] Undefined variable: arr E:\phpstudy\WWW\tpp\Application\Home\Controller\IndexController.class.php 第 98 行.
NOTIC: [2] Invalid argument supplied for foreach() E:\phpstudy\WWW\tpp\Application\Home\Controller\IndexController.class.php 第 98 行.
NOTIC: [2] ksort() expects parameter 1 to be array, null given E:\phpstudy\WWW\tpp\Application\Home\Controller\IndexController.class.php 第 106 行.

[ 2016-10-30T18:25:19+08:00 ] ::1 /tpp/index.php/Home/Index/login
INFO: [ app_begin ] --START--
INFO: Run Behavior\ReadHtmlCache [ RunTime:0.002163s ]
INFO: [ app_begin ] --END-- [ RunTime:0.003671s ]
INFO: [ view_parse ] --START--
INFO: [ template_filter ] --START--
INFO: Run Behavior\ContentReplace [ RunTime:0.000138s ]
INFO: [ template_filter ] --END-- [ RunTime:0.000424s ]
INFO: Run Behavior\ParseTemplate [ RunTime:0.025553s ]
INFO: [ view_parse ] --END-- [ RunTime:0.025789s ]
INFO: [ view_filter ] --START--
INFO: Run Behavior\WriteHtmlCache [ RunTime:0.001311s ]
INFO: [ view_filter ] --END-- [ RunTime:0.001463s ]
INFO: [ app_end ] --START--
INFO: Run Behavior\ShowPageTrace [ RunTime:0.002055s ]
INFO: [ app_end ] --END-- [ RunTime:0.002214s ]

[ 2016-10-30T18:25:25+08:00 ] ::1 /tpp/index.php/Home/Index/loginok
INFO: [ app_begin ] --START--
INFO: Run Behavior\ReadHtmlCache [ RunTime:0.002624s ]
INFO: [ app_begin ] --END-- [ RunTime:0.004634s ]
NOTIC: [8192] mysql_connect(): The mysql extension is deprecated and will be removed in the future: use mysqli or PDO instead E:\phpstudy\WWW\tpp\ThinkPHP\Library\Think\Db\Driver\Mysql.class.php 第 52 行.
SQL: SHOW COLUMNS FROM `login` [ RunTime:0.013320s ]

[ 2016-10-30T18:25:43+08:00 ] ::1 /tpp/index.php/Home/Index/login
INFO: [ app_begin ] --START--
INFO: Run Behavior\ReadHtmlCache [ RunTime:0.002173s ]
INFO: [ app_begin ] --END-- [ RunTime:0.003903s ]
INFO: [ view_parse ] --START--
INFO: [ template_filter ] --START--
INFO: Run Behavior\ContentReplace [ RunTime:0.000108s ]
INFO: [ template_filter ] --END-- [ RunTime:0.000330s ]
INFO: Run Behavior\ParseTemplate [ RunTime:0.023812s ]
INFO: [ view_parse ] --END-- [ RunTime:0.024059s ]
INFO: [ view_filter ] --START--
INFO: Run Behavior\WriteHtmlCache [ RunTime:0.001979s ]
INFO: [ view_filter ] --END-- [ RunTime:0.002135s ]
INFO: [ app_end ] --START--
INFO: Run Behavior\ShowPageTrace [ RunTime:0.002415s ]
INFO: [ app_end ] --END-- [ RunTime:0.002594s ]

[ 2016-10-30T18:25:49+08:00 ] ::1 /tpp/index.php/Home/Index/loginok
INFO: [ app_begin ] --START--
INFO: Run Behavior\ReadHtmlCache [ RunTime:0.002143s ]
INFO: [ app_begin ] --END-- [ RunTime:0.003460s ]
NOTIC: [8192] mysql_connect(): The mysql extension is deprecated and will be removed in the future: use mysqli or PDO instead E:\phpstudy\WWW\tpp\ThinkPHP\Library\Think\Db\Driver\Mysql.class.php 第 52 行.
SQL: SHOW COLUMNS FROM `login` [ RunTime:0.013080s ]
NOTIC: [2] file_get_contents(http://localhost/laravel-v5/public/diao?name=$name&amp;pwd=$pwd&amp;time=$time&amp;sign=$sign): failed to open stream: HTTP request failed! HTTP/1.1 404 Not Found
 E:\phpstudy\WWW\tpp\Application\Home\Controller\IndexController.class.php 第 104 行.
INFO: [ app_end ] --START--
INFO: Run Behavior\ShowPageTrace [ RunTime:0.002923s ]
INFO: [ app_end ] --END-- [ RunTime:0.003123s ]

[ 2016-10-30T18:26:47+08:00 ] ::1 /tpp/index.php/Home/Index/loginok
INFO: [ app_begin ] --START--
INFO: Run Behavior\ReadHtmlCache [ RunTime:0.002538s ]
INFO: [ app_begin ] --END-- [ RunTime:0.004251s ]
NOTIC: [8192] mysql_connect(): The mysql extension is deprecated and will be removed in the future: use mysqli or PDO instead E:\phpstudy\WWW\tpp\ThinkPHP\Library\Think\Db\Driver\Mysql.class.php 第 52 行.
SQL: SHOW COLUMNS FROM `login` [ RunTime:0.016796s ]
NOTIC: [2] file_get_contents(http://localhost/laravel-v5/public/diao?name=$name&amp;pwd=$pwd&amp;time=$time&amp;sign=$sign): failed to open stream: HTTP request failed! HTTP/1.1 404 Not Found
 E:\phpstudy\WWW\tpp\Application\Home\Controller\IndexController.class.php 第 104 行.
INFO: [ app_end ] --START--
INFO: Run Behavior\ShowPageTrace [ RunTime:0.003030s ]
INFO: [ app_end ] --END-- [ RunTime:0.003222s ]

[ 2016-10-30T18:41:20+08:00 ] ::1 /tpp/index.php/Home/Index/login
INFO: [ app_begin ] --START--
INFO: Run Behavior\ReadHtmlCache [ RunTime:0.002189s ]
INFO: [ app_begin ] --END-- [ RunTime:0.004147s ]
INFO: [ view_parse ] --START--
INFO: [ template_filter ] --START--
INFO: Run Behavior\ContentReplace [ RunTime:0.000097s ]
INFO: [ template_filter ] --END-- [ RunTime:0.000341s ]
INFO: Run Behavior\ParseTemplate [ RunTime:0.062644s ]
INFO: [ view_parse ] --END-- [ RunTime:0.062958s ]
INFO: [ view_filter ] --START--
INFO: Run Behavior\WriteHtmlCache [ RunTime:0.001285s ]
INFO: [ view_filter ] --END-- [ RunTime:0.001505s ]
INFO: [ app_end ] --START--
INFO: Run Behavior\ShowPageTrace [ RunTime:0.001701s ]
INFO: [ app_end ] --END-- [ RunTime:0.001854s ]

[ 2016-10-30T18:41:24+08:00 ] ::1 /tpp/index.php/Home/Index/loginok
INFO: [ app_begin ] --START--
INFO: Run Behavior\ReadHtmlCache [ RunTime:0.001578s ]
INFO: [ app_begin ] --END-- [ RunTime:0.002675s ]

[ 2016-10-30T18:42:20+08:00 ] ::1 /tpp/index.php/Home/Index/loginok
INFO: [ app_begin ] --START--
INFO: Run Behavior\ReadHtmlCache [ RunTime:0.003266s ]
INFO: [ app_begin ] --END-- [ RunTime:0.005875s ]
NOTIC: [8] Undefined index: name E:\phpstudy\WWW\tpp\Application\Home\Controller\IndexController.class.php 第 82 行.
NOTIC: [8] Undefined index: pwd E:\phpstudy\WWW\tpp\Application\Home\Controller\IndexController.class.php 第 83 行.

[ 2016-10-30T18:42:24+08:00 ] ::1 /tpp/index.php/Home/Index/login
INFO: [ app_begin ] --START--
INFO: Run Behavior\ReadHtmlCache [ RunTime:0.001211s ]
INFO: [ app_begin ] --END-- [ RunTime:0.002228s ]
INFO: [ view_parse ] --START--
INFO: [ template_filter ] --START--
INFO: Run Behavior\ContentReplace [ RunTime:0.000132s ]
INFO: [ template_filter ] --END-- [ RunTime:0.000409s ]
INFO: Run Behavior\ParseTemplate [ RunTime:0.021434s ]
INFO: [ view_parse ] --END-- [ RunTime:0.021686s ]
INFO: [ view_filter ] --START--
INFO: Run Behavior\WriteHtmlCache [ RunTime:0.000844s ]
INFO: [ view_filter ] --END-- [ RunTime:0.000989s ]
INFO: [ app_end ] --START--
INFO: Run Behavior\ShowPageTrace [ RunTime:0.002055s ]
INFO: [ app_end ] --END-- [ RunTime:0.002363s ]

[ 2016-10-30T18:42:30+08:00 ] ::1 /tpp/index.php/Home/Index/loginok
INFO: [ app_begin ] --START--
INFO: Run Behavior\ReadHtmlCache [ RunTime:0.001202s ]
INFO: [ app_begin ] --END-- [ RunTime:0.002230s ]

[ 2016-10-30T18:42:45+08:00 ] ::1 /tpp/index.php/Home/Index/loginok
INFO: [ app_begin ] --START--
INFO: Run Behavior\ReadHtmlCache [ RunTime:0.001771s ]
INFO: [ app_begin ] --END-- [ RunTime:0.003128s ]
NOTIC: [8] Undefined index: name E:\phpstudy\WWW\tpp\Application\Home\Controller\IndexController.class.php 第 82 行.
NOTIC: [8] Undefined index: pwd E:\phpstudy\WWW\tpp\Application\Home\Controller\IndexController.class.php 第 83 行.

[ 2016-10-30T18:42:49+08:00 ] ::1 /tpp/index.php/Home/Index/login
INFO: [ app_begin ] --START--
INFO: Run Behavior\ReadHtmlCache [ RunTime:0.002497s ]
INFO: [ app_begin ] --END-- [ RunTime:0.003992s ]
INFO: [ view_parse ] --START--
INFO: [ template_filter ] --START--
INFO: Run Behavior\ContentReplace [ RunTime:0.000088s ]
INFO: [ template_filter ] --END-- [ RunTime:0.000279s ]
INFO: Run Behavior\ParseTemplate [ RunTime:0.018166s ]
INFO: [ view_parse ] --END-- [ RunTime:0.018364s ]
INFO: [ view_filter ] --START--
INFO: Run Behavior\WriteHtmlCache [ RunTime:0.000631s ]
INFO: [ view_filter ] --END-- [ RunTime:0.000768s ]
INFO: [ app_end ] --START--
INFO: Run Behavior\ShowPageTrace [ RunTime:0.001299s ]
INFO: [ app_end ] --END-- [ RunTime:0.001437s ]

[ 2016-10-30T18:42:52+08:00 ] ::1 /tpp/index.php/Home/Index/loginok
INFO: [ app_begin ] --START--
INFO: Run Behavior\ReadHtmlCache [ RunTime:0.001284s ]
INFO: [ app_begin ] --END-- [ RunTime:0.002344s ]

[ 2016-10-30T18:43:07+08:00 ] ::1 /tpp/index.php/Home/Index/loginok
INFO: [ app_begin ] --START--
INFO: Run Behavior\ReadHtmlCache [ RunTime:0.001532s ]
INFO: [ app_begin ] --END-- [ RunTime:0.003067s ]
NOTIC: [8] Undefined index: name E:\phpstudy\WWW\tpp\Application\Home\Controller\IndexController.class.php 第 82 行.
NOTIC: [8] Undefined index: pwd E:\phpstudy\WWW\tpp\Application\Home\Controller\IndexController.class.php 第 83 行.

[ 2016-10-30T18:43:11+08:00 ] ::1 /tpp/index.php/Home/Index/login
INFO: [ app_begin ] --START--
INFO: Run Behavior\ReadHtmlCache [ RunTime:0.002908s ]
INFO: [ app_begin ] --END-- [ RunTime:0.005208s ]
INFO: [ view_parse ] --START--
INFO: [ template_filter ] --START--
INFO: Run Behavior\ContentReplace [ RunTime:0.000140s ]
INFO: [ template_filter ] --END-- [ RunTime:0.000464s ]
INFO: Run Behavior\ParseTemplate [ RunTime:0.021349s ]
INFO: [ view_parse ] --END-- [ RunTime:0.021651s ]
INFO: [ view_filter ] --START--
INFO: Run Behavior\WriteHtmlCache [ RunTime:0.001393s ]
INFO: [ view_filter ] --END-- [ RunTime:0.001632s ]
INFO: [ app_end ] --START--
INFO: Run Behavior\ShowPageTrace [ RunTime:0.003287s ]
INFO: [ app_end ] --END-- [ RunTime:0.003550s ]

[ 2016-10-30T18:43:14+08:00 ] ::1 /tpp/index.php/Home/Index/loginok
INFO: [ app_begin ] --START--
INFO: Run Behavior\ReadHtmlCache [ RunTime:0.001221s ]
INFO: [ app_begin ] --END-- [ RunTime:0.002402s ]

[ 2016-10-30T18:43:40+08:00 ] ::1 /tpp/index.php/Home/Index/login
INFO: [ app_begin ] --START--
INFO: Run Behavior\ReadHtmlCache [ RunTime:0.001483s ]
INFO: [ app_begin ] --END-- [ RunTime:0.002720s ]
INFO: [ view_parse ] --START--
INFO: [ template_filter ] --START--
INFO: Run Behavior\ContentReplace [ RunTime:0.000090s ]
INFO: [ template_filter ] --END-- [ RunTime:0.000315s ]
INFO: Run Behavior\ParseTemplate [ RunTime:0.024296s ]
INFO: [ view_parse ] --END-- [ RunTime:0.024558s ]
INFO: [ view_filter ] --START--
INFO: Run Behavior\WriteHtmlCache [ RunTime:0.001644s ]
INFO: [ view_filter ] --END-- [ RunTime:0.001903s ]
INFO: [ app_end ] --START--
INFO: Run Behavior\ShowPageTrace [ RunTime:0.002366s ]
INFO: [ app_end ] --END-- [ RunTime:0.002602s ]

[ 2016-10-30T18:43:42+08:00 ] ::1 /tpp/index.php/Home/Index/loginok
INFO: [ app_begin ] --START--
INFO: Run Behavior\ReadHtmlCache [ RunTime:0.001233s ]
INFO: [ app_begin ] --END-- [ RunTime:0.002391s ]

[ 2016-10-30T18:44:17+08:00 ] ::1 /tpp/index.php/Home/Index/login
INFO: [ app_begin ] --START--
INFO: Run Behavior\ReadHtmlCache [ RunTime:0.001386s ]
INFO: [ app_begin ] --END-- [ RunTime:0.002515s ]
INFO: [ view_parse ] --START--
INFO: [ template_filter ] --START--
INFO: Run Behavior\ContentReplace [ RunTime:0.000159s ]
INFO: [ template_filter ] --END-- [ RunTime:0.000450s ]
INFO: Run Behavior\ParseTemplate [ RunTime:0.023518s ]
INFO: [ view_parse ] --END-- [ RunTime:0.023726s ]
INFO: [ view_filter ] --START--
INFO: Run Behavior\WriteHtmlCache [ RunTime:0.000651s ]
INFO: [ view_filter ] --END-- [ RunTime:0.000803s ]
INFO: [ app_end ] --START--
INFO: Run Behavior\ShowPageTrace [ RunTime:0.001263s ]
INFO: [ app_end ] --END-- [ RunTime:0.001403s ]

[ 2016-10-30T18:44:20+08:00 ] ::1 /tpp/index.php/Home/Index/loginok
INFO: [ app_begin ] --START--
INFO: Run Behavior\ReadHtmlCache [ RunTime:0.001375s ]
INFO: [ app_begin ] --END-- [ RunTime:0.002517s ]

[ 2016-10-30T18:44:53+08:00 ] ::1 /tpp/index.php/Home/Index/login
INFO: [ app_begin ] --START--
INFO: Run Behavior\ReadHtmlCache [ RunTime:0.001375s ]
INFO: [ app_begin ] --END-- [ RunTime:0.002455s ]
INFO: [ view_parse ] --START--
INFO: [ template_filter ] --START--
INFO: Run Behavior\ContentReplace [ RunTime:0.000104s ]
INFO: [ template_filter ] --END-- [ RunTime:0.000316s ]
INFO: Run Behavior\ParseTemplate [ RunTime:0.019059s ]
INFO: [ view_parse ] --END-- [ RunTime:0.019339s ]
INFO: [ view_filter ] --START--
INFO: Run Behavior\WriteHtmlCache [ RunTime:0.000647s ]
INFO: [ view_filter ] --END-- [ RunTime:0.000817s ]
INFO: [ app_end ] --START--
INFO: Run Behavior\ShowPageTrace [ RunTime:0.001801s ]
INFO: [ app_end ] --END-- [ RunTime:0.002002s ]

[ 2016-10-30T18:44:55+08:00 ] ::1 /tpp/index.php/Home/Index/loginok
INFO: [ app_begin ] --START--
INFO: Run Behavior\ReadHtmlCache [ RunTime:0.001290s ]
INFO: [ app_begin ] --END-- [ RunTime:0.002448s ]

[ 2016-10-30T18:46:16+08:00 ] ::1 /tpp/index.php/Home/Index/login
INFO: [ app_begin ] --START--
INFO: Run Behavior\ReadHtmlCache [ RunTime:0.001563s ]
INFO: [ app_begin ] --END-- [ RunTime:0.004049s ]
INFO: [ view_parse ] --START--
INFO: [ template_filter ] --START--
INFO: Run Behavior\ContentReplace [ RunTime:0.000134s ]
INFO: [ template_filter ] --END-- [ RunTime:0.000429s ]
INFO: Run Behavior\ParseTemplate [ RunTime:0.022151s ]
INFO: [ view_parse ] --END-- [ RunTime:0.022390s ]
INFO: [ view_filter ] --START--
INFO: Run Behavior\WriteHtmlCache [ RunTime:0.001941s ]
INFO: [ view_filter ] --END-- [ RunTime:0.002196s ]
INFO: [ app_end ] --START--
INFO: Run Behavior\ShowPageTrace [ RunTime:0.002537s ]
INFO: [ app_end ] --END-- [ RunTime:0.002764s ]

[ 2016-10-30T18:46:19+08:00 ] ::1 /tpp/index.php/Home/Index/loginok
INFO: [ app_begin ] --START--
INFO: Run Behavior\ReadHtmlCache [ RunTime:0.001205s ]
INFO: [ app_begin ] --END-- [ RunTime:0.002176s ]

[ 2016-10-30T18:46:59+08:00 ] ::1 /tpp/index.php/Home/Index/login
INFO: [ app_begin ] --START--
INFO: Run Behavior\ReadHtmlCache [ RunTime:0.001482s ]
INFO: [ app_begin ] --END-- [ RunTime:0.002617s ]
INFO: [ view_parse ] --START--
INFO: [ template_filter ] --START--
INFO: Run Behavior\ContentReplace [ RunTime:0.000093s ]
INFO: [ template_filter ] --END-- [ RunTime:0.000295s ]
INFO: Run Behavior\ParseTemplate [ RunTime:0.021462s ]
INFO: [ view_parse ] --END-- [ RunTime:0.021751s ]
INFO: [ view_filter ] --START--
INFO: Run Behavior\WriteHtmlCache [ RunTime:0.001087s ]
INFO: [ view_filter ] --END-- [ RunTime:0.001327s ]
INFO: [ app_end ] --START--
INFO: Run Behavior\ShowPageTrace [ RunTime:0.002958s ]
INFO: [ app_end ] --END-- [ RunTime:0.003686s ]

[ 2016-10-30T18:47:01+08:00 ] ::1 /tpp/index.php/Home/Index/loginok
INFO: [ app_begin ] --START--
INFO: Run Behavior\ReadHtmlCache [ RunTime:0.002112s ]
INFO: [ app_begin ] --END-- [ RunTime:0.003685s ]

[ 2016-10-30T18:53:40+08:00 ] ::1 /tpp/index.php/Home/Index/login
INFO: [ app_begin ] --START--
INFO: Run Behavior\ReadHtmlCache [ RunTime:0.002268s ]
INFO: [ app_begin ] --END-- [ RunTime:0.003892s ]
INFO: [ view_parse ] --START--
INFO: [ template_filter ] --START--
INFO: Run Behavior\ContentReplace [ RunTime:0.000153s ]
INFO: [ template_filter ] --END-- [ RunTime:0.000382s ]
INFO: Run Behavior\ParseTemplate [ RunTime:0.052266s ]
INFO: [ view_parse ] --END-- [ RunTime:0.052502s ]
INFO: [ view_filter ] --START--
INFO: Run Behavior\WriteHtmlCache [ RunTime:0.001216s ]
INFO: [ view_filter ] --END-- [ RunTime:0.001438s ]
INFO: [ app_end ] --START--
INFO: Run Behavior\ShowPageTrace [ RunTime:0.001933s ]
INFO: [ app_end ] --END-- [ RunTime:0.002175s ]

[ 2016-10-30T18:53:49+08:00 ] ::1 /tpp/index.php/Home/Index/login
INFO: [ app_begin ] --START--
INFO: Run Behavior\ReadHtmlCache [ RunTime:0.001254s ]
INFO: [ app_begin ] --END-- [ RunTime:0.002303s ]
INFO: [ view_parse ] --START--
INFO: [ template_filter ] --START--
INFO: Run Behavior\ContentReplace [ RunTime:0.000093s ]
INFO: [ template_filter ] --END-- [ RunTime:0.000282s ]
INFO: Run Behavior\ParseTemplate [ RunTime:0.016032s ]
INFO: [ view_parse ] --END-- [ RunTime:0.016207s ]
INFO: [ view_filter ] --START--
INFO: Run Behavior\WriteHtmlCache [ RunTime:0.000620s ]
INFO: [ view_filter ] --END-- [ RunTime:0.000756s ]
INFO: [ app_end ] --START--
INFO: Run Behavior\ShowPageTrace [ RunTime:0.001780s ]
INFO: [ app_end ] --END-- [ RunTime:0.001940s ]

[ 2016-10-30T18:53:53+08:00 ] ::1 /tpp/index.php/Home/Index/loginok
INFO: [ app_begin ] --START--
INFO: Run Behavior\ReadHtmlCache [ RunTime:0.001480s ]
INFO: [ app_begin ] --END-- [ RunTime:0.002753s ]
NOTIC: [2] file_get_contents(http://localhost/laravel-v5/public/diao?name=$name&amp;pwd=$pwd&amp;time=$time&amp;sign=$sign): failed to open stream: HTTP request failed! HTTP/1.1 404 Not Found
 E:\phpstudy\WWW\tpp\Application\Home\Controller\IndexController.class.php 第 104 行.
INFO: [ app_end ] --START--
INFO: Run Behavior\ShowPageTrace [ RunTime:0.001937s ]
INFO: [ app_end ] --END-- [ RunTime:0.002223s ]

[ 2016-10-30T18:56:30+08:00 ] ::1 /tpp/index.php/Home/Index/login
INFO: [ app_begin ] --START--
INFO: Run Behavior\ReadHtmlCache [ RunTime:0.003047s ]
INFO: [ app_begin ] --END-- [ RunTime:0.004701s ]
INFO: [ view_parse ] --START--
INFO: [ template_filter ] --START--
INFO: Run Behavior\ContentReplace [ RunTime:0.000143s ]
INFO: [ template_filter ] --END-- [ RunTime:0.000456s ]
INFO: Run Behavior\ParseTemplate [ RunTime:0.057210s ]
INFO: [ view_parse ] --END-- [ RunTime:0.057431s ]
INFO: [ view_filter ] --START--
INFO: Run Behavior\WriteHtmlCache [ RunTime:0.002632s ]
INFO: [ view_filter ] --END-- [ RunTime:0.002804s ]
INFO: [ app_end ] --START--
INFO: Run Behavior\ShowPageTrace [ RunTime:0.002012s ]
INFO: [ app_end ] --END-- [ RunTime:0.002162s ]

[ 2016-10-30T18:56:34+08:00 ] ::1 /tpp/index.php/Home/Index/loginok
INFO: [ app_begin ] --START--
INFO: Run Behavior\ReadHtmlCache [ RunTime:0.003055s ]
INFO: [ app_begin ] --END-- [ RunTime:0.005324s ]
NOTIC: [2] file_get_contents(http://localhost/laravel-v5/public/diao?name=$name&amp;pwd=$pwd&amp;time=$time&amp;sign=$sign): failed to open stream: HTTP request failed! HTTP/1.1 404 Not Found
 E:\phpstudy\WWW\tpp\Application\Home\Controller\IndexController.class.php 第 104 行.
INFO: [ app_end ] --START--
INFO: Run Behavior\ShowPageTrace [ RunTime:0.002415s ]
INFO: [ app_end ] --END-- [ RunTime:0.002697s ]

[ 2016-10-30T19:00:11+08:00 ] ::1 /tpp/index.php/Home/Index/login
INFO: [ app_begin ] --START--
INFO: Run Behavior\ReadHtmlCache [ RunTime:0.002730s ]
INFO: [ app_begin ] --END-- [ RunTime:0.005173s ]
INFO: [ view_parse ] --START--
INFO: [ template_filter ] --START--
INFO: Run Behavior\ContentReplace [ RunTime:0.000131s ]
INFO: [ template_filter ] --END-- [ RunTime:0.000412s ]
INFO: Run Behavior\ParseTemplate [ RunTime:0.031540s ]
INFO: [ view_parse ] --END-- [ RunTime:0.031835s ]
INFO: [ view_filter ] --START--
INFO: Run Behavior\WriteHtmlCache [ RunTime:0.002385s ]
INFO: [ view_filter ] --END-- [ RunTime:0.002673s ]
INFO: [ app_end ] --START--
INFO: Run Behavior\ShowPageTrace [ RunTime:0.003188s ]
INFO: [ app_end ] --END-- [ RunTime:0.003436s ]

[ 2016-10-30T19:00:14+08:00 ] ::1 /tpp/index.php/Home/Index/loginok
INFO: [ app_begin ] --START--
INFO: Run Behavior\ReadHtmlCache [ RunTime:0.004451s ]
INFO: [ app_begin ] --END-- [ RunTime:0.006396s ]
NOTIC: [2] file_get_contents(http://localhost/laravel-v5/public/diao?name=$name&amp;pwd=$pwd&amp;time=$time&amp;sign=$sign): failed to open stream: HTTP request failed! HTTP/1.1 404 Not Found
 E:\phpstudy\WWW\tpp\Application\Home\Controller\IndexController.class.php 第 104 行.
INFO: [ app_end ] --START--
INFO: Run Behavior\ShowPageTrace [ RunTime:0.002574s ]
INFO: [ app_end ] --END-- [ RunTime:0.002799s ]

[ 2016-10-30T19:08:35+08:00 ] ::1 /tpp/index.php/Home/Index/login
INFO: [ app_begin ] --START--
INFO: Run Behavior\ReadHtmlCache [ RunTime:0.001593s ]
INFO: [ app_begin ] --END-- [ RunTime:0.003367s ]
INFO: [ view_parse ] --START--
INFO: [ template_filter ] --START--
INFO: Run Behavior\ContentReplace [ RunTime:0.000092s ]
INFO: [ template_filter ] --END-- [ RunTime:0.000292s ]
INFO: Run Behavior\ParseTemplate [ RunTime:0.058466s ]
INFO: [ view_parse ] --END-- [ RunTime:0.058724s ]
INFO: [ view_filter ] --START--
INFO: Run Behavior\WriteHtmlCache [ RunTime:0.001295s ]
INFO: [ view_filter ] --END-- [ RunTime:0.001554s ]
INFO: [ app_end ] --START--
INFO: Run Behavior\ShowPageTrace [ RunTime:0.002277s ]
INFO: [ app_end ] --END-- [ RunTime:0.002515s ]

[ 2016-10-30T19:08:41+08:00 ] ::1 /tpp/index.php/Home/Index/loginok
INFO: [ app_begin ] --START--
INFO: Run Behavior\ReadHtmlCache [ RunTime:0.002003s ]
INFO: [ app_begin ] --END-- [ RunTime:0.003510s ]
NOTIC: [2] file_get_contents(http://localhost/laravel-v5/public/diao?name=$name&amp;pwd=$pwd&amp;time=$time&amp;sign=$sign): failed to open stream: HTTP request failed! HTTP/1.1 500 Internal Server Error
 E:\phpstudy\WWW\tpp\Application\Home\Controller\IndexController.class.php 第 104 行.
INFO: [ app_end ] --START--
INFO: Run Behavior\ShowPageTrace [ RunTime:0.001595s ]
INFO: [ app_end ] --END-- [ RunTime:0.001839s ]

[ 2016-10-30T19:12:46+08:00 ] ::1 /tpp/index.php/Home/Index/login
INFO: [ app_begin ] --START--
INFO: Run Behavior\ReadHtmlCache [ RunTime:0.003055s ]
INFO: [ app_begin ] --END-- [ RunTime:0.004497s ]
INFO: [ view_parse ] --START--
INFO: [ template_filter ] --START--
INFO: Run Behavior\ContentReplace [ RunTime:0.000152s ]
INFO: [ template_filter ] --END-- [ RunTime:0.000439s ]
INFO: Run Behavior\ParseTemplate [ RunTime:0.060996s ]
INFO: [ view_parse ] --END-- [ RunTime:0.061287s ]
INFO: [ view_filter ] --START--
INFO: Run Behavior\WriteHtmlCache [ RunTime:0.001738s ]
INFO: [ view_filter ] --END-- [ RunTime:0.001957s ]
INFO: [ app_end ] --START--
INFO: Run Behavior\ShowPageTrace [ RunTime:0.002817s ]
INFO: [ app_end ] --END-- [ RunTime:0.003062s ]

[ 2016-10-30T19:12:49+08:00 ] ::1 /tpp/index.php/Home/Index/loginok
INFO: [ app_begin ] --START--
INFO: Run Behavior\ReadHtmlCache [ RunTime:0.002275s ]
INFO: [ app_begin ] --END-- [ RunTime:0.003568s ]

[ 2016-10-30T19:13:23+08:00 ] ::1 /tpp/index.php/Home/Index/login
INFO: [ app_begin ] --START--
INFO: Run Behavior\ReadHtmlCache [ RunTime:0.001782s ]
INFO: [ app_begin ] --END-- [ RunTime:0.003174s ]
INFO: [ view_parse ] --START--
INFO: [ template_filter ] --START--
INFO: Run Behavior\ContentReplace [ RunTime:0.000114s ]
INFO: [ template_filter ] --END-- [ RunTime:0.000304s ]
INFO: Run Behavior\ParseTemplate [ RunTime:0.025961s ]
INFO: [ view_parse ] --END-- [ RunTime:0.026254s ]
INFO: [ view_filter ] --START--
INFO: Run Behavior\WriteHtmlCache [ RunTime:0.001545s ]
INFO: [ view_filter ] --END-- [ RunTime:0.001775s ]
INFO: [ app_end ] --START--
INFO: Run Behavior\ShowPageTrace [ RunTime:0.003062s ]
INFO: [ app_end ] --END-- [ RunTime:0.003308s ]

[ 2016-10-30T19:13:26+08:00 ] ::1 /tpp/index.php/Home/Index/loginok
INFO: [ app_begin ] --START--
INFO: Run Behavior\ReadHtmlCache [ RunTime:0.001920s ]
INFO: [ app_begin ] --END-- [ RunTime:0.003751s ]

[ 2016-10-30T19:19:35+08:00 ] ::1 /tpp/index.php/Home/Index/login
INFO: [ app_begin ] --START--
INFO: Run Behavior\ReadHtmlCache [ RunTime:0.002715s ]
INFO: [ app_begin ] --END-- [ RunTime:0.004564s ]
INFO: [ view_parse ] --START--
INFO: [ template_filter ] --START--
INFO: Run Behavior\ContentReplace [ RunTime:0.000092s ]
INFO: [ template_filter ] --END-- [ RunTime:0.000284s ]
INFO: Run Behavior\ParseTemplate [ RunTime:0.065785s ]
INFO: [ view_parse ] --END-- [ RunTime:0.066188s ]
INFO: [ view_filter ] --START--
INFO: Run Behavior\WriteHtmlCache [ RunTime:0.002004s ]
INFO: [ view_filter ] --END-- [ RunTime:0.002263s ]
INFO: [ app_end ] --START--
INFO: Run Behavior\ShowPageTrace [ RunTime:0.003502s ]
INFO: [ app_end ] --END-- [ RunTime:0.003796s ]

[ 2016-10-30T19:19:38+08:00 ] ::1 /tpp/index.php/Home/Index/loginok
INFO: [ app_begin ] --START--
INFO: Run Behavior\ReadHtmlCache [ RunTime:0.003217s ]
INFO: [ app_begin ] --END-- [ RunTime:0.004870s ]

[ 2016-10-30T19:19:58+08:00 ] ::1 /tpp/index.php/Home/Index/loginok
INFO: [ app_begin ] --START--
INFO: Run Behavior\ReadHtmlCache [ RunTime:0.001947s ]
INFO: [ app_begin ] --END-- [ RunTime:0.003341s ]

[ 2016-10-30T19:20:16+08:00 ] ::1 /tpp/index.php/Home/Index/loginok
INFO: [ app_begin ] --START--
INFO: Run Behavior\ReadHtmlCache [ RunTime:0.002550s ]
INFO: [ app_begin ] --END-- [ RunTime:0.004719s ]
NOTIC: [8] Undefined index: name E:\phpstudy\WWW\tpp\Application\Home\Controller\IndexController.class.php 第 82 行.
NOTIC: [8] Undefined index: pwd E:\phpstudy\WWW\tpp\Application\Home\Controller\IndexController.class.php 第 83 行.
INFO: [ app_end ] --START--
INFO: Run Behavior\ShowPageTrace [ RunTime:0.002724s ]
INFO: [ app_end ] --END-- [ RunTime:0.002993s ]

[ 2016-10-30T19:20:35+08:00 ] ::1 /tpp/index.php/Home/Index/loginok
INFO: [ app_begin ] --START--
INFO: Run Behavior\ReadHtmlCache [ RunTime:0.002949s ]
INFO: [ app_begin ] --END-- [ RunTime:0.004762s ]
INFO: [ app_end ] --START--
INFO: Run Behavior\ShowPageTrace [ RunTime:0.004781s ]
INFO: [ app_end ] --END-- [ RunTime:0.005111s ]

[ 2016-10-30T19:22:22+08:00 ] ::1 /tpp/index.php/Home/Index/login
INFO: [ app_begin ] --START--
INFO: Run Behavior\ReadHtmlCache [ RunTime:0.004209s ]
INFO: [ app_begin ] --END-- [ RunTime:0.005855s ]
INFO: [ view_parse ] --START--
INFO: [ template_filter ] --START--
INFO: Run Behavior\ContentReplace [ RunTime:0.000090s ]
INFO: [ template_filter ] --END-- [ RunTime:0.000286s ]
INFO: Run Behavior\ParseTemplate [ RunTime:0.021233s ]
INFO: [ view_parse ] --END-- [ RunTime:0.021534s ]
INFO: [ view_filter ] --START--
INFO: Run Behavior\WriteHtmlCache [ RunTime:0.003017s ]
INFO: [ view_filter ] --END-- [ RunTime:0.003519s ]
INFO: [ app_end ] --START--
INFO: Run Behavior\ShowPageTrace [ RunTime:0.003501s ]
INFO: [ app_end ] --END-- [ RunTime:0.004846s ]

[ 2016-10-30T19:22:26+08:00 ] ::1 /tpp/index.php/Home/Index/loginok
INFO: [ app_begin ] --START--
INFO: Run Behavior\ReadHtmlCache [ RunTime:0.003126s ]
INFO: [ app_begin ] --END-- [ RunTime:0.005474s ]
INFO: [ app_end ] --START--
INFO: Run Behavior\ShowPageTrace [ RunTime:0.003274s ]
INFO: [ app_end ] --END-- [ RunTime:0.003659s ]

[ 2016-10-30T19:22:33+08:00 ] ::1 /tpp/index.php/Home/Index/loginok
INFO: [ app_begin ] --START--
INFO: Run Behavior\ReadHtmlCache [ RunTime:0.002693s ]
INFO: [ app_begin ] --END-- [ RunTime:0.004208s ]
INFO: [ app_end ] --START--
INFO: Run Behavior\ShowPageTrace [ RunTime:0.002888s ]
INFO: [ app_end ] --END-- [ RunTime:0.003179s ]

[ 2016-10-30T19:23:09+08:00 ] ::1 /tpp/index.php/Home/Index/login
INFO: [ app_begin ] --START--
INFO: Run Behavior\ReadHtmlCache [ RunTime:0.001937s ]
INFO: [ app_begin ] --END-- [ RunTime:0.003227s ]
INFO: [ view_parse ] --START--
INFO: [ template_filter ] --START--
INFO: Run Behavior\ContentReplace [ RunTime:0.000268s ]
INFO: [ template_filter ] --END-- [ RunTime:0.000711s ]
INFO: Run Behavior\ParseTemplate [ RunTime:0.031343s ]
INFO: [ view_parse ] --END-- [ RunTime:0.031745s ]
INFO: [ view_filter ] --START--
INFO: Run Behavior\WriteHtmlCache [ RunTime:0.003128s ]
INFO: [ view_filter ] --END-- [ RunTime:0.003380s ]
INFO: [ app_end ] --START--
INFO: Run Behavior\ShowPageTrace [ RunTime:0.002282s ]
INFO: [ app_end ] --END-- [ RunTime:0.002471s ]

[ 2016-10-30T19:24:43+08:00 ] ::1 /tpp/index.php/Home/Index/loginok
INFO: [ app_begin ] --START--
INFO: Run Behavior\ReadHtmlCache [ RunTime:0.001969s ]
INFO: [ app_begin ] --END-- [ RunTime:0.003622s ]
INFO: [ app_end ] --START--
INFO: Run Behavior\ShowPageTrace [ RunTime:0.002935s ]
INFO: [ app_end ] --END-- [ RunTime:0.003213s ]

[ 2016-10-30T19:24:54+08:00 ] ::1 /tpp/index.php/Home/Index/loginok
INFO: [ app_begin ] --START--
INFO: Run Behavior\ReadHtmlCache [ RunTime:0.003835s ]
INFO: [ app_begin ] --END-- [ RunTime:0.006201s ]
INFO: [ app_end ] --START--
INFO: Run Behavior\ShowPageTrace [ RunTime:0.003532s ]
INFO: [ app_end ] --END-- [ RunTime:0.003789s ]

[ 2016-10-30T19:27:30+08:00 ] ::1 /tpp/index.php/Home/Index/loginok
INFO: [ app_begin ] --START--
INFO: Run Behavior\ReadHtmlCache [ RunTime:0.002206s ]
INFO: [ app_begin ] --END-- [ RunTime:0.003521s ]
NOTIC: [8] Undefined index: name E:\phpstudy\WWW\tpp\Application\Home\Controller\IndexController.class.php 第 84 行.
NOTIC: [8] Undefined index: pwd E:\phpstudy\WWW\tpp\Application\Home\Controller\IndexController.class.php 第 85 行.
INFO: [ app_end ] --START--
INFO: Run Behavior\ShowPageTrace [ RunTime:0.002782s ]
INFO: [ app_end ] --END-- [ RunTime:0.003079s ]

[ 2016-10-30T19:27:34+08:00 ] ::1 /tpp/index.php/Home/Index/login
INFO: [ app_begin ] --START--
INFO: Run Behavior\ReadHtmlCache [ RunTime:0.003479s ]
INFO: [ app_begin ] --END-- [ RunTime:0.005309s ]
INFO: [ view_parse ] --START--
INFO: [ template_filter ] --START--
INFO: Run Behavior\ContentReplace [ RunTime:0.000146s ]
INFO: [ template_filter ] --END-- [ RunTime:0.000442s ]
INFO: Run Behavior\ParseTemplate [ RunTime:0.064311s ]
INFO: [ view_parse ] --END-- [ RunTime:0.064562s ]
INFO: [ view_filter ] --START--
INFO: Run Behavior\WriteHtmlCache [ RunTime:0.001570s ]
INFO: [ view_filter ] --END-- [ RunTime:0.001720s ]
INFO: [ app_end ] --START--
INFO: Run Behavior\ShowPageTrace [ RunTime:0.002918s ]
INFO: [ app_end ] --END-- [ RunTime:0.003095s ]

[ 2016-10-30T19:27:38+08:00 ] ::1 /tpp/index.php/Home/Index/loginok
INFO: [ app_begin ] --START--
INFO: Run Behavior\ReadHtmlCache [ RunTime:0.002008s ]
INFO: [ app_begin ] --END-- [ RunTime:0.004344s ]
NOTIC: [2] file_get_contents(http://localhost/laravel-v5/public/diao?name=py&amp;pwd=123456&amp;time=1477826857&amp;sign=dcfee1720b32195b089c337a34dc76d8): failed to open stream: HTTP request failed! HTTP/1.1 500 Internal Server Error
 E:\phpstudy\WWW\tpp\Application\Home\Controller\IndexController.class.php 第 107 行.
INFO: [ app_end ] --START--
INFO: Run Behavior\ShowPageTrace [ RunTime:0.003266s ]
INFO: [ app_end ] --END-- [ RunTime:0.003559s ]

[ 2016-10-30T19:28:04+08:00 ] ::1 /tpp/index.php/Home/Index/loginok
INFO: [ app_begin ] --START--
INFO: Run Behavior\ReadHtmlCache [ RunTime:0.002080s ]
INFO: [ app_begin ] --END-- [ RunTime:0.003838s ]
NOTIC: [8] Undefined index: name E:\phpstudy\WWW\tpp\Application\Home\Controller\IndexController.class.php 第 84 行.
NOTIC: [8] Undefined index: pwd E:\phpstudy\WWW\tpp\Application\Home\Controller\IndexController.class.php 第 85 行.
INFO: [ app_end ] --START--
INFO: Run Behavior\ShowPageTrace [ RunTime:0.002912s ]
INFO: [ app_end ] --END-- [ RunTime:0.003181s ]

[ 2016-10-30T19:28:07+08:00 ] ::1 /tpp/index.php/Home/Index/login
INFO: [ app_begin ] --START--
INFO: Run Behavior\ReadHtmlCache [ RunTime:0.003170s ]
INFO: [ app_begin ] --END-- [ RunTime:0.005224s ]
INFO: [ view_parse ] --START--
INFO: [ template_filter ] --START--
INFO: Run Behavior\ContentReplace [ RunTime:0.000106s ]
INFO: [ template_filter ] --END-- [ RunTime:0.000329s ]
INFO: Run Behavior\ParseTemplate [ RunTime:0.058524s ]
INFO: [ view_parse ] --END-- [ RunTime:0.058728s ]
INFO: [ view_filter ] --START--
INFO: Run Behavior\WriteHtmlCache [ RunTime:0.002172s ]
INFO: [ view_filter ] --END-- [ RunTime:0.002321s ]
INFO: [ app_end ] --START--
INFO: Run Behavior\ShowPageTrace [ RunTime:0.002869s ]
INFO: [ app_end ] --END-- [ RunTime:0.003050s ]

[ 2016-10-30T19:28:09+08:00 ] ::1 /tpp/index.php/Home/Index/loginok
INFO: [ app_begin ] --START--
INFO: Run Behavior\ReadHtmlCache [ RunTime:0.003385s ]
INFO: [ app_begin ] --END-- [ RunTime:0.005943s ]
NOTIC: [2] file_get_contents(http://localhost/laravel-v5/public/diao?name=py&amp;pwd=123456&amp;time=1477826888&amp;sign=863a253af958842b222a8a8f25b3dfce): failed to open stream: HTTP request failed! HTTP/1.1 500 Internal Server Error
 E:\phpstudy\WWW\tpp\Application\Home\Controller\IndexController.class.php 第 107 行.
INFO: [ app_end ] --START--
INFO: Run Behavior\ShowPageTrace [ RunTime:0.003663s ]
INFO: [ app_end ] --END-- [ RunTime:0.003855s ]

[ 2016-10-30T19:29:42+08:00 ] ::1 /tpp/index.php/Home/Index/loginok
INFO: [ app_begin ] --START--
INFO: Run Behavior\ReadHtmlCache [ RunTime:0.001931s ]
INFO: [ app_begin ] --END-- [ RunTime:0.003230s ]
NOTIC: [8] Undefined index: name E:\phpstudy\WWW\tpp\Application\Home\Controller\IndexController.class.php 第 84 行.
NOTIC: [8] Undefined index: pwd E:\phpstudy\WWW\tpp\Application\Home\Controller\IndexController.class.php 第 85 行.
INFO: [ app_end ] --START--
INFO: Run Behavior\ShowPageTrace [ RunTime:0.002871s ]
INFO: [ app_end ] --END-- [ RunTime:0.003112s ]

[ 2016-10-30T19:29:45+08:00 ] ::1 /tpp/index.php/Home/Index/login
INFO: [ app_begin ] --START--
INFO: Run Behavior\ReadHtmlCache [ RunTime:0.001989s ]
INFO: [ app_begin ] --END-- [ RunTime:0.003562s ]
INFO: [ view_parse ] --START--
INFO: [ template_filter ] --START--
INFO: Run Behavior\ContentReplace [ RunTime:0.000096s ]
INFO: [ template_filter ] --END-- [ RunTime:0.000293s ]
INFO: Run Behavior\ParseTemplate [ RunTime:0.052736s ]
INFO: [ view_parse ] --END-- [ RunTime:0.052925s ]
INFO: [ view_filter ] --START--
INFO: Run Behavior\WriteHtmlCache [ RunTime:0.001203s ]
INFO: [ view_filter ] --END-- [ RunTime:0.001341s ]
INFO: [ app_end ] --START--
INFO: Run Behavior\ShowPageTrace [ RunTime:0.001823s ]
INFO: [ app_end ] --END-- [ RunTime:0.001966s ]

[ 2016-10-30T19:29:47+08:00 ] ::1 /tpp/index.php/Home/Index/loginok
INFO: [ app_begin ] --START--
INFO: Run Behavior\ReadHtmlCache [ RunTime:0.001806s ]
INFO: [ app_begin ] --END-- [ RunTime:0.003046s ]
NOTIC: [2] file_get_contents(http://localhost/laravel-v5/public/diao?name=py&amp;pwd=123456&amp;time=1477826986&amp;sign=10a4ffc936288302d42ce2e997e2ae05): failed to open stream: HTTP request failed! HTTP/1.1 500 Internal Server Error
 E:\phpstudy\WWW\tpp\Application\Home\Controller\IndexController.class.php 第 107 行.
INFO: [ app_end ] --START--
INFO: Run Behavior\ShowPageTrace [ RunTime:0.003085s ]
INFO: [ app_end ] --END-- [ RunTime:0.003513s ]

[ 2016-10-30T19:32:02+08:00 ] ::1 /tpp/index.php/Home/Index/login
INFO: [ app_begin ] --START--
INFO: Run Behavior\ReadHtmlCache [ RunTime:0.002870s ]
INFO: [ app_begin ] --END-- [ RunTime:0.004792s ]
INFO: [ view_parse ] --START--
INFO: [ template_filter ] --START--
INFO: Run Behavior\ContentReplace [ RunTime:0.000092s ]
INFO: [ template_filter ] --END-- [ RunTime:0.000315s ]
INFO: Run Behavior\ParseTemplate [ RunTime:0.024741s ]
INFO: [ view_parse ] --END-- [ RunTime:0.024947s ]
INFO: [ view_filter ] --START--
INFO: Run Behavior\WriteHtmlCache [ RunTime:0.001245s ]
INFO: [ view_filter ] --END-- [ RunTime:0.001389s ]
INFO: [ app_end ] --START--
INFO: Run Behavior\ShowPageTrace [ RunTime:0.001939s ]
INFO: [ app_end ] --END-- [ RunTime:0.002091s ]

[ 2016-10-30T19:32:07+08:00 ] ::1 /tpp/index.php/Home/Index/loginok
INFO: [ app_begin ] --START--
INFO: Run Behavior\ReadHtmlCache [ RunTime:0.002454s ]
INFO: [ app_begin ] --END-- [ RunTime:0.003732s ]
INFO: [ app_end ] --START--
INFO: Run Behavior\ShowPageTrace [ RunTime:0.003073s ]
INFO: [ app_end ] --END-- [ RunTime:0.003424s ]

[ 2016-10-30T19:33:15+08:00 ] ::1 /tpp/index.php/Home/Index/loginok
INFO: [ app_begin ] --START--
INFO: Run Behavior\ReadHtmlCache [ RunTime:0.004108s ]
INFO: [ app_begin ] --END-- [ RunTime:0.006385s ]
NOTIC: [8] Undefined index: name E:\phpstudy\WWW\tpp\Application\Home\Controller\IndexController.class.php 第 84 行.
NOTIC: [8] Undefined index: pwd E:\phpstudy\WWW\tpp\Application\Home\Controller\IndexController.class.php 第 85 行.
INFO: [ app_end ] --START--
INFO: Run Behavior\ShowPageTrace [ RunTime:0.005089s ]
INFO: [ app_end ] --END-- [ RunTime:0.005611s ]

[ 2016-10-30T19:33:19+08:00 ] ::1 /tpp/index.php/Home/Index/login
INFO: [ app_begin ] --START--
INFO: Run Behavior\ReadHtmlCache [ RunTime:0.004832s ]
INFO: [ app_begin ] --END-- [ RunTime:0.007577s ]
INFO: [ view_parse ] --START--
INFO: [ template_filter ] --START--
INFO: Run Behavior\ContentReplace [ RunTime:0.000115s ]
INFO: [ template_filter ] --END-- [ RunTime:0.000361s ]
INFO: Run Behavior\ParseTemplate [ RunTime:0.061771s ]
INFO: [ view_parse ] --END-- [ RunTime:0.061974s ]
INFO: [ view_filter ] --START--
INFO: Run Behavior\WriteHtmlCache [ RunTime:0.002136s ]
INFO: [ view_filter ] --END-- [ RunTime:0.002323s ]
INFO: [ app_end ] --START--
INFO: Run Behavior\ShowPageTrace [ RunTime:0.003474s ]
INFO: [ app_end ] --END-- [ RunTime:0.003827s ]

[ 2016-10-30T19:33:21+08:00 ] ::1 /tpp/index.php/Home/Index/loginok
INFO: [ app_begin ] --START--
INFO: Run Behavior\ReadHtmlCache [ RunTime:0.002825s ]
INFO: [ app_begin ] --END-- [ RunTime:0.004792s ]
INFO: [ app_end ] --START--
INFO: Run Behavior\ShowPageTrace [ RunTime:0.004067s ]
INFO: [ app_end ] --END-- [ RunTime:0.004390s ]

[ 2016-10-30T19:33:25+08:00 ] ::1 /tpp/index.php/Home/Index/loginok
INFO: [ app_begin ] --START--
INFO: Run Behavior\ReadHtmlCache [ RunTime:0.002540s ]
INFO: [ app_begin ] --END-- [ RunTime:0.004355s ]
NOTIC: [2] file_get_contents(http://localhost/laravel-v5/public/diao?name=py&amp;pwd=123456&amp;time=1477827204&amp;sign=8132259f4c7e6b1ac5cf5f163d947e5b): failed to open stream: HTTP request failed! HTTP/1.1 500 Internal Server Error
 E:\phpstudy\WWW\tpp\Application\Home\Controller\IndexController.class.php 第 107 行.
INFO: [ app_end ] --START--
INFO: Run Behavior\ShowPageTrace [ RunTime:0.004324s ]
INFO: [ app_end ] --END-- [ RunTime:0.004609s ]

[ 2016-10-30T19:35:10+08:00 ] ::1 /tpp/index.php/Home/Index/loginok
INFO: [ app_begin ] --START--
INFO: Run Behavior\ReadHtmlCache [ RunTime:0.003007s ]
INFO: [ app_begin ] --END-- [ RunTime:0.005371s ]
INFO: [ app_end ] --START--
INFO: Run Behavior\ShowPageTrace [ RunTime:0.002991s ]
INFO: [ app_end ] --END-- [ RunTime:0.003334s ]

[ 2016-10-30T19:35:37+08:00 ] ::1 /tpp/index.php/Home/Index/login
INFO: [ app_begin ] --START--
INFO: Run Behavior\ReadHtmlCache [ RunTime:0.003062s ]
INFO: [ app_begin ] --END-- [ RunTime:0.004915s ]
INFO: [ view_parse ] --START--
INFO: [ template_filter ] --START--
INFO: Run Behavior\ContentReplace [ RunTime:0.000139s ]
INFO: [ template_filter ] --END-- [ RunTime:0.000428s ]
INFO: Run Behavior\ParseTemplate [ RunTime:0.041358s ]
INFO: [ view_parse ] --END-- [ RunTime:0.041666s ]
INFO: [ view_filter ] --START--
INFO: Run Behavior\WriteHtmlCache [ RunTime:0.002053s ]
INFO: [ view_filter ] --END-- [ RunTime:0.002325s ]
INFO: [ app_end ] --START--
INFO: Run Behavior\ShowPageTrace [ RunTime:0.002782s ]
INFO: [ app_end ] --END-- [ RunTime:0.003024s ]

[ 2016-10-30T19:35:41+08:00 ] ::1 /tpp/index.php/Home/Index/loginok
INFO: [ app_begin ] --START--
INFO: Run Behavior\ReadHtmlCache [ RunTime:0.003127s ]
INFO: [ app_begin ] --END-- [ RunTime:0.005000s ]
INFO: [ app_end ] --START--
INFO: Run Behavior\ShowPageTrace [ RunTime:0.003321s ]
INFO: [ app_end ] --END-- [ RunTime:0.003632s ]

[ 2016-10-30T19:35:48+08:00 ] ::1 /tpp/index.php/Home/Index/login
INFO: [ app_begin ] --START--
INFO: Run Behavior\ReadHtmlCache [ RunTime:0.001906s ]
INFO: [ app_begin ] --END-- [ RunTime:0.003767s ]
INFO: [ view_parse ] --START--
INFO: [ template_filter ] --START--
INFO: Run Behavior\ContentReplace [ RunTime:0.000088s ]
INFO: [ template_filter ] --END-- [ RunTime:0.000277s ]
INFO: Run Behavior\ParseTemplate [ RunTime:0.021681s ]
INFO: [ view_parse ] --END-- [ RunTime:0.021951s ]
INFO: [ view_filter ] --START--
INFO: Run Behavior\WriteHtmlCache [ RunTime:0.001319s ]
INFO: [ view_filter ] --END-- [ RunTime:0.001479s ]
INFO: [ app_end ] --START--
INFO: Run Behavior\ShowPageTrace [ RunTime:0.001952s ]
INFO: [ app_end ] --END-- [ RunTime:0.002097s ]

[ 2016-10-30T19:35:50+08:00 ] ::1 /tpp/index.php/Home/Index/loginok
INFO: [ app_begin ] --START--
INFO: Run Behavior\ReadHtmlCache [ RunTime:0.001872s ]
INFO: [ app_begin ] --END-- [ RunTime:0.003146s ]
INFO: [ app_end ] --START--
INFO: Run Behavior\ShowPageTrace [ RunTime:0.003305s ]
INFO: [ app_end ] --END-- [ RunTime:0.003630s ]

[ 2016-10-30T19:47:47+08:00 ] ::1 /tpp/index.php/Home/Index/login
INFO: [ app_begin ] --START--
INFO: Run Behavior\ReadHtmlCache [ RunTime:0.002911s ]
INFO: [ app_begin ] --END-- [ RunTime:0.004491s ]
INFO: [ view_parse ] --START--
INFO: [ template_filter ] --START--
INFO: Run Behavior\ContentReplace [ RunTime:0.000092s ]
INFO: [ template_filter ] --END-- [ RunTime:0.000306s ]
INFO: Run Behavior\ParseTemplate [ RunTime:0.057659s ]
INFO: [ view_parse ] --END-- [ RunTime:0.057878s ]
INFO: [ view_filter ] --START--
INFO: Run Behavior\WriteHtmlCache [ RunTime:0.001029s ]
INFO: [ view_filter ] --END-- [ RunTime:0.001203s ]
INFO: [ app_end ] --START--
INFO: Run Behavior\ShowPageTrace [ RunTime:0.001777s ]
INFO: [ app_end ] --END-- [ RunTime:0.001940s ]

[ 2016-10-30T19:47:51+08:00 ] ::1 /tpp/index.php/Home/Index/loginok
INFO: [ app_begin ] --START--
INFO: Run Behavior\ReadHtmlCache [ RunTime:0.001415s ]
INFO: [ app_begin ] --END-- [ RunTime:0.002575s ]
INFO: [ app_end ] --START--
INFO: Run Behavior\ShowPageTrace [ RunTime:0.001573s ]
INFO: [ app_end ] --END-- [ RunTime:0.001806s ]

[ 2016-10-30T19:48:00+08:00 ] ::1 /tpp/index.php/Home/Index/loginok
INFO: [ app_begin ] --START--
INFO: Run Behavior\ReadHtmlCache [ RunTime:0.003916s ]
INFO: [ app_begin ] --END-- [ RunTime:0.006475s ]
INFO: [ app_end ] --START--
INFO: Run Behavior\ShowPageTrace [ RunTime:0.004779s ]
INFO: [ app_end ] --END-- [ RunTime:0.005112s ]

[ 2016-10-30T19:48:09+08:00 ] ::1 /tpp/index.php/Home/Index/loginok
INFO: [ app_begin ] --START--
INFO: Run Behavior\ReadHtmlCache [ RunTime:0.005200s ]
INFO: [ app_begin ] --END-- [ RunTime:0.006950s ]
INFO: [ app_end ] --START--
INFO: Run Behavior\ShowPageTrace [ RunTime:0.004521s ]
INFO: [ app_end ] --END-- [ RunTime:0.004861s ]

[ 2016-10-30T19:48:14+08:00 ] ::1 /tpp/index.php/Home/Index/loginok
INFO: [ app_begin ] --START--
INFO: Run Behavior\ReadHtmlCache [ RunTime:0.002602s ]
INFO: [ app_begin ] --END-- [ RunTime:0.004977s ]
INFO: [ app_end ] --START--
INFO: Run Behavior\ShowPageTrace [ RunTime:0.004436s ]
INFO: [ app_end ] --END-- [ RunTime:0.004765s ]

[ 2016-10-30T19:54:55+08:00 ] ::1 /tpp/index.php/Home/Index/login
INFO: [ app_begin ] --START--
INFO: Run Behavior\ReadHtmlCache [ RunTime:0.001740s ]
INFO: [ app_begin ] --END-- [ RunTime:0.003683s ]
INFO: [ view_parse ] --START--
INFO: [ template_filter ] --START--
INFO: Run Behavior\ContentReplace [ RunTime:0.000098s ]
INFO: [ template_filter ] --END-- [ RunTime:0.000320s ]
INFO: Run Behavior\ParseTemplate [ RunTime:0.056494s ]
INFO: [ view_parse ] --END-- [ RunTime:0.056736s ]
INFO: [ view_filter ] --START--
INFO: Run Behavior\WriteHtmlCache [ RunTime:0.000945s ]
INFO: [ view_filter ] --END-- [ RunTime:0.001193s ]
INFO: [ app_end ] --START--
INFO: Run Behavior\ShowPageTrace [ RunTime:0.001833s ]
INFO: [ app_end ] --END-- [ RunTime:0.002006s ]

[ 2016-10-30T19:54:58+08:00 ] ::1 /tpp/index.php/Home/Index/loginok
INFO: [ app_begin ] --START--
INFO: Run Behavior\ReadHtmlCache [ RunTime:0.001563s ]
INFO: [ app_begin ] --END-- [ RunTime:0.002822s ]
INFO: [ app_end ] --START--
INFO: Run Behavior\ShowPageTrace [ RunTime:0.002145s ]
INFO: [ app_end ] --END-- [ RunTime:0.002461s ]

[ 2016-10-30T19:57:09+08:00 ] ::1 /tpp/index.php/Home/Index/login
INFO: [ app_begin ] --START--
INFO: Run Behavior\ReadHtmlCache [ RunTime:0.001785s ]
INFO: [ app_begin ] --END-- [ RunTime:0.003978s ]
INFO: [ view_parse ] --START--
INFO: [ template_filter ] --START--
INFO: Run Behavior\ContentReplace [ RunTime:0.000090s ]
INFO: [ template_filter ] --END-- [ RunTime:0.000281s ]
INFO: Run Behavior\ParseTemplate [ RunTime:0.026477s ]
INFO: [ view_parse ] --END-- [ RunTime:0.026840s ]
INFO: [ view_filter ] --START--
INFO: Run Behavior\WriteHtmlCache [ RunTime:0.001151s ]
INFO: [ view_filter ] --END-- [ RunTime:0.001292s ]
INFO: [ app_end ] --START--
INFO: Run Behavior\ShowPageTrace [ RunTime:0.001929s ]
INFO: [ app_end ] --END-- [ RunTime:0.002159s ]

[ 2016-10-30T19:57:13+08:00 ] ::1 /tpp/index.php/Home/Index/loginok
INFO: [ app_begin ] --START--
INFO: Run Behavior\ReadHtmlCache [ RunTime:0.001374s ]
INFO: [ app_begin ] --END-- [ RunTime:0.002595s ]
INFO: [ app_end ] --START--
INFO: Run Behavior\ShowPageTrace [ RunTime:0.002051s ]
INFO: [ app_end ] --END-- [ RunTime:0.002363s ]

[ 2016-10-30T19:59:31+08:00 ] ::1 /tpp/index.php/Home/Index/login
INFO: [ app_begin ] --START--
INFO: Run Behavior\ReadHtmlCache [ RunTime:0.002244s ]
INFO: [ app_begin ] --END-- [ RunTime:0.005393s ]
INFO: [ view_parse ] --START--
INFO: [ template_filter ] --START--
INFO: Run Behavior\ContentReplace [ RunTime:0.000135s ]
INFO: [ template_filter ] --END-- [ RunTime:0.000407s ]
INFO: Run Behavior\ParseTemplate [ RunTime:0.023024s ]
INFO: [ view_parse ] --END-- [ RunTime:0.023347s ]
INFO: [ view_filter ] --START--
INFO: Run Behavior\WriteHtmlCache [ RunTime:0.001332s ]
INFO: [ view_filter ] --END-- [ RunTime:0.001573s ]
INFO: [ app_end ] --START--
INFO: Run Behavior\ShowPageTrace [ RunTime:0.002145s ]
INFO: [ app_end ] --END-- [ RunTime:0.002365s ]

[ 2016-10-30T19:59:37+08:00 ] ::1 /tpp/
INFO: [ app_begin ] --START--
INFO: Run Behavior\ReadHtmlCache [ RunTime:0.002233s ]
INFO: [ app_begin ] --END-- [ RunTime:0.003907s ]
INFO: [ view_parse ] --START--
INFO: [ template_filter ] --START--
INFO: Run Behavior\ContentReplace [ RunTime:0.000092s ]
INFO: [ template_filter ] --END-- [ RunTime:0.000294s ]
INFO: Run Behavior\ParseTemplate [ RunTime:0.020135s ]
INFO: [ view_parse ] --END-- [ RunTime:0.020392s ]
INFO: [ view_filter ] --START--
INFO: Run Behavior\WriteHtmlCache [ RunTime:0.000690s ]
INFO: [ view_filter ] --END-- [ RunTime:0.000870s ]
INFO: [ app_end ] --START--
INFO: Run Behavior\ShowPageTrace [ RunTime:0.001317s ]
INFO: [ app_end ] --END-- [ RunTime:0.001493s ]

[ 2016-10-30T19:59:50+08:00 ] ::1 /tpp/index.php/Home/Index/lists/
INFO: [ app_begin ] --START--
INFO: Run Behavior\ReadHtmlCache [ RunTime:0.002592s ]
INFO: [ app_begin ] --END-- [ RunTime:0.004235s ]
NOTIC: [8192] mysql_connect(): The mysql extension is deprecated and will be removed in the future: use mysqli or PDO instead E:\phpstudy\WWW\tpp\ThinkPHP\Library\Think\Db\Driver\Mysql.class.php 第 52 行.
SQL: SHOW COLUMNS FROM `users` [ RunTime:0.039741s ]
SQL: SELECT COUNT(*) AS tp_count FROM `users` LIMIT 1   [ RunTime:0.032005s ]
SQL: SELECT * FROM `users` LIMIT 0,5   [ RunTime:0.001079s ]
INFO: [ view_parse ] --START--
INFO: [ template_filter ] --START--
INFO: Run Behavior\ContentReplace [ RunTime:0.000110s ]
INFO: [ template_filter ] --END-- [ RunTime:0.000304s ]
INFO: Run Behavior\ParseTemplate [ RunTime:0.101413s ]
INFO: [ view_parse ] --END-- [ RunTime:0.101661s ]
INFO: [ view_filter ] --START--
INFO: Run Behavior\WriteHtmlCache [ RunTime:0.001242s ]
INFO: [ view_filter ] --END-- [ RunTime:0.001410s ]
INFO: [ app_end ] --START--
INFO: Run Behavior\ShowPageTrace [ RunTime:0.001825s ]
INFO: [ app_end ] --END-- [ RunTime:0.001976s ]

[ 2016-10-30T20:00:41+08:00 ] ::1 /tpp/
INFO: [ app_begin ] --START--
INFO: Run Behavior\ReadHtmlCache [ RunTime:0.002815s ]
INFO: [ app_begin ] --END-- [ RunTime:0.005367s ]
INFO: [ view_parse ] --START--
INFO: [ template_filter ] --START--
INFO: Run Behavior\ContentReplace [ RunTime:0.000122s ]
INFO: [ template_filter ] --END-- [ RunTime:0.000332s ]
INFO: Run Behavior\ParseTemplate [ RunTime:0.017816s ]
INFO: [ view_parse ] --END-- [ RunTime:0.018085s ]
INFO: [ view_filter ] --START--
INFO: Run Behavior\WriteHtmlCache [ RunTime:0.001278s ]
INFO: [ view_filter ] --END-- [ RunTime:0.001446s ]
INFO: [ app_end ] --START--
INFO: Run Behavior\ShowPageTrace [ RunTime:0.001902s ]
INFO: [ app_end ] --END-- [ RunTime:0.002047s ]

[ 2016-10-30T20:00:48+08:00 ] ::1 /tpp/index.php/Home/Index/lists/
INFO: [ app_begin ] --START--
INFO: Run Behavior\ReadHtmlCache [ RunTime:0.002873s ]
INFO: [ app_begin ] --END-- [ RunTime:0.004744s ]
NOTIC: [8192] mysql_connect(): The mysql extension is deprecated and will be removed in the future: use mysqli or PDO instead E:\phpstudy\WWW\tpp\ThinkPHP\Library\Think\Db\Driver\Mysql.class.php 第 52 行.
SQL: SHOW COLUMNS FROM `users` [ RunTime:0.014600s ]
SQL: SELECT COUNT(*) AS tp_count FROM `users` LIMIT 1   [ RunTime:0.001312s ]
SQL: SELECT * FROM `users` LIMIT 0,5   [ RunTime:0.001158s ]
INFO: [ view_parse ] --START--
INFO: [ template_filter ] --START--
INFO: Run Behavior\ContentReplace [ RunTime:0.000179s ]
INFO: [ template_filter ] --END-- [ RunTime:0.000476s ]
INFO: Run Behavior\ParseTemplate [ RunTime:0.032041s ]
INFO: [ view_parse ] --END-- [ RunTime:0.032483s ]
INFO: [ view_filter ] --START--
INFO: Run Behavior\WriteHtmlCache [ RunTime:0.001762s ]
INFO: [ view_filter ] --END-- [ RunTime:0.001999s ]
INFO: [ app_end ] --START--
INFO: Run Behavior\ShowPageTrace [ RunTime:0.002515s ]
INFO: [ app_end ] --END-- [ RunTime:0.002784s ]

[ 2016-10-30T20:00:51+08:00 ] ::1 /tpp/index.php/Home/Index/login
INFO: [ app_begin ] --START--
INFO: Run Behavior\ReadHtmlCache [ RunTime:0.001271s ]
INFO: [ app_begin ] --END-- [ RunTime:0.002387s ]
INFO: [ view_parse ] --START--
INFO: [ template_filter ] --START--
INFO: Run Behavior\ContentReplace [ RunTime:0.000138s ]
INFO: [ template_filter ] --END-- [ RunTime:0.000419s ]
INFO: Run Behavior\ParseTemplate [ RunTime:0.016702s ]
INFO: [ view_parse ] --END-- [ RunTime:0.016957s ]
INFO: [ view_filter ] --START--
INFO: Run Behavior\WriteHtmlCache [ RunTime:0.001157s ]
INFO: [ view_filter ] --END-- [ RunTime:0.001386s ]
INFO: [ app_end ] --START--
INFO: Run Behavior\ShowPageTrace [ RunTime:0.002196s ]
INFO: [ app_end ] --END-- [ RunTime:0.002460s ]

[ 2016-10-30T20:01:30+08:00 ] ::1 /tpp/index.php
INFO: [ app_begin ] --START--
INFO: Run Behavior\ReadHtmlCache [ RunTime:0.001485s ]
INFO: [ app_begin ] --END-- [ RunTime:0.002698s ]
INFO: [ view_parse ] --START--
INFO: [ template_filter ] --START--
INFO: Run Behavior\ContentReplace [ RunTime:0.000138s ]
INFO: [ template_filter ] --END-- [ RunTime:0.000431s ]
INFO: Run Behavior\ParseTemplate [ RunTime:0.023075s ]
INFO: [ view_parse ] --END-- [ RunTime:0.023429s ]
INFO: [ view_filter ] --START--
INFO: Run Behavior\WriteHtmlCache [ RunTime:0.001018s ]
INFO: [ view_filter ] --END-- [ RunTime:0.001255s ]
INFO: [ app_end ] --START--
INFO: Run Behavior\ShowPageTrace [ RunTime:0.001897s ]
INFO: [ app_end ] --END-- [ RunTime:0.002229s ]

[ 2016-10-30T20:03:01+08:00 ] ::1 /tpp/index.php/Home/Index/login
INFO: [ app_begin ] --START--
INFO: Run Behavior\ReadHtmlCache [ RunTime:0.001608s ]
INFO: [ app_begin ] --END-- [ RunTime:0.002967s ]
INFO: [ view_parse ] --START--
INFO: [ template_filter ] --START--
INFO: Run Behavior\ContentReplace [ RunTime:0.000094s ]
INFO: [ template_filter ] --END-- [ RunTime:0.000293s ]
INFO: Run Behavior\ParseTemplate [ RunTime:0.079537s ]
INFO: [ view_parse ] --END-- [ RunTime:0.079876s ]
INFO: [ view_filter ] --START--
INFO: Run Behavior\WriteHtmlCache [ RunTime:0.002135s ]
INFO: [ view_filter ] --END-- [ RunTime:0.002389s ]
INFO: [ app_end ] --START--
INFO: Run Behavior\ShowPageTrace [ RunTime:0.002645s ]
INFO: [ app_end ] --END-- [ RunTime:0.002908s ]

[ 2016-10-30T20:03:51+08:00 ] ::1 /tpp/index.php/Home/Index/login
INFO: [ app_begin ] --START--
INFO: Run Behavior\ReadHtmlCache [ RunTime:0.002232s ]
INFO: [ app_begin ] --END-- [ RunTime:0.004090s ]
INFO: [ view_parse ] --START--
INFO: [ template_filter ] --START--
INFO: Run Behavior\ContentReplace [ RunTime:0.000148s ]
INFO: [ template_filter ] --END-- [ RunTime:0.000435s ]
INFO: Run Behavior\ParseTemplate [ RunTime:0.027483s ]
INFO: [ view_parse ] --END-- [ RunTime:0.027876s ]
INFO: [ view_filter ] --START--
INFO: Run Behavior\WriteHtmlCache [ RunTime:0.001104s ]
INFO: [ view_filter ] --END-- [ RunTime:0.001318s ]
INFO: [ app_end ] --START--
INFO: Run Behavior\ShowPageTrace [ RunTime:0.003171s ]
INFO: [ app_end ] --END-- [ RunTime:0.003419s ]

[ 2016-10-30T20:04:03+08:00 ] ::1 /tpp/index.php/Home/Index/login
INFO: [ app_begin ] --START--
INFO: Run Behavior\ReadHtmlCache [ RunTime:0.001588s ]
INFO: [ app_begin ] --END-- [ RunTime:0.003004s ]
INFO: [ view_parse ] --START--
INFO: [ template_filter ] --START--
INFO: Run Behavior\ContentReplace [ RunTime:0.000130s ]
INFO: [ template_filter ] --END-- [ RunTime:0.000338s ]
INFO: Run Behavior\ParseTemplate [ RunTime:0.021236s ]
INFO: [ view_parse ] --END-- [ RunTime:0.021570s ]
INFO: [ view_filter ] --START--
INFO: Run Behavior\WriteHtmlCache [ RunTime:0.000754s ]
INFO: [ view_filter ] --END-- [ RunTime:0.000915s ]
INFO: [ app_end ] --START--
INFO: Run Behavior\ShowPageTrace [ RunTime:0.001358s ]
INFO: [ app_end ] --END-- [ RunTime:0.001511s ]

[ 2016-10-30T20:04:08+08:00 ] ::1 /tpp/index.php/Home/Index/loginok
INFO: [ app_begin ] --START--
INFO: Run Behavior\ReadHtmlCache [ RunTime:0.001457s ]
INFO: [ app_begin ] --END-- [ RunTime:0.002665s ]
INFO: [ app_end ] --START--
INFO: Run Behavior\ShowPageTrace [ RunTime:0.002038s ]
INFO: [ app_end ] --END-- [ RunTime:0.002352s ]

[ 2016-10-30T20:04:23+08:00 ] ::1 /tpp/
INFO: [ app_begin ] --START--
INFO: Run Behavior\ReadHtmlCache [ RunTime:0.001749s ]
INFO: [ app_begin ] --END-- [ RunTime:0.003542s ]
INFO: [ view_parse ] --START--
INFO: [ template_filter ] --START--
INFO: Run Behavior\ContentReplace [ RunTime:0.000206s ]
INFO: [ template_filter ] --END-- [ RunTime:0.000561s ]
INFO: Run Behavior\ParseTemplate [ RunTime:0.020160s ]
INFO: [ view_parse ] --END-- [ RunTime:0.020549s ]
INFO: [ view_filter ] --START--
INFO: Run Behavior\WriteHtmlCache [ RunTime:0.000828s ]
INFO: [ view_filter ] --END-- [ RunTime:0.000975s ]
INFO: [ app_end ] --START--
INFO: Run Behavior\ShowPageTrace [ RunTime:0.002161s ]
INFO: [ app_end ] --END-- [ RunTime:0.002429s ]

[ 2016-10-30T20:04:27+08:00 ] ::1 /tpp/index.php/Home/Index/loginok
INFO: [ app_begin ] --START--
INFO: Run Behavior\ReadHtmlCache [ RunTime:0.001598s ]
INFO: [ app_begin ] --END-- [ RunTime:0.002783s ]
NOTIC: [8] Undefined index: name E:\phpstudy\WWW\tpp\Application\Home\Controller\IndexController.class.php 第 84 行.
NOTIC: [8] Undefined index: pwd E:\phpstudy\WWW\tpp\Application\Home\Controller\IndexController.class.php 第 85 行.
INFO: [ app_end ] --START--
INFO: Run Behavior\ShowPageTrace [ RunTime:0.002037s ]
INFO: [ app_end ] --END-- [ RunTime:0.002366s ]

[ 2016-10-30T20:06:19+08:00 ] ::1 /tpp/index.php/Home/Index/login
INFO: [ app_begin ] --START--
INFO: Run Behavior\ReadHtmlCache [ RunTime:0.003496s ]
INFO: [ app_begin ] --END-- [ RunTime:0.005288s ]
INFO: [ view_parse ] --START--
INFO: [ template_filter ] --START--
INFO: Run Behavior\ContentReplace [ RunTime:0.000137s ]
INFO: [ template_filter ] --END-- [ RunTime:0.000460s ]
INFO: Run Behavior\ParseTemplate [ RunTime:0.028325s ]
INFO: [ view_parse ] --END-- [ RunTime:0.028640s ]
INFO: [ view_filter ] --START--
INFO: Run Behavior\WriteHtmlCache [ RunTime:0.001133s ]
INFO: [ view_filter ] --END-- [ RunTime:0.001372s ]
INFO: [ app_end ] --START--
INFO: Run Behavior\ShowPageTrace [ RunTime:0.002203s ]
INFO: [ app_end ] --END-- [ RunTime:0.002467s ]

[ 2016-10-30T20:06:23+08:00 ] ::1 /tpp/index.php/Home/Index/loginok
INFO: [ app_begin ] --START--
INFO: Run Behavior\ReadHtmlCache [ RunTime:0.001302s ]
INFO: [ app_begin ] --END-- [ RunTime:0.002631s ]
INFO: [ app_end ] --START--
INFO: Run Behavior\ShowPageTrace [ RunTime:0.002093s ]
INFO: [ app_end ] --END-- [ RunTime:0.002396s ]

[ 2016-10-30T20:07:01+08:00 ] ::1 /tpp/index.php/Home/Index/login
INFO: [ app_begin ] --START--
INFO: Run Behavior\ReadHtmlCache [ RunTime:0.001929s ]
INFO: [ app_begin ] --END-- [ RunTime:0.003587s ]
INFO: [ view_parse ] --START--
INFO: [ template_filter ] --START--
INFO: Run Behavior\ContentReplace [ RunTime:0.000138s ]
INFO: [ template_filter ] --END-- [ RunTime:0.000414s ]
INFO: Run Behavior\ParseTemplate [ RunTime:0.018798s ]
INFO: [ view_parse ] --END-- [ RunTime:0.019318s ]
INFO: [ view_filter ] --START--
INFO: Run Behavior\WriteHtmlCache [ RunTime:0.000896s ]
INFO: [ view_filter ] --END-- [ RunTime:0.001183s ]
INFO: [ app_end ] --START--
INFO: Run Behavior\ShowPageTrace [ RunTime:0.002150s ]
INFO: [ app_end ] --END-- [ RunTime:0.002391s ]

[ 2016-10-30T20:07:02+08:00 ] ::1 /tpp/index.php/Home/Index/loginok
INFO: [ app_begin ] --START--
INFO: Run Behavior\ReadHtmlCache [ RunTime:0.001408s ]
INFO: [ app_begin ] --END-- [ RunTime:0.002448s ]
INFO: [ app_end ] --START--
INFO: Run Behavior\ShowPageTrace [ RunTime:0.001570s ]
INFO: [ app_end ] --END-- [ RunTime:0.001794s ]

[ 2016-10-30T20:08:14+08:00 ] ::1 /tpp/index.php/Home/Index/loginok
INFO: [ app_begin ] --START--
INFO: Run Behavior\ReadHtmlCache [ RunTime:0.001724s ]
INFO: [ app_begin ] --END-- [ RunTime:0.002995s ]
NOTIC: [8] Undefined index: name E:\phpstudy\WWW\tpp\Application\Home\Controller\IndexController.class.php 第 84 行.
NOTIC: [8] Undefined index: pwd E:\phpstudy\WWW\tpp\Application\Home\Controller\IndexController.class.php 第 85 行.
INFO: [ app_end ] --START--
INFO: Run Behavior\ShowPageTrace [ RunTime:0.001515s ]
INFO: [ app_end ] --END-- [ RunTime:0.001804s ]

[ 2016-10-30T20:08:17+08:00 ] ::1 /tpp/index.php/Home/Index/login
INFO: [ app_begin ] --START--
INFO: Run Behavior\ReadHtmlCache [ RunTime:0.001256s ]
INFO: [ app_begin ] --END-- [ RunTime:0.002299s ]
INFO: [ view_parse ] --START--
INFO: [ template_filter ] --START--
INFO: Run Behavior\ContentReplace [ RunTime:0.000146s ]
INFO: [ template_filter ] --END-- [ RunTime:0.000511s ]
INFO: Run Behavior\ParseTemplate [ RunTime:0.020096s ]
INFO: [ view_parse ] --END-- [ RunTime:0.020365s ]
INFO: [ view_filter ] --START--
INFO: Run Behavior\WriteHtmlCache [ RunTime:0.000858s ]
INFO: [ view_filter ] --END-- [ RunTime:0.001080s ]
INFO: [ app_end ] --START--
INFO: Run Behavior\ShowPageTrace [ RunTime:0.001839s ]
INFO: [ app_end ] --END-- [ RunTime:0.002076s ]

[ 2016-10-30T20:08:20+08:00 ] ::1 /tpp/index.php/Home/Index/loginok
INFO: [ app_begin ] --START--
INFO: Run Behavior\ReadHtmlCache [ RunTime:0.001394s ]
INFO: [ app_begin ] --END-- [ RunTime:0.002574s ]
INFO: [ app_end ] --START--
INFO: Run Behavior\ShowPageTrace [ RunTime:0.002084s ]
INFO: [ app_end ] --END-- [ RunTime:0.002391s ]

[ 2016-10-30T20:08:37+08:00 ] ::1 /tpp/index.php/Home/Index/login
INFO: [ app_begin ] --START--
INFO: Run Behavior\ReadHtmlCache [ RunTime:0.003346s ]
INFO: [ app_begin ] --END-- [ RunTime:0.005447s ]
INFO: [ view_parse ] --START--
INFO: [ template_filter ] --START--
INFO: Run Behavior\ContentReplace [ RunTime:0.000096s ]
INFO: [ template_filter ] --END-- [ RunTime:0.000325s ]
INFO: Run Behavior\ParseTemplate [ RunTime:0.084449s ]
INFO: [ view_parse ] --END-- [ RunTime:0.084945s ]
INFO: [ view_filter ] --START--
INFO: Run Behavior\WriteHtmlCache [ RunTime:0.001908s ]
INFO: [ view_filter ] --END-- [ RunTime:0.002147s ]
INFO: [ app_end ] --START--
INFO: Run Behavior\ShowPageTrace [ RunTime:0.003918s ]
INFO: [ app_end ] --END-- [ RunTime:0.004187s ]

[ 2016-10-30T20:08:41+08:00 ] ::1 /tpp/index.php/Home/Index/loginok
INFO: [ app_begin ] --START--
INFO: Run Behavior\ReadHtmlCache [ RunTime:0.001894s ]
INFO: [ app_begin ] --END-- [ RunTime:0.003171s ]
INFO: [ app_end ] --START--
INFO: Run Behavior\ShowPageTrace [ RunTime:0.003036s ]
INFO: [ app_end ] --END-- [ RunTime:0.003433s ]

[ 2016-10-30T20:09:24+08:00 ] ::1 /tpp/index.php/Home/Index/login
INFO: [ app_begin ] --START--
INFO: Run Behavior\ReadHtmlCache [ RunTime:0.002672s ]
INFO: [ app_begin ] --END-- [ RunTime:0.004732s ]
INFO: [ view_parse ] --START--
INFO: [ template_filter ] --START--
INFO: Run Behavior\ContentReplace [ RunTime:0.000091s ]
INFO: [ template_filter ] --END-- [ RunTime:0.000271s ]
INFO: Run Behavior\ParseTemplate [ RunTime:0.023576s ]
INFO: [ view_parse ] --END-- [ RunTime:0.023810s ]
INFO: [ view_filter ] --START--
INFO: Run Behavior\WriteHtmlCache [ RunTime:0.001894s ]
INFO: [ view_filter ] --END-- [ RunTime:0.002032s ]
INFO: [ app_end ] --START--
INFO: Run Behavior\ShowPageTrace [ RunTime:0.002720s ]
INFO: [ app_end ] --END-- [ RunTime:0.002891s ]

[ 2016-10-30T20:09:28+08:00 ] ::1 /tpp/index.php/Home/Index/loginok
INFO: [ app_begin ] --START--
INFO: Run Behavior\ReadHtmlCache [ RunTime:0.005362s ]
INFO: [ app_begin ] --END-- [ RunTime:0.007227s ]
INFO: [ app_end ] --START--
INFO: Run Behavior\ShowPageTrace [ RunTime:0.003738s ]
INFO: [ app_end ] --END-- [ RunTime:0.004016s ]

